[ 2023-06-19 17:32:24,784 ] 15 root - INFO - >>>>>>>>>>>>>>>>>>>>>>>>>>>>>>>>>>>>>>>> Data Ingestion <<<<<<<<<<<<<<<<<<<<<<<<<<<<<<<<<<<<<<<<
[ 2023-06-19 17:32:24,784 ] 22 root - INFO - Exporting collection data as pandas dataframe
[ 2023-06-19 17:32:24,784 ] 22 root - INFO - Reading data from database: aps and collection: sensor
[ 2023-06-19 17:32:28,177 ] 24 root - INFO - Found columns: Index(['_id', 'class', 'aa_000', 'ab_000', 'ac_000', 'ad_000', 'ae_000',
       'af_000', 'ag_000', 'ag_001',
       ...
       'ee_002', 'ee_003', 'ee_004', 'ee_005', 'ee_006', 'ee_007', 'ee_008',
       'ee_009', 'ef_000', 'eg_000'],
      dtype='object', length=172)
[ 2023-06-19 17:32:28,177 ] 26 root - INFO - Dropping column: _id 
[ 2023-06-19 17:32:28,375 ] 28 root - INFO - Row and columns in df: (36188, 171)
[ 2023-06-19 17:32:28,375 ] 28 root - INFO - Save data in feature store
[ 2023-06-19 17:32:29,776 ] 34 root - INFO - Create feature store folder if not available
[ 2023-06-19 17:32:29,777 ] 38 root - INFO - Save df to feature store folder
[ 2023-06-19 17:32:31,628 ] 43 root - INFO - split dataset into train and test set
[ 2023-06-19 17:32:31,968 ] 47 root - INFO - create dataset directory folder if not available
[ 2023-06-19 17:32:31,968 ] 52 root - INFO - Save df to feature store folder
[ 2023-06-19 17:32:33,799 ] 64 root - INFO - Data ingestion artifact: DataIngestionArtifact(feature_store_file_path='/config/workspace/artifact/06192023__173224/data_ingestion/feature_store/sensor.csv', train_file_path='/config/workspace/artifact/06192023__173224/data_ingestion/dataset/train.csv', test_file_path='/config/workspace/artifact/06192023__173224/data_ingestion/dataset/test.csv')
[ 2023-06-19 17:32:34,205 ] 22 root - INFO - >>>>>>>>>>>>>>>>>>>>>>>>>>>>>>>>>>>>>>>> Data Validation <<<<<<<<<<<<<<<<<<<<<<<<<<<<<<<<<<<<<<<<
[ 2023-06-19 17:32:34,205 ] 111 root - INFO - Reading base dataframe
[ 2023-06-19 17:32:36,480 ] 114 root - INFO - Replace na value in base df
[ 2023-06-19 17:32:36,481 ] 116 root - INFO - Drop null values colums from base df
[ 2023-06-19 17:32:36,704 ] 45 root - INFO - selecting column name which contains null above to 0.2
[ 2023-06-19 17:32:36,704 ] 48 root - INFO - Columns to drop: ['ab_000', 'ad_000', 'bk_000', 'bl_000', 'bm_000', 'bn_000', 'bo_000', 'bp_000', 'bq_000', 'br_000', 'cf_000', 'cg_000', 'ch_000', 'co_000', 'cr_000', 'ct_000', 'cu_000', 'cv_000', 'cx_000', 'cy_000', 'cz_000', 'da_000', 'db_000', 'dc_000']
[ 2023-06-19 17:32:36,792 ] 119 root - INFO - Reading train dataframe
[ 2023-06-19 17:32:37,164 ] 121 root - INFO - Reading test dataframe
[ 2023-06-19 17:32:37,262 ] 124 root - INFO - Drop null values colums from train df
[ 2023-06-19 17:32:37,269 ] 45 root - INFO - selecting column name which contains null above to 0.2
[ 2023-06-19 17:32:37,270 ] 48 root - INFO - Columns to drop: ['ab_000', 'ad_000', 'bk_000', 'bl_000', 'bm_000', 'bn_000', 'bo_000', 'bp_000', 'bq_000', 'br_000', 'cf_000', 'cg_000', 'ch_000', 'co_000', 'cr_000', 'ct_000', 'cu_000', 'cv_000', 'cx_000', 'cy_000', 'cz_000', 'da_000', 'db_000', 'dc_000']
[ 2023-06-19 17:32:37,279 ] 126 root - INFO - Drop null values colums from test df
[ 2023-06-19 17:32:37,282 ] 45 root - INFO - selecting column name which contains null above to 0.2
[ 2023-06-19 17:32:37,282 ] 48 root - INFO - Columns to drop: ['ab_000', 'ad_000', 'bk_000', 'bl_000', 'bm_000', 'bn_000', 'bo_000', 'bp_000', 'bq_000', 'br_000', 'cf_000', 'cg_000', 'ch_000', 'co_000', 'cr_000', 'ct_000', 'cu_000', 'cv_000', 'cx_000', 'cy_000', 'cz_000', 'da_000', 'db_000', 'dc_000']
[ 2023-06-19 17:32:38,090 ] 135 root - INFO - Is all required columns present in train df
[ 2023-06-19 17:32:38,090 ] 137 root - INFO - Is all required columns present in test df
[ 2023-06-19 17:32:38,090 ] 141 root - INFO - As all column are available in train df hence detecting data drift
[ 2023-06-19 17:32:38,090 ] 89 root - INFO - Hypothesis class: object, object 
[ 2023-06-19 17:32:38,230 ] 89 root - INFO - Hypothesis aa_000: float64, float64 
[ 2023-06-19 17:32:38,240 ] 89 root - INFO - Hypothesis ac_000: float64, float64 
[ 2023-06-19 17:32:38,279 ] 89 root - INFO - Hypothesis ae_000: float64, float64 
[ 2023-06-19 17:32:38,314 ] 89 root - INFO - Hypothesis af_000: float64, float64 
[ 2023-06-19 17:32:38,349 ] 89 root - INFO - Hypothesis ag_000: float64, float64 
[ 2023-06-19 17:32:38,385 ] 89 root - INFO - Hypothesis ag_001: float64, float64 
[ 2023-06-19 17:32:38,420 ] 89 root - INFO - Hypothesis ag_002: float64, float64 
[ 2023-06-19 17:32:38,456 ] 89 root - INFO - Hypothesis ag_003: float64, float64 
[ 2023-06-19 17:32:38,462 ] 89 root - INFO - Hypothesis ag_004: float64, float64 
[ 2023-06-19 17:32:38,472 ] 89 root - INFO - Hypothesis ag_005: float64, float64 
[ 2023-06-19 17:32:38,482 ] 89 root - INFO - Hypothesis ag_006: float64, float64 
[ 2023-06-19 17:32:38,493 ] 89 root - INFO - Hypothesis ag_007: float64, float64 
[ 2023-06-19 17:32:38,502 ] 89 root - INFO - Hypothesis ag_008: float64, float64 
[ 2023-06-19 17:32:38,511 ] 89 root - INFO - Hypothesis ag_009: float64, float64 
[ 2023-06-19 17:32:38,518 ] 89 root - INFO - Hypothesis ah_000: float64, float64 
[ 2023-06-19 17:32:38,529 ] 89 root - INFO - Hypothesis ai_000: float64, float64 
[ 2023-06-19 17:32:38,567 ] 89 root - INFO - Hypothesis aj_000: float64, float64 
[ 2023-06-19 17:32:38,573 ] 89 root - INFO - Hypothesis ak_000: float64, float64 
[ 2023-06-19 17:32:38,610 ] 89 root - INFO - Hypothesis al_000: float64, float64 
[ 2023-06-19 17:32:38,618 ] 89 root - INFO - Hypothesis am_0: float64, float64 
[ 2023-06-19 17:32:38,626 ] 89 root - INFO - Hypothesis an_000: float64, float64 
[ 2023-06-19 17:32:38,636 ] 89 root - INFO - Hypothesis ao_000: float64, float64 
[ 2023-06-19 17:32:38,647 ] 89 root - INFO - Hypothesis ap_000: float64, float64 
[ 2023-06-19 17:32:38,660 ] 89 root - INFO - Hypothesis aq_000: float64, float64 
[ 2023-06-19 17:32:38,671 ] 89 root - INFO - Hypothesis ar_000: float64, float64 
[ 2023-06-19 17:32:38,708 ] 89 root - INFO - Hypothesis as_000: float64, float64 
[ 2023-06-19 17:32:38,744 ] 89 root - INFO - Hypothesis at_000: float64, float64 
[ 2023-06-19 17:32:38,781 ] 89 root - INFO - Hypothesis au_000: float64, float64 
[ 2023-06-19 17:32:38,816 ] 89 root - INFO - Hypothesis av_000: float64, float64 
[ 2023-06-19 17:32:38,825 ] 89 root - INFO - Hypothesis ax_000: float64, float64 
[ 2023-06-19 17:32:38,833 ] 89 root - INFO - Hypothesis ay_000: float64, float64 
[ 2023-06-19 17:32:38,868 ] 89 root - INFO - Hypothesis ay_001: float64, float64 
[ 2023-06-19 17:32:38,903 ] 89 root - INFO - Hypothesis ay_002: float64, float64 
[ 2023-06-19 17:32:38,940 ] 89 root - INFO - Hypothesis ay_003: float64, float64 
[ 2023-06-19 17:32:38,975 ] 89 root - INFO - Hypothesis ay_004: float64, float64 
[ 2023-06-19 17:32:39,013 ] 89 root - INFO - Hypothesis ay_005: float64, float64 
[ 2023-06-19 17:32:39,053 ] 89 root - INFO - Hypothesis ay_006: float64, float64 
[ 2023-06-19 17:32:39,062 ] 89 root - INFO - Hypothesis ay_007: float64, float64 
[ 2023-06-19 17:32:39,072 ] 89 root - INFO - Hypothesis ay_008: float64, float64 
[ 2023-06-19 17:32:39,082 ] 89 root - INFO - Hypothesis ay_009: float64, float64 
[ 2023-06-19 17:32:39,117 ] 89 root - INFO - Hypothesis az_000: float64, float64 
[ 2023-06-19 17:32:39,127 ] 89 root - INFO - Hypothesis az_001: float64, float64 
[ 2023-06-19 17:32:39,136 ] 89 root - INFO - Hypothesis az_002: float64, float64 
[ 2023-06-19 17:32:39,146 ] 89 root - INFO - Hypothesis az_003: float64, float64 
[ 2023-06-19 17:32:39,156 ] 89 root - INFO - Hypothesis az_004: float64, float64 
[ 2023-06-19 17:32:39,166 ] 89 root - INFO - Hypothesis az_005: float64, float64 
[ 2023-06-19 17:32:39,177 ] 89 root - INFO - Hypothesis az_006: float64, float64 
[ 2023-06-19 17:32:39,217 ] 89 root - INFO - Hypothesis az_007: float64, float64 
[ 2023-06-19 17:32:39,255 ] 89 root - INFO - Hypothesis az_008: float64, float64 
[ 2023-06-19 17:32:39,290 ] 89 root - INFO - Hypothesis az_009: float64, float64 
[ 2023-06-19 17:32:39,325 ] 89 root - INFO - Hypothesis ba_000: float64, float64 
[ 2023-06-19 17:32:39,335 ] 89 root - INFO - Hypothesis ba_001: float64, float64 
[ 2023-06-19 17:32:39,346 ] 89 root - INFO - Hypothesis ba_002: float64, float64 
[ 2023-06-19 17:32:39,356 ] 89 root - INFO - Hypothesis ba_003: float64, float64 
[ 2023-06-19 17:32:39,366 ] 89 root - INFO - Hypothesis ba_004: float64, float64 
[ 2023-06-19 17:32:39,376 ] 89 root - INFO - Hypothesis ba_005: float64, float64 
[ 2023-06-19 17:32:39,386 ] 89 root - INFO - Hypothesis ba_006: float64, float64 
[ 2023-06-19 17:32:39,396 ] 89 root - INFO - Hypothesis ba_007: float64, float64 
[ 2023-06-19 17:32:39,405 ] 89 root - INFO - Hypothesis ba_008: float64, float64 
[ 2023-06-19 17:32:39,445 ] 89 root - INFO - Hypothesis ba_009: float64, float64 
[ 2023-06-19 17:32:39,483 ] 89 root - INFO - Hypothesis bb_000: float64, float64 
[ 2023-06-19 17:32:39,493 ] 89 root - INFO - Hypothesis bc_000: float64, float64 
[ 2023-06-19 17:32:39,534 ] 89 root - INFO - Hypothesis bd_000: float64, float64 
[ 2023-06-19 17:32:39,543 ] 89 root - INFO - Hypothesis be_000: float64, float64 
[ 2023-06-19 17:32:39,552 ] 89 root - INFO - Hypothesis bf_000: float64, float64 
[ 2023-06-19 17:32:39,559 ] 89 root - INFO - Hypothesis bg_000: float64, float64 
[ 2023-06-19 17:32:39,572 ] 89 root - INFO - Hypothesis bh_000: float64, float64 
[ 2023-06-19 17:32:39,582 ] 89 root - INFO - Hypothesis bi_000: float64, float64 
[ 2023-06-19 17:32:39,593 ] 89 root - INFO - Hypothesis bj_000: float64, float64 
[ 2023-06-19 17:32:39,603 ] 89 root - INFO - Hypothesis bs_000: float64, float64 
[ 2023-06-19 17:32:39,614 ] 89 root - INFO - Hypothesis bt_000: float64, float64 
[ 2023-06-19 17:32:39,625 ] 89 root - INFO - Hypothesis bu_000: float64, float64 
[ 2023-06-19 17:32:39,637 ] 89 root - INFO - Hypothesis bv_000: float64, float64 
[ 2023-06-19 17:32:39,647 ] 89 root - INFO - Hypothesis bx_000: float64, float64 
[ 2023-06-19 17:32:39,658 ] 89 root - INFO - Hypothesis by_000: float64, float64 
[ 2023-06-19 17:32:39,668 ] 89 root - INFO - Hypothesis bz_000: float64, float64 
[ 2023-06-19 17:32:39,677 ] 89 root - INFO - Hypothesis ca_000: float64, float64 
[ 2023-06-19 17:32:39,688 ] 89 root - INFO - Hypothesis cb_000: float64, float64 
[ 2023-06-19 17:32:39,699 ] 89 root - INFO - Hypothesis cc_000: float64, float64 
[ 2023-06-19 17:32:39,709 ] 89 root - INFO - Hypothesis cd_000: float64, float64 
[ 2023-06-19 17:32:39,746 ] 89 root - INFO - Hypothesis ce_000: float64, float64 
[ 2023-06-19 17:32:39,756 ] 89 root - INFO - Hypothesis ci_000: float64, float64 
[ 2023-06-19 17:32:39,766 ] 89 root - INFO - Hypothesis cj_000: float64, float64 
[ 2023-06-19 17:32:39,803 ] 89 root - INFO - Hypothesis ck_000: float64, float64 
[ 2023-06-19 17:32:39,814 ] 89 root - INFO - Hypothesis cl_000: float64, float64 
[ 2023-06-19 17:32:39,820 ] 89 root - INFO - Hypothesis cm_000: float64, float64 
[ 2023-06-19 17:32:39,827 ] 89 root - INFO - Hypothesis cn_000: float64, float64 
[ 2023-06-19 17:32:39,862 ] 89 root - INFO - Hypothesis cn_001: float64, float64 
[ 2023-06-19 17:32:39,899 ] 89 root - INFO - Hypothesis cn_002: float64, float64 
[ 2023-06-19 17:32:39,907 ] 89 root - INFO - Hypothesis cn_003: float64, float64 
[ 2023-06-19 17:32:39,917 ] 89 root - INFO - Hypothesis cn_004: float64, float64 
[ 2023-06-19 17:32:39,928 ] 89 root - INFO - Hypothesis cn_005: float64, float64 
[ 2023-06-19 17:32:39,938 ] 89 root - INFO - Hypothesis cn_006: float64, float64 
[ 2023-06-19 17:32:39,948 ] 89 root - INFO - Hypothesis cn_007: float64, float64 
[ 2023-06-19 17:32:39,958 ] 89 root - INFO - Hypothesis cn_008: float64, float64 
[ 2023-06-19 17:32:39,967 ] 89 root - INFO - Hypothesis cn_009: float64, float64 
[ 2023-06-19 17:32:40,007 ] 89 root - INFO - Hypothesis cp_000: float64, float64 
[ 2023-06-19 17:32:40,046 ] 89 root - INFO - Hypothesis cq_000: float64, float64 
[ 2023-06-19 17:32:40,056 ] 89 root - INFO - Hypothesis cs_000: float64, float64 
[ 2023-06-19 17:32:40,066 ] 89 root - INFO - Hypothesis cs_001: float64, float64 
[ 2023-06-19 17:32:40,075 ] 89 root - INFO - Hypothesis cs_002: float64, float64 
[ 2023-06-19 17:32:40,085 ] 89 root - INFO - Hypothesis cs_003: float64, float64 
[ 2023-06-19 17:32:40,095 ] 89 root - INFO - Hypothesis cs_004: float64, float64 
[ 2023-06-19 17:32:40,106 ] 89 root - INFO - Hypothesis cs_005: float64, float64 
[ 2023-06-19 17:32:40,116 ] 89 root - INFO - Hypothesis cs_006: float64, float64 
[ 2023-06-19 17:32:40,127 ] 89 root - INFO - Hypothesis cs_007: float64, float64 
[ 2023-06-19 17:32:40,137 ] 89 root - INFO - Hypothesis cs_008: float64, float64 
[ 2023-06-19 17:32:40,175 ] 89 root - INFO - Hypothesis cs_009: float64, float64 
[ 2023-06-19 17:32:40,211 ] 89 root - INFO - Hypothesis dd_000: float64, float64 
[ 2023-06-19 17:32:40,221 ] 89 root - INFO - Hypothesis de_000: float64, float64 
[ 2023-06-19 17:32:40,229 ] 89 root - INFO - Hypothesis df_000: float64, float64 
[ 2023-06-19 17:32:40,265 ] 89 root - INFO - Hypothesis dg_000: float64, float64 
[ 2023-06-19 17:32:40,301 ] 89 root - INFO - Hypothesis dh_000: float64, float64 
[ 2023-06-19 17:32:40,306 ] 89 root - INFO - Hypothesis di_000: float64, float64 
[ 2023-06-19 17:32:40,344 ] 89 root - INFO - Hypothesis dj_000: float64, float64 
[ 2023-06-19 17:32:40,380 ] 89 root - INFO - Hypothesis dk_000: float64, float64 
[ 2023-06-19 17:32:40,416 ] 89 root - INFO - Hypothesis dl_000: float64, float64 
[ 2023-06-19 17:32:40,452 ] 89 root - INFO - Hypothesis dm_000: float64, float64 
[ 2023-06-19 17:32:40,488 ] 89 root - INFO - Hypothesis dn_000: float64, float64 
[ 2023-06-19 17:32:40,498 ] 89 root - INFO - Hypothesis do_000: float64, float64 
[ 2023-06-19 17:32:40,507 ] 89 root - INFO - Hypothesis dp_000: float64, float64 
[ 2023-06-19 17:32:40,517 ] 89 root - INFO - Hypothesis dq_000: float64, float64 
[ 2023-06-19 17:32:40,555 ] 89 root - INFO - Hypothesis dr_000: float64, float64 
[ 2023-06-19 17:32:40,595 ] 89 root - INFO - Hypothesis ds_000: float64, float64 
[ 2023-06-19 17:32:40,605 ] 89 root - INFO - Hypothesis dt_000: float64, float64 
[ 2023-06-19 17:32:40,615 ] 89 root - INFO - Hypothesis du_000: float64, float64 
[ 2023-06-19 17:32:40,625 ] 89 root - INFO - Hypothesis dv_000: float64, float64 
[ 2023-06-19 17:32:40,635 ] 89 root - INFO - Hypothesis dx_000: float64, float64 
[ 2023-06-19 17:32:40,673 ] 89 root - INFO - Hypothesis dy_000: float64, float64 
[ 2023-06-19 17:32:40,711 ] 89 root - INFO - Hypothesis dz_000: float64, float64 
[ 2023-06-19 17:32:40,749 ] 89 root - INFO - Hypothesis ea_000: float64, float64 
[ 2023-06-19 17:32:40,787 ] 89 root - INFO - Hypothesis eb_000: float64, float64 
[ 2023-06-19 17:32:40,796 ] 89 root - INFO - Hypothesis ec_00: float64, float64 
[ 2023-06-19 17:32:40,807 ] 89 root - INFO - Hypothesis ed_000: float64, float64 
[ 2023-06-19 17:32:40,816 ] 89 root - INFO - Hypothesis ee_000: float64, float64 
[ 2023-06-19 17:32:40,827 ] 89 root - INFO - Hypothesis ee_001: float64, float64 
[ 2023-06-19 17:32:40,837 ] 89 root - INFO - Hypothesis ee_002: float64, float64 
[ 2023-06-19 17:32:40,848 ] 89 root - INFO - Hypothesis ee_003: float64, float64 
[ 2023-06-19 17:32:40,858 ] 89 root - INFO - Hypothesis ee_004: float64, float64 
[ 2023-06-19 17:32:40,870 ] 89 root - INFO - Hypothesis ee_005: float64, float64 
[ 2023-06-19 17:32:40,881 ] 89 root - INFO - Hypothesis ee_006: float64, float64 
[ 2023-06-19 17:32:40,892 ] 89 root - INFO - Hypothesis ee_007: float64, float64 
[ 2023-06-19 17:32:40,901 ] 89 root - INFO - Hypothesis ee_008: float64, float64 
[ 2023-06-19 17:32:40,910 ] 89 root - INFO - Hypothesis ee_009: float64, float64 
[ 2023-06-19 17:32:40,918 ] 89 root - INFO - Hypothesis ef_000: float64, float64 
[ 2023-06-19 17:32:40,954 ] 89 root - INFO - Hypothesis eg_000: float64, float64 
[ 2023-06-19 17:32:40,990 ] 144 root - INFO - As all column are available in test df hence detecting data drift
[ 2023-06-19 17:32:40,990 ] 89 root - INFO - Hypothesis class: object, object 
[ 2023-06-19 17:32:41,067 ] 89 root - INFO - Hypothesis aa_000: float64, float64 
[ 2023-06-19 17:32:41,074 ] 89 root - INFO - Hypothesis ac_000: float64, float64 
[ 2023-06-19 17:32:41,080 ] 89 root - INFO - Hypothesis ae_000: float64, float64 
[ 2023-06-19 17:32:41,095 ] 89 root - INFO - Hypothesis af_000: float64, float64 
[ 2023-06-19 17:32:41,111 ] 89 root - INFO - Hypothesis ag_000: float64, float64 
[ 2023-06-19 17:32:41,125 ] 89 root - INFO - Hypothesis ag_001: float64, float64 
[ 2023-06-19 17:32:41,140 ] 89 root - INFO - Hypothesis ag_002: float64, float64 
[ 2023-06-19 17:32:41,143 ] 89 root - INFO - Hypothesis ag_003: float64, float64 
[ 2023-06-19 17:32:41,148 ] 89 root - INFO - Hypothesis ag_004: float64, float64 
[ 2023-06-19 17:32:41,155 ] 89 root - INFO - Hypothesis ag_005: float64, float64 
[ 2023-06-19 17:32:41,162 ] 89 root - INFO - Hypothesis ag_006: float64, float64 
[ 2023-06-19 17:32:41,170 ] 89 root - INFO - Hypothesis ag_007: float64, float64 
[ 2023-06-19 17:32:41,176 ] 89 root - INFO - Hypothesis ag_008: float64, float64 
[ 2023-06-19 17:32:41,182 ] 89 root - INFO - Hypothesis ag_009: float64, float64 
[ 2023-06-19 17:32:41,186 ] 89 root - INFO - Hypothesis ah_000: float64, float64 
[ 2023-06-19 17:32:41,193 ] 89 root - INFO - Hypothesis ai_000: float64, float64 
[ 2023-06-19 17:32:41,197 ] 89 root - INFO - Hypothesis aj_000: float64, float64 
[ 2023-06-19 17:32:41,201 ] 89 root - INFO - Hypothesis ak_000: float64, float64 
[ 2023-06-19 17:32:41,204 ] 89 root - INFO - Hypothesis al_000: float64, float64 
[ 2023-06-19 17:32:41,209 ] 89 root - INFO - Hypothesis am_0: float64, float64 
[ 2023-06-19 17:32:41,214 ] 89 root - INFO - Hypothesis an_000: float64, float64 
[ 2023-06-19 17:32:41,221 ] 89 root - INFO - Hypothesis ao_000: float64, float64 
[ 2023-06-19 17:32:41,228 ] 89 root - INFO - Hypothesis ap_000: float64, float64 
[ 2023-06-19 17:32:41,235 ] 89 root - INFO - Hypothesis aq_000: float64, float64 
[ 2023-06-19 17:32:41,242 ] 89 root - INFO - Hypothesis ar_000: float64, float64 
[ 2023-06-19 17:32:41,257 ] 89 root - INFO - Hypothesis as_000: float64, float64 
[ 2023-06-19 17:32:41,272 ] 89 root - INFO - Hypothesis at_000: float64, float64 
[ 2023-06-19 17:32:41,287 ] 89 root - INFO - Hypothesis au_000: float64, float64 
[ 2023-06-19 17:32:41,302 ] 89 root - INFO - Hypothesis av_000: float64, float64 
[ 2023-06-19 17:32:41,308 ] 89 root - INFO - Hypothesis ax_000: float64, float64 
[ 2023-06-19 17:32:41,313 ] 89 root - INFO - Hypothesis ay_000: float64, float64 
[ 2023-06-19 17:32:41,328 ] 89 root - INFO - Hypothesis ay_001: float64, float64 
[ 2023-06-19 17:32:41,343 ] 89 root - INFO - Hypothesis ay_002: float64, float64 
[ 2023-06-19 17:32:41,358 ] 89 root - INFO - Hypothesis ay_003: float64, float64 
[ 2023-06-19 17:32:41,373 ] 89 root - INFO - Hypothesis ay_004: float64, float64 
[ 2023-06-19 17:32:41,388 ] 89 root - INFO - Hypothesis ay_005: float64, float64 
[ 2023-06-19 17:32:41,393 ] 89 root - INFO - Hypothesis ay_006: float64, float64 
[ 2023-06-19 17:32:41,400 ] 89 root - INFO - Hypothesis ay_007: float64, float64 
[ 2023-06-19 17:32:41,406 ] 89 root - INFO - Hypothesis ay_008: float64, float64 
[ 2023-06-19 17:32:41,413 ] 89 root - INFO - Hypothesis ay_009: float64, float64 
[ 2023-06-19 17:32:41,428 ] 89 root - INFO - Hypothesis az_000: float64, float64 
[ 2023-06-19 17:32:41,435 ] 89 root - INFO - Hypothesis az_001: float64, float64 
[ 2023-06-19 17:32:41,441 ] 89 root - INFO - Hypothesis az_002: float64, float64 
[ 2023-06-19 17:32:41,447 ] 89 root - INFO - Hypothesis az_003: float64, float64 
[ 2023-06-19 17:32:41,454 ] 89 root - INFO - Hypothesis az_004: float64, float64 
[ 2023-06-19 17:32:41,461 ] 89 root - INFO - Hypothesis az_005: float64, float64 
[ 2023-06-19 17:32:41,468 ] 89 root - INFO - Hypothesis az_006: float64, float64 
[ 2023-06-19 17:32:41,474 ] 89 root - INFO - Hypothesis az_007: float64, float64 
[ 2023-06-19 17:32:41,478 ] 89 root - INFO - Hypothesis az_008: float64, float64 
[ 2023-06-19 17:32:41,494 ] 89 root - INFO - Hypothesis az_009: float64, float64 
[ 2023-06-19 17:32:41,510 ] 89 root - INFO - Hypothesis ba_000: float64, float64 
[ 2023-06-19 17:32:41,517 ] 89 root - INFO - Hypothesis ba_001: float64, float64 
[ 2023-06-19 17:32:41,525 ] 89 root - INFO - Hypothesis ba_002: float64, float64 
[ 2023-06-19 17:32:41,533 ] 89 root - INFO - Hypothesis ba_003: float64, float64 
[ 2023-06-19 17:32:41,541 ] 89 root - INFO - Hypothesis ba_004: float64, float64 
[ 2023-06-19 17:32:41,548 ] 89 root - INFO - Hypothesis ba_005: float64, float64 
[ 2023-06-19 17:32:41,555 ] 89 root - INFO - Hypothesis ba_006: float64, float64 
[ 2023-06-19 17:32:41,562 ] 89 root - INFO - Hypothesis ba_007: float64, float64 
[ 2023-06-19 17:32:41,569 ] 89 root - INFO - Hypothesis ba_008: float64, float64 
[ 2023-06-19 17:32:41,575 ] 89 root - INFO - Hypothesis ba_009: float64, float64 
[ 2023-06-19 17:32:41,579 ] 89 root - INFO - Hypothesis bb_000: float64, float64 
[ 2023-06-19 17:32:41,587 ] 89 root - INFO - Hypothesis bc_000: float64, float64 
[ 2023-06-19 17:32:41,592 ] 89 root - INFO - Hypothesis bd_000: float64, float64 
[ 2023-06-19 17:32:41,598 ] 89 root - INFO - Hypothesis be_000: float64, float64 
[ 2023-06-19 17:32:41,604 ] 89 root - INFO - Hypothesis bf_000: float64, float64 
[ 2023-06-19 17:32:41,609 ] 89 root - INFO - Hypothesis bg_000: float64, float64 
[ 2023-06-19 17:32:41,616 ] 89 root - INFO - Hypothesis bh_000: float64, float64 
[ 2023-06-19 17:32:41,623 ] 89 root - INFO - Hypothesis bi_000: float64, float64 
[ 2023-06-19 17:32:41,630 ] 89 root - INFO - Hypothesis bj_000: float64, float64 
[ 2023-06-19 17:32:41,637 ] 89 root - INFO - Hypothesis bs_000: float64, float64 
[ 2023-06-19 17:32:41,647 ] 89 root - INFO - Hypothesis bt_000: float64, float64 
[ 2023-06-19 17:32:41,654 ] 89 root - INFO - Hypothesis bu_000: float64, float64 
[ 2023-06-19 17:32:41,661 ] 89 root - INFO - Hypothesis bv_000: float64, float64 
[ 2023-06-19 17:32:41,668 ] 89 root - INFO - Hypothesis bx_000: float64, float64 
[ 2023-06-19 17:32:41,675 ] 89 root - INFO - Hypothesis by_000: float64, float64 
[ 2023-06-19 17:32:41,682 ] 89 root - INFO - Hypothesis bz_000: float64, float64 
[ 2023-06-19 17:32:41,688 ] 89 root - INFO - Hypothesis ca_000: float64, float64 
[ 2023-06-19 17:32:41,695 ] 89 root - INFO - Hypothesis cb_000: float64, float64 
[ 2023-06-19 17:32:41,702 ] 89 root - INFO - Hypothesis cc_000: float64, float64 
[ 2023-06-19 17:32:41,709 ] 89 root - INFO - Hypothesis cd_000: float64, float64 
[ 2023-06-19 17:32:41,724 ] 89 root - INFO - Hypothesis ce_000: float64, float64 
[ 2023-06-19 17:32:41,731 ] 89 root - INFO - Hypothesis ci_000: float64, float64 
[ 2023-06-19 17:32:41,738 ] 89 root - INFO - Hypothesis cj_000: float64, float64 
[ 2023-06-19 17:32:41,742 ] 89 root - INFO - Hypothesis ck_000: float64, float64 
[ 2023-06-19 17:32:41,749 ] 89 root - INFO - Hypothesis cl_000: float64, float64 
[ 2023-06-19 17:32:41,753 ] 89 root - INFO - Hypothesis cm_000: float64, float64 
[ 2023-06-19 17:32:41,758 ] 89 root - INFO - Hypothesis cn_000: float64, float64 
[ 2023-06-19 17:32:41,773 ] 89 root - INFO - Hypothesis cn_001: float64, float64 
[ 2023-06-19 17:32:41,777 ] 89 root - INFO - Hypothesis cn_002: float64, float64 
[ 2023-06-19 17:32:41,782 ] 89 root - INFO - Hypothesis cn_003: float64, float64 
[ 2023-06-19 17:32:41,789 ] 89 root - INFO - Hypothesis cn_004: float64, float64 
[ 2023-06-19 17:32:41,796 ] 89 root - INFO - Hypothesis cn_005: float64, float64 
[ 2023-06-19 17:32:41,803 ] 89 root - INFO - Hypothesis cn_006: float64, float64 
[ 2023-06-19 17:32:41,810 ] 89 root - INFO - Hypothesis cn_007: float64, float64 
[ 2023-06-19 17:32:41,817 ] 89 root - INFO - Hypothesis cn_008: float64, float64 
[ 2023-06-19 17:32:41,823 ] 89 root - INFO - Hypothesis cn_009: float64, float64 
[ 2023-06-19 17:32:41,828 ] 89 root - INFO - Hypothesis cp_000: float64, float64 
[ 2023-06-19 17:32:41,833 ] 89 root - INFO - Hypothesis cq_000: float64, float64 
[ 2023-06-19 17:32:41,841 ] 89 root - INFO - Hypothesis cs_000: float64, float64 
[ 2023-06-19 17:32:41,848 ] 89 root - INFO - Hypothesis cs_001: float64, float64 
[ 2023-06-19 17:32:41,855 ] 89 root - INFO - Hypothesis cs_002: float64, float64 
[ 2023-06-19 17:32:41,862 ] 89 root - INFO - Hypothesis cs_003: float64, float64 
[ 2023-06-19 17:32:41,869 ] 89 root - INFO - Hypothesis cs_004: float64, float64 
[ 2023-06-19 17:32:41,877 ] 89 root - INFO - Hypothesis cs_005: float64, float64 
[ 2023-06-19 17:32:41,884 ] 89 root - INFO - Hypothesis cs_006: float64, float64 
[ 2023-06-19 17:32:41,891 ] 89 root - INFO - Hypothesis cs_007: float64, float64 
[ 2023-06-19 17:32:41,899 ] 89 root - INFO - Hypothesis cs_008: float64, float64 
[ 2023-06-19 17:32:41,904 ] 89 root - INFO - Hypothesis cs_009: float64, float64 
[ 2023-06-19 17:32:41,919 ] 89 root - INFO - Hypothesis dd_000: float64, float64 
[ 2023-06-19 17:32:41,926 ] 89 root - INFO - Hypothesis de_000: float64, float64 
[ 2023-06-19 17:32:41,931 ] 89 root - INFO - Hypothesis df_000: float64, float64 
[ 2023-06-19 17:32:41,935 ] 89 root - INFO - Hypothesis dg_000: float64, float64 
[ 2023-06-19 17:32:41,938 ] 89 root - INFO - Hypothesis dh_000: float64, float64 
[ 2023-06-19 17:32:41,941 ] 89 root - INFO - Hypothesis di_000: float64, float64 
[ 2023-06-19 17:32:41,945 ] 89 root - INFO - Hypothesis dj_000: float64, float64 
[ 2023-06-19 17:32:41,961 ] 89 root - INFO - Hypothesis dk_000: float64, float64 
[ 2023-06-19 17:32:41,964 ] 89 root - INFO - Hypothesis dl_000: float64, float64 
[ 2023-06-19 17:32:41,980 ] 89 root - INFO - Hypothesis dm_000: float64, float64 
[ 2023-06-19 17:32:41,995 ] 89 root - INFO - Hypothesis dn_000: float64, float64 
[ 2023-06-19 17:32:42,002 ] 89 root - INFO - Hypothesis do_000: float64, float64 
[ 2023-06-19 17:32:42,009 ] 89 root - INFO - Hypothesis dp_000: float64, float64 
[ 2023-06-19 17:32:42,015 ] 89 root - INFO - Hypothesis dq_000: float64, float64 
[ 2023-06-19 17:32:42,019 ] 89 root - INFO - Hypothesis dr_000: float64, float64 
[ 2023-06-19 17:32:42,023 ] 89 root - INFO - Hypothesis ds_000: float64, float64 
[ 2023-06-19 17:32:42,031 ] 89 root - INFO - Hypothesis dt_000: float64, float64 
[ 2023-06-19 17:32:42,037 ] 89 root - INFO - Hypothesis du_000: float64, float64 
[ 2023-06-19 17:32:42,044 ] 89 root - INFO - Hypothesis dv_000: float64, float64 
[ 2023-06-19 17:32:42,051 ] 89 root - INFO - Hypothesis dx_000: float64, float64 
[ 2023-06-19 17:32:42,057 ] 89 root - INFO - Hypothesis dy_000: float64, float64 
[ 2023-06-19 17:32:42,063 ] 89 root - INFO - Hypothesis dz_000: float64, float64 
[ 2023-06-19 17:32:42,079 ] 89 root - INFO - Hypothesis ea_000: float64, float64 
[ 2023-06-19 17:32:42,095 ] 89 root - INFO - Hypothesis eb_000: float64, float64 
[ 2023-06-19 17:32:42,101 ] 89 root - INFO - Hypothesis ec_00: float64, float64 
[ 2023-06-19 17:32:42,108 ] 89 root - INFO - Hypothesis ed_000: float64, float64 
[ 2023-06-19 17:32:42,114 ] 89 root - INFO - Hypothesis ee_000: float64, float64 
[ 2023-06-19 17:32:42,122 ] 89 root - INFO - Hypothesis ee_001: float64, float64 
[ 2023-06-19 17:32:42,129 ] 89 root - INFO - Hypothesis ee_002: float64, float64 
[ 2023-06-19 17:32:42,136 ] 89 root - INFO - Hypothesis ee_003: float64, float64 
[ 2023-06-19 17:32:42,143 ] 89 root - INFO - Hypothesis ee_004: float64, float64 
[ 2023-06-19 17:32:42,150 ] 89 root - INFO - Hypothesis ee_005: float64, float64 
[ 2023-06-19 17:32:42,157 ] 89 root - INFO - Hypothesis ee_006: float64, float64 
[ 2023-06-19 17:32:42,163 ] 89 root - INFO - Hypothesis ee_007: float64, float64 
[ 2023-06-19 17:32:42,170 ] 89 root - INFO - Hypothesis ee_008: float64, float64 
[ 2023-06-19 17:32:42,176 ] 89 root - INFO - Hypothesis ee_009: float64, float64 
[ 2023-06-19 17:32:42,181 ] 89 root - INFO - Hypothesis ef_000: float64, float64 
[ 2023-06-19 17:32:42,196 ] 89 root - INFO - Hypothesis eg_000: float64, float64 
[ 2023-06-19 17:32:42,211 ] 150 root - INFO - Write reprt in yaml file
[ 2023-06-19 17:32:42,279 ] 154 root - INFO - Data validation artifact: DataValidationArtifact(report_file_path='/config/workspace/artifact/06192023__173224/data_validation/report.yaml')
