[ 2023-06-27 20:07:45,184 ] 15 root - INFO - >>>>>>>>>>>>>>>>>>>>>>>>>>>>>>>>>>>>>>>> Data Ingestion <<<<<<<<<<<<<<<<<<<<<<<<<<<<<<<<<<<<<<<<
[ 2023-06-27 20:07:45,184 ] 22 root - INFO - Exporting collection data as pandas dataframe
[ 2023-06-27 20:07:45,184 ] 22 root - INFO - Reading data from database: aps and collection: sensor
[ 2023-06-27 20:07:48,445 ] 24 root - INFO - Found columns: Index(['_id', 'class', 'aa_000', 'ab_000', 'ac_000', 'ad_000', 'ae_000',
       'af_000', 'ag_000', 'ag_001',
       ...
       'ee_002', 'ee_003', 'ee_004', 'ee_005', 'ee_006', 'ee_007', 'ee_008',
       'ee_009', 'ef_000', 'eg_000'],
      dtype='object', length=172)
[ 2023-06-27 20:07:48,445 ] 26 root - INFO - Dropping column: _id 
[ 2023-06-27 20:07:48,655 ] 28 root - INFO - Row and columns in df: (36188, 171)
[ 2023-06-27 20:07:48,655 ] 28 root - INFO - Save data in feature store
[ 2023-06-27 20:07:50,029 ] 34 root - INFO - Create feature store folder if not available
[ 2023-06-27 20:07:50,029 ] 38 root - INFO - Save df to feature store folder
[ 2023-06-27 20:07:51,901 ] 43 root - INFO - split dataset into train and test set
[ 2023-06-27 20:07:52,239 ] 47 root - INFO - create dataset directory folder if not available
[ 2023-06-27 20:07:52,240 ] 52 root - INFO - Save df to feature store folder
[ 2023-06-27 20:07:54,061 ] 64 root - INFO - Data ingestion artifact: DataIngestionArtifact(feature_store_file_path='/config/workspace/artifact/06272023__200745/data_ingestion/feature_store/sensor.csv', train_file_path='/config/workspace/artifact/06272023__200745/data_ingestion/dataset/train.csv', test_file_path='/config/workspace/artifact/06272023__200745/data_ingestion/dataset/test.csv')
[ 2023-06-27 20:07:54,452 ] 22 root - INFO - >>>>>>>>>>>>>>>>>>>>>>>>>>>>>>>>>>>>>>>> Data Validation <<<<<<<<<<<<<<<<<<<<<<<<<<<<<<<<<<<<<<<<
[ 2023-06-27 20:07:54,452 ] 111 root - INFO - Reading base dataframe
[ 2023-06-27 20:07:56,638 ] 114 root - INFO - Replace na value in base df
[ 2023-06-27 20:07:56,638 ] 116 root - INFO - Drop null values colums from base df
[ 2023-06-27 20:07:56,859 ] 45 root - INFO - selecting column name which contains null above to 0.2
[ 2023-06-27 20:07:56,860 ] 48 root - INFO - Columns to drop: ['ab_000', 'ad_000', 'bk_000', 'bl_000', 'bm_000', 'bn_000', 'bo_000', 'bp_000', 'bq_000', 'br_000', 'cf_000', 'cg_000', 'ch_000', 'co_000', 'cr_000', 'ct_000', 'cu_000', 'cv_000', 'cx_000', 'cy_000', 'cz_000', 'da_000', 'db_000', 'dc_000']
[ 2023-06-27 20:07:56,947 ] 119 root - INFO - Reading train dataframe
[ 2023-06-27 20:07:57,333 ] 121 root - INFO - Reading test dataframe
[ 2023-06-27 20:07:57,434 ] 124 root - INFO - Drop null values colums from train df
[ 2023-06-27 20:07:57,442 ] 45 root - INFO - selecting column name which contains null above to 0.2
[ 2023-06-27 20:07:57,443 ] 48 root - INFO - Columns to drop: ['ab_000', 'ad_000', 'bk_000', 'bl_000', 'bm_000', 'bn_000', 'bo_000', 'bp_000', 'bq_000', 'br_000', 'cf_000', 'cg_000', 'ch_000', 'co_000', 'cr_000', 'ct_000', 'cu_000', 'cv_000', 'cx_000', 'cy_000', 'cz_000', 'da_000', 'db_000', 'dc_000']
[ 2023-06-27 20:07:57,449 ] 126 root - INFO - Drop null values colums from test df
[ 2023-06-27 20:07:57,452 ] 45 root - INFO - selecting column name which contains null above to 0.2
[ 2023-06-27 20:07:57,452 ] 48 root - INFO - Columns to drop: ['ab_000', 'ad_000', 'bk_000', 'bl_000', 'bm_000', 'bn_000', 'bo_000', 'bp_000', 'bq_000', 'br_000', 'cf_000', 'cg_000', 'ch_000', 'co_000', 'cr_000', 'ct_000', 'cu_000', 'cv_000', 'cx_000', 'cy_000', 'cz_000', 'da_000', 'db_000', 'dc_000']
[ 2023-06-27 20:07:58,245 ] 135 root - INFO - Is all required columns present in train df
[ 2023-06-27 20:07:58,245 ] 137 root - INFO - Is all required columns present in test df
[ 2023-06-27 20:07:58,245 ] 141 root - INFO - As all column are available in train df hence detecting data drift
[ 2023-06-27 20:07:58,245 ] 89 root - INFO - Hypothesis class: object, object 
[ 2023-06-27 20:07:58,380 ] 89 root - INFO - Hypothesis aa_000: float64, float64 
[ 2023-06-27 20:07:58,390 ] 89 root - INFO - Hypothesis ac_000: float64, float64 
[ 2023-06-27 20:07:58,430 ] 89 root - INFO - Hypothesis ae_000: float64, float64 
[ 2023-06-27 20:07:58,465 ] 89 root - INFO - Hypothesis af_000: float64, float64 
[ 2023-06-27 20:07:58,501 ] 89 root - INFO - Hypothesis ag_000: float64, float64 
[ 2023-06-27 20:07:58,535 ] 89 root - INFO - Hypothesis ag_001: float64, float64 
[ 2023-06-27 20:07:58,570 ] 89 root - INFO - Hypothesis ag_002: float64, float64 
[ 2023-06-27 20:07:58,606 ] 89 root - INFO - Hypothesis ag_003: float64, float64 
[ 2023-06-27 20:07:58,613 ] 89 root - INFO - Hypothesis ag_004: float64, float64 
[ 2023-06-27 20:07:58,623 ] 89 root - INFO - Hypothesis ag_005: float64, float64 
[ 2023-06-27 20:07:58,633 ] 89 root - INFO - Hypothesis ag_006: float64, float64 
[ 2023-06-27 20:07:58,643 ] 89 root - INFO - Hypothesis ag_007: float64, float64 
[ 2023-06-27 20:07:58,653 ] 89 root - INFO - Hypothesis ag_008: float64, float64 
[ 2023-06-27 20:07:58,661 ] 89 root - INFO - Hypothesis ag_009: float64, float64 
[ 2023-06-27 20:07:58,668 ] 89 root - INFO - Hypothesis ah_000: float64, float64 
[ 2023-06-27 20:07:58,679 ] 89 root - INFO - Hypothesis ai_000: float64, float64 
[ 2023-06-27 20:07:58,715 ] 89 root - INFO - Hypothesis aj_000: float64, float64 
[ 2023-06-27 20:07:58,721 ] 89 root - INFO - Hypothesis ak_000: float64, float64 
[ 2023-06-27 20:07:58,758 ] 89 root - INFO - Hypothesis al_000: float64, float64 
[ 2023-06-27 20:07:58,765 ] 89 root - INFO - Hypothesis am_0: float64, float64 
[ 2023-06-27 20:07:58,773 ] 89 root - INFO - Hypothesis an_000: float64, float64 
[ 2023-06-27 20:07:58,783 ] 89 root - INFO - Hypothesis ao_000: float64, float64 
[ 2023-06-27 20:07:58,793 ] 89 root - INFO - Hypothesis ap_000: float64, float64 
[ 2023-06-27 20:07:58,804 ] 89 root - INFO - Hypothesis aq_000: float64, float64 
[ 2023-06-27 20:07:58,815 ] 89 root - INFO - Hypothesis ar_000: float64, float64 
[ 2023-06-27 20:07:58,850 ] 89 root - INFO - Hypothesis as_000: float64, float64 
[ 2023-06-27 20:07:58,886 ] 89 root - INFO - Hypothesis at_000: float64, float64 
[ 2023-06-27 20:07:58,921 ] 89 root - INFO - Hypothesis au_000: float64, float64 
[ 2023-06-27 20:07:58,957 ] 89 root - INFO - Hypothesis av_000: float64, float64 
[ 2023-06-27 20:07:58,965 ] 89 root - INFO - Hypothesis ax_000: float64, float64 
[ 2023-06-27 20:07:58,974 ] 89 root - INFO - Hypothesis ay_000: float64, float64 
[ 2023-06-27 20:07:59,009 ] 89 root - INFO - Hypothesis ay_001: float64, float64 
[ 2023-06-27 20:07:59,044 ] 89 root - INFO - Hypothesis ay_002: float64, float64 
[ 2023-06-27 20:07:59,080 ] 89 root - INFO - Hypothesis ay_003: float64, float64 
[ 2023-06-27 20:07:59,115 ] 89 root - INFO - Hypothesis ay_004: float64, float64 
[ 2023-06-27 20:07:59,151 ] 89 root - INFO - Hypothesis ay_005: float64, float64 
[ 2023-06-27 20:07:59,192 ] 89 root - INFO - Hypothesis ay_006: float64, float64 
[ 2023-06-27 20:07:59,202 ] 89 root - INFO - Hypothesis ay_007: float64, float64 
[ 2023-06-27 20:07:59,212 ] 89 root - INFO - Hypothesis ay_008: float64, float64 
[ 2023-06-27 20:07:59,222 ] 89 root - INFO - Hypothesis ay_009: float64, float64 
[ 2023-06-27 20:07:59,258 ] 89 root - INFO - Hypothesis az_000: float64, float64 
[ 2023-06-27 20:07:59,268 ] 89 root - INFO - Hypothesis az_001: float64, float64 
[ 2023-06-27 20:07:59,277 ] 89 root - INFO - Hypothesis az_002: float64, float64 
[ 2023-06-27 20:07:59,286 ] 89 root - INFO - Hypothesis az_003: float64, float64 
[ 2023-06-27 20:07:59,297 ] 89 root - INFO - Hypothesis az_004: float64, float64 
[ 2023-06-27 20:07:59,307 ] 89 root - INFO - Hypothesis az_005: float64, float64 
[ 2023-06-27 20:07:59,317 ] 89 root - INFO - Hypothesis az_006: float64, float64 
[ 2023-06-27 20:07:59,358 ] 89 root - INFO - Hypothesis az_007: float64, float64 
[ 2023-06-27 20:07:59,396 ] 89 root - INFO - Hypothesis az_008: float64, float64 
[ 2023-06-27 20:07:59,432 ] 89 root - INFO - Hypothesis az_009: float64, float64 
[ 2023-06-27 20:07:59,467 ] 89 root - INFO - Hypothesis ba_000: float64, float64 
[ 2023-06-27 20:07:59,478 ] 89 root - INFO - Hypothesis ba_001: float64, float64 
[ 2023-06-27 20:07:59,488 ] 89 root - INFO - Hypothesis ba_002: float64, float64 
[ 2023-06-27 20:07:59,498 ] 89 root - INFO - Hypothesis ba_003: float64, float64 
[ 2023-06-27 20:07:59,509 ] 89 root - INFO - Hypothesis ba_004: float64, float64 
[ 2023-06-27 20:07:59,519 ] 89 root - INFO - Hypothesis ba_005: float64, float64 
[ 2023-06-27 20:07:59,529 ] 89 root - INFO - Hypothesis ba_006: float64, float64 
[ 2023-06-27 20:07:59,539 ] 89 root - INFO - Hypothesis ba_007: float64, float64 
[ 2023-06-27 20:07:59,548 ] 89 root - INFO - Hypothesis ba_008: float64, float64 
[ 2023-06-27 20:07:59,588 ] 89 root - INFO - Hypothesis ba_009: float64, float64 
[ 2023-06-27 20:07:59,625 ] 89 root - INFO - Hypothesis bb_000: float64, float64 
[ 2023-06-27 20:07:59,636 ] 89 root - INFO - Hypothesis bc_000: float64, float64 
[ 2023-06-27 20:07:59,676 ] 89 root - INFO - Hypothesis bd_000: float64, float64 
[ 2023-06-27 20:07:59,684 ] 89 root - INFO - Hypothesis be_000: float64, float64 
[ 2023-06-27 20:07:59,693 ] 89 root - INFO - Hypothesis bf_000: float64, float64 
[ 2023-06-27 20:07:59,700 ] 89 root - INFO - Hypothesis bg_000: float64, float64 
[ 2023-06-27 20:07:59,710 ] 89 root - INFO - Hypothesis bh_000: float64, float64 
[ 2023-06-27 20:07:59,720 ] 89 root - INFO - Hypothesis bi_000: float64, float64 
[ 2023-06-27 20:07:59,731 ] 89 root - INFO - Hypothesis bj_000: float64, float64 
[ 2023-06-27 20:07:59,742 ] 89 root - INFO - Hypothesis bs_000: float64, float64 
[ 2023-06-27 20:07:59,752 ] 89 root - INFO - Hypothesis bt_000: float64, float64 
[ 2023-06-27 20:07:59,763 ] 89 root - INFO - Hypothesis bu_000: float64, float64 
[ 2023-06-27 20:07:59,773 ] 89 root - INFO - Hypothesis bv_000: float64, float64 
[ 2023-06-27 20:07:59,783 ] 89 root - INFO - Hypothesis bx_000: float64, float64 
[ 2023-06-27 20:07:59,793 ] 89 root - INFO - Hypothesis by_000: float64, float64 
[ 2023-06-27 20:07:59,804 ] 89 root - INFO - Hypothesis bz_000: float64, float64 
[ 2023-06-27 20:07:59,813 ] 89 root - INFO - Hypothesis ca_000: float64, float64 
[ 2023-06-27 20:07:59,823 ] 89 root - INFO - Hypothesis cb_000: float64, float64 
[ 2023-06-27 20:07:59,834 ] 89 root - INFO - Hypothesis cc_000: float64, float64 
[ 2023-06-27 20:07:59,844 ] 89 root - INFO - Hypothesis cd_000: float64, float64 
[ 2023-06-27 20:07:59,880 ] 89 root - INFO - Hypothesis ce_000: float64, float64 
[ 2023-06-27 20:07:59,890 ] 89 root - INFO - Hypothesis ci_000: float64, float64 
[ 2023-06-27 20:07:59,901 ] 89 root - INFO - Hypothesis cj_000: float64, float64 
[ 2023-06-27 20:07:59,937 ] 89 root - INFO - Hypothesis ck_000: float64, float64 
[ 2023-06-27 20:07:59,947 ] 89 root - INFO - Hypothesis cl_000: float64, float64 
[ 2023-06-27 20:07:59,953 ] 89 root - INFO - Hypothesis cm_000: float64, float64 
[ 2023-06-27 20:07:59,960 ] 89 root - INFO - Hypothesis cn_000: float64, float64 
[ 2023-06-27 20:07:59,996 ] 89 root - INFO - Hypothesis cn_001: float64, float64 
[ 2023-06-27 20:08:00,033 ] 89 root - INFO - Hypothesis cn_002: float64, float64 
[ 2023-06-27 20:08:00,041 ] 89 root - INFO - Hypothesis cn_003: float64, float64 
[ 2023-06-27 20:08:00,051 ] 89 root - INFO - Hypothesis cn_004: float64, float64 
[ 2023-06-27 20:08:00,062 ] 89 root - INFO - Hypothesis cn_005: float64, float64 
[ 2023-06-27 20:08:00,072 ] 89 root - INFO - Hypothesis cn_006: float64, float64 
[ 2023-06-27 20:08:00,082 ] 89 root - INFO - Hypothesis cn_007: float64, float64 
[ 2023-06-27 20:08:00,092 ] 89 root - INFO - Hypothesis cn_008: float64, float64 
[ 2023-06-27 20:08:00,101 ] 89 root - INFO - Hypothesis cn_009: float64, float64 
[ 2023-06-27 20:08:00,140 ] 89 root - INFO - Hypothesis cp_000: float64, float64 
[ 2023-06-27 20:08:00,179 ] 89 root - INFO - Hypothesis cq_000: float64, float64 
[ 2023-06-27 20:08:00,189 ] 89 root - INFO - Hypothesis cs_000: float64, float64 
[ 2023-06-27 20:08:00,199 ] 89 root - INFO - Hypothesis cs_001: float64, float64 
[ 2023-06-27 20:08:00,208 ] 89 root - INFO - Hypothesis cs_002: float64, float64 
[ 2023-06-27 20:08:00,218 ] 89 root - INFO - Hypothesis cs_003: float64, float64 
[ 2023-06-27 20:08:00,228 ] 89 root - INFO - Hypothesis cs_004: float64, float64 
[ 2023-06-27 20:08:00,238 ] 89 root - INFO - Hypothesis cs_005: float64, float64 
[ 2023-06-27 20:08:00,249 ] 89 root - INFO - Hypothesis cs_006: float64, float64 
[ 2023-06-27 20:08:00,260 ] 89 root - INFO - Hypothesis cs_007: float64, float64 
[ 2023-06-27 20:08:00,270 ] 89 root - INFO - Hypothesis cs_008: float64, float64 
[ 2023-06-27 20:08:00,308 ] 89 root - INFO - Hypothesis cs_009: float64, float64 
[ 2023-06-27 20:08:00,343 ] 89 root - INFO - Hypothesis dd_000: float64, float64 
[ 2023-06-27 20:08:00,353 ] 89 root - INFO - Hypothesis de_000: float64, float64 
[ 2023-06-27 20:08:00,361 ] 89 root - INFO - Hypothesis df_000: float64, float64 
[ 2023-06-27 20:08:00,397 ] 89 root - INFO - Hypothesis dg_000: float64, float64 
[ 2023-06-27 20:08:00,434 ] 89 root - INFO - Hypothesis dh_000: float64, float64 
[ 2023-06-27 20:08:00,439 ] 89 root - INFO - Hypothesis di_000: float64, float64 
[ 2023-06-27 20:08:00,478 ] 89 root - INFO - Hypothesis dj_000: float64, float64 
[ 2023-06-27 20:08:00,515 ] 89 root - INFO - Hypothesis dk_000: float64, float64 
[ 2023-06-27 20:08:00,552 ] 89 root - INFO - Hypothesis dl_000: float64, float64 
[ 2023-06-27 20:08:00,589 ] 89 root - INFO - Hypothesis dm_000: float64, float64 
[ 2023-06-27 20:08:00,627 ] 89 root - INFO - Hypothesis dn_000: float64, float64 
[ 2023-06-27 20:08:00,637 ] 89 root - INFO - Hypothesis do_000: float64, float64 
[ 2023-06-27 20:08:00,647 ] 89 root - INFO - Hypothesis dp_000: float64, float64 
[ 2023-06-27 20:08:00,656 ] 89 root - INFO - Hypothesis dq_000: float64, float64 
[ 2023-06-27 20:08:00,693 ] 89 root - INFO - Hypothesis dr_000: float64, float64 
[ 2023-06-27 20:08:00,730 ] 89 root - INFO - Hypothesis ds_000: float64, float64 
[ 2023-06-27 20:08:00,740 ] 89 root - INFO - Hypothesis dt_000: float64, float64 
[ 2023-06-27 20:08:00,750 ] 89 root - INFO - Hypothesis du_000: float64, float64 
[ 2023-06-27 20:08:00,761 ] 89 root - INFO - Hypothesis dv_000: float64, float64 
[ 2023-06-27 20:08:00,771 ] 89 root - INFO - Hypothesis dx_000: float64, float64 
[ 2023-06-27 20:08:00,809 ] 89 root - INFO - Hypothesis dy_000: float64, float64 
[ 2023-06-27 20:08:00,846 ] 89 root - INFO - Hypothesis dz_000: float64, float64 
[ 2023-06-27 20:08:00,880 ] 89 root - INFO - Hypothesis ea_000: float64, float64 
[ 2023-06-27 20:08:00,916 ] 89 root - INFO - Hypothesis eb_000: float64, float64 
[ 2023-06-27 20:08:00,924 ] 89 root - INFO - Hypothesis ec_00: float64, float64 
[ 2023-06-27 20:08:00,934 ] 89 root - INFO - Hypothesis ed_000: float64, float64 
[ 2023-06-27 20:08:00,943 ] 89 root - INFO - Hypothesis ee_000: float64, float64 
[ 2023-06-27 20:08:00,953 ] 89 root - INFO - Hypothesis ee_001: float64, float64 
[ 2023-06-27 20:08:00,964 ] 89 root - INFO - Hypothesis ee_002: float64, float64 
[ 2023-06-27 20:08:00,974 ] 89 root - INFO - Hypothesis ee_003: float64, float64 
[ 2023-06-27 20:08:00,984 ] 89 root - INFO - Hypothesis ee_004: float64, float64 
[ 2023-06-27 20:08:00,994 ] 89 root - INFO - Hypothesis ee_005: float64, float64 
[ 2023-06-27 20:08:01,004 ] 89 root - INFO - Hypothesis ee_006: float64, float64 
[ 2023-06-27 20:08:01,014 ] 89 root - INFO - Hypothesis ee_007: float64, float64 
[ 2023-06-27 20:08:01,024 ] 89 root - INFO - Hypothesis ee_008: float64, float64 
[ 2023-06-27 20:08:01,033 ] 89 root - INFO - Hypothesis ee_009: float64, float64 
[ 2023-06-27 20:08:01,040 ] 89 root - INFO - Hypothesis ef_000: float64, float64 
[ 2023-06-27 20:08:01,078 ] 89 root - INFO - Hypothesis eg_000: float64, float64 
[ 2023-06-27 20:08:01,114 ] 144 root - INFO - As all column are available in test df hence detecting data drift
[ 2023-06-27 20:08:01,115 ] 89 root - INFO - Hypothesis class: object, object 
[ 2023-06-27 20:08:01,188 ] 89 root - INFO - Hypothesis aa_000: float64, float64 
[ 2023-06-27 20:08:01,195 ] 89 root - INFO - Hypothesis ac_000: float64, float64 
[ 2023-06-27 20:08:01,201 ] 89 root - INFO - Hypothesis ae_000: float64, float64 
[ 2023-06-27 20:08:01,216 ] 89 root - INFO - Hypothesis af_000: float64, float64 
[ 2023-06-27 20:08:01,231 ] 89 root - INFO - Hypothesis ag_000: float64, float64 
[ 2023-06-27 20:08:01,245 ] 89 root - INFO - Hypothesis ag_001: float64, float64 
[ 2023-06-27 20:08:01,260 ] 89 root - INFO - Hypothesis ag_002: float64, float64 
[ 2023-06-27 20:08:01,264 ] 89 root - INFO - Hypothesis ag_003: float64, float64 
[ 2023-06-27 20:08:01,268 ] 89 root - INFO - Hypothesis ag_004: float64, float64 
[ 2023-06-27 20:08:01,275 ] 89 root - INFO - Hypothesis ag_005: float64, float64 
[ 2023-06-27 20:08:01,282 ] 89 root - INFO - Hypothesis ag_006: float64, float64 
[ 2023-06-27 20:08:01,289 ] 89 root - INFO - Hypothesis ag_007: float64, float64 
[ 2023-06-27 20:08:01,295 ] 89 root - INFO - Hypothesis ag_008: float64, float64 
[ 2023-06-27 20:08:01,301 ] 89 root - INFO - Hypothesis ag_009: float64, float64 
[ 2023-06-27 20:08:01,305 ] 89 root - INFO - Hypothesis ah_000: float64, float64 
[ 2023-06-27 20:08:01,313 ] 89 root - INFO - Hypothesis ai_000: float64, float64 
[ 2023-06-27 20:08:01,316 ] 89 root - INFO - Hypothesis aj_000: float64, float64 
[ 2023-06-27 20:08:01,320 ] 89 root - INFO - Hypothesis ak_000: float64, float64 
[ 2023-06-27 20:08:01,323 ] 89 root - INFO - Hypothesis al_000: float64, float64 
[ 2023-06-27 20:08:01,328 ] 89 root - INFO - Hypothesis am_0: float64, float64 
[ 2023-06-27 20:08:01,333 ] 89 root - INFO - Hypothesis an_000: float64, float64 
[ 2023-06-27 20:08:01,340 ] 89 root - INFO - Hypothesis ao_000: float64, float64 
[ 2023-06-27 20:08:01,347 ] 89 root - INFO - Hypothesis ap_000: float64, float64 
[ 2023-06-27 20:08:01,354 ] 89 root - INFO - Hypothesis aq_000: float64, float64 
[ 2023-06-27 20:08:01,361 ] 89 root - INFO - Hypothesis ar_000: float64, float64 
[ 2023-06-27 20:08:01,377 ] 89 root - INFO - Hypothesis as_000: float64, float64 
[ 2023-06-27 20:08:01,391 ] 89 root - INFO - Hypothesis at_000: float64, float64 
[ 2023-06-27 20:08:01,406 ] 89 root - INFO - Hypothesis au_000: float64, float64 
[ 2023-06-27 20:08:01,421 ] 89 root - INFO - Hypothesis av_000: float64, float64 
[ 2023-06-27 20:08:01,426 ] 89 root - INFO - Hypothesis ax_000: float64, float64 
[ 2023-06-27 20:08:01,432 ] 89 root - INFO - Hypothesis ay_000: float64, float64 
[ 2023-06-27 20:08:01,446 ] 89 root - INFO - Hypothesis ay_001: float64, float64 
[ 2023-06-27 20:08:01,461 ] 89 root - INFO - Hypothesis ay_002: float64, float64 
[ 2023-06-27 20:08:01,477 ] 89 root - INFO - Hypothesis ay_003: float64, float64 
[ 2023-06-27 20:08:01,492 ] 89 root - INFO - Hypothesis ay_004: float64, float64 
[ 2023-06-27 20:08:01,508 ] 89 root - INFO - Hypothesis ay_005: float64, float64 
[ 2023-06-27 20:08:01,513 ] 89 root - INFO - Hypothesis ay_006: float64, float64 
[ 2023-06-27 20:08:01,520 ] 89 root - INFO - Hypothesis ay_007: float64, float64 
[ 2023-06-27 20:08:01,527 ] 89 root - INFO - Hypothesis ay_008: float64, float64 
[ 2023-06-27 20:08:01,534 ] 89 root - INFO - Hypothesis ay_009: float64, float64 
[ 2023-06-27 20:08:01,551 ] 89 root - INFO - Hypothesis az_000: float64, float64 
[ 2023-06-27 20:08:01,558 ] 89 root - INFO - Hypothesis az_001: float64, float64 
[ 2023-06-27 20:08:01,564 ] 89 root - INFO - Hypothesis az_002: float64, float64 
[ 2023-06-27 20:08:01,571 ] 89 root - INFO - Hypothesis az_003: float64, float64 
[ 2023-06-27 20:08:01,578 ] 89 root - INFO - Hypothesis az_004: float64, float64 
[ 2023-06-27 20:08:01,585 ] 89 root - INFO - Hypothesis az_005: float64, float64 
[ 2023-06-27 20:08:01,593 ] 89 root - INFO - Hypothesis az_006: float64, float64 
[ 2023-06-27 20:08:01,600 ] 89 root - INFO - Hypothesis az_007: float64, float64 
[ 2023-06-27 20:08:01,604 ] 89 root - INFO - Hypothesis az_008: float64, float64 
[ 2023-06-27 20:08:01,619 ] 89 root - INFO - Hypothesis az_009: float64, float64 
[ 2023-06-27 20:08:01,634 ] 89 root - INFO - Hypothesis ba_000: float64, float64 
[ 2023-06-27 20:08:01,641 ] 89 root - INFO - Hypothesis ba_001: float64, float64 
[ 2023-06-27 20:08:01,648 ] 89 root - INFO - Hypothesis ba_002: float64, float64 
[ 2023-06-27 20:08:01,656 ] 89 root - INFO - Hypothesis ba_003: float64, float64 
[ 2023-06-27 20:08:01,662 ] 89 root - INFO - Hypothesis ba_004: float64, float64 
[ 2023-06-27 20:08:01,669 ] 89 root - INFO - Hypothesis ba_005: float64, float64 
[ 2023-06-27 20:08:01,676 ] 89 root - INFO - Hypothesis ba_006: float64, float64 
[ 2023-06-27 20:08:01,683 ] 89 root - INFO - Hypothesis ba_007: float64, float64 
[ 2023-06-27 20:08:01,689 ] 89 root - INFO - Hypothesis ba_008: float64, float64 
[ 2023-06-27 20:08:01,694 ] 89 root - INFO - Hypothesis ba_009: float64, float64 
[ 2023-06-27 20:08:01,699 ] 89 root - INFO - Hypothesis bb_000: float64, float64 
[ 2023-06-27 20:08:01,707 ] 89 root - INFO - Hypothesis bc_000: float64, float64 
[ 2023-06-27 20:08:01,712 ] 89 root - INFO - Hypothesis bd_000: float64, float64 
[ 2023-06-27 20:08:01,718 ] 89 root - INFO - Hypothesis be_000: float64, float64 
[ 2023-06-27 20:08:01,724 ] 89 root - INFO - Hypothesis bf_000: float64, float64 
[ 2023-06-27 20:08:01,729 ] 89 root - INFO - Hypothesis bg_000: float64, float64 
[ 2023-06-27 20:08:01,736 ] 89 root - INFO - Hypothesis bh_000: float64, float64 
[ 2023-06-27 20:08:01,743 ] 89 root - INFO - Hypothesis bi_000: float64, float64 
[ 2023-06-27 20:08:01,750 ] 89 root - INFO - Hypothesis bj_000: float64, float64 
[ 2023-06-27 20:08:01,757 ] 89 root - INFO - Hypothesis bs_000: float64, float64 
[ 2023-06-27 20:08:01,764 ] 89 root - INFO - Hypothesis bt_000: float64, float64 
[ 2023-06-27 20:08:01,771 ] 89 root - INFO - Hypothesis bu_000: float64, float64 
[ 2023-06-27 20:08:01,778 ] 89 root - INFO - Hypothesis bv_000: float64, float64 
[ 2023-06-27 20:08:01,785 ] 89 root - INFO - Hypothesis bx_000: float64, float64 
[ 2023-06-27 20:08:01,792 ] 89 root - INFO - Hypothesis by_000: float64, float64 
[ 2023-06-27 20:08:01,799 ] 89 root - INFO - Hypothesis bz_000: float64, float64 
[ 2023-06-27 20:08:01,805 ] 89 root - INFO - Hypothesis ca_000: float64, float64 
[ 2023-06-27 20:08:01,812 ] 89 root - INFO - Hypothesis cb_000: float64, float64 
[ 2023-06-27 20:08:01,819 ] 89 root - INFO - Hypothesis cc_000: float64, float64 
[ 2023-06-27 20:08:01,826 ] 89 root - INFO - Hypothesis cd_000: float64, float64 
[ 2023-06-27 20:08:01,841 ] 89 root - INFO - Hypothesis ce_000: float64, float64 
[ 2023-06-27 20:08:01,848 ] 89 root - INFO - Hypothesis ci_000: float64, float64 
[ 2023-06-27 20:08:01,856 ] 89 root - INFO - Hypothesis cj_000: float64, float64 
[ 2023-06-27 20:08:01,860 ] 89 root - INFO - Hypothesis ck_000: float64, float64 
[ 2023-06-27 20:08:01,867 ] 89 root - INFO - Hypothesis cl_000: float64, float64 
[ 2023-06-27 20:08:01,871 ] 89 root - INFO - Hypothesis cm_000: float64, float64 
[ 2023-06-27 20:08:01,876 ] 89 root - INFO - Hypothesis cn_000: float64, float64 
[ 2023-06-27 20:08:01,891 ] 89 root - INFO - Hypothesis cn_001: float64, float64 
[ 2023-06-27 20:08:01,895 ] 89 root - INFO - Hypothesis cn_002: float64, float64 
[ 2023-06-27 20:08:01,900 ] 89 root - INFO - Hypothesis cn_003: float64, float64 
[ 2023-06-27 20:08:01,908 ] 89 root - INFO - Hypothesis cn_004: float64, float64 
[ 2023-06-27 20:08:01,915 ] 89 root - INFO - Hypothesis cn_005: float64, float64 
[ 2023-06-27 20:08:01,922 ] 89 root - INFO - Hypothesis cn_006: float64, float64 
[ 2023-06-27 20:08:01,929 ] 89 root - INFO - Hypothesis cn_007: float64, float64 
[ 2023-06-27 20:08:01,935 ] 89 root - INFO - Hypothesis cn_008: float64, float64 
[ 2023-06-27 20:08:01,941 ] 89 root - INFO - Hypothesis cn_009: float64, float64 
[ 2023-06-27 20:08:01,946 ] 89 root - INFO - Hypothesis cp_000: float64, float64 
[ 2023-06-27 20:08:01,952 ] 89 root - INFO - Hypothesis cq_000: float64, float64 
[ 2023-06-27 20:08:01,959 ] 89 root - INFO - Hypothesis cs_000: float64, float64 
[ 2023-06-27 20:08:01,965 ] 89 root - INFO - Hypothesis cs_001: float64, float64 
[ 2023-06-27 20:08:01,972 ] 89 root - INFO - Hypothesis cs_002: float64, float64 
[ 2023-06-27 20:08:01,978 ] 89 root - INFO - Hypothesis cs_003: float64, float64 
[ 2023-06-27 20:08:01,985 ] 89 root - INFO - Hypothesis cs_004: float64, float64 
[ 2023-06-27 20:08:01,992 ] 89 root - INFO - Hypothesis cs_005: float64, float64 
[ 2023-06-27 20:08:01,999 ] 89 root - INFO - Hypothesis cs_006: float64, float64 
[ 2023-06-27 20:08:02,007 ] 89 root - INFO - Hypothesis cs_007: float64, float64 
[ 2023-06-27 20:08:02,014 ] 89 root - INFO - Hypothesis cs_008: float64, float64 
[ 2023-06-27 20:08:02,019 ] 89 root - INFO - Hypothesis cs_009: float64, float64 
[ 2023-06-27 20:08:02,035 ] 89 root - INFO - Hypothesis dd_000: float64, float64 
[ 2023-06-27 20:08:02,041 ] 89 root - INFO - Hypothesis de_000: float64, float64 
[ 2023-06-27 20:08:02,047 ] 89 root - INFO - Hypothesis df_000: float64, float64 
[ 2023-06-27 20:08:02,050 ] 89 root - INFO - Hypothesis dg_000: float64, float64 
[ 2023-06-27 20:08:02,054 ] 89 root - INFO - Hypothesis dh_000: float64, float64 
[ 2023-06-27 20:08:02,058 ] 89 root - INFO - Hypothesis di_000: float64, float64 
[ 2023-06-27 20:08:02,062 ] 89 root - INFO - Hypothesis dj_000: float64, float64 
[ 2023-06-27 20:08:02,077 ] 89 root - INFO - Hypothesis dk_000: float64, float64 
[ 2023-06-27 20:08:02,080 ] 89 root - INFO - Hypothesis dl_000: float64, float64 
[ 2023-06-27 20:08:02,096 ] 89 root - INFO - Hypothesis dm_000: float64, float64 
[ 2023-06-27 20:08:02,111 ] 89 root - INFO - Hypothesis dn_000: float64, float64 
[ 2023-06-27 20:08:02,118 ] 89 root - INFO - Hypothesis do_000: float64, float64 
[ 2023-06-27 20:08:02,124 ] 89 root - INFO - Hypothesis dp_000: float64, float64 
[ 2023-06-27 20:08:02,130 ] 89 root - INFO - Hypothesis dq_000: float64, float64 
[ 2023-06-27 20:08:02,135 ] 89 root - INFO - Hypothesis dr_000: float64, float64 
[ 2023-06-27 20:08:02,139 ] 89 root - INFO - Hypothesis ds_000: float64, float64 
[ 2023-06-27 20:08:02,146 ] 89 root - INFO - Hypothesis dt_000: float64, float64 
[ 2023-06-27 20:08:02,153 ] 89 root - INFO - Hypothesis du_000: float64, float64 
[ 2023-06-27 20:08:02,159 ] 89 root - INFO - Hypothesis dv_000: float64, float64 
[ 2023-06-27 20:08:02,166 ] 89 root - INFO - Hypothesis dx_000: float64, float64 
[ 2023-06-27 20:08:02,171 ] 89 root - INFO - Hypothesis dy_000: float64, float64 
[ 2023-06-27 20:08:02,175 ] 89 root - INFO - Hypothesis dz_000: float64, float64 
[ 2023-06-27 20:08:02,191 ] 89 root - INFO - Hypothesis ea_000: float64, float64 
[ 2023-06-27 20:08:02,206 ] 89 root - INFO - Hypothesis eb_000: float64, float64 
[ 2023-06-27 20:08:02,212 ] 89 root - INFO - Hypothesis ec_00: float64, float64 
[ 2023-06-27 20:08:02,218 ] 89 root - INFO - Hypothesis ed_000: float64, float64 
[ 2023-06-27 20:08:02,225 ] 89 root - INFO - Hypothesis ee_000: float64, float64 
[ 2023-06-27 20:08:02,232 ] 89 root - INFO - Hypothesis ee_001: float64, float64 
[ 2023-06-27 20:08:02,239 ] 89 root - INFO - Hypothesis ee_002: float64, float64 
[ 2023-06-27 20:08:02,246 ] 89 root - INFO - Hypothesis ee_003: float64, float64 
[ 2023-06-27 20:08:02,253 ] 89 root - INFO - Hypothesis ee_004: float64, float64 
[ 2023-06-27 20:08:02,259 ] 89 root - INFO - Hypothesis ee_005: float64, float64 
[ 2023-06-27 20:08:02,266 ] 89 root - INFO - Hypothesis ee_006: float64, float64 
[ 2023-06-27 20:08:02,273 ] 89 root - INFO - Hypothesis ee_007: float64, float64 
[ 2023-06-27 20:08:02,279 ] 89 root - INFO - Hypothesis ee_008: float64, float64 
[ 2023-06-27 20:08:02,285 ] 89 root - INFO - Hypothesis ee_009: float64, float64 
[ 2023-06-27 20:08:02,290 ] 89 root - INFO - Hypothesis ef_000: float64, float64 
[ 2023-06-27 20:08:02,305 ] 89 root - INFO - Hypothesis eg_000: float64, float64 
[ 2023-06-27 20:08:02,320 ] 150 root - INFO - Write reprt in yaml file
[ 2023-06-27 20:08:02,460 ] 154 root - INFO - Data validation artifact: DataValidationArtifact(report_file_path='/config/workspace/artifact/06272023__200745/data_validation/report.yaml')
[ 2023-06-27 20:08:02,524 ] 24 root - INFO - >>>>>>>>>>>>>>>>>>>>>>>>>>>>>>>>>>>>>>>> Data Transformation <<<<<<<<<<<<<<<<<<<<<<<<<<<<<<<<<<<<<<<<
[ 2023-06-27 20:08:03,445 ] 75 root - INFO - Before resampling in training set Input: (28950, 170) Target:(28950,)
[ 2023-06-27 20:08:08,861 ] 77 root - INFO - After resampling in training set Input: (56152, 170) Target:(56152,)
[ 2023-06-27 20:08:08,861 ] 79 root - INFO - Before resampling in testing set Input: (7238, 170) Target:(7238,)
[ 2023-06-27 20:08:09,416 ] 81 root - INFO - After resampling in testing set Input: (14072, 170) Target:(14072,)
[ 2023-06-27 20:08:09,530 ] 53 root - INFO - Entered the save_object method of utils
[ 2023-06-27 20:08:09,533 ] 57 root - INFO - Exited the save_object method of utils
[ 2023-06-27 20:08:09,533 ] 53 root - INFO - Entered the save_object method of utils
[ 2023-06-27 20:08:09,534 ] 57 root - INFO - Exited the save_object method of utils
[ 2023-06-27 20:08:09,534 ] 112 root - INFO - Data transformation object DataTransformationArtifact(transform_object_path='/config/workspace/artifact/06272023__200745/data_transformation/transformer/transformer.pkl', transformed_train_path='/config/workspace/artifact/06272023__200745/data_transformation/transformed/train.npz', transformed_test_path='/config/workspace/artifact/06272023__200745/data_transformation/transformed/test.npz', target_encoder_path='/config/workspace/artifact/06272023__200745/data_transformation/target_encoder/target_encoder.pkl')
[ 2023-06-27 20:08:09,535 ] 18 root - INFO - >>>>>>>>>>>>>>>>>>>>>>>>>>>>>>>>>>>>>>>> Model Trainer <<<<<<<<<<<<<<<<<<<<<<<<<<<<<<<<<<<<<<<<
[ 2023-06-27 20:08:09,535 ] 45 root - INFO - Loading train and test array.
[ 2023-06-27 20:08:09,565 ] 49 root - INFO - Splitting input and target feature from both train and test arr.
[ 2023-06-27 20:08:09,566 ] 53 root - INFO - Train the model
[ 2023-06-27 20:08:19,470 ] 56 root - INFO - Calculating f1 train score
[ 2023-06-27 20:08:19,522 ] 60 root - INFO - Calculating f1 test score
[ 2023-06-27 20:08:19,541 ] 64 root - INFO - train score:0.9999821908781678 and tests score 0.9694011365292147
[ 2023-06-27 20:08:19,541 ] 66 root - INFO - Checking if our model is underfitting or not
[ 2023-06-27 20:08:19,542 ] 71 root - INFO - Checking if our model is overfiiting or not
[ 2023-06-27 20:08:19,542 ] 78 root - INFO - Saving mode object
[ 2023-06-27 20:08:19,542 ] 53 root - INFO - Entered the save_object method of utils
[ 2023-06-27 20:08:19,548 ] 57 root - INFO - Exited the save_object method of utils
[ 2023-06-27 20:08:19,548 ] 82 root - INFO - Prepare the artifact
[ 2023-06-27 20:08:19,548 ] 85 root - INFO - Model trainer artifact: ModelTrainerArtifact(model_path='/config/workspace/artifact/06272023__200745/model_trainer/model/model.pkl', f1_train_score=0.9999821908781678, f1_test_score=0.9694011365292147)
