[ 2023-06-27 20:13:21,241 ] 15 root - INFO - >>>>>>>>>>>>>>>>>>>>>>>>>>>>>>>>>>>>>>>> Data Ingestion <<<<<<<<<<<<<<<<<<<<<<<<<<<<<<<<<<<<<<<<
[ 2023-06-27 20:13:21,241 ] 22 root - INFO - Exporting collection data as pandas dataframe
[ 2023-06-27 20:13:21,241 ] 22 root - INFO - Reading data from database: aps and collection: sensor
[ 2023-06-27 20:13:25,148 ] 24 root - INFO - Found columns: Index(['_id', 'class', 'aa_000', 'ab_000', 'ac_000', 'ad_000', 'ae_000',
       'af_000', 'ag_000', 'ag_001',
       ...
       'ee_002', 'ee_003', 'ee_004', 'ee_005', 'ee_006', 'ee_007', 'ee_008',
       'ee_009', 'ef_000', 'eg_000'],
      dtype='object', length=172)
[ 2023-06-27 20:13:25,148 ] 26 root - INFO - Dropping column: _id 
[ 2023-06-27 20:13:25,382 ] 28 root - INFO - Row and columns in df: (36188, 171)
[ 2023-06-27 20:13:25,383 ] 28 root - INFO - Save data in feature store
[ 2023-06-27 20:13:26,865 ] 34 root - INFO - Create feature store folder if not available
[ 2023-06-27 20:13:26,865 ] 38 root - INFO - Save df to feature store folder
[ 2023-06-27 20:13:28,786 ] 43 root - INFO - split dataset into train and test set
[ 2023-06-27 20:13:29,199 ] 47 root - INFO - create dataset directory folder if not available
[ 2023-06-27 20:13:29,200 ] 52 root - INFO - Save df to feature store folder
[ 2023-06-27 20:13:31,144 ] 64 root - INFO - Data ingestion artifact: DataIngestionArtifact(feature_store_file_path='/config/workspace/artifact/06272023__201321/data_ingestion/feature_store/sensor.csv', train_file_path='/config/workspace/artifact/06272023__201321/data_ingestion/dataset/train.csv', test_file_path='/config/workspace/artifact/06272023__201321/data_ingestion/dataset/test.csv')
[ 2023-06-27 20:13:31,610 ] 22 root - INFO - >>>>>>>>>>>>>>>>>>>>>>>>>>>>>>>>>>>>>>>> Data Validation <<<<<<<<<<<<<<<<<<<<<<<<<<<<<<<<<<<<<<<<
[ 2023-06-27 20:13:31,611 ] 111 root - INFO - Reading base dataframe
[ 2023-06-27 20:13:33,897 ] 114 root - INFO - Replace na value in base df
[ 2023-06-27 20:13:33,897 ] 116 root - INFO - Drop null values colums from base df
[ 2023-06-27 20:13:34,120 ] 45 root - INFO - selecting column name which contains null above to 0.2
[ 2023-06-27 20:13:34,121 ] 48 root - INFO - Columns to drop: ['ab_000', 'ad_000', 'bk_000', 'bl_000', 'bm_000', 'bn_000', 'bo_000', 'bp_000', 'bq_000', 'br_000', 'cf_000', 'cg_000', 'ch_000', 'co_000', 'cr_000', 'ct_000', 'cu_000', 'cv_000', 'cx_000', 'cy_000', 'cz_000', 'da_000', 'db_000', 'dc_000']
[ 2023-06-27 20:13:34,210 ] 119 root - INFO - Reading train dataframe
[ 2023-06-27 20:13:34,603 ] 121 root - INFO - Reading test dataframe
[ 2023-06-27 20:13:34,702 ] 124 root - INFO - Drop null values colums from train df
[ 2023-06-27 20:13:34,710 ] 45 root - INFO - selecting column name which contains null above to 0.2
[ 2023-06-27 20:13:34,710 ] 48 root - INFO - Columns to drop: ['ab_000', 'ad_000', 'bk_000', 'bl_000', 'bm_000', 'bn_000', 'bo_000', 'bp_000', 'bq_000', 'br_000', 'cf_000', 'cg_000', 'ch_000', 'co_000', 'cr_000', 'ct_000', 'cu_000', 'cv_000', 'cx_000', 'cy_000', 'cz_000', 'da_000', 'db_000', 'dc_000']
[ 2023-06-27 20:13:34,722 ] 126 root - INFO - Drop null values colums from test df
[ 2023-06-27 20:13:34,725 ] 45 root - INFO - selecting column name which contains null above to 0.2
[ 2023-06-27 20:13:34,726 ] 48 root - INFO - Columns to drop: ['ab_000', 'ad_000', 'bk_000', 'bl_000', 'bm_000', 'bn_000', 'bo_000', 'bp_000', 'bq_000', 'br_000', 'cf_000', 'cg_000', 'ch_000', 'co_000', 'cr_000', 'ct_000', 'cu_000', 'cv_000', 'cx_000', 'cy_000', 'cz_000', 'da_000', 'db_000', 'dc_000']
[ 2023-06-27 20:13:35,522 ] 135 root - INFO - Is all required columns present in train df
[ 2023-06-27 20:13:35,523 ] 137 root - INFO - Is all required columns present in test df
[ 2023-06-27 20:13:35,523 ] 141 root - INFO - As all column are available in train df hence detecting data drift
[ 2023-06-27 20:13:35,523 ] 89 root - INFO - Hypothesis class: object, object 
[ 2023-06-27 20:13:35,661 ] 89 root - INFO - Hypothesis aa_000: float64, float64 
[ 2023-06-27 20:13:35,671 ] 89 root - INFO - Hypothesis ac_000: float64, float64 
[ 2023-06-27 20:13:35,714 ] 89 root - INFO - Hypothesis ae_000: float64, float64 
[ 2023-06-27 20:13:35,751 ] 89 root - INFO - Hypothesis af_000: float64, float64 
[ 2023-06-27 20:13:35,787 ] 89 root - INFO - Hypothesis ag_000: float64, float64 
[ 2023-06-27 20:13:35,824 ] 89 root - INFO - Hypothesis ag_001: float64, float64 
[ 2023-06-27 20:13:35,861 ] 89 root - INFO - Hypothesis ag_002: float64, float64 
[ 2023-06-27 20:13:35,897 ] 89 root - INFO - Hypothesis ag_003: float64, float64 
[ 2023-06-27 20:13:35,904 ] 89 root - INFO - Hypothesis ag_004: float64, float64 
[ 2023-06-27 20:13:35,914 ] 89 root - INFO - Hypothesis ag_005: float64, float64 
[ 2023-06-27 20:13:35,924 ] 89 root - INFO - Hypothesis ag_006: float64, float64 
[ 2023-06-27 20:13:35,935 ] 89 root - INFO - Hypothesis ag_007: float64, float64 
[ 2023-06-27 20:13:35,944 ] 89 root - INFO - Hypothesis ag_008: float64, float64 
[ 2023-06-27 20:13:35,953 ] 89 root - INFO - Hypothesis ag_009: float64, float64 
[ 2023-06-27 20:13:35,960 ] 89 root - INFO - Hypothesis ah_000: float64, float64 
[ 2023-06-27 20:13:35,970 ] 89 root - INFO - Hypothesis ai_000: float64, float64 
[ 2023-06-27 20:13:36,007 ] 89 root - INFO - Hypothesis aj_000: float64, float64 
[ 2023-06-27 20:13:36,013 ] 89 root - INFO - Hypothesis ak_000: float64, float64 
[ 2023-06-27 20:13:36,051 ] 89 root - INFO - Hypothesis al_000: float64, float64 
[ 2023-06-27 20:13:36,059 ] 89 root - INFO - Hypothesis am_0: float64, float64 
[ 2023-06-27 20:13:36,066 ] 89 root - INFO - Hypothesis an_000: float64, float64 
[ 2023-06-27 20:13:36,077 ] 89 root - INFO - Hypothesis ao_000: float64, float64 
[ 2023-06-27 20:13:36,088 ] 89 root - INFO - Hypothesis ap_000: float64, float64 
[ 2023-06-27 20:13:36,099 ] 89 root - INFO - Hypothesis aq_000: float64, float64 
[ 2023-06-27 20:13:36,109 ] 89 root - INFO - Hypothesis ar_000: float64, float64 
[ 2023-06-27 20:13:36,146 ] 89 root - INFO - Hypothesis as_000: float64, float64 
[ 2023-06-27 20:13:36,182 ] 89 root - INFO - Hypothesis at_000: float64, float64 
[ 2023-06-27 20:13:36,219 ] 89 root - INFO - Hypothesis au_000: float64, float64 
[ 2023-06-27 20:13:36,255 ] 89 root - INFO - Hypothesis av_000: float64, float64 
[ 2023-06-27 20:13:36,263 ] 89 root - INFO - Hypothesis ax_000: float64, float64 
[ 2023-06-27 20:13:36,271 ] 89 root - INFO - Hypothesis ay_000: float64, float64 
[ 2023-06-27 20:13:36,308 ] 89 root - INFO - Hypothesis ay_001: float64, float64 
[ 2023-06-27 20:13:36,344 ] 89 root - INFO - Hypothesis ay_002: float64, float64 
[ 2023-06-27 20:13:36,380 ] 89 root - INFO - Hypothesis ay_003: float64, float64 
[ 2023-06-27 20:13:36,421 ] 89 root - INFO - Hypothesis ay_004: float64, float64 
[ 2023-06-27 20:13:36,457 ] 89 root - INFO - Hypothesis ay_005: float64, float64 
[ 2023-06-27 20:13:36,498 ] 89 root - INFO - Hypothesis ay_006: float64, float64 
[ 2023-06-27 20:13:36,507 ] 89 root - INFO - Hypothesis ay_007: float64, float64 
[ 2023-06-27 20:13:36,517 ] 89 root - INFO - Hypothesis ay_008: float64, float64 
[ 2023-06-27 20:13:36,529 ] 89 root - INFO - Hypothesis ay_009: float64, float64 
[ 2023-06-27 20:13:36,566 ] 89 root - INFO - Hypothesis az_000: float64, float64 
[ 2023-06-27 20:13:36,576 ] 89 root - INFO - Hypothesis az_001: float64, float64 
[ 2023-06-27 20:13:36,585 ] 89 root - INFO - Hypothesis az_002: float64, float64 
[ 2023-06-27 20:13:36,595 ] 89 root - INFO - Hypothesis az_003: float64, float64 
[ 2023-06-27 20:13:36,605 ] 89 root - INFO - Hypothesis az_004: float64, float64 
[ 2023-06-27 20:13:36,616 ] 89 root - INFO - Hypothesis az_005: float64, float64 
[ 2023-06-27 20:13:36,627 ] 89 root - INFO - Hypothesis az_006: float64, float64 
[ 2023-06-27 20:13:36,668 ] 89 root - INFO - Hypothesis az_007: float64, float64 
[ 2023-06-27 20:13:36,706 ] 89 root - INFO - Hypothesis az_008: float64, float64 
[ 2023-06-27 20:13:36,743 ] 89 root - INFO - Hypothesis az_009: float64, float64 
[ 2023-06-27 20:13:36,779 ] 89 root - INFO - Hypothesis ba_000: float64, float64 
[ 2023-06-27 20:13:36,790 ] 89 root - INFO - Hypothesis ba_001: float64, float64 
[ 2023-06-27 20:13:36,800 ] 89 root - INFO - Hypothesis ba_002: float64, float64 
[ 2023-06-27 20:13:36,811 ] 89 root - INFO - Hypothesis ba_003: float64, float64 
[ 2023-06-27 20:13:36,821 ] 89 root - INFO - Hypothesis ba_004: float64, float64 
[ 2023-06-27 20:13:36,832 ] 89 root - INFO - Hypothesis ba_005: float64, float64 
[ 2023-06-27 20:13:36,842 ] 89 root - INFO - Hypothesis ba_006: float64, float64 
[ 2023-06-27 20:13:36,852 ] 89 root - INFO - Hypothesis ba_007: float64, float64 
[ 2023-06-27 20:13:36,862 ] 89 root - INFO - Hypothesis ba_008: float64, float64 
[ 2023-06-27 20:13:36,902 ] 89 root - INFO - Hypothesis ba_009: float64, float64 
[ 2023-06-27 20:13:36,942 ] 89 root - INFO - Hypothesis bb_000: float64, float64 
[ 2023-06-27 20:13:36,953 ] 89 root - INFO - Hypothesis bc_000: float64, float64 
[ 2023-06-27 20:13:36,992 ] 89 root - INFO - Hypothesis bd_000: float64, float64 
[ 2023-06-27 20:13:37,001 ] 89 root - INFO - Hypothesis be_000: float64, float64 
[ 2023-06-27 20:13:37,010 ] 89 root - INFO - Hypothesis bf_000: float64, float64 
[ 2023-06-27 20:13:37,017 ] 89 root - INFO - Hypothesis bg_000: float64, float64 
[ 2023-06-27 20:13:37,027 ] 89 root - INFO - Hypothesis bh_000: float64, float64 
[ 2023-06-27 20:13:37,038 ] 89 root - INFO - Hypothesis bi_000: float64, float64 
[ 2023-06-27 20:13:37,048 ] 89 root - INFO - Hypothesis bj_000: float64, float64 
[ 2023-06-27 20:13:37,059 ] 89 root - INFO - Hypothesis bs_000: float64, float64 
[ 2023-06-27 20:13:37,070 ] 89 root - INFO - Hypothesis bt_000: float64, float64 
[ 2023-06-27 20:13:37,081 ] 89 root - INFO - Hypothesis bu_000: float64, float64 
[ 2023-06-27 20:13:37,091 ] 89 root - INFO - Hypothesis bv_000: float64, float64 
[ 2023-06-27 20:13:37,102 ] 89 root - INFO - Hypothesis bx_000: float64, float64 
[ 2023-06-27 20:13:37,114 ] 89 root - INFO - Hypothesis by_000: float64, float64 
[ 2023-06-27 20:13:37,125 ] 89 root - INFO - Hypothesis bz_000: float64, float64 
[ 2023-06-27 20:13:37,134 ] 89 root - INFO - Hypothesis ca_000: float64, float64 
[ 2023-06-27 20:13:37,145 ] 89 root - INFO - Hypothesis cb_000: float64, float64 
[ 2023-06-27 20:13:37,156 ] 89 root - INFO - Hypothesis cc_000: float64, float64 
[ 2023-06-27 20:13:37,166 ] 89 root - INFO - Hypothesis cd_000: float64, float64 
[ 2023-06-27 20:13:37,202 ] 89 root - INFO - Hypothesis ce_000: float64, float64 
[ 2023-06-27 20:13:37,212 ] 89 root - INFO - Hypothesis ci_000: float64, float64 
[ 2023-06-27 20:13:37,222 ] 89 root - INFO - Hypothesis cj_000: float64, float64 
[ 2023-06-27 20:13:37,260 ] 89 root - INFO - Hypothesis ck_000: float64, float64 
[ 2023-06-27 20:13:37,271 ] 89 root - INFO - Hypothesis cl_000: float64, float64 
[ 2023-06-27 20:13:37,277 ] 89 root - INFO - Hypothesis cm_000: float64, float64 
[ 2023-06-27 20:13:37,284 ] 89 root - INFO - Hypothesis cn_000: float64, float64 
[ 2023-06-27 20:13:37,320 ] 89 root - INFO - Hypothesis cn_001: float64, float64 
[ 2023-06-27 20:13:37,358 ] 89 root - INFO - Hypothesis cn_002: float64, float64 
[ 2023-06-27 20:13:37,366 ] 89 root - INFO - Hypothesis cn_003: float64, float64 
[ 2023-06-27 20:13:37,377 ] 89 root - INFO - Hypothesis cn_004: float64, float64 
[ 2023-06-27 20:13:37,388 ] 89 root - INFO - Hypothesis cn_005: float64, float64 
[ 2023-06-27 20:13:37,398 ] 89 root - INFO - Hypothesis cn_006: float64, float64 
[ 2023-06-27 20:13:37,408 ] 89 root - INFO - Hypothesis cn_007: float64, float64 
[ 2023-06-27 20:13:37,418 ] 89 root - INFO - Hypothesis cn_008: float64, float64 
[ 2023-06-27 20:13:37,427 ] 89 root - INFO - Hypothesis cn_009: float64, float64 
[ 2023-06-27 20:13:37,467 ] 89 root - INFO - Hypothesis cp_000: float64, float64 
[ 2023-06-27 20:13:37,507 ] 89 root - INFO - Hypothesis cq_000: float64, float64 
[ 2023-06-27 20:13:37,517 ] 89 root - INFO - Hypothesis cs_000: float64, float64 
[ 2023-06-27 20:13:37,528 ] 89 root - INFO - Hypothesis cs_001: float64, float64 
[ 2023-06-27 20:13:37,538 ] 89 root - INFO - Hypothesis cs_002: float64, float64 
[ 2023-06-27 20:13:37,548 ] 89 root - INFO - Hypothesis cs_003: float64, float64 
[ 2023-06-27 20:13:37,559 ] 89 root - INFO - Hypothesis cs_004: float64, float64 
[ 2023-06-27 20:13:37,569 ] 89 root - INFO - Hypothesis cs_005: float64, float64 
[ 2023-06-27 20:13:37,580 ] 89 root - INFO - Hypothesis cs_006: float64, float64 
[ 2023-06-27 20:13:37,591 ] 89 root - INFO - Hypothesis cs_007: float64, float64 
[ 2023-06-27 20:13:37,601 ] 89 root - INFO - Hypothesis cs_008: float64, float64 
[ 2023-06-27 20:13:37,644 ] 89 root - INFO - Hypothesis cs_009: float64, float64 
[ 2023-06-27 20:13:37,680 ] 89 root - INFO - Hypothesis dd_000: float64, float64 
[ 2023-06-27 20:13:37,690 ] 89 root - INFO - Hypothesis de_000: float64, float64 
[ 2023-06-27 20:13:37,699 ] 89 root - INFO - Hypothesis df_000: float64, float64 
[ 2023-06-27 20:13:37,735 ] 89 root - INFO - Hypothesis dg_000: float64, float64 
[ 2023-06-27 20:13:37,773 ] 89 root - INFO - Hypothesis dh_000: float64, float64 
[ 2023-06-27 20:13:37,778 ] 89 root - INFO - Hypothesis di_000: float64, float64 
[ 2023-06-27 20:13:37,818 ] 89 root - INFO - Hypothesis dj_000: float64, float64 
[ 2023-06-27 20:13:37,855 ] 89 root - INFO - Hypothesis dk_000: float64, float64 
[ 2023-06-27 20:13:37,892 ] 89 root - INFO - Hypothesis dl_000: float64, float64 
[ 2023-06-27 20:13:37,929 ] 89 root - INFO - Hypothesis dm_000: float64, float64 
[ 2023-06-27 20:13:37,967 ] 89 root - INFO - Hypothesis dn_000: float64, float64 
[ 2023-06-27 20:13:37,978 ] 89 root - INFO - Hypothesis do_000: float64, float64 
[ 2023-06-27 20:13:37,987 ] 89 root - INFO - Hypothesis dp_000: float64, float64 
[ 2023-06-27 20:13:37,997 ] 89 root - INFO - Hypothesis dq_000: float64, float64 
[ 2023-06-27 20:13:38,035 ] 89 root - INFO - Hypothesis dr_000: float64, float64 
[ 2023-06-27 20:13:38,074 ] 89 root - INFO - Hypothesis ds_000: float64, float64 
[ 2023-06-27 20:13:38,084 ] 89 root - INFO - Hypothesis dt_000: float64, float64 
[ 2023-06-27 20:13:38,094 ] 89 root - INFO - Hypothesis du_000: float64, float64 
[ 2023-06-27 20:13:38,105 ] 89 root - INFO - Hypothesis dv_000: float64, float64 
[ 2023-06-27 20:13:38,115 ] 89 root - INFO - Hypothesis dx_000: float64, float64 
[ 2023-06-27 20:13:38,154 ] 89 root - INFO - Hypothesis dy_000: float64, float64 
[ 2023-06-27 20:13:38,194 ] 89 root - INFO - Hypothesis dz_000: float64, float64 
[ 2023-06-27 20:13:38,230 ] 89 root - INFO - Hypothesis ea_000: float64, float64 
[ 2023-06-27 20:13:38,265 ] 89 root - INFO - Hypothesis eb_000: float64, float64 
[ 2023-06-27 20:13:38,274 ] 89 root - INFO - Hypothesis ec_00: float64, float64 
[ 2023-06-27 20:13:38,284 ] 89 root - INFO - Hypothesis ed_000: float64, float64 
[ 2023-06-27 20:13:38,293 ] 89 root - INFO - Hypothesis ee_000: float64, float64 
[ 2023-06-27 20:13:38,303 ] 89 root - INFO - Hypothesis ee_001: float64, float64 
[ 2023-06-27 20:13:38,314 ] 89 root - INFO - Hypothesis ee_002: float64, float64 
[ 2023-06-27 20:13:38,324 ] 89 root - INFO - Hypothesis ee_003: float64, float64 
[ 2023-06-27 20:13:38,335 ] 89 root - INFO - Hypothesis ee_004: float64, float64 
[ 2023-06-27 20:13:38,345 ] 89 root - INFO - Hypothesis ee_005: float64, float64 
[ 2023-06-27 20:13:38,355 ] 89 root - INFO - Hypothesis ee_006: float64, float64 
[ 2023-06-27 20:13:38,365 ] 89 root - INFO - Hypothesis ee_007: float64, float64 
[ 2023-06-27 20:13:38,375 ] 89 root - INFO - Hypothesis ee_008: float64, float64 
[ 2023-06-27 20:13:38,384 ] 89 root - INFO - Hypothesis ee_009: float64, float64 
[ 2023-06-27 20:13:38,392 ] 89 root - INFO - Hypothesis ef_000: float64, float64 
[ 2023-06-27 20:13:38,428 ] 89 root - INFO - Hypothesis eg_000: float64, float64 
[ 2023-06-27 20:13:38,464 ] 144 root - INFO - As all column are available in test df hence detecting data drift
[ 2023-06-27 20:13:38,464 ] 89 root - INFO - Hypothesis class: object, object 
[ 2023-06-27 20:13:38,562 ] 89 root - INFO - Hypothesis aa_000: float64, float64 
[ 2023-06-27 20:13:38,569 ] 89 root - INFO - Hypothesis ac_000: float64, float64 
[ 2023-06-27 20:13:38,575 ] 89 root - INFO - Hypothesis ae_000: float64, float64 
[ 2023-06-27 20:13:38,590 ] 89 root - INFO - Hypothesis af_000: float64, float64 
[ 2023-06-27 20:13:38,605 ] 89 root - INFO - Hypothesis ag_000: float64, float64 
[ 2023-06-27 20:13:38,620 ] 89 root - INFO - Hypothesis ag_001: float64, float64 
[ 2023-06-27 20:13:38,635 ] 89 root - INFO - Hypothesis ag_002: float64, float64 
[ 2023-06-27 20:13:38,639 ] 89 root - INFO - Hypothesis ag_003: float64, float64 
[ 2023-06-27 20:13:38,643 ] 89 root - INFO - Hypothesis ag_004: float64, float64 
[ 2023-06-27 20:13:38,650 ] 89 root - INFO - Hypothesis ag_005: float64, float64 
[ 2023-06-27 20:13:38,657 ] 89 root - INFO - Hypothesis ag_006: float64, float64 
[ 2023-06-27 20:13:38,664 ] 89 root - INFO - Hypothesis ag_007: float64, float64 
[ 2023-06-27 20:13:38,671 ] 89 root - INFO - Hypothesis ag_008: float64, float64 
[ 2023-06-27 20:13:38,676 ] 89 root - INFO - Hypothesis ag_009: float64, float64 
[ 2023-06-27 20:13:38,681 ] 89 root - INFO - Hypothesis ah_000: float64, float64 
[ 2023-06-27 20:13:38,688 ] 89 root - INFO - Hypothesis ai_000: float64, float64 
[ 2023-06-27 20:13:38,692 ] 89 root - INFO - Hypothesis aj_000: float64, float64 
[ 2023-06-27 20:13:38,696 ] 89 root - INFO - Hypothesis ak_000: float64, float64 
[ 2023-06-27 20:13:38,699 ] 89 root - INFO - Hypothesis al_000: float64, float64 
[ 2023-06-27 20:13:38,704 ] 89 root - INFO - Hypothesis am_0: float64, float64 
[ 2023-06-27 20:13:38,709 ] 89 root - INFO - Hypothesis an_000: float64, float64 
[ 2023-06-27 20:13:38,716 ] 89 root - INFO - Hypothesis ao_000: float64, float64 
[ 2023-06-27 20:13:38,723 ] 89 root - INFO - Hypothesis ap_000: float64, float64 
[ 2023-06-27 20:13:38,730 ] 89 root - INFO - Hypothesis aq_000: float64, float64 
[ 2023-06-27 20:13:38,738 ] 89 root - INFO - Hypothesis ar_000: float64, float64 
[ 2023-06-27 20:13:38,753 ] 89 root - INFO - Hypothesis as_000: float64, float64 
[ 2023-06-27 20:13:38,768 ] 89 root - INFO - Hypothesis at_000: float64, float64 
[ 2023-06-27 20:13:38,784 ] 89 root - INFO - Hypothesis au_000: float64, float64 
[ 2023-06-27 20:13:38,798 ] 89 root - INFO - Hypothesis av_000: float64, float64 
[ 2023-06-27 20:13:38,804 ] 89 root - INFO - Hypothesis ax_000: float64, float64 
[ 2023-06-27 20:13:38,809 ] 89 root - INFO - Hypothesis ay_000: float64, float64 
[ 2023-06-27 20:13:38,826 ] 89 root - INFO - Hypothesis ay_001: float64, float64 
[ 2023-06-27 20:13:38,842 ] 89 root - INFO - Hypothesis ay_002: float64, float64 
[ 2023-06-27 20:13:38,857 ] 89 root - INFO - Hypothesis ay_003: float64, float64 
[ 2023-06-27 20:13:38,872 ] 89 root - INFO - Hypothesis ay_004: float64, float64 
[ 2023-06-27 20:13:38,888 ] 89 root - INFO - Hypothesis ay_005: float64, float64 
[ 2023-06-27 20:13:38,893 ] 89 root - INFO - Hypothesis ay_006: float64, float64 
[ 2023-06-27 20:13:38,899 ] 89 root - INFO - Hypothesis ay_007: float64, float64 
[ 2023-06-27 20:13:38,906 ] 89 root - INFO - Hypothesis ay_008: float64, float64 
[ 2023-06-27 20:13:38,913 ] 89 root - INFO - Hypothesis ay_009: float64, float64 
[ 2023-06-27 20:13:38,927 ] 89 root - INFO - Hypothesis az_000: float64, float64 
[ 2023-06-27 20:13:38,934 ] 89 root - INFO - Hypothesis az_001: float64, float64 
[ 2023-06-27 20:13:38,940 ] 89 root - INFO - Hypothesis az_002: float64, float64 
[ 2023-06-27 20:13:38,947 ] 89 root - INFO - Hypothesis az_003: float64, float64 
[ 2023-06-27 20:13:38,954 ] 89 root - INFO - Hypothesis az_004: float64, float64 
[ 2023-06-27 20:13:38,961 ] 89 root - INFO - Hypothesis az_005: float64, float64 
[ 2023-06-27 20:13:38,968 ] 89 root - INFO - Hypothesis az_006: float64, float64 
[ 2023-06-27 20:13:38,974 ] 89 root - INFO - Hypothesis az_007: float64, float64 
[ 2023-06-27 20:13:38,978 ] 89 root - INFO - Hypothesis az_008: float64, float64 
[ 2023-06-27 20:13:38,994 ] 89 root - INFO - Hypothesis az_009: float64, float64 
[ 2023-06-27 20:13:39,009 ] 89 root - INFO - Hypothesis ba_000: float64, float64 
[ 2023-06-27 20:13:39,016 ] 89 root - INFO - Hypothesis ba_001: float64, float64 
[ 2023-06-27 20:13:39,023 ] 89 root - INFO - Hypothesis ba_002: float64, float64 
[ 2023-06-27 20:13:39,030 ] 89 root - INFO - Hypothesis ba_003: float64, float64 
[ 2023-06-27 20:13:39,037 ] 89 root - INFO - Hypothesis ba_004: float64, float64 
[ 2023-06-27 20:13:39,044 ] 89 root - INFO - Hypothesis ba_005: float64, float64 
[ 2023-06-27 20:13:39,051 ] 89 root - INFO - Hypothesis ba_006: float64, float64 
[ 2023-06-27 20:13:39,058 ] 89 root - INFO - Hypothesis ba_007: float64, float64 
[ 2023-06-27 20:13:39,064 ] 89 root - INFO - Hypothesis ba_008: float64, float64 
[ 2023-06-27 20:13:39,070 ] 89 root - INFO - Hypothesis ba_009: float64, float64 
[ 2023-06-27 20:13:39,074 ] 89 root - INFO - Hypothesis bb_000: float64, float64 
[ 2023-06-27 20:13:39,081 ] 89 root - INFO - Hypothesis bc_000: float64, float64 
[ 2023-06-27 20:13:39,086 ] 89 root - INFO - Hypothesis bd_000: float64, float64 
[ 2023-06-27 20:13:39,092 ] 89 root - INFO - Hypothesis be_000: float64, float64 
[ 2023-06-27 20:13:39,098 ] 89 root - INFO - Hypothesis bf_000: float64, float64 
[ 2023-06-27 20:13:39,103 ] 89 root - INFO - Hypothesis bg_000: float64, float64 
[ 2023-06-27 20:13:39,110 ] 89 root - INFO - Hypothesis bh_000: float64, float64 
[ 2023-06-27 20:13:39,117 ] 89 root - INFO - Hypothesis bi_000: float64, float64 
[ 2023-06-27 20:13:39,124 ] 89 root - INFO - Hypothesis bj_000: float64, float64 
[ 2023-06-27 20:13:39,131 ] 89 root - INFO - Hypothesis bs_000: float64, float64 
[ 2023-06-27 20:13:39,138 ] 89 root - INFO - Hypothesis bt_000: float64, float64 
[ 2023-06-27 20:13:39,145 ] 89 root - INFO - Hypothesis bu_000: float64, float64 
[ 2023-06-27 20:13:39,152 ] 89 root - INFO - Hypothesis bv_000: float64, float64 
[ 2023-06-27 20:13:39,159 ] 89 root - INFO - Hypothesis bx_000: float64, float64 
[ 2023-06-27 20:13:39,166 ] 89 root - INFO - Hypothesis by_000: float64, float64 
[ 2023-06-27 20:13:39,173 ] 89 root - INFO - Hypothesis bz_000: float64, float64 
[ 2023-06-27 20:13:39,180 ] 89 root - INFO - Hypothesis ca_000: float64, float64 
[ 2023-06-27 20:13:39,186 ] 89 root - INFO - Hypothesis cb_000: float64, float64 
[ 2023-06-27 20:13:39,194 ] 89 root - INFO - Hypothesis cc_000: float64, float64 
[ 2023-06-27 20:13:39,201 ] 89 root - INFO - Hypothesis cd_000: float64, float64 
[ 2023-06-27 20:13:39,216 ] 89 root - INFO - Hypothesis ce_000: float64, float64 
[ 2023-06-27 20:13:39,223 ] 89 root - INFO - Hypothesis ci_000: float64, float64 
[ 2023-06-27 20:13:39,230 ] 89 root - INFO - Hypothesis cj_000: float64, float64 
[ 2023-06-27 20:13:39,234 ] 89 root - INFO - Hypothesis ck_000: float64, float64 
[ 2023-06-27 20:13:39,242 ] 89 root - INFO - Hypothesis cl_000: float64, float64 
[ 2023-06-27 20:13:39,246 ] 89 root - INFO - Hypothesis cm_000: float64, float64 
[ 2023-06-27 20:13:39,251 ] 89 root - INFO - Hypothesis cn_000: float64, float64 
[ 2023-06-27 20:13:39,266 ] 89 root - INFO - Hypothesis cn_001: float64, float64 
[ 2023-06-27 20:13:39,270 ] 89 root - INFO - Hypothesis cn_002: float64, float64 
[ 2023-06-27 20:13:39,275 ] 89 root - INFO - Hypothesis cn_003: float64, float64 
[ 2023-06-27 20:13:39,282 ] 89 root - INFO - Hypothesis cn_004: float64, float64 
[ 2023-06-27 20:13:39,289 ] 89 root - INFO - Hypothesis cn_005: float64, float64 
[ 2023-06-27 20:13:39,297 ] 89 root - INFO - Hypothesis cn_006: float64, float64 
[ 2023-06-27 20:13:39,303 ] 89 root - INFO - Hypothesis cn_007: float64, float64 
[ 2023-06-27 20:13:39,310 ] 89 root - INFO - Hypothesis cn_008: float64, float64 
[ 2023-06-27 20:13:39,316 ] 89 root - INFO - Hypothesis cn_009: float64, float64 
[ 2023-06-27 20:13:39,321 ] 89 root - INFO - Hypothesis cp_000: float64, float64 
[ 2023-06-27 20:13:39,326 ] 89 root - INFO - Hypothesis cq_000: float64, float64 
[ 2023-06-27 20:13:39,333 ] 89 root - INFO - Hypothesis cs_000: float64, float64 
[ 2023-06-27 20:13:39,340 ] 89 root - INFO - Hypothesis cs_001: float64, float64 
[ 2023-06-27 20:13:39,346 ] 89 root - INFO - Hypothesis cs_002: float64, float64 
[ 2023-06-27 20:13:39,352 ] 89 root - INFO - Hypothesis cs_003: float64, float64 
[ 2023-06-27 20:13:39,359 ] 89 root - INFO - Hypothesis cs_004: float64, float64 
[ 2023-06-27 20:13:39,366 ] 89 root - INFO - Hypothesis cs_005: float64, float64 
[ 2023-06-27 20:13:39,373 ] 89 root - INFO - Hypothesis cs_006: float64, float64 
[ 2023-06-27 20:13:39,381 ] 89 root - INFO - Hypothesis cs_007: float64, float64 
[ 2023-06-27 20:13:39,387 ] 89 root - INFO - Hypothesis cs_008: float64, float64 
[ 2023-06-27 20:13:39,393 ] 89 root - INFO - Hypothesis cs_009: float64, float64 
[ 2023-06-27 20:13:39,408 ] 89 root - INFO - Hypothesis dd_000: float64, float64 
[ 2023-06-27 20:13:39,414 ] 89 root - INFO - Hypothesis de_000: float64, float64 
[ 2023-06-27 20:13:39,420 ] 89 root - INFO - Hypothesis df_000: float64, float64 
[ 2023-06-27 20:13:39,423 ] 89 root - INFO - Hypothesis dg_000: float64, float64 
[ 2023-06-27 20:13:39,426 ] 89 root - INFO - Hypothesis dh_000: float64, float64 
[ 2023-06-27 20:13:39,430 ] 89 root - INFO - Hypothesis di_000: float64, float64 
[ 2023-06-27 20:13:39,434 ] 89 root - INFO - Hypothesis dj_000: float64, float64 
[ 2023-06-27 20:13:39,449 ] 89 root - INFO - Hypothesis dk_000: float64, float64 
[ 2023-06-27 20:13:39,453 ] 89 root - INFO - Hypothesis dl_000: float64, float64 
[ 2023-06-27 20:13:39,468 ] 89 root - INFO - Hypothesis dm_000: float64, float64 
[ 2023-06-27 20:13:39,484 ] 89 root - INFO - Hypothesis dn_000: float64, float64 
[ 2023-06-27 20:13:39,491 ] 89 root - INFO - Hypothesis do_000: float64, float64 
[ 2023-06-27 20:13:39,497 ] 89 root - INFO - Hypothesis dp_000: float64, float64 
[ 2023-06-27 20:13:39,503 ] 89 root - INFO - Hypothesis dq_000: float64, float64 
[ 2023-06-27 20:13:39,507 ] 89 root - INFO - Hypothesis dr_000: float64, float64 
[ 2023-06-27 20:13:39,512 ] 89 root - INFO - Hypothesis ds_000: float64, float64 
[ 2023-06-27 20:13:39,518 ] 89 root - INFO - Hypothesis dt_000: float64, float64 
[ 2023-06-27 20:13:39,526 ] 89 root - INFO - Hypothesis du_000: float64, float64 
[ 2023-06-27 20:13:39,534 ] 89 root - INFO - Hypothesis dv_000: float64, float64 
[ 2023-06-27 20:13:39,541 ] 89 root - INFO - Hypothesis dx_000: float64, float64 
[ 2023-06-27 20:13:39,546 ] 89 root - INFO - Hypothesis dy_000: float64, float64 
[ 2023-06-27 20:13:39,551 ] 89 root - INFO - Hypothesis dz_000: float64, float64 
[ 2023-06-27 20:13:39,568 ] 89 root - INFO - Hypothesis ea_000: float64, float64 
[ 2023-06-27 20:13:39,583 ] 89 root - INFO - Hypothesis eb_000: float64, float64 
[ 2023-06-27 20:13:39,589 ] 89 root - INFO - Hypothesis ec_00: float64, float64 
[ 2023-06-27 20:13:39,595 ] 89 root - INFO - Hypothesis ed_000: float64, float64 
[ 2023-06-27 20:13:39,602 ] 89 root - INFO - Hypothesis ee_000: float64, float64 
[ 2023-06-27 20:13:39,609 ] 89 root - INFO - Hypothesis ee_001: float64, float64 
[ 2023-06-27 20:13:39,616 ] 89 root - INFO - Hypothesis ee_002: float64, float64 
[ 2023-06-27 20:13:39,623 ] 89 root - INFO - Hypothesis ee_003: float64, float64 
[ 2023-06-27 20:13:39,630 ] 89 root - INFO - Hypothesis ee_004: float64, float64 
[ 2023-06-27 20:13:39,637 ] 89 root - INFO - Hypothesis ee_005: float64, float64 
[ 2023-06-27 20:13:39,643 ] 89 root - INFO - Hypothesis ee_006: float64, float64 
[ 2023-06-27 20:13:39,650 ] 89 root - INFO - Hypothesis ee_007: float64, float64 
[ 2023-06-27 20:13:39,656 ] 89 root - INFO - Hypothesis ee_008: float64, float64 
[ 2023-06-27 20:13:39,662 ] 89 root - INFO - Hypothesis ee_009: float64, float64 
[ 2023-06-27 20:13:39,668 ] 89 root - INFO - Hypothesis ef_000: float64, float64 
[ 2023-06-27 20:13:39,683 ] 89 root - INFO - Hypothesis eg_000: float64, float64 
[ 2023-06-27 20:13:39,698 ] 150 root - INFO - Write reprt in yaml file
[ 2023-06-27 20:13:39,836 ] 154 root - INFO - Data validation artifact: DataValidationArtifact(report_file_path='/config/workspace/artifact/06272023__201321/data_validation/report.yaml')
[ 2023-06-27 20:13:39,934 ] 24 root - INFO - >>>>>>>>>>>>>>>>>>>>>>>>>>>>>>>>>>>>>>>> Data Transformation <<<<<<<<<<<<<<<<<<<<<<<<<<<<<<<<<<<<<<<<
[ 2023-06-27 20:13:40,837 ] 75 root - INFO - Before resampling in training set Input: (28950, 170) Target:(28950,)
[ 2023-06-27 20:13:46,513 ] 77 root - INFO - After resampling in training set Input: (56152, 170) Target:(56152,)
[ 2023-06-27 20:13:46,513 ] 79 root - INFO - Before resampling in testing set Input: (7238, 170) Target:(7238,)
[ 2023-06-27 20:13:47,121 ] 81 root - INFO - After resampling in testing set Input: (14072, 170) Target:(14072,)
[ 2023-06-27 20:13:47,231 ] 53 root - INFO - Entered the save_object method of utils
[ 2023-06-27 20:13:47,234 ] 57 root - INFO - Exited the save_object method of utils
[ 2023-06-27 20:13:47,234 ] 53 root - INFO - Entered the save_object method of utils
[ 2023-06-27 20:13:47,235 ] 57 root - INFO - Exited the save_object method of utils
[ 2023-06-27 20:13:47,235 ] 112 root - INFO - Data transformation object DataTransformationArtifact(transform_object_path='/config/workspace/artifact/06272023__201321/data_transformation/transformer/transformer.pkl', transformed_train_path='/config/workspace/artifact/06272023__201321/data_transformation/transformed/train.npz', transformed_test_path='/config/workspace/artifact/06272023__201321/data_transformation/transformed/test.npz', target_encoder_path='/config/workspace/artifact/06272023__201321/data_transformation/target_encoder/target_encoder.pkl')
[ 2023-06-27 20:13:47,236 ] 18 root - INFO - >>>>>>>>>>>>>>>>>>>>>>>>>>>>>>>>>>>>>>>> Model Trainer <<<<<<<<<<<<<<<<<<<<<<<<<<<<<<<<<<<<<<<<
[ 2023-06-27 20:13:47,236 ] 45 root - INFO - Loading train and test array.
[ 2023-06-27 20:13:47,266 ] 49 root - INFO - Splitting input and target feature from both train and test arr.
[ 2023-06-27 20:13:47,266 ] 53 root - INFO - Train the model
[ 2023-06-27 20:13:57,290 ] 56 root - INFO - Calculating f1 train score
[ 2023-06-27 20:13:57,344 ] 60 root - INFO - Calculating f1 test score
[ 2023-06-27 20:13:57,360 ] 64 root - INFO - train score:0.9999821908781678 and tests score 0.9694011365292147
[ 2023-06-27 20:13:57,360 ] 66 root - INFO - Checking if our model is underfitting or not
[ 2023-06-27 20:13:57,360 ] 71 root - INFO - Checking if our model is overfiiting or not
[ 2023-06-27 20:13:57,360 ] 78 root - INFO - Saving mode object
[ 2023-06-27 20:13:57,361 ] 53 root - INFO - Entered the save_object method of utils
[ 2023-06-27 20:13:57,366 ] 57 root - INFO - Exited the save_object method of utils
[ 2023-06-27 20:13:57,366 ] 82 root - INFO - Prepare the artifact
[ 2023-06-27 20:13:57,366 ] 85 root - INFO - Model trainer artifact: ModelTrainerArtifact(model_path='/config/workspace/artifact/06272023__201321/model_trainer/model/model.pkl', f1_train_score=0.9999821908781678, f1_test_score=0.9694011365292147)
