[ 2023-07-08 10:32:52,697 ] 15 root - INFO - >>>>>>>>>>>>>>>>>>>>>>>>>>>>>>>>>>>>>>>> Data Ingestion <<<<<<<<<<<<<<<<<<<<<<<<<<<<<<<<<<<<<<<<
[ 2023-07-08 10:32:52,697 ] 22 root - INFO - Exporting collection data as pandas dataframe
[ 2023-07-08 10:32:52,697 ] 22 root - INFO - Reading data from database: aps and collection: sensor
[ 2023-07-08 10:32:56,518 ] 24 root - INFO - Found columns: Index(['_id', 'class', 'aa_000', 'ab_000', 'ac_000', 'ad_000', 'ae_000',
       'af_000', 'ag_000', 'ag_001',
       ...
       'ee_002', 'ee_003', 'ee_004', 'ee_005', 'ee_006', 'ee_007', 'ee_008',
       'ee_009', 'ef_000', 'eg_000'],
      dtype='object', length=172)
[ 2023-07-08 10:32:56,518 ] 26 root - INFO - Dropping column: _id 
[ 2023-07-08 10:32:56,763 ] 28 root - INFO - Row and columns in df: (36188, 171)
[ 2023-07-08 10:32:56,763 ] 28 root - INFO - Save data in feature store
[ 2023-07-08 10:32:58,404 ] 34 root - INFO - Create feature store folder if not available
[ 2023-07-08 10:32:58,405 ] 38 root - INFO - Save df to feature store folder
[ 2023-07-08 10:33:00,350 ] 43 root - INFO - split dataset into train and test set
[ 2023-07-08 10:33:00,764 ] 47 root - INFO - create dataset directory folder if not available
[ 2023-07-08 10:33:00,764 ] 52 root - INFO - Save df to feature store folder
[ 2023-07-08 10:33:02,627 ] 64 root - INFO - Data ingestion artifact: DataIngestionArtifact(feature_store_file_path='/config/workspace/artifact/07082023__103252/data_ingestion/feature_store/sensor.csv', train_file_path='/config/workspace/artifact/07082023__103252/data_ingestion/dataset/train.csv', test_file_path='/config/workspace/artifact/07082023__103252/data_ingestion/dataset/test.csv')
[ 2023-07-08 10:33:03,083 ] 22 root - INFO - >>>>>>>>>>>>>>>>>>>>>>>>>>>>>>>>>>>>>>>> Data Validation <<<<<<<<<<<<<<<<<<<<<<<<<<<<<<<<<<<<<<<<
[ 2023-07-08 10:33:03,083 ] 111 root - INFO - Reading base dataframe
[ 2023-07-08 10:33:05,389 ] 114 root - INFO - Replace na value in base df
[ 2023-07-08 10:33:05,402 ] 116 root - INFO - Drop null values colums from base df
[ 2023-07-08 10:33:05,654 ] 45 root - INFO - selecting column name which contains null above to 0.2
[ 2023-07-08 10:33:05,654 ] 48 root - INFO - Columns to drop: ['ab_000', 'ad_000', 'bk_000', 'bl_000', 'bm_000', 'bn_000', 'bo_000', 'bp_000', 'bq_000', 'br_000', 'cf_000', 'cg_000', 'ch_000', 'co_000', 'cr_000', 'ct_000', 'cu_000', 'cv_000', 'cx_000', 'cy_000', 'cz_000', 'da_000', 'db_000', 'dc_000']
[ 2023-07-08 10:33:05,747 ] 119 root - INFO - Reading train dataframe
[ 2023-07-08 10:33:06,138 ] 121 root - INFO - Reading test dataframe
[ 2023-07-08 10:33:06,244 ] 124 root - INFO - Drop null values colums from train df
[ 2023-07-08 10:33:06,252 ] 45 root - INFO - selecting column name which contains null above to 0.2
[ 2023-07-08 10:33:06,252 ] 48 root - INFO - Columns to drop: ['ab_000', 'ad_000', 'bk_000', 'bl_000', 'bm_000', 'bn_000', 'bo_000', 'bp_000', 'bq_000', 'br_000', 'cf_000', 'cg_000', 'ch_000', 'co_000', 'cr_000', 'ct_000', 'cu_000', 'cv_000', 'cx_000', 'cy_000', 'cz_000', 'da_000', 'db_000', 'dc_000']
[ 2023-07-08 10:33:06,262 ] 126 root - INFO - Drop null values colums from test df
[ 2023-07-08 10:33:06,265 ] 45 root - INFO - selecting column name which contains null above to 0.2
[ 2023-07-08 10:33:06,266 ] 48 root - INFO - Columns to drop: ['ab_000', 'ad_000', 'bk_000', 'bl_000', 'bm_000', 'bn_000', 'bo_000', 'bp_000', 'bq_000', 'br_000', 'cf_000', 'cg_000', 'ch_000', 'co_000', 'cr_000', 'ct_000', 'cu_000', 'cv_000', 'cx_000', 'cy_000', 'cz_000', 'da_000', 'db_000', 'dc_000']
[ 2023-07-08 10:33:07,042 ] 135 root - INFO - Is all required columns present in train df
[ 2023-07-08 10:33:07,043 ] 137 root - INFO - Is all required columns present in test df
[ 2023-07-08 10:33:07,043 ] 141 root - INFO - As all column are available in train df hence detecting data drift
[ 2023-07-08 10:33:07,043 ] 89 root - INFO - Hypothesis class: object, object 
[ 2023-07-08 10:33:07,179 ] 89 root - INFO - Hypothesis aa_000: float64, float64 
[ 2023-07-08 10:33:07,189 ] 89 root - INFO - Hypothesis ac_000: float64, float64 
[ 2023-07-08 10:33:07,230 ] 89 root - INFO - Hypothesis ae_000: float64, float64 
[ 2023-07-08 10:33:07,267 ] 89 root - INFO - Hypothesis af_000: float64, float64 
[ 2023-07-08 10:33:07,304 ] 89 root - INFO - Hypothesis ag_000: float64, float64 
[ 2023-07-08 10:33:07,349 ] 89 root - INFO - Hypothesis ag_001: float64, float64 
[ 2023-07-08 10:33:07,385 ] 89 root - INFO - Hypothesis ag_002: float64, float64 
[ 2023-07-08 10:33:07,422 ] 89 root - INFO - Hypothesis ag_003: float64, float64 
[ 2023-07-08 10:33:07,428 ] 89 root - INFO - Hypothesis ag_004: float64, float64 
[ 2023-07-08 10:33:07,438 ] 89 root - INFO - Hypothesis ag_005: float64, float64 
[ 2023-07-08 10:33:07,449 ] 89 root - INFO - Hypothesis ag_006: float64, float64 
[ 2023-07-08 10:33:07,463 ] 89 root - INFO - Hypothesis ag_007: float64, float64 
[ 2023-07-08 10:33:07,473 ] 89 root - INFO - Hypothesis ag_008: float64, float64 
[ 2023-07-08 10:33:07,482 ] 89 root - INFO - Hypothesis ag_009: float64, float64 
[ 2023-07-08 10:33:07,489 ] 89 root - INFO - Hypothesis ah_000: float64, float64 
[ 2023-07-08 10:33:07,500 ] 89 root - INFO - Hypothesis ai_000: float64, float64 
[ 2023-07-08 10:33:07,537 ] 89 root - INFO - Hypothesis aj_000: float64, float64 
[ 2023-07-08 10:33:07,544 ] 89 root - INFO - Hypothesis ak_000: float64, float64 
[ 2023-07-08 10:33:07,581 ] 89 root - INFO - Hypothesis al_000: float64, float64 
[ 2023-07-08 10:33:07,589 ] 89 root - INFO - Hypothesis am_0: float64, float64 
[ 2023-07-08 10:33:07,597 ] 89 root - INFO - Hypothesis an_000: float64, float64 
[ 2023-07-08 10:33:07,608 ] 89 root - INFO - Hypothesis ao_000: float64, float64 
[ 2023-07-08 10:33:07,618 ] 89 root - INFO - Hypothesis ap_000: float64, float64 
[ 2023-07-08 10:33:07,629 ] 89 root - INFO - Hypothesis aq_000: float64, float64 
[ 2023-07-08 10:33:07,641 ] 89 root - INFO - Hypothesis ar_000: float64, float64 
[ 2023-07-08 10:33:07,677 ] 89 root - INFO - Hypothesis as_000: float64, float64 
[ 2023-07-08 10:33:07,713 ] 89 root - INFO - Hypothesis at_000: float64, float64 
[ 2023-07-08 10:33:07,751 ] 89 root - INFO - Hypothesis au_000: float64, float64 
[ 2023-07-08 10:33:07,788 ] 89 root - INFO - Hypothesis av_000: float64, float64 
[ 2023-07-08 10:33:07,796 ] 89 root - INFO - Hypothesis ax_000: float64, float64 
[ 2023-07-08 10:33:07,804 ] 89 root - INFO - Hypothesis ay_000: float64, float64 
[ 2023-07-08 10:33:07,840 ] 89 root - INFO - Hypothesis ay_001: float64, float64 
[ 2023-07-08 10:33:07,876 ] 89 root - INFO - Hypothesis ay_002: float64, float64 
[ 2023-07-08 10:33:07,912 ] 89 root - INFO - Hypothesis ay_003: float64, float64 
[ 2023-07-08 10:33:07,948 ] 89 root - INFO - Hypothesis ay_004: float64, float64 
[ 2023-07-08 10:33:07,985 ] 89 root - INFO - Hypothesis ay_005: float64, float64 
[ 2023-07-08 10:33:08,026 ] 89 root - INFO - Hypothesis ay_006: float64, float64 
[ 2023-07-08 10:33:08,036 ] 89 root - INFO - Hypothesis ay_007: float64, float64 
[ 2023-07-08 10:33:08,046 ] 89 root - INFO - Hypothesis ay_008: float64, float64 
[ 2023-07-08 10:33:08,056 ] 89 root - INFO - Hypothesis ay_009: float64, float64 
[ 2023-07-08 10:33:08,092 ] 89 root - INFO - Hypothesis az_000: float64, float64 
[ 2023-07-08 10:33:08,102 ] 89 root - INFO - Hypothesis az_001: float64, float64 
[ 2023-07-08 10:33:08,111 ] 89 root - INFO - Hypothesis az_002: float64, float64 
[ 2023-07-08 10:33:08,121 ] 89 root - INFO - Hypothesis az_003: float64, float64 
[ 2023-07-08 10:33:08,131 ] 89 root - INFO - Hypothesis az_004: float64, float64 
[ 2023-07-08 10:33:08,141 ] 89 root - INFO - Hypothesis az_005: float64, float64 
[ 2023-07-08 10:33:08,152 ] 89 root - INFO - Hypothesis az_006: float64, float64 
[ 2023-07-08 10:33:08,195 ] 89 root - INFO - Hypothesis az_007: float64, float64 
[ 2023-07-08 10:33:08,233 ] 89 root - INFO - Hypothesis az_008: float64, float64 
[ 2023-07-08 10:33:08,273 ] 89 root - INFO - Hypothesis az_009: float64, float64 
[ 2023-07-08 10:33:08,310 ] 89 root - INFO - Hypothesis ba_000: float64, float64 
[ 2023-07-08 10:33:08,321 ] 89 root - INFO - Hypothesis ba_001: float64, float64 
[ 2023-07-08 10:33:08,332 ] 89 root - INFO - Hypothesis ba_002: float64, float64 
[ 2023-07-08 10:33:08,343 ] 89 root - INFO - Hypothesis ba_003: float64, float64 
[ 2023-07-08 10:33:08,353 ] 89 root - INFO - Hypothesis ba_004: float64, float64 
[ 2023-07-08 10:33:08,364 ] 89 root - INFO - Hypothesis ba_005: float64, float64 
[ 2023-07-08 10:33:08,375 ] 89 root - INFO - Hypothesis ba_006: float64, float64 
[ 2023-07-08 10:33:08,385 ] 89 root - INFO - Hypothesis ba_007: float64, float64 
[ 2023-07-08 10:33:08,395 ] 89 root - INFO - Hypothesis ba_008: float64, float64 
[ 2023-07-08 10:33:08,435 ] 89 root - INFO - Hypothesis ba_009: float64, float64 
[ 2023-07-08 10:33:08,475 ] 89 root - INFO - Hypothesis bb_000: float64, float64 
[ 2023-07-08 10:33:08,486 ] 89 root - INFO - Hypothesis bc_000: float64, float64 
[ 2023-07-08 10:33:08,527 ] 89 root - INFO - Hypothesis bd_000: float64, float64 
[ 2023-07-08 10:33:08,535 ] 89 root - INFO - Hypothesis be_000: float64, float64 
[ 2023-07-08 10:33:08,544 ] 89 root - INFO - Hypothesis bf_000: float64, float64 
[ 2023-07-08 10:33:08,551 ] 89 root - INFO - Hypothesis bg_000: float64, float64 
[ 2023-07-08 10:33:08,562 ] 89 root - INFO - Hypothesis bh_000: float64, float64 
[ 2023-07-08 10:33:08,572 ] 89 root - INFO - Hypothesis bi_000: float64, float64 
[ 2023-07-08 10:33:08,583 ] 89 root - INFO - Hypothesis bj_000: float64, float64 
[ 2023-07-08 10:33:08,594 ] 89 root - INFO - Hypothesis bs_000: float64, float64 
[ 2023-07-08 10:33:08,605 ] 89 root - INFO - Hypothesis bt_000: float64, float64 
[ 2023-07-08 10:33:08,615 ] 89 root - INFO - Hypothesis bu_000: float64, float64 
[ 2023-07-08 10:33:08,626 ] 89 root - INFO - Hypothesis bv_000: float64, float64 
[ 2023-07-08 10:33:08,636 ] 89 root - INFO - Hypothesis bx_000: float64, float64 
[ 2023-07-08 10:33:08,647 ] 89 root - INFO - Hypothesis by_000: float64, float64 
[ 2023-07-08 10:33:08,657 ] 89 root - INFO - Hypothesis bz_000: float64, float64 
[ 2023-07-08 10:33:08,666 ] 89 root - INFO - Hypothesis ca_000: float64, float64 
[ 2023-07-08 10:33:08,676 ] 89 root - INFO - Hypothesis cb_000: float64, float64 
[ 2023-07-08 10:33:08,687 ] 89 root - INFO - Hypothesis cc_000: float64, float64 
[ 2023-07-08 10:33:08,698 ] 89 root - INFO - Hypothesis cd_000: float64, float64 
[ 2023-07-08 10:33:08,734 ] 89 root - INFO - Hypothesis ce_000: float64, float64 
[ 2023-07-08 10:33:08,743 ] 89 root - INFO - Hypothesis ci_000: float64, float64 
[ 2023-07-08 10:33:08,754 ] 89 root - INFO - Hypothesis cj_000: float64, float64 
[ 2023-07-08 10:33:08,792 ] 89 root - INFO - Hypothesis ck_000: float64, float64 
[ 2023-07-08 10:33:08,803 ] 89 root - INFO - Hypothesis cl_000: float64, float64 
[ 2023-07-08 10:33:08,809 ] 89 root - INFO - Hypothesis cm_000: float64, float64 
[ 2023-07-08 10:33:08,816 ] 89 root - INFO - Hypothesis cn_000: float64, float64 
[ 2023-07-08 10:33:08,853 ] 89 root - INFO - Hypothesis cn_001: float64, float64 
[ 2023-07-08 10:33:08,891 ] 89 root - INFO - Hypothesis cn_002: float64, float64 
[ 2023-07-08 10:33:08,900 ] 89 root - INFO - Hypothesis cn_003: float64, float64 
[ 2023-07-08 10:33:08,911 ] 89 root - INFO - Hypothesis cn_004: float64, float64 
[ 2023-07-08 10:33:08,921 ] 89 root - INFO - Hypothesis cn_005: float64, float64 
[ 2023-07-08 10:33:08,932 ] 89 root - INFO - Hypothesis cn_006: float64, float64 
[ 2023-07-08 10:33:08,943 ] 89 root - INFO - Hypothesis cn_007: float64, float64 
[ 2023-07-08 10:33:08,953 ] 89 root - INFO - Hypothesis cn_008: float64, float64 
[ 2023-07-08 10:33:08,962 ] 89 root - INFO - Hypothesis cn_009: float64, float64 
[ 2023-07-08 10:33:09,002 ] 89 root - INFO - Hypothesis cp_000: float64, float64 
[ 2023-07-08 10:33:09,045 ] 89 root - INFO - Hypothesis cq_000: float64, float64 
[ 2023-07-08 10:33:09,057 ] 89 root - INFO - Hypothesis cs_000: float64, float64 
[ 2023-07-08 10:33:09,067 ] 89 root - INFO - Hypothesis cs_001: float64, float64 
[ 2023-07-08 10:33:09,076 ] 89 root - INFO - Hypothesis cs_002: float64, float64 
[ 2023-07-08 10:33:09,086 ] 89 root - INFO - Hypothesis cs_003: float64, float64 
[ 2023-07-08 10:33:09,096 ] 89 root - INFO - Hypothesis cs_004: float64, float64 
[ 2023-07-08 10:33:09,107 ] 89 root - INFO - Hypothesis cs_005: float64, float64 
[ 2023-07-08 10:33:09,118 ] 89 root - INFO - Hypothesis cs_006: float64, float64 
[ 2023-07-08 10:33:09,129 ] 89 root - INFO - Hypothesis cs_007: float64, float64 
[ 2023-07-08 10:33:09,140 ] 89 root - INFO - Hypothesis cs_008: float64, float64 
[ 2023-07-08 10:33:09,195 ] 89 root - INFO - Hypothesis cs_009: float64, float64 
[ 2023-07-08 10:33:09,241 ] 89 root - INFO - Hypothesis dd_000: float64, float64 
[ 2023-07-08 10:33:09,252 ] 89 root - INFO - Hypothesis de_000: float64, float64 
[ 2023-07-08 10:33:09,263 ] 89 root - INFO - Hypothesis df_000: float64, float64 
[ 2023-07-08 10:33:09,306 ] 89 root - INFO - Hypothesis dg_000: float64, float64 
[ 2023-07-08 10:33:09,342 ] 89 root - INFO - Hypothesis dh_000: float64, float64 
[ 2023-07-08 10:33:09,348 ] 89 root - INFO - Hypothesis di_000: float64, float64 
[ 2023-07-08 10:33:09,387 ] 89 root - INFO - Hypothesis dj_000: float64, float64 
[ 2023-07-08 10:33:09,424 ] 89 root - INFO - Hypothesis dk_000: float64, float64 
[ 2023-07-08 10:33:09,461 ] 89 root - INFO - Hypothesis dl_000: float64, float64 
[ 2023-07-08 10:33:09,498 ] 89 root - INFO - Hypothesis dm_000: float64, float64 
[ 2023-07-08 10:33:09,535 ] 89 root - INFO - Hypothesis dn_000: float64, float64 
[ 2023-07-08 10:33:09,546 ] 89 root - INFO - Hypothesis do_000: float64, float64 
[ 2023-07-08 10:33:09,556 ] 89 root - INFO - Hypothesis dp_000: float64, float64 
[ 2023-07-08 10:33:09,565 ] 89 root - INFO - Hypothesis dq_000: float64, float64 
[ 2023-07-08 10:33:09,605 ] 89 root - INFO - Hypothesis dr_000: float64, float64 
[ 2023-07-08 10:33:09,645 ] 89 root - INFO - Hypothesis ds_000: float64, float64 
[ 2023-07-08 10:33:09,656 ] 89 root - INFO - Hypothesis dt_000: float64, float64 
[ 2023-07-08 10:33:09,666 ] 89 root - INFO - Hypothesis du_000: float64, float64 
[ 2023-07-08 10:33:09,676 ] 89 root - INFO - Hypothesis dv_000: float64, float64 
[ 2023-07-08 10:33:09,689 ] 89 root - INFO - Hypothesis dx_000: float64, float64 
[ 2023-07-08 10:33:09,731 ] 89 root - INFO - Hypothesis dy_000: float64, float64 
[ 2023-07-08 10:33:09,771 ] 89 root - INFO - Hypothesis dz_000: float64, float64 
[ 2023-07-08 10:33:09,810 ] 89 root - INFO - Hypothesis ea_000: float64, float64 
[ 2023-07-08 10:33:09,847 ] 89 root - INFO - Hypothesis eb_000: float64, float64 
[ 2023-07-08 10:33:09,855 ] 89 root - INFO - Hypothesis ec_00: float64, float64 
[ 2023-07-08 10:33:09,866 ] 89 root - INFO - Hypothesis ed_000: float64, float64 
[ 2023-07-08 10:33:09,875 ] 89 root - INFO - Hypothesis ee_000: float64, float64 
[ 2023-07-08 10:33:09,886 ] 89 root - INFO - Hypothesis ee_001: float64, float64 
[ 2023-07-08 10:33:09,898 ] 89 root - INFO - Hypothesis ee_002: float64, float64 
[ 2023-07-08 10:33:09,909 ] 89 root - INFO - Hypothesis ee_003: float64, float64 
[ 2023-07-08 10:33:09,919 ] 89 root - INFO - Hypothesis ee_004: float64, float64 
[ 2023-07-08 10:33:09,930 ] 89 root - INFO - Hypothesis ee_005: float64, float64 
[ 2023-07-08 10:33:09,940 ] 89 root - INFO - Hypothesis ee_006: float64, float64 
[ 2023-07-08 10:33:09,950 ] 89 root - INFO - Hypothesis ee_007: float64, float64 
[ 2023-07-08 10:33:09,960 ] 89 root - INFO - Hypothesis ee_008: float64, float64 
[ 2023-07-08 10:33:09,970 ] 89 root - INFO - Hypothesis ee_009: float64, float64 
[ 2023-07-08 10:33:09,978 ] 89 root - INFO - Hypothesis ef_000: float64, float64 
[ 2023-07-08 10:33:10,015 ] 89 root - INFO - Hypothesis eg_000: float64, float64 
[ 2023-07-08 10:33:10,051 ] 144 root - INFO - As all column are available in test df hence detecting data drift
[ 2023-07-08 10:33:10,052 ] 89 root - INFO - Hypothesis class: object, object 
[ 2023-07-08 10:33:10,129 ] 89 root - INFO - Hypothesis aa_000: float64, float64 
[ 2023-07-08 10:33:10,136 ] 89 root - INFO - Hypothesis ac_000: float64, float64 
[ 2023-07-08 10:33:10,141 ] 89 root - INFO - Hypothesis ae_000: float64, float64 
[ 2023-07-08 10:33:10,157 ] 89 root - INFO - Hypothesis af_000: float64, float64 
[ 2023-07-08 10:33:10,173 ] 89 root - INFO - Hypothesis ag_000: float64, float64 
[ 2023-07-08 10:33:10,189 ] 89 root - INFO - Hypothesis ag_001: float64, float64 
[ 2023-07-08 10:33:10,206 ] 89 root - INFO - Hypothesis ag_002: float64, float64 
[ 2023-07-08 10:33:10,210 ] 89 root - INFO - Hypothesis ag_003: float64, float64 
[ 2023-07-08 10:33:10,214 ] 89 root - INFO - Hypothesis ag_004: float64, float64 
[ 2023-07-08 10:33:10,221 ] 89 root - INFO - Hypothesis ag_005: float64, float64 
[ 2023-07-08 10:33:10,228 ] 89 root - INFO - Hypothesis ag_006: float64, float64 
[ 2023-07-08 10:33:10,235 ] 89 root - INFO - Hypothesis ag_007: float64, float64 
[ 2023-07-08 10:33:10,241 ] 89 root - INFO - Hypothesis ag_008: float64, float64 
[ 2023-07-08 10:33:10,247 ] 89 root - INFO - Hypothesis ag_009: float64, float64 
[ 2023-07-08 10:33:10,252 ] 89 root - INFO - Hypothesis ah_000: float64, float64 
[ 2023-07-08 10:33:10,259 ] 89 root - INFO - Hypothesis ai_000: float64, float64 
[ 2023-07-08 10:33:10,263 ] 89 root - INFO - Hypothesis aj_000: float64, float64 
[ 2023-07-08 10:33:10,267 ] 89 root - INFO - Hypothesis ak_000: float64, float64 
[ 2023-07-08 10:33:10,270 ] 89 root - INFO - Hypothesis al_000: float64, float64 
[ 2023-07-08 10:33:10,275 ] 89 root - INFO - Hypothesis am_0: float64, float64 
[ 2023-07-08 10:33:10,280 ] 89 root - INFO - Hypothesis an_000: float64, float64 
[ 2023-07-08 10:33:10,288 ] 89 root - INFO - Hypothesis ao_000: float64, float64 
[ 2023-07-08 10:33:10,295 ] 89 root - INFO - Hypothesis ap_000: float64, float64 
[ 2023-07-08 10:33:10,302 ] 89 root - INFO - Hypothesis aq_000: float64, float64 
[ 2023-07-08 10:33:10,310 ] 89 root - INFO - Hypothesis ar_000: float64, float64 
[ 2023-07-08 10:33:10,326 ] 89 root - INFO - Hypothesis as_000: float64, float64 
[ 2023-07-08 10:33:10,341 ] 89 root - INFO - Hypothesis at_000: float64, float64 
[ 2023-07-08 10:33:10,357 ] 89 root - INFO - Hypothesis au_000: float64, float64 
[ 2023-07-08 10:33:10,373 ] 89 root - INFO - Hypothesis av_000: float64, float64 
[ 2023-07-08 10:33:10,379 ] 89 root - INFO - Hypothesis ax_000: float64, float64 
[ 2023-07-08 10:33:10,385 ] 89 root - INFO - Hypothesis ay_000: float64, float64 
[ 2023-07-08 10:33:10,399 ] 89 root - INFO - Hypothesis ay_001: float64, float64 
[ 2023-07-08 10:33:10,415 ] 89 root - INFO - Hypothesis ay_002: float64, float64 
[ 2023-07-08 10:33:10,430 ] 89 root - INFO - Hypothesis ay_003: float64, float64 
[ 2023-07-08 10:33:10,445 ] 89 root - INFO - Hypothesis ay_004: float64, float64 
[ 2023-07-08 10:33:10,460 ] 89 root - INFO - Hypothesis ay_005: float64, float64 
[ 2023-07-08 10:33:10,466 ] 89 root - INFO - Hypothesis ay_006: float64, float64 
[ 2023-07-08 10:33:10,472 ] 89 root - INFO - Hypothesis ay_007: float64, float64 
[ 2023-07-08 10:33:10,479 ] 89 root - INFO - Hypothesis ay_008: float64, float64 
[ 2023-07-08 10:33:10,486 ] 89 root - INFO - Hypothesis ay_009: float64, float64 
[ 2023-07-08 10:33:10,501 ] 89 root - INFO - Hypothesis az_000: float64, float64 
[ 2023-07-08 10:33:10,508 ] 89 root - INFO - Hypothesis az_001: float64, float64 
[ 2023-07-08 10:33:10,514 ] 89 root - INFO - Hypothesis az_002: float64, float64 
[ 2023-07-08 10:33:10,521 ] 89 root - INFO - Hypothesis az_003: float64, float64 
[ 2023-07-08 10:33:10,528 ] 89 root - INFO - Hypothesis az_004: float64, float64 
[ 2023-07-08 10:33:10,535 ] 89 root - INFO - Hypothesis az_005: float64, float64 
[ 2023-07-08 10:33:10,542 ] 89 root - INFO - Hypothesis az_006: float64, float64 
[ 2023-07-08 10:33:10,548 ] 89 root - INFO - Hypothesis az_007: float64, float64 
[ 2023-07-08 10:33:10,553 ] 89 root - INFO - Hypothesis az_008: float64, float64 
[ 2023-07-08 10:33:10,568 ] 89 root - INFO - Hypothesis az_009: float64, float64 
[ 2023-07-08 10:33:10,584 ] 89 root - INFO - Hypothesis ba_000: float64, float64 
[ 2023-07-08 10:33:10,591 ] 89 root - INFO - Hypothesis ba_001: float64, float64 
[ 2023-07-08 10:33:10,599 ] 89 root - INFO - Hypothesis ba_002: float64, float64 
[ 2023-07-08 10:33:10,606 ] 89 root - INFO - Hypothesis ba_003: float64, float64 
[ 2023-07-08 10:33:10,613 ] 89 root - INFO - Hypothesis ba_004: float64, float64 
[ 2023-07-08 10:33:10,620 ] 89 root - INFO - Hypothesis ba_005: float64, float64 
[ 2023-07-08 10:33:10,627 ] 89 root - INFO - Hypothesis ba_006: float64, float64 
[ 2023-07-08 10:33:10,634 ] 89 root - INFO - Hypothesis ba_007: float64, float64 
[ 2023-07-08 10:33:10,641 ] 89 root - INFO - Hypothesis ba_008: float64, float64 
[ 2023-07-08 10:33:10,647 ] 89 root - INFO - Hypothesis ba_009: float64, float64 
[ 2023-07-08 10:33:10,652 ] 89 root - INFO - Hypothesis bb_000: float64, float64 
[ 2023-07-08 10:33:10,659 ] 89 root - INFO - Hypothesis bc_000: float64, float64 
[ 2023-07-08 10:33:10,664 ] 89 root - INFO - Hypothesis bd_000: float64, float64 
[ 2023-07-08 10:33:10,670 ] 89 root - INFO - Hypothesis be_000: float64, float64 
[ 2023-07-08 10:33:10,677 ] 89 root - INFO - Hypothesis bf_000: float64, float64 
[ 2023-07-08 10:33:10,681 ] 89 root - INFO - Hypothesis bg_000: float64, float64 
[ 2023-07-08 10:33:10,689 ] 89 root - INFO - Hypothesis bh_000: float64, float64 
[ 2023-07-08 10:33:10,696 ] 89 root - INFO - Hypothesis bi_000: float64, float64 
[ 2023-07-08 10:33:10,703 ] 89 root - INFO - Hypothesis bj_000: float64, float64 
[ 2023-07-08 10:33:10,710 ] 89 root - INFO - Hypothesis bs_000: float64, float64 
[ 2023-07-08 10:33:10,717 ] 89 root - INFO - Hypothesis bt_000: float64, float64 
[ 2023-07-08 10:33:10,725 ] 89 root - INFO - Hypothesis bu_000: float64, float64 
[ 2023-07-08 10:33:10,732 ] 89 root - INFO - Hypothesis bv_000: float64, float64 
[ 2023-07-08 10:33:10,741 ] 89 root - INFO - Hypothesis bx_000: float64, float64 
[ 2023-07-08 10:33:10,749 ] 89 root - INFO - Hypothesis by_000: float64, float64 
[ 2023-07-08 10:33:10,756 ] 89 root - INFO - Hypothesis bz_000: float64, float64 
[ 2023-07-08 10:33:10,762 ] 89 root - INFO - Hypothesis ca_000: float64, float64 
[ 2023-07-08 10:33:10,769 ] 89 root - INFO - Hypothesis cb_000: float64, float64 
[ 2023-07-08 10:33:10,776 ] 89 root - INFO - Hypothesis cc_000: float64, float64 
[ 2023-07-08 10:33:10,784 ] 89 root - INFO - Hypothesis cd_000: float64, float64 
[ 2023-07-08 10:33:10,800 ] 89 root - INFO - Hypothesis ce_000: float64, float64 
[ 2023-07-08 10:33:10,806 ] 89 root - INFO - Hypothesis ci_000: float64, float64 
[ 2023-07-08 10:33:10,814 ] 89 root - INFO - Hypothesis cj_000: float64, float64 
[ 2023-07-08 10:33:10,818 ] 89 root - INFO - Hypothesis ck_000: float64, float64 
[ 2023-07-08 10:33:10,825 ] 89 root - INFO - Hypothesis cl_000: float64, float64 
[ 2023-07-08 10:33:10,830 ] 89 root - INFO - Hypothesis cm_000: float64, float64 
[ 2023-07-08 10:33:10,835 ] 89 root - INFO - Hypothesis cn_000: float64, float64 
[ 2023-07-08 10:33:10,850 ] 89 root - INFO - Hypothesis cn_001: float64, float64 
[ 2023-07-08 10:33:10,854 ] 89 root - INFO - Hypothesis cn_002: float64, float64 
[ 2023-07-08 10:33:10,859 ] 89 root - INFO - Hypothesis cn_003: float64, float64 
[ 2023-07-08 10:33:10,866 ] 89 root - INFO - Hypothesis cn_004: float64, float64 
[ 2023-07-08 10:33:10,874 ] 89 root - INFO - Hypothesis cn_005: float64, float64 
[ 2023-07-08 10:33:10,881 ] 89 root - INFO - Hypothesis cn_006: float64, float64 
[ 2023-07-08 10:33:10,888 ] 89 root - INFO - Hypothesis cn_007: float64, float64 
[ 2023-07-08 10:33:10,895 ] 89 root - INFO - Hypothesis cn_008: float64, float64 
[ 2023-07-08 10:33:10,901 ] 89 root - INFO - Hypothesis cn_009: float64, float64 
[ 2023-07-08 10:33:10,906 ] 89 root - INFO - Hypothesis cp_000: float64, float64 
[ 2023-07-08 10:33:10,912 ] 89 root - INFO - Hypothesis cq_000: float64, float64 
[ 2023-07-08 10:33:10,919 ] 89 root - INFO - Hypothesis cs_000: float64, float64 
[ 2023-07-08 10:33:10,926 ] 89 root - INFO - Hypothesis cs_001: float64, float64 
[ 2023-07-08 10:33:10,932 ] 89 root - INFO - Hypothesis cs_002: float64, float64 
[ 2023-07-08 10:33:10,939 ] 89 root - INFO - Hypothesis cs_003: float64, float64 
[ 2023-07-08 10:33:10,946 ] 89 root - INFO - Hypothesis cs_004: float64, float64 
[ 2023-07-08 10:33:10,953 ] 89 root - INFO - Hypothesis cs_005: float64, float64 
[ 2023-07-08 10:33:10,960 ] 89 root - INFO - Hypothesis cs_006: float64, float64 
[ 2023-07-08 10:33:10,968 ] 89 root - INFO - Hypothesis cs_007: float64, float64 
[ 2023-07-08 10:33:10,975 ] 89 root - INFO - Hypothesis cs_008: float64, float64 
[ 2023-07-08 10:33:10,980 ] 89 root - INFO - Hypothesis cs_009: float64, float64 
[ 2023-07-08 10:33:10,996 ] 89 root - INFO - Hypothesis dd_000: float64, float64 
[ 2023-07-08 10:33:11,002 ] 89 root - INFO - Hypothesis de_000: float64, float64 
[ 2023-07-08 10:33:11,008 ] 89 root - INFO - Hypothesis df_000: float64, float64 
[ 2023-07-08 10:33:11,012 ] 89 root - INFO - Hypothesis dg_000: float64, float64 
[ 2023-07-08 10:33:11,015 ] 89 root - INFO - Hypothesis dh_000: float64, float64 
[ 2023-07-08 10:33:11,019 ] 89 root - INFO - Hypothesis di_000: float64, float64 
[ 2023-07-08 10:33:11,023 ] 89 root - INFO - Hypothesis dj_000: float64, float64 
[ 2023-07-08 10:33:11,040 ] 89 root - INFO - Hypothesis dk_000: float64, float64 
[ 2023-07-08 10:33:11,043 ] 89 root - INFO - Hypothesis dl_000: float64, float64 
[ 2023-07-08 10:33:11,060 ] 89 root - INFO - Hypothesis dm_000: float64, float64 
[ 2023-07-08 10:33:11,076 ] 89 root - INFO - Hypothesis dn_000: float64, float64 
[ 2023-07-08 10:33:11,083 ] 89 root - INFO - Hypothesis do_000: float64, float64 
[ 2023-07-08 10:33:11,090 ] 89 root - INFO - Hypothesis dp_000: float64, float64 
[ 2023-07-08 10:33:11,096 ] 89 root - INFO - Hypothesis dq_000: float64, float64 
[ 2023-07-08 10:33:11,101 ] 89 root - INFO - Hypothesis dr_000: float64, float64 
[ 2023-07-08 10:33:11,105 ] 89 root - INFO - Hypothesis ds_000: float64, float64 
[ 2023-07-08 10:33:11,112 ] 89 root - INFO - Hypothesis dt_000: float64, float64 
[ 2023-07-08 10:33:11,119 ] 89 root - INFO - Hypothesis du_000: float64, float64 
[ 2023-07-08 10:33:11,126 ] 89 root - INFO - Hypothesis dv_000: float64, float64 
[ 2023-07-08 10:33:11,133 ] 89 root - INFO - Hypothesis dx_000: float64, float64 
[ 2023-07-08 10:33:11,138 ] 89 root - INFO - Hypothesis dy_000: float64, float64 
[ 2023-07-08 10:33:11,143 ] 89 root - INFO - Hypothesis dz_000: float64, float64 
[ 2023-07-08 10:33:11,159 ] 89 root - INFO - Hypothesis ea_000: float64, float64 
[ 2023-07-08 10:33:11,175 ] 89 root - INFO - Hypothesis eb_000: float64, float64 
[ 2023-07-08 10:33:11,181 ] 89 root - INFO - Hypothesis ec_00: float64, float64 
[ 2023-07-08 10:33:11,188 ] 89 root - INFO - Hypothesis ed_000: float64, float64 
[ 2023-07-08 10:33:11,194 ] 89 root - INFO - Hypothesis ee_000: float64, float64 
[ 2023-07-08 10:33:11,201 ] 89 root - INFO - Hypothesis ee_001: float64, float64 
[ 2023-07-08 10:33:11,208 ] 89 root - INFO - Hypothesis ee_002: float64, float64 
[ 2023-07-08 10:33:11,215 ] 89 root - INFO - Hypothesis ee_003: float64, float64 
[ 2023-07-08 10:33:11,223 ] 89 root - INFO - Hypothesis ee_004: float64, float64 
[ 2023-07-08 10:33:11,230 ] 89 root - INFO - Hypothesis ee_005: float64, float64 
[ 2023-07-08 10:33:11,237 ] 89 root - INFO - Hypothesis ee_006: float64, float64 
[ 2023-07-08 10:33:11,244 ] 89 root - INFO - Hypothesis ee_007: float64, float64 
[ 2023-07-08 10:33:11,251 ] 89 root - INFO - Hypothesis ee_008: float64, float64 
[ 2023-07-08 10:33:11,257 ] 89 root - INFO - Hypothesis ee_009: float64, float64 
[ 2023-07-08 10:33:11,262 ] 89 root - INFO - Hypothesis ef_000: float64, float64 
[ 2023-07-08 10:33:11,279 ] 89 root - INFO - Hypothesis eg_000: float64, float64 
[ 2023-07-08 10:33:11,295 ] 150 root - INFO - Write reprt in yaml file
[ 2023-07-08 10:33:11,433 ] 154 root - INFO - Data validation artifact: DataValidationArtifact(report_file_path='/config/workspace/artifact/07082023__103252/data_validation/report.yaml')
[ 2023-07-08 10:33:11,528 ] 24 root - INFO - >>>>>>>>>>>>>>>>>>>>>>>>>>>>>>>>>>>>>>>> Data Transformation <<<<<<<<<<<<<<<<<<<<<<<<<<<<<<<<<<<<<<<<
[ 2023-07-08 10:33:12,477 ] 75 root - INFO - Before resampling in training set Input: (28950, 170) Target:(28950,)
[ 2023-07-08 10:33:18,732 ] 77 root - INFO - After resampling in training set Input: (56152, 170) Target:(56152,)
[ 2023-07-08 10:33:18,732 ] 79 root - INFO - Before resampling in testing set Input: (7238, 170) Target:(7238,)
[ 2023-07-08 10:33:19,438 ] 81 root - INFO - After resampling in testing set Input: (14072, 170) Target:(14072,)
[ 2023-07-08 10:33:19,555 ] 53 root - INFO - Entered the save_object method of utils
[ 2023-07-08 10:33:19,559 ] 57 root - INFO - Exited the save_object method of utils
[ 2023-07-08 10:33:19,559 ] 53 root - INFO - Entered the save_object method of utils
[ 2023-07-08 10:33:19,559 ] 57 root - INFO - Exited the save_object method of utils
[ 2023-07-08 10:33:19,559 ] 112 root - INFO - Data transformation object DataTransformationArtifact(transform_object_path='/config/workspace/artifact/07082023__103252/data_transformation/transformer/transformer.pkl', transformed_train_path='/config/workspace/artifact/07082023__103252/data_transformation/transformed/train.npz', transformed_test_path='/config/workspace/artifact/07082023__103252/data_transformation/transformed/test.npz', target_encoder_path='/config/workspace/artifact/07082023__103252/data_transformation/target_encoder/target_encoder.pkl')
[ 2023-07-08 10:33:19,561 ] 18 root - INFO - >>>>>>>>>>>>>>>>>>>>>>>>>>>>>>>>>>>>>>>> Model Trainer <<<<<<<<<<<<<<<<<<<<<<<<<<<<<<<<<<<<<<<<
[ 2023-07-08 10:33:19,562 ] 45 root - INFO - Loading train and test array.
[ 2023-07-08 10:33:19,594 ] 49 root - INFO - Splitting input and target feature from both train and test arr.
[ 2023-07-08 10:33:19,595 ] 53 root - INFO - Train the model
[ 2023-07-08 10:33:32,494 ] 56 root - INFO - Calculating f1 train score
[ 2023-07-08 10:33:32,547 ] 60 root - INFO - Calculating f1 test score
[ 2023-07-08 10:33:32,564 ] 64 root - INFO - train score:0.9999821908781678 and tests score 0.9694011365292147
[ 2023-07-08 10:33:32,564 ] 66 root - INFO - Checking if our model is underfitting or not
[ 2023-07-08 10:33:32,564 ] 71 root - INFO - Checking if our model is overfiiting or not
[ 2023-07-08 10:33:32,564 ] 78 root - INFO - Saving mode object
[ 2023-07-08 10:33:32,564 ] 53 root - INFO - Entered the save_object method of utils
[ 2023-07-08 10:33:32,571 ] 57 root - INFO - Exited the save_object method of utils
[ 2023-07-08 10:33:32,571 ] 82 root - INFO - Prepare the artifact
[ 2023-07-08 10:33:32,571 ] 85 root - INFO - Model trainer artifact: ModelTrainerArtifact(model_path='/config/workspace/artifact/07082023__103252/model_trainer/model/model.pkl', f1_train_score=0.9999821908781678, f1_test_score=0.9694011365292147)
