[ 2023-07-08 15:12:24,446 ] 15 root - INFO - >>>>>>>>>>>>>>>>>>>>>>>>>>>>>>>>>>>>>>>> Data Ingestion <<<<<<<<<<<<<<<<<<<<<<<<<<<<<<<<<<<<<<<<
[ 2023-07-08 15:12:24,446 ] 22 root - INFO - Exporting collection data as pandas dataframe
[ 2023-07-08 15:12:24,446 ] 22 root - INFO - Reading data from database: aps and collection: sensor
[ 2023-07-08 15:12:28,119 ] 24 root - INFO - Found columns: Index(['_id', 'class', 'aa_000', 'ab_000', 'ac_000', 'ad_000', 'ae_000',
       'af_000', 'ag_000', 'ag_001',
       ...
       'ee_002', 'ee_003', 'ee_004', 'ee_005', 'ee_006', 'ee_007', 'ee_008',
       'ee_009', 'ef_000', 'eg_000'],
      dtype='object', length=172)
[ 2023-07-08 15:12:28,119 ] 26 root - INFO - Dropping column: _id 
[ 2023-07-08 15:12:28,321 ] 28 root - INFO - Row and columns in df: (36188, 171)
[ 2023-07-08 15:12:28,321 ] 28 root - INFO - Save data in feature store
[ 2023-07-08 15:12:29,726 ] 34 root - INFO - Create feature store folder if not available
[ 2023-07-08 15:12:29,727 ] 38 root - INFO - Save df to feature store folder
[ 2023-07-08 15:12:31,667 ] 43 root - INFO - split dataset into train and test set
[ 2023-07-08 15:12:31,988 ] 47 root - INFO - create dataset directory folder if not available
[ 2023-07-08 15:12:31,988 ] 52 root - INFO - Save df to feature store folder
[ 2023-07-08 15:12:33,906 ] 64 root - INFO - Data ingestion artifact: DataIngestionArtifact(feature_store_file_path='/config/workspace/artifact/07082023__151224/data_ingestion/feature_store/sensor.csv', train_file_path='/config/workspace/artifact/07082023__151224/data_ingestion/dataset/train.csv', test_file_path='/config/workspace/artifact/07082023__151224/data_ingestion/dataset/test.csv')
[ 2023-07-08 15:12:34,321 ] 22 root - INFO - >>>>>>>>>>>>>>>>>>>>>>>>>>>>>>>>>>>>>>>> Data Validation <<<<<<<<<<<<<<<<<<<<<<<<<<<<<<<<<<<<<<<<
[ 2023-07-08 15:12:34,321 ] 111 root - INFO - Reading base dataframe
[ 2023-07-08 15:12:36,570 ] 114 root - INFO - Replace na value in base df
[ 2023-07-08 15:12:36,571 ] 116 root - INFO - Drop null values colums from base df
[ 2023-07-08 15:12:36,793 ] 45 root - INFO - selecting column name which contains null above to 0.2
[ 2023-07-08 15:12:36,793 ] 48 root - INFO - Columns to drop: ['ab_000', 'ad_000', 'bk_000', 'bl_000', 'bm_000', 'bn_000', 'bo_000', 'bp_000', 'bq_000', 'br_000', 'cf_000', 'cg_000', 'ch_000', 'co_000', 'cr_000', 'ct_000', 'cu_000', 'cv_000', 'cx_000', 'cy_000', 'cz_000', 'da_000', 'db_000', 'dc_000']
[ 2023-07-08 15:12:36,881 ] 119 root - INFO - Reading train dataframe
[ 2023-07-08 15:12:37,287 ] 121 root - INFO - Reading test dataframe
[ 2023-07-08 15:12:37,396 ] 124 root - INFO - Drop null values colums from train df
[ 2023-07-08 15:12:37,404 ] 45 root - INFO - selecting column name which contains null above to 0.2
[ 2023-07-08 15:12:37,405 ] 48 root - INFO - Columns to drop: ['ab_000', 'ad_000', 'bk_000', 'bl_000', 'bm_000', 'bn_000', 'bo_000', 'bp_000', 'bq_000', 'br_000', 'cf_000', 'cg_000', 'ch_000', 'co_000', 'cr_000', 'ct_000', 'cu_000', 'cv_000', 'cx_000', 'cy_000', 'cz_000', 'da_000', 'db_000', 'dc_000']
[ 2023-07-08 15:12:37,413 ] 126 root - INFO - Drop null values colums from test df
[ 2023-07-08 15:12:37,417 ] 45 root - INFO - selecting column name which contains null above to 0.2
[ 2023-07-08 15:12:37,417 ] 48 root - INFO - Columns to drop: ['ab_000', 'ad_000', 'bk_000', 'bl_000', 'bm_000', 'bn_000', 'bo_000', 'bp_000', 'bq_000', 'br_000', 'cf_000', 'cg_000', 'ch_000', 'co_000', 'cr_000', 'ct_000', 'cu_000', 'cv_000', 'cx_000', 'cy_000', 'cz_000', 'da_000', 'db_000', 'dc_000']
[ 2023-07-08 15:12:38,198 ] 135 root - INFO - Is all required columns present in train df
[ 2023-07-08 15:12:38,198 ] 137 root - INFO - Is all required columns present in test df
[ 2023-07-08 15:12:38,198 ] 141 root - INFO - As all column are available in train df hence detecting data drift
[ 2023-07-08 15:12:38,198 ] 89 root - INFO - Hypothesis class: object, object 
[ 2023-07-08 15:12:38,340 ] 89 root - INFO - Hypothesis aa_000: float64, float64 
[ 2023-07-08 15:12:38,351 ] 89 root - INFO - Hypothesis ac_000: float64, float64 
[ 2023-07-08 15:12:38,391 ] 89 root - INFO - Hypothesis ae_000: float64, float64 
[ 2023-07-08 15:12:38,427 ] 89 root - INFO - Hypothesis af_000: float64, float64 
[ 2023-07-08 15:12:38,463 ] 89 root - INFO - Hypothesis ag_000: float64, float64 
[ 2023-07-08 15:12:38,499 ] 89 root - INFO - Hypothesis ag_001: float64, float64 
[ 2023-07-08 15:12:38,535 ] 89 root - INFO - Hypothesis ag_002: float64, float64 
[ 2023-07-08 15:12:38,571 ] 89 root - INFO - Hypothesis ag_003: float64, float64 
[ 2023-07-08 15:12:38,577 ] 89 root - INFO - Hypothesis ag_004: float64, float64 
[ 2023-07-08 15:12:38,588 ] 89 root - INFO - Hypothesis ag_005: float64, float64 
[ 2023-07-08 15:12:38,598 ] 89 root - INFO - Hypothesis ag_006: float64, float64 
[ 2023-07-08 15:12:38,609 ] 89 root - INFO - Hypothesis ag_007: float64, float64 
[ 2023-07-08 15:12:38,618 ] 89 root - INFO - Hypothesis ag_008: float64, float64 
[ 2023-07-08 15:12:38,627 ] 89 root - INFO - Hypothesis ag_009: float64, float64 
[ 2023-07-08 15:12:38,634 ] 89 root - INFO - Hypothesis ah_000: float64, float64 
[ 2023-07-08 15:12:38,645 ] 89 root - INFO - Hypothesis ai_000: float64, float64 
[ 2023-07-08 15:12:38,681 ] 89 root - INFO - Hypothesis aj_000: float64, float64 
[ 2023-07-08 15:12:38,687 ] 89 root - INFO - Hypothesis ak_000: float64, float64 
[ 2023-07-08 15:12:38,725 ] 89 root - INFO - Hypothesis al_000: float64, float64 
[ 2023-07-08 15:12:38,733 ] 89 root - INFO - Hypothesis am_0: float64, float64 
[ 2023-07-08 15:12:38,741 ] 89 root - INFO - Hypothesis an_000: float64, float64 
[ 2023-07-08 15:12:38,751 ] 89 root - INFO - Hypothesis ao_000: float64, float64 
[ 2023-07-08 15:12:38,762 ] 89 root - INFO - Hypothesis ap_000: float64, float64 
[ 2023-07-08 15:12:38,772 ] 89 root - INFO - Hypothesis aq_000: float64, float64 
[ 2023-07-08 15:12:38,783 ] 89 root - INFO - Hypothesis ar_000: float64, float64 
[ 2023-07-08 15:12:38,819 ] 89 root - INFO - Hypothesis as_000: float64, float64 
[ 2023-07-08 15:12:38,855 ] 89 root - INFO - Hypothesis at_000: float64, float64 
[ 2023-07-08 15:12:38,892 ] 89 root - INFO - Hypothesis au_000: float64, float64 
[ 2023-07-08 15:12:38,927 ] 89 root - INFO - Hypothesis av_000: float64, float64 
[ 2023-07-08 15:12:38,936 ] 89 root - INFO - Hypothesis ax_000: float64, float64 
[ 2023-07-08 15:12:38,944 ] 89 root - INFO - Hypothesis ay_000: float64, float64 
[ 2023-07-08 15:12:38,980 ] 89 root - INFO - Hypothesis ay_001: float64, float64 
[ 2023-07-08 15:12:39,016 ] 89 root - INFO - Hypothesis ay_002: float64, float64 
[ 2023-07-08 15:12:39,053 ] 89 root - INFO - Hypothesis ay_003: float64, float64 
[ 2023-07-08 15:12:39,089 ] 89 root - INFO - Hypothesis ay_004: float64, float64 
[ 2023-07-08 15:12:39,126 ] 89 root - INFO - Hypothesis ay_005: float64, float64 
[ 2023-07-08 15:12:39,167 ] 89 root - INFO - Hypothesis ay_006: float64, float64 
[ 2023-07-08 15:12:39,176 ] 89 root - INFO - Hypothesis ay_007: float64, float64 
[ 2023-07-08 15:12:39,186 ] 89 root - INFO - Hypothesis ay_008: float64, float64 
[ 2023-07-08 15:12:39,197 ] 89 root - INFO - Hypothesis ay_009: float64, float64 
[ 2023-07-08 15:12:39,235 ] 89 root - INFO - Hypothesis az_000: float64, float64 
[ 2023-07-08 15:12:39,245 ] 89 root - INFO - Hypothesis az_001: float64, float64 
[ 2023-07-08 15:12:39,255 ] 89 root - INFO - Hypothesis az_002: float64, float64 
[ 2023-07-08 15:12:39,265 ] 89 root - INFO - Hypothesis az_003: float64, float64 
[ 2023-07-08 15:12:39,275 ] 89 root - INFO - Hypothesis az_004: float64, float64 
[ 2023-07-08 15:12:39,285 ] 89 root - INFO - Hypothesis az_005: float64, float64 
[ 2023-07-08 15:12:39,295 ] 89 root - INFO - Hypothesis az_006: float64, float64 
[ 2023-07-08 15:12:39,336 ] 89 root - INFO - Hypothesis az_007: float64, float64 
[ 2023-07-08 15:12:39,373 ] 89 root - INFO - Hypothesis az_008: float64, float64 
[ 2023-07-08 15:12:39,411 ] 89 root - INFO - Hypothesis az_009: float64, float64 
[ 2023-07-08 15:12:39,448 ] 89 root - INFO - Hypothesis ba_000: float64, float64 
[ 2023-07-08 15:12:39,459 ] 89 root - INFO - Hypothesis ba_001: float64, float64 
[ 2023-07-08 15:12:39,469 ] 89 root - INFO - Hypothesis ba_002: float64, float64 
[ 2023-07-08 15:12:39,480 ] 89 root - INFO - Hypothesis ba_003: float64, float64 
[ 2023-07-08 15:12:39,490 ] 89 root - INFO - Hypothesis ba_004: float64, float64 
[ 2023-07-08 15:12:39,502 ] 89 root - INFO - Hypothesis ba_005: float64, float64 
[ 2023-07-08 15:12:39,512 ] 89 root - INFO - Hypothesis ba_006: float64, float64 
[ 2023-07-08 15:12:39,522 ] 89 root - INFO - Hypothesis ba_007: float64, float64 
[ 2023-07-08 15:12:39,532 ] 89 root - INFO - Hypothesis ba_008: float64, float64 
[ 2023-07-08 15:12:39,572 ] 89 root - INFO - Hypothesis ba_009: float64, float64 
[ 2023-07-08 15:12:39,610 ] 89 root - INFO - Hypothesis bb_000: float64, float64 
[ 2023-07-08 15:12:39,621 ] 89 root - INFO - Hypothesis bc_000: float64, float64 
[ 2023-07-08 15:12:39,661 ] 89 root - INFO - Hypothesis bd_000: float64, float64 
[ 2023-07-08 15:12:39,670 ] 89 root - INFO - Hypothesis be_000: float64, float64 
[ 2023-07-08 15:12:39,679 ] 89 root - INFO - Hypothesis bf_000: float64, float64 
[ 2023-07-08 15:12:39,686 ] 89 root - INFO - Hypothesis bg_000: float64, float64 
[ 2023-07-08 15:12:39,697 ] 89 root - INFO - Hypothesis bh_000: float64, float64 
[ 2023-07-08 15:12:39,707 ] 89 root - INFO - Hypothesis bi_000: float64, float64 
[ 2023-07-08 15:12:39,719 ] 89 root - INFO - Hypothesis bj_000: float64, float64 
[ 2023-07-08 15:12:39,730 ] 89 root - INFO - Hypothesis bs_000: float64, float64 
[ 2023-07-08 15:12:39,741 ] 89 root - INFO - Hypothesis bt_000: float64, float64 
[ 2023-07-08 15:12:39,751 ] 89 root - INFO - Hypothesis bu_000: float64, float64 
[ 2023-07-08 15:12:39,762 ] 89 root - INFO - Hypothesis bv_000: float64, float64 
[ 2023-07-08 15:12:39,773 ] 89 root - INFO - Hypothesis bx_000: float64, float64 
[ 2023-07-08 15:12:39,784 ] 89 root - INFO - Hypothesis by_000: float64, float64 
[ 2023-07-08 15:12:39,794 ] 89 root - INFO - Hypothesis bz_000: float64, float64 
[ 2023-07-08 15:12:39,804 ] 89 root - INFO - Hypothesis ca_000: float64, float64 
[ 2023-07-08 15:12:39,815 ] 89 root - INFO - Hypothesis cb_000: float64, float64 
[ 2023-07-08 15:12:39,826 ] 89 root - INFO - Hypothesis cc_000: float64, float64 
[ 2023-07-08 15:12:39,837 ] 89 root - INFO - Hypothesis cd_000: float64, float64 
[ 2023-07-08 15:12:39,873 ] 89 root - INFO - Hypothesis ce_000: float64, float64 
[ 2023-07-08 15:12:39,883 ] 89 root - INFO - Hypothesis ci_000: float64, float64 
[ 2023-07-08 15:12:39,894 ] 89 root - INFO - Hypothesis cj_000: float64, float64 
[ 2023-07-08 15:12:39,932 ] 89 root - INFO - Hypothesis ck_000: float64, float64 
[ 2023-07-08 15:12:39,943 ] 89 root - INFO - Hypothesis cl_000: float64, float64 
[ 2023-07-08 15:12:39,949 ] 89 root - INFO - Hypothesis cm_000: float64, float64 
[ 2023-07-08 15:12:39,956 ] 89 root - INFO - Hypothesis cn_000: float64, float64 
[ 2023-07-08 15:12:39,995 ] 89 root - INFO - Hypothesis cn_001: float64, float64 
[ 2023-07-08 15:12:40,034 ] 89 root - INFO - Hypothesis cn_002: float64, float64 
[ 2023-07-08 15:12:40,043 ] 89 root - INFO - Hypothesis cn_003: float64, float64 
[ 2023-07-08 15:12:40,053 ] 89 root - INFO - Hypothesis cn_004: float64, float64 
[ 2023-07-08 15:12:40,064 ] 89 root - INFO - Hypothesis cn_005: float64, float64 
[ 2023-07-08 15:12:40,074 ] 89 root - INFO - Hypothesis cn_006: float64, float64 
[ 2023-07-08 15:12:40,086 ] 89 root - INFO - Hypothesis cn_007: float64, float64 
[ 2023-07-08 15:12:40,096 ] 89 root - INFO - Hypothesis cn_008: float64, float64 
[ 2023-07-08 15:12:40,105 ] 89 root - INFO - Hypothesis cn_009: float64, float64 
[ 2023-07-08 15:12:40,145 ] 89 root - INFO - Hypothesis cp_000: float64, float64 
[ 2023-07-08 15:12:40,184 ] 89 root - INFO - Hypothesis cq_000: float64, float64 
[ 2023-07-08 15:12:40,195 ] 89 root - INFO - Hypothesis cs_000: float64, float64 
[ 2023-07-08 15:12:40,204 ] 89 root - INFO - Hypothesis cs_001: float64, float64 
[ 2023-07-08 15:12:40,213 ] 89 root - INFO - Hypothesis cs_002: float64, float64 
[ 2023-07-08 15:12:40,223 ] 89 root - INFO - Hypothesis cs_003: float64, float64 
[ 2023-07-08 15:12:40,235 ] 89 root - INFO - Hypothesis cs_004: float64, float64 
[ 2023-07-08 15:12:40,246 ] 89 root - INFO - Hypothesis cs_005: float64, float64 
[ 2023-07-08 15:12:40,257 ] 89 root - INFO - Hypothesis cs_006: float64, float64 
[ 2023-07-08 15:12:40,268 ] 89 root - INFO - Hypothesis cs_007: float64, float64 
[ 2023-07-08 15:12:40,279 ] 89 root - INFO - Hypothesis cs_008: float64, float64 
[ 2023-07-08 15:12:40,320 ] 89 root - INFO - Hypothesis cs_009: float64, float64 
[ 2023-07-08 15:12:40,356 ] 89 root - INFO - Hypothesis dd_000: float64, float64 
[ 2023-07-08 15:12:40,366 ] 89 root - INFO - Hypothesis de_000: float64, float64 
[ 2023-07-08 15:12:40,374 ] 89 root - INFO - Hypothesis df_000: float64, float64 
[ 2023-07-08 15:12:40,411 ] 89 root - INFO - Hypothesis dg_000: float64, float64 
[ 2023-07-08 15:12:40,448 ] 89 root - INFO - Hypothesis dh_000: float64, float64 
[ 2023-07-08 15:12:40,454 ] 89 root - INFO - Hypothesis di_000: float64, float64 
[ 2023-07-08 15:12:40,493 ] 89 root - INFO - Hypothesis dj_000: float64, float64 
[ 2023-07-08 15:12:40,529 ] 89 root - INFO - Hypothesis dk_000: float64, float64 
[ 2023-07-08 15:12:40,565 ] 89 root - INFO - Hypothesis dl_000: float64, float64 
[ 2023-07-08 15:12:40,602 ] 89 root - INFO - Hypothesis dm_000: float64, float64 
[ 2023-07-08 15:12:40,637 ] 89 root - INFO - Hypothesis dn_000: float64, float64 
[ 2023-07-08 15:12:40,648 ] 89 root - INFO - Hypothesis do_000: float64, float64 
[ 2023-07-08 15:12:40,657 ] 89 root - INFO - Hypothesis dp_000: float64, float64 
[ 2023-07-08 15:12:40,666 ] 89 root - INFO - Hypothesis dq_000: float64, float64 
[ 2023-07-08 15:12:40,704 ] 89 root - INFO - Hypothesis dr_000: float64, float64 
[ 2023-07-08 15:12:40,742 ] 89 root - INFO - Hypothesis ds_000: float64, float64 
[ 2023-07-08 15:12:40,752 ] 89 root - INFO - Hypothesis dt_000: float64, float64 
[ 2023-07-08 15:12:40,762 ] 89 root - INFO - Hypothesis du_000: float64, float64 
[ 2023-07-08 15:12:40,772 ] 89 root - INFO - Hypothesis dv_000: float64, float64 
[ 2023-07-08 15:12:40,783 ] 89 root - INFO - Hypothesis dx_000: float64, float64 
[ 2023-07-08 15:12:40,821 ] 89 root - INFO - Hypothesis dy_000: float64, float64 
[ 2023-07-08 15:12:40,861 ] 89 root - INFO - Hypothesis dz_000: float64, float64 
[ 2023-07-08 15:12:40,897 ] 89 root - INFO - Hypothesis ea_000: float64, float64 
[ 2023-07-08 15:12:40,934 ] 89 root - INFO - Hypothesis eb_000: float64, float64 
[ 2023-07-08 15:12:40,942 ] 89 root - INFO - Hypothesis ec_00: float64, float64 
[ 2023-07-08 15:12:40,952 ] 89 root - INFO - Hypothesis ed_000: float64, float64 
[ 2023-07-08 15:12:40,961 ] 89 root - INFO - Hypothesis ee_000: float64, float64 
[ 2023-07-08 15:12:40,972 ] 89 root - INFO - Hypothesis ee_001: float64, float64 
[ 2023-07-08 15:12:40,982 ] 89 root - INFO - Hypothesis ee_002: float64, float64 
[ 2023-07-08 15:12:40,993 ] 89 root - INFO - Hypothesis ee_003: float64, float64 
[ 2023-07-08 15:12:41,003 ] 89 root - INFO - Hypothesis ee_004: float64, float64 
[ 2023-07-08 15:12:41,013 ] 89 root - INFO - Hypothesis ee_005: float64, float64 
[ 2023-07-08 15:12:41,023 ] 89 root - INFO - Hypothesis ee_006: float64, float64 
[ 2023-07-08 15:12:41,033 ] 89 root - INFO - Hypothesis ee_007: float64, float64 
[ 2023-07-08 15:12:41,043 ] 89 root - INFO - Hypothesis ee_008: float64, float64 
[ 2023-07-08 15:12:41,052 ] 89 root - INFO - Hypothesis ee_009: float64, float64 
[ 2023-07-08 15:12:41,060 ] 89 root - INFO - Hypothesis ef_000: float64, float64 
[ 2023-07-08 15:12:41,096 ] 89 root - INFO - Hypothesis eg_000: float64, float64 
[ 2023-07-08 15:12:41,132 ] 144 root - INFO - As all column are available in test df hence detecting data drift
[ 2023-07-08 15:12:41,132 ] 89 root - INFO - Hypothesis class: object, object 
[ 2023-07-08 15:12:41,206 ] 89 root - INFO - Hypothesis aa_000: float64, float64 
[ 2023-07-08 15:12:41,213 ] 89 root - INFO - Hypothesis ac_000: float64, float64 
[ 2023-07-08 15:12:41,219 ] 89 root - INFO - Hypothesis ae_000: float64, float64 
[ 2023-07-08 15:12:41,234 ] 89 root - INFO - Hypothesis af_000: float64, float64 
[ 2023-07-08 15:12:41,249 ] 89 root - INFO - Hypothesis ag_000: float64, float64 
[ 2023-07-08 15:12:41,265 ] 89 root - INFO - Hypothesis ag_001: float64, float64 
[ 2023-07-08 15:12:41,280 ] 89 root - INFO - Hypothesis ag_002: float64, float64 
[ 2023-07-08 15:12:41,284 ] 89 root - INFO - Hypothesis ag_003: float64, float64 
[ 2023-07-08 15:12:41,288 ] 89 root - INFO - Hypothesis ag_004: float64, float64 
[ 2023-07-08 15:12:41,294 ] 89 root - INFO - Hypothesis ag_005: float64, float64 
[ 2023-07-08 15:12:41,301 ] 89 root - INFO - Hypothesis ag_006: float64, float64 
[ 2023-07-08 15:12:41,308 ] 89 root - INFO - Hypothesis ag_007: float64, float64 
[ 2023-07-08 15:12:41,315 ] 89 root - INFO - Hypothesis ag_008: float64, float64 
[ 2023-07-08 15:12:41,320 ] 89 root - INFO - Hypothesis ag_009: float64, float64 
[ 2023-07-08 15:12:41,325 ] 89 root - INFO - Hypothesis ah_000: float64, float64 
[ 2023-07-08 15:12:41,332 ] 89 root - INFO - Hypothesis ai_000: float64, float64 
[ 2023-07-08 15:12:41,336 ] 89 root - INFO - Hypothesis aj_000: float64, float64 
[ 2023-07-08 15:12:41,340 ] 89 root - INFO - Hypothesis ak_000: float64, float64 
[ 2023-07-08 15:12:41,343 ] 89 root - INFO - Hypothesis al_000: float64, float64 
[ 2023-07-08 15:12:41,348 ] 89 root - INFO - Hypothesis am_0: float64, float64 
[ 2023-07-08 15:12:41,353 ] 89 root - INFO - Hypothesis an_000: float64, float64 
[ 2023-07-08 15:12:41,360 ] 89 root - INFO - Hypothesis ao_000: float64, float64 
[ 2023-07-08 15:12:41,368 ] 89 root - INFO - Hypothesis ap_000: float64, float64 
[ 2023-07-08 15:12:41,375 ] 89 root - INFO - Hypothesis aq_000: float64, float64 
[ 2023-07-08 15:12:41,382 ] 89 root - INFO - Hypothesis ar_000: float64, float64 
[ 2023-07-08 15:12:41,397 ] 89 root - INFO - Hypothesis as_000: float64, float64 
[ 2023-07-08 15:12:41,412 ] 89 root - INFO - Hypothesis at_000: float64, float64 
[ 2023-07-08 15:12:41,428 ] 89 root - INFO - Hypothesis au_000: float64, float64 
[ 2023-07-08 15:12:41,442 ] 89 root - INFO - Hypothesis av_000: float64, float64 
[ 2023-07-08 15:12:41,448 ] 89 root - INFO - Hypothesis ax_000: float64, float64 
[ 2023-07-08 15:12:41,453 ] 89 root - INFO - Hypothesis ay_000: float64, float64 
[ 2023-07-08 15:12:41,468 ] 89 root - INFO - Hypothesis ay_001: float64, float64 
[ 2023-07-08 15:12:41,483 ] 89 root - INFO - Hypothesis ay_002: float64, float64 
[ 2023-07-08 15:12:41,498 ] 89 root - INFO - Hypothesis ay_003: float64, float64 
[ 2023-07-08 15:12:41,513 ] 89 root - INFO - Hypothesis ay_004: float64, float64 
[ 2023-07-08 15:12:41,528 ] 89 root - INFO - Hypothesis ay_005: float64, float64 
[ 2023-07-08 15:12:41,534 ] 89 root - INFO - Hypothesis ay_006: float64, float64 
[ 2023-07-08 15:12:41,540 ] 89 root - INFO - Hypothesis ay_007: float64, float64 
[ 2023-07-08 15:12:41,547 ] 89 root - INFO - Hypothesis ay_008: float64, float64 
[ 2023-07-08 15:12:41,553 ] 89 root - INFO - Hypothesis ay_009: float64, float64 
[ 2023-07-08 15:12:41,568 ] 89 root - INFO - Hypothesis az_000: float64, float64 
[ 2023-07-08 15:12:41,575 ] 89 root - INFO - Hypothesis az_001: float64, float64 
[ 2023-07-08 15:12:41,581 ] 89 root - INFO - Hypothesis az_002: float64, float64 
[ 2023-07-08 15:12:41,587 ] 89 root - INFO - Hypothesis az_003: float64, float64 
[ 2023-07-08 15:12:41,594 ] 89 root - INFO - Hypothesis az_004: float64, float64 
[ 2023-07-08 15:12:41,601 ] 89 root - INFO - Hypothesis az_005: float64, float64 
[ 2023-07-08 15:12:41,608 ] 89 root - INFO - Hypothesis az_006: float64, float64 
[ 2023-07-08 15:12:41,614 ] 89 root - INFO - Hypothesis az_007: float64, float64 
[ 2023-07-08 15:12:41,618 ] 89 root - INFO - Hypothesis az_008: float64, float64 
[ 2023-07-08 15:12:41,633 ] 89 root - INFO - Hypothesis az_009: float64, float64 
[ 2023-07-08 15:12:41,649 ] 89 root - INFO - Hypothesis ba_000: float64, float64 
[ 2023-07-08 15:12:41,656 ] 89 root - INFO - Hypothesis ba_001: float64, float64 
[ 2023-07-08 15:12:41,663 ] 89 root - INFO - Hypothesis ba_002: float64, float64 
[ 2023-07-08 15:12:41,670 ] 89 root - INFO - Hypothesis ba_003: float64, float64 
[ 2023-07-08 15:12:41,677 ] 89 root - INFO - Hypothesis ba_004: float64, float64 
[ 2023-07-08 15:12:41,683 ] 89 root - INFO - Hypothesis ba_005: float64, float64 
[ 2023-07-08 15:12:41,690 ] 89 root - INFO - Hypothesis ba_006: float64, float64 
[ 2023-07-08 15:12:41,697 ] 89 root - INFO - Hypothesis ba_007: float64, float64 
[ 2023-07-08 15:12:41,703 ] 89 root - INFO - Hypothesis ba_008: float64, float64 
[ 2023-07-08 15:12:41,709 ] 89 root - INFO - Hypothesis ba_009: float64, float64 
[ 2023-07-08 15:12:41,713 ] 89 root - INFO - Hypothesis bb_000: float64, float64 
[ 2023-07-08 15:12:41,720 ] 89 root - INFO - Hypothesis bc_000: float64, float64 
[ 2023-07-08 15:12:41,726 ] 89 root - INFO - Hypothesis bd_000: float64, float64 
[ 2023-07-08 15:12:41,732 ] 89 root - INFO - Hypothesis be_000: float64, float64 
[ 2023-07-08 15:12:41,738 ] 89 root - INFO - Hypothesis bf_000: float64, float64 
[ 2023-07-08 15:12:41,743 ] 89 root - INFO - Hypothesis bg_000: float64, float64 
[ 2023-07-08 15:12:41,750 ] 89 root - INFO - Hypothesis bh_000: float64, float64 
[ 2023-07-08 15:12:41,757 ] 89 root - INFO - Hypothesis bi_000: float64, float64 
[ 2023-07-08 15:12:41,764 ] 89 root - INFO - Hypothesis bj_000: float64, float64 
[ 2023-07-08 15:12:41,771 ] 89 root - INFO - Hypothesis bs_000: float64, float64 
[ 2023-07-08 15:12:41,778 ] 89 root - INFO - Hypothesis bt_000: float64, float64 
[ 2023-07-08 15:12:41,785 ] 89 root - INFO - Hypothesis bu_000: float64, float64 
[ 2023-07-08 15:12:41,792 ] 89 root - INFO - Hypothesis bv_000: float64, float64 
[ 2023-07-08 15:12:41,799 ] 89 root - INFO - Hypothesis bx_000: float64, float64 
[ 2023-07-08 15:12:41,805 ] 89 root - INFO - Hypothesis by_000: float64, float64 
[ 2023-07-08 15:12:41,812 ] 89 root - INFO - Hypothesis bz_000: float64, float64 
[ 2023-07-08 15:12:41,819 ] 89 root - INFO - Hypothesis ca_000: float64, float64 
[ 2023-07-08 15:12:41,825 ] 89 root - INFO - Hypothesis cb_000: float64, float64 
[ 2023-07-08 15:12:41,833 ] 89 root - INFO - Hypothesis cc_000: float64, float64 
[ 2023-07-08 15:12:41,839 ] 89 root - INFO - Hypothesis cd_000: float64, float64 
[ 2023-07-08 15:12:41,855 ] 89 root - INFO - Hypothesis ce_000: float64, float64 
[ 2023-07-08 15:12:41,861 ] 89 root - INFO - Hypothesis ci_000: float64, float64 
[ 2023-07-08 15:12:41,868 ] 89 root - INFO - Hypothesis cj_000: float64, float64 
[ 2023-07-08 15:12:41,872 ] 89 root - INFO - Hypothesis ck_000: float64, float64 
[ 2023-07-08 15:12:41,880 ] 89 root - INFO - Hypothesis cl_000: float64, float64 
[ 2023-07-08 15:12:41,884 ] 89 root - INFO - Hypothesis cm_000: float64, float64 
[ 2023-07-08 15:12:41,889 ] 89 root - INFO - Hypothesis cn_000: float64, float64 
[ 2023-07-08 15:12:41,904 ] 89 root - INFO - Hypothesis cn_001: float64, float64 
[ 2023-07-08 15:12:41,909 ] 89 root - INFO - Hypothesis cn_002: float64, float64 
[ 2023-07-08 15:12:41,914 ] 89 root - INFO - Hypothesis cn_003: float64, float64 
[ 2023-07-08 15:12:41,921 ] 89 root - INFO - Hypothesis cn_004: float64, float64 
[ 2023-07-08 15:12:41,929 ] 89 root - INFO - Hypothesis cn_005: float64, float64 
[ 2023-07-08 15:12:41,936 ] 89 root - INFO - Hypothesis cn_006: float64, float64 
[ 2023-07-08 15:12:41,943 ] 89 root - INFO - Hypothesis cn_007: float64, float64 
[ 2023-07-08 15:12:41,950 ] 89 root - INFO - Hypothesis cn_008: float64, float64 
[ 2023-07-08 15:12:41,957 ] 89 root - INFO - Hypothesis cn_009: float64, float64 
[ 2023-07-08 15:12:41,962 ] 89 root - INFO - Hypothesis cp_000: float64, float64 
[ 2023-07-08 15:12:41,967 ] 89 root - INFO - Hypothesis cq_000: float64, float64 
[ 2023-07-08 15:12:41,974 ] 89 root - INFO - Hypothesis cs_000: float64, float64 
[ 2023-07-08 15:12:41,981 ] 89 root - INFO - Hypothesis cs_001: float64, float64 
[ 2023-07-08 15:12:41,987 ] 89 root - INFO - Hypothesis cs_002: float64, float64 
[ 2023-07-08 15:12:41,996 ] 89 root - INFO - Hypothesis cs_003: float64, float64 
[ 2023-07-08 15:12:42,003 ] 89 root - INFO - Hypothesis cs_004: float64, float64 
[ 2023-07-08 15:12:42,011 ] 89 root - INFO - Hypothesis cs_005: float64, float64 
[ 2023-07-08 15:12:42,018 ] 89 root - INFO - Hypothesis cs_006: float64, float64 
[ 2023-07-08 15:12:42,025 ] 89 root - INFO - Hypothesis cs_007: float64, float64 
[ 2023-07-08 15:12:42,032 ] 89 root - INFO - Hypothesis cs_008: float64, float64 
[ 2023-07-08 15:12:42,037 ] 89 root - INFO - Hypothesis cs_009: float64, float64 
[ 2023-07-08 15:12:42,052 ] 89 root - INFO - Hypothesis dd_000: float64, float64 
[ 2023-07-08 15:12:42,059 ] 89 root - INFO - Hypothesis de_000: float64, float64 
[ 2023-07-08 15:12:42,065 ] 89 root - INFO - Hypothesis df_000: float64, float64 
[ 2023-07-08 15:12:42,068 ] 89 root - INFO - Hypothesis dg_000: float64, float64 
[ 2023-07-08 15:12:42,071 ] 89 root - INFO - Hypothesis dh_000: float64, float64 
[ 2023-07-08 15:12:42,075 ] 89 root - INFO - Hypothesis di_000: float64, float64 
[ 2023-07-08 15:12:42,079 ] 89 root - INFO - Hypothesis dj_000: float64, float64 
[ 2023-07-08 15:12:42,094 ] 89 root - INFO - Hypothesis dk_000: float64, float64 
[ 2023-07-08 15:12:42,097 ] 89 root - INFO - Hypothesis dl_000: float64, float64 
[ 2023-07-08 15:12:42,113 ] 89 root - INFO - Hypothesis dm_000: float64, float64 
[ 2023-07-08 15:12:42,129 ] 89 root - INFO - Hypothesis dn_000: float64, float64 
[ 2023-07-08 15:12:42,136 ] 89 root - INFO - Hypothesis do_000: float64, float64 
[ 2023-07-08 15:12:42,142 ] 89 root - INFO - Hypothesis dp_000: float64, float64 
[ 2023-07-08 15:12:42,148 ] 89 root - INFO - Hypothesis dq_000: float64, float64 
[ 2023-07-08 15:12:42,153 ] 89 root - INFO - Hypothesis dr_000: float64, float64 
[ 2023-07-08 15:12:42,157 ] 89 root - INFO - Hypothesis ds_000: float64, float64 
[ 2023-07-08 15:12:42,164 ] 89 root - INFO - Hypothesis dt_000: float64, float64 
[ 2023-07-08 15:12:42,171 ] 89 root - INFO - Hypothesis du_000: float64, float64 
[ 2023-07-08 15:12:42,177 ] 89 root - INFO - Hypothesis dv_000: float64, float64 
[ 2023-07-08 15:12:42,185 ] 89 root - INFO - Hypothesis dx_000: float64, float64 
[ 2023-07-08 15:12:42,189 ] 89 root - INFO - Hypothesis dy_000: float64, float64 
[ 2023-07-08 15:12:42,194 ] 89 root - INFO - Hypothesis dz_000: float64, float64 
[ 2023-07-08 15:12:42,209 ] 89 root - INFO - Hypothesis ea_000: float64, float64 
[ 2023-07-08 15:12:42,225 ] 89 root - INFO - Hypothesis eb_000: float64, float64 
[ 2023-07-08 15:12:42,231 ] 89 root - INFO - Hypothesis ec_00: float64, float64 
[ 2023-07-08 15:12:42,237 ] 89 root - INFO - Hypothesis ed_000: float64, float64 
[ 2023-07-08 15:12:42,244 ] 89 root - INFO - Hypothesis ee_000: float64, float64 
[ 2023-07-08 15:12:42,251 ] 89 root - INFO - Hypothesis ee_001: float64, float64 
[ 2023-07-08 15:12:42,259 ] 89 root - INFO - Hypothesis ee_002: float64, float64 
[ 2023-07-08 15:12:42,266 ] 89 root - INFO - Hypothesis ee_003: float64, float64 
[ 2023-07-08 15:12:42,273 ] 89 root - INFO - Hypothesis ee_004: float64, float64 
[ 2023-07-08 15:12:42,280 ] 89 root - INFO - Hypothesis ee_005: float64, float64 
[ 2023-07-08 15:12:42,287 ] 89 root - INFO - Hypothesis ee_006: float64, float64 
[ 2023-07-08 15:12:42,293 ] 89 root - INFO - Hypothesis ee_007: float64, float64 
[ 2023-07-08 15:12:42,300 ] 89 root - INFO - Hypothesis ee_008: float64, float64 
[ 2023-07-08 15:12:42,306 ] 89 root - INFO - Hypothesis ee_009: float64, float64 
[ 2023-07-08 15:12:42,311 ] 89 root - INFO - Hypothesis ef_000: float64, float64 
[ 2023-07-08 15:12:42,327 ] 89 root - INFO - Hypothesis eg_000: float64, float64 
[ 2023-07-08 15:12:42,342 ] 150 root - INFO - Write reprt in yaml file
[ 2023-07-08 15:12:42,476 ] 154 root - INFO - Data validation artifact: DataValidationArtifact(report_file_path='/config/workspace/artifact/07082023__151224/data_validation/report.yaml')
[ 2023-07-08 15:12:42,570 ] 24 root - INFO - >>>>>>>>>>>>>>>>>>>>>>>>>>>>>>>>>>>>>>>> Data Transformation <<<<<<<<<<<<<<<<<<<<<<<<<<<<<<<<<<<<<<<<
[ 2023-07-08 15:12:43,475 ] 75 root - INFO - Before resampling in training set Input: (28950, 170) Target:(28950,)
[ 2023-07-08 15:12:49,509 ] 77 root - INFO - After resampling in training set Input: (56152, 170) Target:(56152,)
[ 2023-07-08 15:12:49,509 ] 79 root - INFO - Before resampling in testing set Input: (7238, 170) Target:(7238,)
[ 2023-07-08 15:12:50,136 ] 81 root - INFO - After resampling in testing set Input: (14072, 170) Target:(14072,)
[ 2023-07-08 15:12:50,250 ] 53 root - INFO - Entered the save_object method of utils
[ 2023-07-08 15:12:50,253 ] 57 root - INFO - Exited the save_object method of utils
[ 2023-07-08 15:12:50,253 ] 53 root - INFO - Entered the save_object method of utils
[ 2023-07-08 15:12:50,254 ] 57 root - INFO - Exited the save_object method of utils
[ 2023-07-08 15:12:50,254 ] 112 root - INFO - Data transformation object DataTransformationArtifact(transform_object_path='/config/workspace/artifact/07082023__151224/data_transformation/transformer/transformer.pkl', transformed_train_path='/config/workspace/artifact/07082023__151224/data_transformation/transformed/train.npz', transformed_test_path='/config/workspace/artifact/07082023__151224/data_transformation/transformed/test.npz', target_encoder_path='/config/workspace/artifact/07082023__151224/data_transformation/target_encoder/target_encoder.pkl')
[ 2023-07-08 15:12:50,255 ] 18 root - INFO - >>>>>>>>>>>>>>>>>>>>>>>>>>>>>>>>>>>>>>>> Model Trainer <<<<<<<<<<<<<<<<<<<<<<<<<<<<<<<<<<<<<<<<
[ 2023-07-08 15:12:50,255 ] 45 root - INFO - Loading train and test array.
[ 2023-07-08 15:12:50,285 ] 49 root - INFO - Splitting input and target feature from both train and test arr.
[ 2023-07-08 15:12:50,285 ] 53 root - INFO - Train the model
[ 2023-07-08 15:13:00,811 ] 56 root - INFO - Calculating f1 train score
[ 2023-07-08 15:13:00,864 ] 60 root - INFO - Calculating f1 test score
[ 2023-07-08 15:13:00,881 ] 64 root - INFO - train score:0.9999821908781678 and tests score 0.9694011365292147
[ 2023-07-08 15:13:00,881 ] 66 root - INFO - Checking if our model is underfitting or not
[ 2023-07-08 15:13:00,881 ] 71 root - INFO - Checking if our model is overfiiting or not
[ 2023-07-08 15:13:00,881 ] 78 root - INFO - Saving mode object
[ 2023-07-08 15:13:00,881 ] 53 root - INFO - Entered the save_object method of utils
[ 2023-07-08 15:13:00,887 ] 57 root - INFO - Exited the save_object method of utils
[ 2023-07-08 15:13:00,887 ] 82 root - INFO - Prepare the artifact
[ 2023-07-08 15:13:00,887 ] 85 root - INFO - Model trainer artifact: ModelTrainerArtifact(model_path='/config/workspace/artifact/07082023__151224/model_trainer/model/model.pkl', f1_train_score=0.9999821908781678, f1_test_score=0.9694011365292147)
