[ 2023-07-10 12:31:33,419 ] 15 root - INFO - >>>>>>>>>>>>>>>>>>>>>>>>>>>>>>>>>>>>>>>> Data Ingestion <<<<<<<<<<<<<<<<<<<<<<<<<<<<<<<<<<<<<<<<
[ 2023-07-10 12:31:33,419 ] 22 root - INFO - Exporting collection data as pandas dataframe
[ 2023-07-10 12:31:33,419 ] 22 root - INFO - Reading data from database: aps and collection: sensor
[ 2023-07-10 12:31:36,849 ] 24 root - INFO - Found columns: Index(['_id', 'class', 'aa_000', 'ab_000', 'ac_000', 'ad_000', 'ae_000',
       'af_000', 'ag_000', 'ag_001',
       ...
       'ee_002', 'ee_003', 'ee_004', 'ee_005', 'ee_006', 'ee_007', 'ee_008',
       'ee_009', 'ef_000', 'eg_000'],
      dtype='object', length=172)
[ 2023-07-10 12:31:36,849 ] 26 root - INFO - Dropping column: _id 
[ 2023-07-10 12:31:37,087 ] 28 root - INFO - Row and columns in df: (36188, 171)
[ 2023-07-10 12:31:37,087 ] 28 root - INFO - Save data in feature store
[ 2023-07-10 12:31:38,673 ] 34 root - INFO - Create feature store folder if not available
[ 2023-07-10 12:31:38,674 ] 38 root - INFO - Save df to feature store folder
[ 2023-07-10 12:31:40,690 ] 43 root - INFO - split dataset into train and test set
[ 2023-07-10 12:31:41,111 ] 47 root - INFO - create dataset directory folder if not available
[ 2023-07-10 12:31:41,112 ] 52 root - INFO - Save df to feature store folder
[ 2023-07-10 12:31:43,019 ] 64 root - INFO - Data ingestion artifact: DataIngestionArtifact(feature_store_file_path='/config/workspace/artifact/07102023__123133/data_ingestion/feature_store/sensor.csv', train_file_path='/config/workspace/artifact/07102023__123133/data_ingestion/dataset/train.csv', test_file_path='/config/workspace/artifact/07102023__123133/data_ingestion/dataset/test.csv')
[ 2023-07-10 12:31:43,470 ] 22 root - INFO - >>>>>>>>>>>>>>>>>>>>>>>>>>>>>>>>>>>>>>>> Data Validation <<<<<<<<<<<<<<<<<<<<<<<<<<<<<<<<<<<<<<<<
[ 2023-07-10 12:31:43,471 ] 111 root - INFO - Reading base dataframe
[ 2023-07-10 12:31:45,775 ] 114 root - INFO - Replace na value in base df
[ 2023-07-10 12:31:45,776 ] 116 root - INFO - Drop null values colums from base df
[ 2023-07-10 12:31:45,996 ] 45 root - INFO - selecting column name which contains null above to 0.2
[ 2023-07-10 12:31:45,997 ] 48 root - INFO - Columns to drop: ['ab_000', 'ad_000', 'bk_000', 'bl_000', 'bm_000', 'bn_000', 'bo_000', 'bp_000', 'bq_000', 'br_000', 'cf_000', 'cg_000', 'ch_000', 'co_000', 'cr_000', 'ct_000', 'cu_000', 'cv_000', 'cx_000', 'cy_000', 'cz_000', 'da_000', 'db_000', 'dc_000']
[ 2023-07-10 12:31:46,077 ] 119 root - INFO - Reading train dataframe
[ 2023-07-10 12:31:46,483 ] 121 root - INFO - Reading test dataframe
[ 2023-07-10 12:31:46,587 ] 124 root - INFO - Drop null values colums from train df
[ 2023-07-10 12:31:46,595 ] 45 root - INFO - selecting column name which contains null above to 0.2
[ 2023-07-10 12:31:46,595 ] 48 root - INFO - Columns to drop: ['ab_000', 'ad_000', 'bk_000', 'bl_000', 'bm_000', 'bn_000', 'bo_000', 'bp_000', 'bq_000', 'br_000', 'cf_000', 'cg_000', 'ch_000', 'co_000', 'cr_000', 'ct_000', 'cu_000', 'cv_000', 'cx_000', 'cy_000', 'cz_000', 'da_000', 'db_000', 'dc_000']
[ 2023-07-10 12:31:46,604 ] 126 root - INFO - Drop null values colums from test df
[ 2023-07-10 12:31:46,608 ] 45 root - INFO - selecting column name which contains null above to 0.2
[ 2023-07-10 12:31:46,608 ] 48 root - INFO - Columns to drop: ['ab_000', 'ad_000', 'bk_000', 'bl_000', 'bm_000', 'bn_000', 'bo_000', 'bp_000', 'bq_000', 'br_000', 'cf_000', 'cg_000', 'ch_000', 'co_000', 'cr_000', 'ct_000', 'cu_000', 'cv_000', 'cx_000', 'cy_000', 'cz_000', 'da_000', 'db_000', 'dc_000']
[ 2023-07-10 12:31:47,408 ] 135 root - INFO - Is all required columns present in train df
[ 2023-07-10 12:31:47,408 ] 137 root - INFO - Is all required columns present in test df
[ 2023-07-10 12:31:47,408 ] 141 root - INFO - As all column are available in train df hence detecting data drift
[ 2023-07-10 12:31:47,409 ] 89 root - INFO - Hypothesis class: object, object 
[ 2023-07-10 12:31:47,544 ] 89 root - INFO - Hypothesis aa_000: float64, float64 
[ 2023-07-10 12:31:47,555 ] 89 root - INFO - Hypothesis ac_000: float64, float64 
[ 2023-07-10 12:31:47,595 ] 89 root - INFO - Hypothesis ae_000: float64, float64 
[ 2023-07-10 12:31:47,631 ] 89 root - INFO - Hypothesis af_000: float64, float64 
[ 2023-07-10 12:31:47,668 ] 89 root - INFO - Hypothesis ag_000: float64, float64 
[ 2023-07-10 12:31:47,704 ] 89 root - INFO - Hypothesis ag_001: float64, float64 
[ 2023-07-10 12:31:47,739 ] 89 root - INFO - Hypothesis ag_002: float64, float64 
[ 2023-07-10 12:31:47,776 ] 89 root - INFO - Hypothesis ag_003: float64, float64 
[ 2023-07-10 12:31:47,782 ] 89 root - INFO - Hypothesis ag_004: float64, float64 
[ 2023-07-10 12:31:47,792 ] 89 root - INFO - Hypothesis ag_005: float64, float64 
[ 2023-07-10 12:31:47,803 ] 89 root - INFO - Hypothesis ag_006: float64, float64 
[ 2023-07-10 12:31:47,813 ] 89 root - INFO - Hypothesis ag_007: float64, float64 
[ 2023-07-10 12:31:47,823 ] 89 root - INFO - Hypothesis ag_008: float64, float64 
[ 2023-07-10 12:31:47,832 ] 89 root - INFO - Hypothesis ag_009: float64, float64 
[ 2023-07-10 12:31:47,839 ] 89 root - INFO - Hypothesis ah_000: float64, float64 
[ 2023-07-10 12:31:47,849 ] 89 root - INFO - Hypothesis ai_000: float64, float64 
[ 2023-07-10 12:31:47,887 ] 89 root - INFO - Hypothesis aj_000: float64, float64 
[ 2023-07-10 12:31:47,893 ] 89 root - INFO - Hypothesis ak_000: float64, float64 
[ 2023-07-10 12:31:47,930 ] 89 root - INFO - Hypothesis al_000: float64, float64 
[ 2023-07-10 12:31:47,938 ] 89 root - INFO - Hypothesis am_0: float64, float64 
[ 2023-07-10 12:31:47,945 ] 89 root - INFO - Hypothesis an_000: float64, float64 
[ 2023-07-10 12:31:47,955 ] 89 root - INFO - Hypothesis ao_000: float64, float64 
[ 2023-07-10 12:31:47,966 ] 89 root - INFO - Hypothesis ap_000: float64, float64 
[ 2023-07-10 12:31:47,977 ] 89 root - INFO - Hypothesis aq_000: float64, float64 
[ 2023-07-10 12:31:47,987 ] 89 root - INFO - Hypothesis ar_000: float64, float64 
[ 2023-07-10 12:31:48,025 ] 89 root - INFO - Hypothesis as_000: float64, float64 
[ 2023-07-10 12:31:48,060 ] 89 root - INFO - Hypothesis at_000: float64, float64 
[ 2023-07-10 12:31:48,097 ] 89 root - INFO - Hypothesis au_000: float64, float64 
[ 2023-07-10 12:31:48,133 ] 89 root - INFO - Hypothesis av_000: float64, float64 
[ 2023-07-10 12:31:48,141 ] 89 root - INFO - Hypothesis ax_000: float64, float64 
[ 2023-07-10 12:31:48,149 ] 89 root - INFO - Hypothesis ay_000: float64, float64 
[ 2023-07-10 12:31:48,185 ] 89 root - INFO - Hypothesis ay_001: float64, float64 
[ 2023-07-10 12:31:48,220 ] 89 root - INFO - Hypothesis ay_002: float64, float64 
[ 2023-07-10 12:31:48,257 ] 89 root - INFO - Hypothesis ay_003: float64, float64 
[ 2023-07-10 12:31:48,294 ] 89 root - INFO - Hypothesis ay_004: float64, float64 
[ 2023-07-10 12:31:48,330 ] 89 root - INFO - Hypothesis ay_005: float64, float64 
[ 2023-07-10 12:31:48,371 ] 89 root - INFO - Hypothesis ay_006: float64, float64 
[ 2023-07-10 12:31:48,380 ] 89 root - INFO - Hypothesis ay_007: float64, float64 
[ 2023-07-10 12:31:48,390 ] 89 root - INFO - Hypothesis ay_008: float64, float64 
[ 2023-07-10 12:31:48,401 ] 89 root - INFO - Hypothesis ay_009: float64, float64 
[ 2023-07-10 12:31:48,437 ] 89 root - INFO - Hypothesis az_000: float64, float64 
[ 2023-07-10 12:31:48,447 ] 89 root - INFO - Hypothesis az_001: float64, float64 
[ 2023-07-10 12:31:48,458 ] 89 root - INFO - Hypothesis az_002: float64, float64 
[ 2023-07-10 12:31:48,469 ] 89 root - INFO - Hypothesis az_003: float64, float64 
[ 2023-07-10 12:31:48,479 ] 89 root - INFO - Hypothesis az_004: float64, float64 
[ 2023-07-10 12:31:48,489 ] 89 root - INFO - Hypothesis az_005: float64, float64 
[ 2023-07-10 12:31:48,500 ] 89 root - INFO - Hypothesis az_006: float64, float64 
[ 2023-07-10 12:31:48,541 ] 89 root - INFO - Hypothesis az_007: float64, float64 
[ 2023-07-10 12:31:48,578 ] 89 root - INFO - Hypothesis az_008: float64, float64 
[ 2023-07-10 12:31:48,615 ] 89 root - INFO - Hypothesis az_009: float64, float64 
[ 2023-07-10 12:31:48,651 ] 89 root - INFO - Hypothesis ba_000: float64, float64 
[ 2023-07-10 12:31:48,661 ] 89 root - INFO - Hypothesis ba_001: float64, float64 
[ 2023-07-10 12:31:48,672 ] 89 root - INFO - Hypothesis ba_002: float64, float64 
[ 2023-07-10 12:31:48,682 ] 89 root - INFO - Hypothesis ba_003: float64, float64 
[ 2023-07-10 12:31:48,693 ] 89 root - INFO - Hypothesis ba_004: float64, float64 
[ 2023-07-10 12:31:48,703 ] 89 root - INFO - Hypothesis ba_005: float64, float64 
[ 2023-07-10 12:31:48,713 ] 89 root - INFO - Hypothesis ba_006: float64, float64 
[ 2023-07-10 12:31:48,723 ] 89 root - INFO - Hypothesis ba_007: float64, float64 
[ 2023-07-10 12:31:48,732 ] 89 root - INFO - Hypothesis ba_008: float64, float64 
[ 2023-07-10 12:31:48,773 ] 89 root - INFO - Hypothesis ba_009: float64, float64 
[ 2023-07-10 12:31:48,812 ] 89 root - INFO - Hypothesis bb_000: float64, float64 
[ 2023-07-10 12:31:48,822 ] 89 root - INFO - Hypothesis bc_000: float64, float64 
[ 2023-07-10 12:31:48,862 ] 89 root - INFO - Hypothesis bd_000: float64, float64 
[ 2023-07-10 12:31:48,871 ] 89 root - INFO - Hypothesis be_000: float64, float64 
[ 2023-07-10 12:31:48,879 ] 89 root - INFO - Hypothesis bf_000: float64, float64 
[ 2023-07-10 12:31:48,886 ] 89 root - INFO - Hypothesis bg_000: float64, float64 
[ 2023-07-10 12:31:48,897 ] 89 root - INFO - Hypothesis bh_000: float64, float64 
[ 2023-07-10 12:31:48,907 ] 89 root - INFO - Hypothesis bi_000: float64, float64 
[ 2023-07-10 12:31:48,917 ] 89 root - INFO - Hypothesis bj_000: float64, float64 
[ 2023-07-10 12:31:48,928 ] 89 root - INFO - Hypothesis bs_000: float64, float64 
[ 2023-07-10 12:31:48,938 ] 89 root - INFO - Hypothesis bt_000: float64, float64 
[ 2023-07-10 12:31:48,949 ] 89 root - INFO - Hypothesis bu_000: float64, float64 
[ 2023-07-10 12:31:48,961 ] 89 root - INFO - Hypothesis bv_000: float64, float64 
[ 2023-07-10 12:31:48,972 ] 89 root - INFO - Hypothesis bx_000: float64, float64 
[ 2023-07-10 12:31:48,982 ] 89 root - INFO - Hypothesis by_000: float64, float64 
[ 2023-07-10 12:31:48,993 ] 89 root - INFO - Hypothesis bz_000: float64, float64 
[ 2023-07-10 12:31:49,002 ] 89 root - INFO - Hypothesis ca_000: float64, float64 
[ 2023-07-10 12:31:49,012 ] 89 root - INFO - Hypothesis cb_000: float64, float64 
[ 2023-07-10 12:31:49,023 ] 89 root - INFO - Hypothesis cc_000: float64, float64 
[ 2023-07-10 12:31:49,034 ] 89 root - INFO - Hypothesis cd_000: float64, float64 
[ 2023-07-10 12:31:49,071 ] 89 root - INFO - Hypothesis ce_000: float64, float64 
[ 2023-07-10 12:31:49,080 ] 89 root - INFO - Hypothesis ci_000: float64, float64 
[ 2023-07-10 12:31:49,091 ] 89 root - INFO - Hypothesis cj_000: float64, float64 
[ 2023-07-10 12:31:49,129 ] 89 root - INFO - Hypothesis ck_000: float64, float64 
[ 2023-07-10 12:31:49,139 ] 89 root - INFO - Hypothesis cl_000: float64, float64 
[ 2023-07-10 12:31:49,145 ] 89 root - INFO - Hypothesis cm_000: float64, float64 
[ 2023-07-10 12:31:49,153 ] 89 root - INFO - Hypothesis cn_000: float64, float64 
[ 2023-07-10 12:31:49,190 ] 89 root - INFO - Hypothesis cn_001: float64, float64 
[ 2023-07-10 12:31:49,229 ] 89 root - INFO - Hypothesis cn_002: float64, float64 
[ 2023-07-10 12:31:49,237 ] 89 root - INFO - Hypothesis cn_003: float64, float64 
[ 2023-07-10 12:31:49,248 ] 89 root - INFO - Hypothesis cn_004: float64, float64 
[ 2023-07-10 12:31:49,258 ] 89 root - INFO - Hypothesis cn_005: float64, float64 
[ 2023-07-10 12:31:49,269 ] 89 root - INFO - Hypothesis cn_006: float64, float64 
[ 2023-07-10 12:31:49,279 ] 89 root - INFO - Hypothesis cn_007: float64, float64 
[ 2023-07-10 12:31:49,289 ] 89 root - INFO - Hypothesis cn_008: float64, float64 
[ 2023-07-10 12:31:49,298 ] 89 root - INFO - Hypothesis cn_009: float64, float64 
[ 2023-07-10 12:31:49,339 ] 89 root - INFO - Hypothesis cp_000: float64, float64 
[ 2023-07-10 12:31:49,379 ] 89 root - INFO - Hypothesis cq_000: float64, float64 
[ 2023-07-10 12:31:49,391 ] 89 root - INFO - Hypothesis cs_000: float64, float64 
[ 2023-07-10 12:31:49,402 ] 89 root - INFO - Hypothesis cs_001: float64, float64 
[ 2023-07-10 12:31:49,411 ] 89 root - INFO - Hypothesis cs_002: float64, float64 
[ 2023-07-10 12:31:49,421 ] 89 root - INFO - Hypothesis cs_003: float64, float64 
[ 2023-07-10 12:31:49,431 ] 89 root - INFO - Hypothesis cs_004: float64, float64 
[ 2023-07-10 12:31:49,442 ] 89 root - INFO - Hypothesis cs_005: float64, float64 
[ 2023-07-10 12:31:49,454 ] 89 root - INFO - Hypothesis cs_006: float64, float64 
[ 2023-07-10 12:31:49,465 ] 89 root - INFO - Hypothesis cs_007: float64, float64 
[ 2023-07-10 12:31:49,476 ] 89 root - INFO - Hypothesis cs_008: float64, float64 
[ 2023-07-10 12:31:49,516 ] 89 root - INFO - Hypothesis cs_009: float64, float64 
[ 2023-07-10 12:31:49,554 ] 89 root - INFO - Hypothesis dd_000: float64, float64 
[ 2023-07-10 12:31:49,563 ] 89 root - INFO - Hypothesis de_000: float64, float64 
[ 2023-07-10 12:31:49,572 ] 89 root - INFO - Hypothesis df_000: float64, float64 
[ 2023-07-10 12:31:49,609 ] 89 root - INFO - Hypothesis dg_000: float64, float64 
[ 2023-07-10 12:31:49,647 ] 89 root - INFO - Hypothesis dh_000: float64, float64 
[ 2023-07-10 12:31:49,652 ] 89 root - INFO - Hypothesis di_000: float64, float64 
[ 2023-07-10 12:31:49,691 ] 89 root - INFO - Hypothesis dj_000: float64, float64 
[ 2023-07-10 12:31:49,727 ] 89 root - INFO - Hypothesis dk_000: float64, float64 
[ 2023-07-10 12:31:49,767 ] 89 root - INFO - Hypothesis dl_000: float64, float64 
[ 2023-07-10 12:31:49,803 ] 89 root - INFO - Hypothesis dm_000: float64, float64 
[ 2023-07-10 12:31:49,839 ] 89 root - INFO - Hypothesis dn_000: float64, float64 
[ 2023-07-10 12:31:49,849 ] 89 root - INFO - Hypothesis do_000: float64, float64 
[ 2023-07-10 12:31:49,859 ] 89 root - INFO - Hypothesis dp_000: float64, float64 
[ 2023-07-10 12:31:49,868 ] 89 root - INFO - Hypothesis dq_000: float64, float64 
[ 2023-07-10 12:31:49,906 ] 89 root - INFO - Hypothesis dr_000: float64, float64 
[ 2023-07-10 12:31:49,945 ] 89 root - INFO - Hypothesis ds_000: float64, float64 
[ 2023-07-10 12:31:49,955 ] 89 root - INFO - Hypothesis dt_000: float64, float64 
[ 2023-07-10 12:31:49,965 ] 89 root - INFO - Hypothesis du_000: float64, float64 
[ 2023-07-10 12:31:49,976 ] 89 root - INFO - Hypothesis dv_000: float64, float64 
[ 2023-07-10 12:31:49,986 ] 89 root - INFO - Hypothesis dx_000: float64, float64 
[ 2023-07-10 12:31:50,027 ] 89 root - INFO - Hypothesis dy_000: float64, float64 
[ 2023-07-10 12:31:50,066 ] 89 root - INFO - Hypothesis dz_000: float64, float64 
[ 2023-07-10 12:31:50,102 ] 89 root - INFO - Hypothesis ea_000: float64, float64 
[ 2023-07-10 12:31:50,139 ] 89 root - INFO - Hypothesis eb_000: float64, float64 
[ 2023-07-10 12:31:50,148 ] 89 root - INFO - Hypothesis ec_00: float64, float64 
[ 2023-07-10 12:31:50,158 ] 89 root - INFO - Hypothesis ed_000: float64, float64 
[ 2023-07-10 12:31:50,166 ] 89 root - INFO - Hypothesis ee_000: float64, float64 
[ 2023-07-10 12:31:50,177 ] 89 root - INFO - Hypothesis ee_001: float64, float64 
[ 2023-07-10 12:31:50,188 ] 89 root - INFO - Hypothesis ee_002: float64, float64 
[ 2023-07-10 12:31:50,198 ] 89 root - INFO - Hypothesis ee_003: float64, float64 
[ 2023-07-10 12:31:50,208 ] 89 root - INFO - Hypothesis ee_004: float64, float64 
[ 2023-07-10 12:31:50,219 ] 89 root - INFO - Hypothesis ee_005: float64, float64 
[ 2023-07-10 12:31:50,229 ] 89 root - INFO - Hypothesis ee_006: float64, float64 
[ 2023-07-10 12:31:50,239 ] 89 root - INFO - Hypothesis ee_007: float64, float64 
[ 2023-07-10 12:31:50,249 ] 89 root - INFO - Hypothesis ee_008: float64, float64 
[ 2023-07-10 12:31:50,258 ] 89 root - INFO - Hypothesis ee_009: float64, float64 
[ 2023-07-10 12:31:50,265 ] 89 root - INFO - Hypothesis ef_000: float64, float64 
[ 2023-07-10 12:31:50,302 ] 89 root - INFO - Hypothesis eg_000: float64, float64 
[ 2023-07-10 12:31:50,340 ] 144 root - INFO - As all column are available in test df hence detecting data drift
[ 2023-07-10 12:31:50,341 ] 89 root - INFO - Hypothesis class: object, object 
[ 2023-07-10 12:31:50,419 ] 89 root - INFO - Hypothesis aa_000: float64, float64 
[ 2023-07-10 12:31:50,426 ] 89 root - INFO - Hypothesis ac_000: float64, float64 
[ 2023-07-10 12:31:50,431 ] 89 root - INFO - Hypothesis ae_000: float64, float64 
[ 2023-07-10 12:31:50,447 ] 89 root - INFO - Hypothesis af_000: float64, float64 
[ 2023-07-10 12:31:50,465 ] 89 root - INFO - Hypothesis ag_000: float64, float64 
[ 2023-07-10 12:31:50,481 ] 89 root - INFO - Hypothesis ag_001: float64, float64 
[ 2023-07-10 12:31:50,496 ] 89 root - INFO - Hypothesis ag_002: float64, float64 
[ 2023-07-10 12:31:50,499 ] 89 root - INFO - Hypothesis ag_003: float64, float64 
[ 2023-07-10 12:31:50,504 ] 89 root - INFO - Hypothesis ag_004: float64, float64 
[ 2023-07-10 12:31:50,511 ] 89 root - INFO - Hypothesis ag_005: float64, float64 
[ 2023-07-10 12:31:50,519 ] 89 root - INFO - Hypothesis ag_006: float64, float64 
[ 2023-07-10 12:31:50,527 ] 89 root - INFO - Hypothesis ag_007: float64, float64 
[ 2023-07-10 12:31:50,533 ] 89 root - INFO - Hypothesis ag_008: float64, float64 
[ 2023-07-10 12:31:50,539 ] 89 root - INFO - Hypothesis ag_009: float64, float64 
[ 2023-07-10 12:31:50,544 ] 89 root - INFO - Hypothesis ah_000: float64, float64 
[ 2023-07-10 12:31:50,551 ] 89 root - INFO - Hypothesis ai_000: float64, float64 
[ 2023-07-10 12:31:50,554 ] 89 root - INFO - Hypothesis aj_000: float64, float64 
[ 2023-07-10 12:31:50,559 ] 89 root - INFO - Hypothesis ak_000: float64, float64 
[ 2023-07-10 12:31:50,562 ] 89 root - INFO - Hypothesis al_000: float64, float64 
[ 2023-07-10 12:31:50,567 ] 89 root - INFO - Hypothesis am_0: float64, float64 
[ 2023-07-10 12:31:50,572 ] 89 root - INFO - Hypothesis an_000: float64, float64 
[ 2023-07-10 12:31:50,580 ] 89 root - INFO - Hypothesis ao_000: float64, float64 
[ 2023-07-10 12:31:50,587 ] 89 root - INFO - Hypothesis ap_000: float64, float64 
[ 2023-07-10 12:31:50,594 ] 89 root - INFO - Hypothesis aq_000: float64, float64 
[ 2023-07-10 12:31:50,601 ] 89 root - INFO - Hypothesis ar_000: float64, float64 
[ 2023-07-10 12:31:50,617 ] 89 root - INFO - Hypothesis as_000: float64, float64 
[ 2023-07-10 12:31:50,632 ] 89 root - INFO - Hypothesis at_000: float64, float64 
[ 2023-07-10 12:31:50,648 ] 89 root - INFO - Hypothesis au_000: float64, float64 
[ 2023-07-10 12:31:50,663 ] 89 root - INFO - Hypothesis av_000: float64, float64 
[ 2023-07-10 12:31:50,669 ] 89 root - INFO - Hypothesis ax_000: float64, float64 
[ 2023-07-10 12:31:50,674 ] 89 root - INFO - Hypothesis ay_000: float64, float64 
[ 2023-07-10 12:31:50,689 ] 89 root - INFO - Hypothesis ay_001: float64, float64 
[ 2023-07-10 12:31:50,704 ] 89 root - INFO - Hypothesis ay_002: float64, float64 
[ 2023-07-10 12:31:50,719 ] 89 root - INFO - Hypothesis ay_003: float64, float64 
[ 2023-07-10 12:31:50,734 ] 89 root - INFO - Hypothesis ay_004: float64, float64 
[ 2023-07-10 12:31:50,750 ] 89 root - INFO - Hypothesis ay_005: float64, float64 
[ 2023-07-10 12:31:50,755 ] 89 root - INFO - Hypothesis ay_006: float64, float64 
[ 2023-07-10 12:31:50,761 ] 89 root - INFO - Hypothesis ay_007: float64, float64 
[ 2023-07-10 12:31:50,768 ] 89 root - INFO - Hypothesis ay_008: float64, float64 
[ 2023-07-10 12:31:50,775 ] 89 root - INFO - Hypothesis ay_009: float64, float64 
[ 2023-07-10 12:31:50,790 ] 89 root - INFO - Hypothesis az_000: float64, float64 
[ 2023-07-10 12:31:50,797 ] 89 root - INFO - Hypothesis az_001: float64, float64 
[ 2023-07-10 12:31:50,803 ] 89 root - INFO - Hypothesis az_002: float64, float64 
[ 2023-07-10 12:31:50,809 ] 89 root - INFO - Hypothesis az_003: float64, float64 
[ 2023-07-10 12:31:50,818 ] 89 root - INFO - Hypothesis az_004: float64, float64 
[ 2023-07-10 12:31:50,826 ] 89 root - INFO - Hypothesis az_005: float64, float64 
[ 2023-07-10 12:31:50,833 ] 89 root - INFO - Hypothesis az_006: float64, float64 
[ 2023-07-10 12:31:50,839 ] 89 root - INFO - Hypothesis az_007: float64, float64 
[ 2023-07-10 12:31:50,843 ] 89 root - INFO - Hypothesis az_008: float64, float64 
[ 2023-07-10 12:31:50,859 ] 89 root - INFO - Hypothesis az_009: float64, float64 
[ 2023-07-10 12:31:50,874 ] 89 root - INFO - Hypothesis ba_000: float64, float64 
[ 2023-07-10 12:31:50,881 ] 89 root - INFO - Hypothesis ba_001: float64, float64 
[ 2023-07-10 12:31:50,888 ] 89 root - INFO - Hypothesis ba_002: float64, float64 
[ 2023-07-10 12:31:50,895 ] 89 root - INFO - Hypothesis ba_003: float64, float64 
[ 2023-07-10 12:31:50,902 ] 89 root - INFO - Hypothesis ba_004: float64, float64 
[ 2023-07-10 12:31:50,908 ] 89 root - INFO - Hypothesis ba_005: float64, float64 
[ 2023-07-10 12:31:50,915 ] 89 root - INFO - Hypothesis ba_006: float64, float64 
[ 2023-07-10 12:31:50,922 ] 89 root - INFO - Hypothesis ba_007: float64, float64 
[ 2023-07-10 12:31:50,928 ] 89 root - INFO - Hypothesis ba_008: float64, float64 
[ 2023-07-10 12:31:50,934 ] 89 root - INFO - Hypothesis ba_009: float64, float64 
[ 2023-07-10 12:31:50,939 ] 89 root - INFO - Hypothesis bb_000: float64, float64 
[ 2023-07-10 12:31:50,946 ] 89 root - INFO - Hypothesis bc_000: float64, float64 
[ 2023-07-10 12:31:50,951 ] 89 root - INFO - Hypothesis bd_000: float64, float64 
[ 2023-07-10 12:31:50,957 ] 89 root - INFO - Hypothesis be_000: float64, float64 
[ 2023-07-10 12:31:50,963 ] 89 root - INFO - Hypothesis bf_000: float64, float64 
[ 2023-07-10 12:31:50,968 ] 89 root - INFO - Hypothesis bg_000: float64, float64 
[ 2023-07-10 12:31:50,975 ] 89 root - INFO - Hypothesis bh_000: float64, float64 
[ 2023-07-10 12:31:50,982 ] 89 root - INFO - Hypothesis bi_000: float64, float64 
[ 2023-07-10 12:31:50,989 ] 89 root - INFO - Hypothesis bj_000: float64, float64 
[ 2023-07-10 12:31:50,996 ] 89 root - INFO - Hypothesis bs_000: float64, float64 
[ 2023-07-10 12:31:51,003 ] 89 root - INFO - Hypothesis bt_000: float64, float64 
[ 2023-07-10 12:31:51,010 ] 89 root - INFO - Hypothesis bu_000: float64, float64 
[ 2023-07-10 12:31:51,017 ] 89 root - INFO - Hypothesis bv_000: float64, float64 
[ 2023-07-10 12:31:51,024 ] 89 root - INFO - Hypothesis bx_000: float64, float64 
[ 2023-07-10 12:31:51,031 ] 89 root - INFO - Hypothesis by_000: float64, float64 
[ 2023-07-10 12:31:51,038 ] 89 root - INFO - Hypothesis bz_000: float64, float64 
[ 2023-07-10 12:31:51,044 ] 89 root - INFO - Hypothesis ca_000: float64, float64 
[ 2023-07-10 12:31:51,051 ] 89 root - INFO - Hypothesis cb_000: float64, float64 
[ 2023-07-10 12:31:51,058 ] 89 root - INFO - Hypothesis cc_000: float64, float64 
[ 2023-07-10 12:31:51,065 ] 89 root - INFO - Hypothesis cd_000: float64, float64 
[ 2023-07-10 12:31:51,080 ] 89 root - INFO - Hypothesis ce_000: float64, float64 
[ 2023-07-10 12:31:51,087 ] 89 root - INFO - Hypothesis ci_000: float64, float64 
[ 2023-07-10 12:31:51,094 ] 89 root - INFO - Hypothesis cj_000: float64, float64 
[ 2023-07-10 12:31:51,098 ] 89 root - INFO - Hypothesis ck_000: float64, float64 
[ 2023-07-10 12:31:51,105 ] 89 root - INFO - Hypothesis cl_000: float64, float64 
[ 2023-07-10 12:31:51,109 ] 89 root - INFO - Hypothesis cm_000: float64, float64 
[ 2023-07-10 12:31:51,114 ] 89 root - INFO - Hypothesis cn_000: float64, float64 
[ 2023-07-10 12:31:51,129 ] 89 root - INFO - Hypothesis cn_001: float64, float64 
[ 2023-07-10 12:31:51,133 ] 89 root - INFO - Hypothesis cn_002: float64, float64 
[ 2023-07-10 12:31:51,138 ] 89 root - INFO - Hypothesis cn_003: float64, float64 
[ 2023-07-10 12:31:51,145 ] 89 root - INFO - Hypothesis cn_004: float64, float64 
[ 2023-07-10 12:31:51,152 ] 89 root - INFO - Hypothesis cn_005: float64, float64 
[ 2023-07-10 12:31:51,159 ] 89 root - INFO - Hypothesis cn_006: float64, float64 
[ 2023-07-10 12:31:51,166 ] 89 root - INFO - Hypothesis cn_007: float64, float64 
[ 2023-07-10 12:31:51,173 ] 89 root - INFO - Hypothesis cn_008: float64, float64 
[ 2023-07-10 12:31:51,179 ] 89 root - INFO - Hypothesis cn_009: float64, float64 
[ 2023-07-10 12:31:51,184 ] 89 root - INFO - Hypothesis cp_000: float64, float64 
[ 2023-07-10 12:31:51,189 ] 89 root - INFO - Hypothesis cq_000: float64, float64 
[ 2023-07-10 12:31:51,196 ] 89 root - INFO - Hypothesis cs_000: float64, float64 
[ 2023-07-10 12:31:51,203 ] 89 root - INFO - Hypothesis cs_001: float64, float64 
[ 2023-07-10 12:31:51,209 ] 89 root - INFO - Hypothesis cs_002: float64, float64 
[ 2023-07-10 12:31:51,215 ] 89 root - INFO - Hypothesis cs_003: float64, float64 
[ 2023-07-10 12:31:51,222 ] 89 root - INFO - Hypothesis cs_004: float64, float64 
[ 2023-07-10 12:31:51,229 ] 89 root - INFO - Hypothesis cs_005: float64, float64 
[ 2023-07-10 12:31:51,236 ] 89 root - INFO - Hypothesis cs_006: float64, float64 
[ 2023-07-10 12:31:51,243 ] 89 root - INFO - Hypothesis cs_007: float64, float64 
[ 2023-07-10 12:31:51,250 ] 89 root - INFO - Hypothesis cs_008: float64, float64 
[ 2023-07-10 12:31:51,256 ] 89 root - INFO - Hypothesis cs_009: float64, float64 
[ 2023-07-10 12:31:51,271 ] 89 root - INFO - Hypothesis dd_000: float64, float64 
[ 2023-07-10 12:31:51,277 ] 89 root - INFO - Hypothesis de_000: float64, float64 
[ 2023-07-10 12:31:51,283 ] 89 root - INFO - Hypothesis df_000: float64, float64 
[ 2023-07-10 12:31:51,286 ] 89 root - INFO - Hypothesis dg_000: float64, float64 
[ 2023-07-10 12:31:51,289 ] 89 root - INFO - Hypothesis dh_000: float64, float64 
[ 2023-07-10 12:31:51,293 ] 89 root - INFO - Hypothesis di_000: float64, float64 
[ 2023-07-10 12:31:51,297 ] 89 root - INFO - Hypothesis dj_000: float64, float64 
[ 2023-07-10 12:31:51,312 ] 89 root - INFO - Hypothesis dk_000: float64, float64 
[ 2023-07-10 12:31:51,316 ] 89 root - INFO - Hypothesis dl_000: float64, float64 
[ 2023-07-10 12:31:51,331 ] 89 root - INFO - Hypothesis dm_000: float64, float64 
[ 2023-07-10 12:31:51,347 ] 89 root - INFO - Hypothesis dn_000: float64, float64 
[ 2023-07-10 12:31:51,354 ] 89 root - INFO - Hypothesis do_000: float64, float64 
[ 2023-07-10 12:31:51,360 ] 89 root - INFO - Hypothesis dp_000: float64, float64 
[ 2023-07-10 12:31:51,366 ] 89 root - INFO - Hypothesis dq_000: float64, float64 
[ 2023-07-10 12:31:51,371 ] 89 root - INFO - Hypothesis dr_000: float64, float64 
[ 2023-07-10 12:31:51,375 ] 89 root - INFO - Hypothesis ds_000: float64, float64 
[ 2023-07-10 12:31:51,382 ] 89 root - INFO - Hypothesis dt_000: float64, float64 
[ 2023-07-10 12:31:51,389 ] 89 root - INFO - Hypothesis du_000: float64, float64 
[ 2023-07-10 12:31:51,395 ] 89 root - INFO - Hypothesis dv_000: float64, float64 
[ 2023-07-10 12:31:51,402 ] 89 root - INFO - Hypothesis dx_000: float64, float64 
[ 2023-07-10 12:31:51,407 ] 89 root - INFO - Hypothesis dy_000: float64, float64 
[ 2023-07-10 12:31:51,411 ] 89 root - INFO - Hypothesis dz_000: float64, float64 
[ 2023-07-10 12:31:51,427 ] 89 root - INFO - Hypothesis ea_000: float64, float64 
[ 2023-07-10 12:31:51,442 ] 89 root - INFO - Hypothesis eb_000: float64, float64 
[ 2023-07-10 12:31:51,448 ] 89 root - INFO - Hypothesis ec_00: float64, float64 
[ 2023-07-10 12:31:51,456 ] 89 root - INFO - Hypothesis ed_000: float64, float64 
[ 2023-07-10 12:31:51,463 ] 89 root - INFO - Hypothesis ee_000: float64, float64 
[ 2023-07-10 12:31:51,470 ] 89 root - INFO - Hypothesis ee_001: float64, float64 
[ 2023-07-10 12:31:51,477 ] 89 root - INFO - Hypothesis ee_002: float64, float64 
[ 2023-07-10 12:31:51,484 ] 89 root - INFO - Hypothesis ee_003: float64, float64 
[ 2023-07-10 12:31:51,491 ] 89 root - INFO - Hypothesis ee_004: float64, float64 
[ 2023-07-10 12:31:51,498 ] 89 root - INFO - Hypothesis ee_005: float64, float64 
[ 2023-07-10 12:31:51,505 ] 89 root - INFO - Hypothesis ee_006: float64, float64 
[ 2023-07-10 12:31:51,511 ] 89 root - INFO - Hypothesis ee_007: float64, float64 
[ 2023-07-10 12:31:51,518 ] 89 root - INFO - Hypothesis ee_008: float64, float64 
[ 2023-07-10 12:31:51,524 ] 89 root - INFO - Hypothesis ee_009: float64, float64 
[ 2023-07-10 12:31:51,529 ] 89 root - INFO - Hypothesis ef_000: float64, float64 
[ 2023-07-10 12:31:51,545 ] 89 root - INFO - Hypothesis eg_000: float64, float64 
[ 2023-07-10 12:31:51,561 ] 150 root - INFO - Write reprt in yaml file
[ 2023-07-10 12:31:51,631 ] 154 root - INFO - Data validation artifact: DataValidationArtifact(report_file_path='/config/workspace/artifact/07102023__123133/data_validation/report.yaml')
[ 2023-07-10 12:31:51,726 ] 24 root - INFO - >>>>>>>>>>>>>>>>>>>>>>>>>>>>>>>>>>>>>>>> Data Transformation <<<<<<<<<<<<<<<<<<<<<<<<<<<<<<<<<<<<<<<<
[ 2023-07-10 12:31:52,636 ] 75 root - INFO - Before resampling in training set Input: (28950, 170) Target:(28950,)
[ 2023-07-10 12:31:59,018 ] 77 root - INFO - After resampling in training set Input: (56152, 170) Target:(56152,)
[ 2023-07-10 12:31:59,019 ] 79 root - INFO - Before resampling in testing set Input: (7238, 170) Target:(7238,)
[ 2023-07-10 12:31:59,825 ] 81 root - INFO - After resampling in testing set Input: (14072, 170) Target:(14072,)
[ 2023-07-10 12:31:59,941 ] 53 root - INFO - Entered the save_object method of utils
[ 2023-07-10 12:31:59,944 ] 57 root - INFO - Exited the save_object method of utils
[ 2023-07-10 12:31:59,944 ] 53 root - INFO - Entered the save_object method of utils
[ 2023-07-10 12:31:59,945 ] 57 root - INFO - Exited the save_object method of utils
[ 2023-07-10 12:31:59,945 ] 112 root - INFO - Data transformation object DataTransformationArtifact(transform_object_path='/config/workspace/artifact/07102023__123133/data_transformation/transformer/transformer.pkl', transformed_train_path='/config/workspace/artifact/07102023__123133/data_transformation/transformed/train.npz', transformed_test_path='/config/workspace/artifact/07102023__123133/data_transformation/transformed/test.npz', target_encoder_path='/config/workspace/artifact/07102023__123133/data_transformation/target_encoder/target_encoder.pkl')
[ 2023-07-10 12:31:59,946 ] 18 root - INFO - >>>>>>>>>>>>>>>>>>>>>>>>>>>>>>>>>>>>>>>> Model Trainer <<<<<<<<<<<<<<<<<<<<<<<<<<<<<<<<<<<<<<<<
[ 2023-07-10 12:31:59,947 ] 45 root - INFO - Loading train and test array.
[ 2023-07-10 12:31:59,978 ] 49 root - INFO - Splitting input and target feature from both train and test arr.
[ 2023-07-10 12:31:59,978 ] 53 root - INFO - Train the model
[ 2023-07-10 12:32:10,248 ] 56 root - INFO - Calculating f1 train score
[ 2023-07-10 12:32:10,299 ] 60 root - INFO - Calculating f1 test score
[ 2023-07-10 12:32:10,316 ] 64 root - INFO - train score:0.9999821908781678 and tests score 0.9694011365292147
[ 2023-07-10 12:32:10,316 ] 66 root - INFO - Checking if our model is underfitting or not
[ 2023-07-10 12:32:10,317 ] 71 root - INFO - Checking if our model is overfiiting or not
[ 2023-07-10 12:32:10,317 ] 78 root - INFO - Saving mode object
[ 2023-07-10 12:32:10,317 ] 53 root - INFO - Entered the save_object method of utils
[ 2023-07-10 12:32:10,323 ] 57 root - INFO - Exited the save_object method of utils
[ 2023-07-10 12:32:10,323 ] 82 root - INFO - Prepare the artifact
[ 2023-07-10 12:32:10,323 ] 85 root - INFO - Model trainer artifact: ModelTrainerArtifact(model_path='/config/workspace/artifact/07102023__123133/model_trainer/model/model.pkl', f1_train_score=0.9999821908781678, f1_test_score=0.9694011365292147)
[ 2023-07-10 12:32:10,324 ] 19 root - INFO - >>>>>>>>>>>>>>>>>>>>>>>>>>>>>>>>>>>>>>>>  Model Evaluation <<<<<<<<<<<<<<<<<<<<<<<<<<<<<<<<<<<<<<<<
[ 2023-07-10 12:32:10,325 ] 35 root - INFO - if saved model folder has model the we will compare which model is best trained or the model from saved model folder
[ 2023-07-10 12:32:10,325 ] 46 root - INFO - Finding location of transformer model and target encoder
[ 2023-07-10 12:32:10,325 ] 51 root - INFO - Previous trained objects of transformer, model and target encoder
[ 2023-07-10 12:32:10,331 ] 58 root - INFO - Currently trained model objects
[ 2023-07-10 12:32:10,510 ] 76 root - INFO - Accuracy using previous trained model: 0.8
[ 2023-07-10 12:32:10,552 ] 85 root - INFO - Accuracy using current trained model: 0.8
[ 2023-07-10 12:32:10,552 ] 87 root - INFO - Current trained model is not better than previous model
