[ 2023-07-10 11:49:31,250 ] 15 root - INFO - >>>>>>>>>>>>>>>>>>>>>>>>>>>>>>>>>>>>>>>> Data Ingestion <<<<<<<<<<<<<<<<<<<<<<<<<<<<<<<<<<<<<<<<
[ 2023-07-10 11:49:31,250 ] 22 root - INFO - Exporting collection data as pandas dataframe
[ 2023-07-10 11:49:31,250 ] 22 root - INFO - Reading data from database: aps and collection: sensor
[ 2023-07-10 11:49:34,815 ] 24 root - INFO - Found columns: Index(['_id', 'class', 'aa_000', 'ab_000', 'ac_000', 'ad_000', 'ae_000',
       'af_000', 'ag_000', 'ag_001',
       ...
       'ee_002', 'ee_003', 'ee_004', 'ee_005', 'ee_006', 'ee_007', 'ee_008',
       'ee_009', 'ef_000', 'eg_000'],
      dtype='object', length=172)
[ 2023-07-10 11:49:34,816 ] 26 root - INFO - Dropping column: _id 
[ 2023-07-10 11:49:35,013 ] 28 root - INFO - Row and columns in df: (36188, 171)
[ 2023-07-10 11:49:35,013 ] 28 root - INFO - Save data in feature store
[ 2023-07-10 11:49:36,465 ] 34 root - INFO - Create feature store folder if not available
[ 2023-07-10 11:49:36,465 ] 38 root - INFO - Save df to feature store folder
[ 2023-07-10 11:49:38,557 ] 43 root - INFO - split dataset into train and test set
[ 2023-07-10 11:49:39,000 ] 47 root - INFO - create dataset directory folder if not available
[ 2023-07-10 11:49:39,000 ] 52 root - INFO - Save df to feature store folder
[ 2023-07-10 11:49:40,963 ] 64 root - INFO - Data ingestion artifact: DataIngestionArtifact(feature_store_file_path='/config/workspace/artifact/07102023__114931/data_ingestion/feature_store/sensor.csv', train_file_path='/config/workspace/artifact/07102023__114931/data_ingestion/dataset/train.csv', test_file_path='/config/workspace/artifact/07102023__114931/data_ingestion/dataset/test.csv')
[ 2023-07-10 11:49:41,418 ] 22 root - INFO - >>>>>>>>>>>>>>>>>>>>>>>>>>>>>>>>>>>>>>>> Data Validation <<<<<<<<<<<<<<<<<<<<<<<<<<<<<<<<<<<<<<<<
[ 2023-07-10 11:49:41,418 ] 111 root - INFO - Reading base dataframe
[ 2023-07-10 11:49:43,728 ] 114 root - INFO - Replace na value in base df
[ 2023-07-10 11:49:43,729 ] 116 root - INFO - Drop null values colums from base df
[ 2023-07-10 11:49:43,950 ] 45 root - INFO - selecting column name which contains null above to 0.2
[ 2023-07-10 11:49:43,951 ] 48 root - INFO - Columns to drop: ['ab_000', 'ad_000', 'bk_000', 'bl_000', 'bm_000', 'bn_000', 'bo_000', 'bp_000', 'bq_000', 'br_000', 'cf_000', 'cg_000', 'ch_000', 'co_000', 'cr_000', 'ct_000', 'cu_000', 'cv_000', 'cx_000', 'cy_000', 'cz_000', 'da_000', 'db_000', 'dc_000']
[ 2023-07-10 11:49:44,031 ] 119 root - INFO - Reading train dataframe
[ 2023-07-10 11:49:44,434 ] 121 root - INFO - Reading test dataframe
[ 2023-07-10 11:49:44,540 ] 124 root - INFO - Drop null values colums from train df
[ 2023-07-10 11:49:44,547 ] 45 root - INFO - selecting column name which contains null above to 0.2
[ 2023-07-10 11:49:44,548 ] 48 root - INFO - Columns to drop: ['ab_000', 'ad_000', 'bk_000', 'bl_000', 'bm_000', 'bn_000', 'bo_000', 'bp_000', 'bq_000', 'br_000', 'cf_000', 'cg_000', 'ch_000', 'co_000', 'cr_000', 'ct_000', 'cu_000', 'cv_000', 'cx_000', 'cy_000', 'cz_000', 'da_000', 'db_000', 'dc_000']
[ 2023-07-10 11:49:44,557 ] 126 root - INFO - Drop null values colums from test df
[ 2023-07-10 11:49:44,560 ] 45 root - INFO - selecting column name which contains null above to 0.2
[ 2023-07-10 11:49:44,560 ] 48 root - INFO - Columns to drop: ['ab_000', 'ad_000', 'bk_000', 'bl_000', 'bm_000', 'bn_000', 'bo_000', 'bp_000', 'bq_000', 'br_000', 'cf_000', 'cg_000', 'ch_000', 'co_000', 'cr_000', 'ct_000', 'cu_000', 'cv_000', 'cx_000', 'cy_000', 'cz_000', 'da_000', 'db_000', 'dc_000']
[ 2023-07-10 11:49:45,356 ] 135 root - INFO - Is all required columns present in train df
[ 2023-07-10 11:49:45,356 ] 137 root - INFO - Is all required columns present in test df
[ 2023-07-10 11:49:45,356 ] 141 root - INFO - As all column are available in train df hence detecting data drift
[ 2023-07-10 11:49:45,357 ] 89 root - INFO - Hypothesis class: object, object 
[ 2023-07-10 11:49:45,501 ] 89 root - INFO - Hypothesis aa_000: float64, float64 
[ 2023-07-10 11:49:45,511 ] 89 root - INFO - Hypothesis ac_000: float64, float64 
[ 2023-07-10 11:49:45,551 ] 89 root - INFO - Hypothesis ae_000: float64, float64 
[ 2023-07-10 11:49:45,589 ] 89 root - INFO - Hypothesis af_000: float64, float64 
[ 2023-07-10 11:49:45,627 ] 89 root - INFO - Hypothesis ag_000: float64, float64 
[ 2023-07-10 11:49:45,663 ] 89 root - INFO - Hypothesis ag_001: float64, float64 
[ 2023-07-10 11:49:45,700 ] 89 root - INFO - Hypothesis ag_002: float64, float64 
[ 2023-07-10 11:49:45,737 ] 89 root - INFO - Hypothesis ag_003: float64, float64 
[ 2023-07-10 11:49:45,743 ] 89 root - INFO - Hypothesis ag_004: float64, float64 
[ 2023-07-10 11:49:45,753 ] 89 root - INFO - Hypothesis ag_005: float64, float64 
[ 2023-07-10 11:49:45,764 ] 89 root - INFO - Hypothesis ag_006: float64, float64 
[ 2023-07-10 11:49:45,774 ] 89 root - INFO - Hypothesis ag_007: float64, float64 
[ 2023-07-10 11:49:45,783 ] 89 root - INFO - Hypothesis ag_008: float64, float64 
[ 2023-07-10 11:49:45,792 ] 89 root - INFO - Hypothesis ag_009: float64, float64 
[ 2023-07-10 11:49:45,799 ] 89 root - INFO - Hypothesis ah_000: float64, float64 
[ 2023-07-10 11:49:45,810 ] 89 root - INFO - Hypothesis ai_000: float64, float64 
[ 2023-07-10 11:49:45,848 ] 89 root - INFO - Hypothesis aj_000: float64, float64 
[ 2023-07-10 11:49:45,854 ] 89 root - INFO - Hypothesis ak_000: float64, float64 
[ 2023-07-10 11:49:45,893 ] 89 root - INFO - Hypothesis al_000: float64, float64 
[ 2023-07-10 11:49:45,900 ] 89 root - INFO - Hypothesis am_0: float64, float64 
[ 2023-07-10 11:49:45,907 ] 89 root - INFO - Hypothesis an_000: float64, float64 
[ 2023-07-10 11:49:45,918 ] 89 root - INFO - Hypothesis ao_000: float64, float64 
[ 2023-07-10 11:49:45,928 ] 89 root - INFO - Hypothesis ap_000: float64, float64 
[ 2023-07-10 11:49:45,939 ] 89 root - INFO - Hypothesis aq_000: float64, float64 
[ 2023-07-10 11:49:45,949 ] 89 root - INFO - Hypothesis ar_000: float64, float64 
[ 2023-07-10 11:49:45,987 ] 89 root - INFO - Hypothesis as_000: float64, float64 
[ 2023-07-10 11:49:46,024 ] 89 root - INFO - Hypothesis at_000: float64, float64 
[ 2023-07-10 11:49:46,062 ] 89 root - INFO - Hypothesis au_000: float64, float64 
[ 2023-07-10 11:49:46,098 ] 89 root - INFO - Hypothesis av_000: float64, float64 
[ 2023-07-10 11:49:46,106 ] 89 root - INFO - Hypothesis ax_000: float64, float64 
[ 2023-07-10 11:49:46,114 ] 89 root - INFO - Hypothesis ay_000: float64, float64 
[ 2023-07-10 11:49:46,151 ] 89 root - INFO - Hypothesis ay_001: float64, float64 
[ 2023-07-10 11:49:46,187 ] 89 root - INFO - Hypothesis ay_002: float64, float64 
[ 2023-07-10 11:49:46,224 ] 89 root - INFO - Hypothesis ay_003: float64, float64 
[ 2023-07-10 11:49:46,262 ] 89 root - INFO - Hypothesis ay_004: float64, float64 
[ 2023-07-10 11:49:46,300 ] 89 root - INFO - Hypothesis ay_005: float64, float64 
[ 2023-07-10 11:49:46,341 ] 89 root - INFO - Hypothesis ay_006: float64, float64 
[ 2023-07-10 11:49:46,350 ] 89 root - INFO - Hypothesis ay_007: float64, float64 
[ 2023-07-10 11:49:46,360 ] 89 root - INFO - Hypothesis ay_008: float64, float64 
[ 2023-07-10 11:49:46,370 ] 89 root - INFO - Hypothesis ay_009: float64, float64 
[ 2023-07-10 11:49:46,410 ] 89 root - INFO - Hypothesis az_000: float64, float64 
[ 2023-07-10 11:49:46,420 ] 89 root - INFO - Hypothesis az_001: float64, float64 
[ 2023-07-10 11:49:46,430 ] 89 root - INFO - Hypothesis az_002: float64, float64 
[ 2023-07-10 11:49:46,440 ] 89 root - INFO - Hypothesis az_003: float64, float64 
[ 2023-07-10 11:49:46,450 ] 89 root - INFO - Hypothesis az_004: float64, float64 
[ 2023-07-10 11:49:46,460 ] 89 root - INFO - Hypothesis az_005: float64, float64 
[ 2023-07-10 11:49:46,471 ] 89 root - INFO - Hypothesis az_006: float64, float64 
[ 2023-07-10 11:49:46,512 ] 89 root - INFO - Hypothesis az_007: float64, float64 
[ 2023-07-10 11:49:46,551 ] 89 root - INFO - Hypothesis az_008: float64, float64 
[ 2023-07-10 11:49:46,589 ] 89 root - INFO - Hypothesis az_009: float64, float64 
[ 2023-07-10 11:49:46,626 ] 89 root - INFO - Hypothesis ba_000: float64, float64 
[ 2023-07-10 11:49:46,637 ] 89 root - INFO - Hypothesis ba_001: float64, float64 
[ 2023-07-10 11:49:46,647 ] 89 root - INFO - Hypothesis ba_002: float64, float64 
[ 2023-07-10 11:49:46,658 ] 89 root - INFO - Hypothesis ba_003: float64, float64 
[ 2023-07-10 11:49:46,668 ] 89 root - INFO - Hypothesis ba_004: float64, float64 
[ 2023-07-10 11:49:46,678 ] 89 root - INFO - Hypothesis ba_005: float64, float64 
[ 2023-07-10 11:49:46,688 ] 89 root - INFO - Hypothesis ba_006: float64, float64 
[ 2023-07-10 11:49:46,698 ] 89 root - INFO - Hypothesis ba_007: float64, float64 
[ 2023-07-10 11:49:46,708 ] 89 root - INFO - Hypothesis ba_008: float64, float64 
[ 2023-07-10 11:49:46,749 ] 89 root - INFO - Hypothesis ba_009: float64, float64 
[ 2023-07-10 11:49:46,789 ] 89 root - INFO - Hypothesis bb_000: float64, float64 
[ 2023-07-10 11:49:46,799 ] 89 root - INFO - Hypothesis bc_000: float64, float64 
[ 2023-07-10 11:49:46,840 ] 89 root - INFO - Hypothesis bd_000: float64, float64 
[ 2023-07-10 11:49:46,848 ] 89 root - INFO - Hypothesis be_000: float64, float64 
[ 2023-07-10 11:49:46,857 ] 89 root - INFO - Hypothesis bf_000: float64, float64 
[ 2023-07-10 11:49:46,864 ] 89 root - INFO - Hypothesis bg_000: float64, float64 
[ 2023-07-10 11:49:46,874 ] 89 root - INFO - Hypothesis bh_000: float64, float64 
[ 2023-07-10 11:49:46,884 ] 89 root - INFO - Hypothesis bi_000: float64, float64 
[ 2023-07-10 11:49:46,895 ] 89 root - INFO - Hypothesis bj_000: float64, float64 
[ 2023-07-10 11:49:46,906 ] 89 root - INFO - Hypothesis bs_000: float64, float64 
[ 2023-07-10 11:49:46,917 ] 89 root - INFO - Hypothesis bt_000: float64, float64 
[ 2023-07-10 11:49:46,927 ] 89 root - INFO - Hypothesis bu_000: float64, float64 
[ 2023-07-10 11:49:46,938 ] 89 root - INFO - Hypothesis bv_000: float64, float64 
[ 2023-07-10 11:49:46,948 ] 89 root - INFO - Hypothesis bx_000: float64, float64 
[ 2023-07-10 11:49:46,958 ] 89 root - INFO - Hypothesis by_000: float64, float64 
[ 2023-07-10 11:49:46,968 ] 89 root - INFO - Hypothesis bz_000: float64, float64 
[ 2023-07-10 11:49:46,978 ] 89 root - INFO - Hypothesis ca_000: float64, float64 
[ 2023-07-10 11:49:46,988 ] 89 root - INFO - Hypothesis cb_000: float64, float64 
[ 2023-07-10 11:49:46,999 ] 89 root - INFO - Hypothesis cc_000: float64, float64 
[ 2023-07-10 11:49:47,010 ] 89 root - INFO - Hypothesis cd_000: float64, float64 
[ 2023-07-10 11:49:47,048 ] 89 root - INFO - Hypothesis ce_000: float64, float64 
[ 2023-07-10 11:49:47,058 ] 89 root - INFO - Hypothesis ci_000: float64, float64 
[ 2023-07-10 11:49:47,068 ] 89 root - INFO - Hypothesis cj_000: float64, float64 
[ 2023-07-10 11:49:47,107 ] 89 root - INFO - Hypothesis ck_000: float64, float64 
[ 2023-07-10 11:49:47,117 ] 89 root - INFO - Hypothesis cl_000: float64, float64 
[ 2023-07-10 11:49:47,123 ] 89 root - INFO - Hypothesis cm_000: float64, float64 
[ 2023-07-10 11:49:47,130 ] 89 root - INFO - Hypothesis cn_000: float64, float64 
[ 2023-07-10 11:49:47,167 ] 89 root - INFO - Hypothesis cn_001: float64, float64 
[ 2023-07-10 11:49:47,206 ] 89 root - INFO - Hypothesis cn_002: float64, float64 
[ 2023-07-10 11:49:47,214 ] 89 root - INFO - Hypothesis cn_003: float64, float64 
[ 2023-07-10 11:49:47,225 ] 89 root - INFO - Hypothesis cn_004: float64, float64 
[ 2023-07-10 11:49:47,236 ] 89 root - INFO - Hypothesis cn_005: float64, float64 
[ 2023-07-10 11:49:47,246 ] 89 root - INFO - Hypothesis cn_006: float64, float64 
[ 2023-07-10 11:49:47,256 ] 89 root - INFO - Hypothesis cn_007: float64, float64 
[ 2023-07-10 11:49:47,266 ] 89 root - INFO - Hypothesis cn_008: float64, float64 
[ 2023-07-10 11:49:47,275 ] 89 root - INFO - Hypothesis cn_009: float64, float64 
[ 2023-07-10 11:49:47,316 ] 89 root - INFO - Hypothesis cp_000: float64, float64 
[ 2023-07-10 11:49:47,356 ] 89 root - INFO - Hypothesis cq_000: float64, float64 
[ 2023-07-10 11:49:47,368 ] 89 root - INFO - Hypothesis cs_000: float64, float64 
[ 2023-07-10 11:49:47,378 ] 89 root - INFO - Hypothesis cs_001: float64, float64 
[ 2023-07-10 11:49:47,387 ] 89 root - INFO - Hypothesis cs_002: float64, float64 
[ 2023-07-10 11:49:47,397 ] 89 root - INFO - Hypothesis cs_003: float64, float64 
[ 2023-07-10 11:49:47,407 ] 89 root - INFO - Hypothesis cs_004: float64, float64 
[ 2023-07-10 11:49:47,417 ] 89 root - INFO - Hypothesis cs_005: float64, float64 
[ 2023-07-10 11:49:47,428 ] 89 root - INFO - Hypothesis cs_006: float64, float64 
[ 2023-07-10 11:49:47,439 ] 89 root - INFO - Hypothesis cs_007: float64, float64 
[ 2023-07-10 11:49:47,449 ] 89 root - INFO - Hypothesis cs_008: float64, float64 
[ 2023-07-10 11:49:47,494 ] 89 root - INFO - Hypothesis cs_009: float64, float64 
[ 2023-07-10 11:49:47,531 ] 89 root - INFO - Hypothesis dd_000: float64, float64 
[ 2023-07-10 11:49:47,541 ] 89 root - INFO - Hypothesis de_000: float64, float64 
[ 2023-07-10 11:49:47,549 ] 89 root - INFO - Hypothesis df_000: float64, float64 
[ 2023-07-10 11:49:47,587 ] 89 root - INFO - Hypothesis dg_000: float64, float64 
[ 2023-07-10 11:49:47,625 ] 89 root - INFO - Hypothesis dh_000: float64, float64 
[ 2023-07-10 11:49:47,631 ] 89 root - INFO - Hypothesis di_000: float64, float64 
[ 2023-07-10 11:49:47,670 ] 89 root - INFO - Hypothesis dj_000: float64, float64 
[ 2023-07-10 11:49:47,707 ] 89 root - INFO - Hypothesis dk_000: float64, float64 
[ 2023-07-10 11:49:47,744 ] 89 root - INFO - Hypothesis dl_000: float64, float64 
[ 2023-07-10 11:49:47,780 ] 89 root - INFO - Hypothesis dm_000: float64, float64 
[ 2023-07-10 11:49:47,817 ] 89 root - INFO - Hypothesis dn_000: float64, float64 
[ 2023-07-10 11:49:47,827 ] 89 root - INFO - Hypothesis do_000: float64, float64 
[ 2023-07-10 11:49:47,839 ] 89 root - INFO - Hypothesis dp_000: float64, float64 
[ 2023-07-10 11:49:47,848 ] 89 root - INFO - Hypothesis dq_000: float64, float64 
[ 2023-07-10 11:49:47,887 ] 89 root - INFO - Hypothesis dr_000: float64, float64 
[ 2023-07-10 11:49:47,927 ] 89 root - INFO - Hypothesis ds_000: float64, float64 
[ 2023-07-10 11:49:47,937 ] 89 root - INFO - Hypothesis dt_000: float64, float64 
[ 2023-07-10 11:49:47,947 ] 89 root - INFO - Hypothesis du_000: float64, float64 
[ 2023-07-10 11:49:47,957 ] 89 root - INFO - Hypothesis dv_000: float64, float64 
[ 2023-07-10 11:49:47,968 ] 89 root - INFO - Hypothesis dx_000: float64, float64 
[ 2023-07-10 11:49:48,007 ] 89 root - INFO - Hypothesis dy_000: float64, float64 
[ 2023-07-10 11:49:48,046 ] 89 root - INFO - Hypothesis dz_000: float64, float64 
[ 2023-07-10 11:49:48,083 ] 89 root - INFO - Hypothesis ea_000: float64, float64 
[ 2023-07-10 11:49:48,119 ] 89 root - INFO - Hypothesis eb_000: float64, float64 
[ 2023-07-10 11:49:48,127 ] 89 root - INFO - Hypothesis ec_00: float64, float64 
[ 2023-07-10 11:49:48,138 ] 89 root - INFO - Hypothesis ed_000: float64, float64 
[ 2023-07-10 11:49:48,146 ] 89 root - INFO - Hypothesis ee_000: float64, float64 
[ 2023-07-10 11:49:48,157 ] 89 root - INFO - Hypothesis ee_001: float64, float64 
[ 2023-07-10 11:49:48,168 ] 89 root - INFO - Hypothesis ee_002: float64, float64 
[ 2023-07-10 11:49:48,178 ] 89 root - INFO - Hypothesis ee_003: float64, float64 
[ 2023-07-10 11:49:48,189 ] 89 root - INFO - Hypothesis ee_004: float64, float64 
[ 2023-07-10 11:49:48,199 ] 89 root - INFO - Hypothesis ee_005: float64, float64 
[ 2023-07-10 11:49:48,209 ] 89 root - INFO - Hypothesis ee_006: float64, float64 
[ 2023-07-10 11:49:48,219 ] 89 root - INFO - Hypothesis ee_007: float64, float64 
[ 2023-07-10 11:49:48,229 ] 89 root - INFO - Hypothesis ee_008: float64, float64 
[ 2023-07-10 11:49:48,238 ] 89 root - INFO - Hypothesis ee_009: float64, float64 
[ 2023-07-10 11:49:48,246 ] 89 root - INFO - Hypothesis ef_000: float64, float64 
[ 2023-07-10 11:49:48,282 ] 89 root - INFO - Hypothesis eg_000: float64, float64 
[ 2023-07-10 11:49:48,320 ] 144 root - INFO - As all column are available in test df hence detecting data drift
[ 2023-07-10 11:49:48,321 ] 89 root - INFO - Hypothesis class: object, object 
[ 2023-07-10 11:49:48,407 ] 89 root - INFO - Hypothesis aa_000: float64, float64 
[ 2023-07-10 11:49:48,414 ] 89 root - INFO - Hypothesis ac_000: float64, float64 
[ 2023-07-10 11:49:48,420 ] 89 root - INFO - Hypothesis ae_000: float64, float64 
[ 2023-07-10 11:49:48,439 ] 89 root - INFO - Hypothesis af_000: float64, float64 
[ 2023-07-10 11:49:48,456 ] 89 root - INFO - Hypothesis ag_000: float64, float64 
[ 2023-07-10 11:49:48,471 ] 89 root - INFO - Hypothesis ag_001: float64, float64 
[ 2023-07-10 11:49:48,487 ] 89 root - INFO - Hypothesis ag_002: float64, float64 
[ 2023-07-10 11:49:48,491 ] 89 root - INFO - Hypothesis ag_003: float64, float64 
[ 2023-07-10 11:49:48,496 ] 89 root - INFO - Hypothesis ag_004: float64, float64 
[ 2023-07-10 11:49:48,503 ] 89 root - INFO - Hypothesis ag_005: float64, float64 
[ 2023-07-10 11:49:48,510 ] 89 root - INFO - Hypothesis ag_006: float64, float64 
[ 2023-07-10 11:49:48,518 ] 89 root - INFO - Hypothesis ag_007: float64, float64 
[ 2023-07-10 11:49:48,524 ] 89 root - INFO - Hypothesis ag_008: float64, float64 
[ 2023-07-10 11:49:48,530 ] 89 root - INFO - Hypothesis ag_009: float64, float64 
[ 2023-07-10 11:49:48,534 ] 89 root - INFO - Hypothesis ah_000: float64, float64 
[ 2023-07-10 11:49:48,542 ] 89 root - INFO - Hypothesis ai_000: float64, float64 
[ 2023-07-10 11:49:48,545 ] 89 root - INFO - Hypothesis aj_000: float64, float64 
[ 2023-07-10 11:49:48,549 ] 89 root - INFO - Hypothesis ak_000: float64, float64 
[ 2023-07-10 11:49:48,552 ] 89 root - INFO - Hypothesis al_000: float64, float64 
[ 2023-07-10 11:49:48,557 ] 89 root - INFO - Hypothesis am_0: float64, float64 
[ 2023-07-10 11:49:48,562 ] 89 root - INFO - Hypothesis an_000: float64, float64 
[ 2023-07-10 11:49:48,570 ] 89 root - INFO - Hypothesis ao_000: float64, float64 
[ 2023-07-10 11:49:48,577 ] 89 root - INFO - Hypothesis ap_000: float64, float64 
[ 2023-07-10 11:49:48,584 ] 89 root - INFO - Hypothesis aq_000: float64, float64 
[ 2023-07-10 11:49:48,591 ] 89 root - INFO - Hypothesis ar_000: float64, float64 
[ 2023-07-10 11:49:48,607 ] 89 root - INFO - Hypothesis as_000: float64, float64 
[ 2023-07-10 11:49:48,622 ] 89 root - INFO - Hypothesis at_000: float64, float64 
[ 2023-07-10 11:49:48,638 ] 89 root - INFO - Hypothesis au_000: float64, float64 
[ 2023-07-10 11:49:48,653 ] 89 root - INFO - Hypothesis av_000: float64, float64 
[ 2023-07-10 11:49:48,659 ] 89 root - INFO - Hypothesis ax_000: float64, float64 
[ 2023-07-10 11:49:48,664 ] 89 root - INFO - Hypothesis ay_000: float64, float64 
[ 2023-07-10 11:49:48,680 ] 89 root - INFO - Hypothesis ay_001: float64, float64 
[ 2023-07-10 11:49:48,695 ] 89 root - INFO - Hypothesis ay_002: float64, float64 
[ 2023-07-10 11:49:48,710 ] 89 root - INFO - Hypothesis ay_003: float64, float64 
[ 2023-07-10 11:49:48,726 ] 89 root - INFO - Hypothesis ay_004: float64, float64 
[ 2023-07-10 11:49:48,741 ] 89 root - INFO - Hypothesis ay_005: float64, float64 
[ 2023-07-10 11:49:48,746 ] 89 root - INFO - Hypothesis ay_006: float64, float64 
[ 2023-07-10 11:49:48,753 ] 89 root - INFO - Hypothesis ay_007: float64, float64 
[ 2023-07-10 11:49:48,759 ] 89 root - INFO - Hypothesis ay_008: float64, float64 
[ 2023-07-10 11:49:48,766 ] 89 root - INFO - Hypothesis ay_009: float64, float64 
[ 2023-07-10 11:49:48,781 ] 89 root - INFO - Hypothesis az_000: float64, float64 
[ 2023-07-10 11:49:48,790 ] 89 root - INFO - Hypothesis az_001: float64, float64 
[ 2023-07-10 11:49:48,797 ] 89 root - INFO - Hypothesis az_002: float64, float64 
[ 2023-07-10 11:49:48,803 ] 89 root - INFO - Hypothesis az_003: float64, float64 
[ 2023-07-10 11:49:48,811 ] 89 root - INFO - Hypothesis az_004: float64, float64 
[ 2023-07-10 11:49:48,818 ] 89 root - INFO - Hypothesis az_005: float64, float64 
[ 2023-07-10 11:49:48,825 ] 89 root - INFO - Hypothesis az_006: float64, float64 
[ 2023-07-10 11:49:48,832 ] 89 root - INFO - Hypothesis az_007: float64, float64 
[ 2023-07-10 11:49:48,836 ] 89 root - INFO - Hypothesis az_008: float64, float64 
[ 2023-07-10 11:49:48,851 ] 89 root - INFO - Hypothesis az_009: float64, float64 
[ 2023-07-10 11:49:48,867 ] 89 root - INFO - Hypothesis ba_000: float64, float64 
[ 2023-07-10 11:49:48,874 ] 89 root - INFO - Hypothesis ba_001: float64, float64 
[ 2023-07-10 11:49:48,881 ] 89 root - INFO - Hypothesis ba_002: float64, float64 
[ 2023-07-10 11:49:48,888 ] 89 root - INFO - Hypothesis ba_003: float64, float64 
[ 2023-07-10 11:49:48,895 ] 89 root - INFO - Hypothesis ba_004: float64, float64 
[ 2023-07-10 11:49:48,902 ] 89 root - INFO - Hypothesis ba_005: float64, float64 
[ 2023-07-10 11:49:48,909 ] 89 root - INFO - Hypothesis ba_006: float64, float64 
[ 2023-07-10 11:49:48,915 ] 89 root - INFO - Hypothesis ba_007: float64, float64 
[ 2023-07-10 11:49:48,922 ] 89 root - INFO - Hypothesis ba_008: float64, float64 
[ 2023-07-10 11:49:48,927 ] 89 root - INFO - Hypothesis ba_009: float64, float64 
[ 2023-07-10 11:49:48,932 ] 89 root - INFO - Hypothesis bb_000: float64, float64 
[ 2023-07-10 11:49:48,939 ] 89 root - INFO - Hypothesis bc_000: float64, float64 
[ 2023-07-10 11:49:48,944 ] 89 root - INFO - Hypothesis bd_000: float64, float64 
[ 2023-07-10 11:49:48,950 ] 89 root - INFO - Hypothesis be_000: float64, float64 
[ 2023-07-10 11:49:48,956 ] 89 root - INFO - Hypothesis bf_000: float64, float64 
[ 2023-07-10 11:49:48,960 ] 89 root - INFO - Hypothesis bg_000: float64, float64 
[ 2023-07-10 11:49:48,968 ] 89 root - INFO - Hypothesis bh_000: float64, float64 
[ 2023-07-10 11:49:48,975 ] 89 root - INFO - Hypothesis bi_000: float64, float64 
[ 2023-07-10 11:49:48,983 ] 89 root - INFO - Hypothesis bj_000: float64, float64 
[ 2023-07-10 11:49:48,990 ] 89 root - INFO - Hypothesis bs_000: float64, float64 
[ 2023-07-10 11:49:48,997 ] 89 root - INFO - Hypothesis bt_000: float64, float64 
[ 2023-07-10 11:49:49,004 ] 89 root - INFO - Hypothesis bu_000: float64, float64 
[ 2023-07-10 11:49:49,011 ] 89 root - INFO - Hypothesis bv_000: float64, float64 
[ 2023-07-10 11:49:49,018 ] 89 root - INFO - Hypothesis bx_000: float64, float64 
[ 2023-07-10 11:49:49,025 ] 89 root - INFO - Hypothesis by_000: float64, float64 
[ 2023-07-10 11:49:49,032 ] 89 root - INFO - Hypothesis bz_000: float64, float64 
[ 2023-07-10 11:49:49,038 ] 89 root - INFO - Hypothesis ca_000: float64, float64 
[ 2023-07-10 11:49:49,045 ] 89 root - INFO - Hypothesis cb_000: float64, float64 
[ 2023-07-10 11:49:49,052 ] 89 root - INFO - Hypothesis cc_000: float64, float64 
[ 2023-07-10 11:49:49,059 ] 89 root - INFO - Hypothesis cd_000: float64, float64 
[ 2023-07-10 11:49:49,075 ] 89 root - INFO - Hypothesis ce_000: float64, float64 
[ 2023-07-10 11:49:49,081 ] 89 root - INFO - Hypothesis ci_000: float64, float64 
[ 2023-07-10 11:49:49,088 ] 89 root - INFO - Hypothesis cj_000: float64, float64 
[ 2023-07-10 11:49:49,092 ] 89 root - INFO - Hypothesis ck_000: float64, float64 
[ 2023-07-10 11:49:49,099 ] 89 root - INFO - Hypothesis cl_000: float64, float64 
[ 2023-07-10 11:49:49,103 ] 89 root - INFO - Hypothesis cm_000: float64, float64 
[ 2023-07-10 11:49:49,108 ] 89 root - INFO - Hypothesis cn_000: float64, float64 
[ 2023-07-10 11:49:49,124 ] 89 root - INFO - Hypothesis cn_001: float64, float64 
[ 2023-07-10 11:49:49,127 ] 89 root - INFO - Hypothesis cn_002: float64, float64 
[ 2023-07-10 11:49:49,133 ] 89 root - INFO - Hypothesis cn_003: float64, float64 
[ 2023-07-10 11:49:49,140 ] 89 root - INFO - Hypothesis cn_004: float64, float64 
[ 2023-07-10 11:49:49,147 ] 89 root - INFO - Hypothesis cn_005: float64, float64 
[ 2023-07-10 11:49:49,154 ] 89 root - INFO - Hypothesis cn_006: float64, float64 
[ 2023-07-10 11:49:49,161 ] 89 root - INFO - Hypothesis cn_007: float64, float64 
[ 2023-07-10 11:49:49,167 ] 89 root - INFO - Hypothesis cn_008: float64, float64 
[ 2023-07-10 11:49:49,173 ] 89 root - INFO - Hypothesis cn_009: float64, float64 
[ 2023-07-10 11:49:49,179 ] 89 root - INFO - Hypothesis cp_000: float64, float64 
[ 2023-07-10 11:49:49,184 ] 89 root - INFO - Hypothesis cq_000: float64, float64 
[ 2023-07-10 11:49:49,191 ] 89 root - INFO - Hypothesis cs_000: float64, float64 
[ 2023-07-10 11:49:49,197 ] 89 root - INFO - Hypothesis cs_001: float64, float64 
[ 2023-07-10 11:49:49,203 ] 89 root - INFO - Hypothesis cs_002: float64, float64 
[ 2023-07-10 11:49:49,210 ] 89 root - INFO - Hypothesis cs_003: float64, float64 
[ 2023-07-10 11:49:49,217 ] 89 root - INFO - Hypothesis cs_004: float64, float64 
[ 2023-07-10 11:49:49,224 ] 89 root - INFO - Hypothesis cs_005: float64, float64 
[ 2023-07-10 11:49:49,231 ] 89 root - INFO - Hypothesis cs_006: float64, float64 
[ 2023-07-10 11:49:49,238 ] 89 root - INFO - Hypothesis cs_007: float64, float64 
[ 2023-07-10 11:49:49,245 ] 89 root - INFO - Hypothesis cs_008: float64, float64 
[ 2023-07-10 11:49:49,250 ] 89 root - INFO - Hypothesis cs_009: float64, float64 
[ 2023-07-10 11:49:49,266 ] 89 root - INFO - Hypothesis dd_000: float64, float64 
[ 2023-07-10 11:49:49,272 ] 89 root - INFO - Hypothesis de_000: float64, float64 
[ 2023-07-10 11:49:49,278 ] 89 root - INFO - Hypothesis df_000: float64, float64 
[ 2023-07-10 11:49:49,281 ] 89 root - INFO - Hypothesis dg_000: float64, float64 
[ 2023-07-10 11:49:49,284 ] 89 root - INFO - Hypothesis dh_000: float64, float64 
[ 2023-07-10 11:49:49,288 ] 89 root - INFO - Hypothesis di_000: float64, float64 
[ 2023-07-10 11:49:49,292 ] 89 root - INFO - Hypothesis dj_000: float64, float64 
[ 2023-07-10 11:49:49,308 ] 89 root - INFO - Hypothesis dk_000: float64, float64 
[ 2023-07-10 11:49:49,311 ] 89 root - INFO - Hypothesis dl_000: float64, float64 
[ 2023-07-10 11:49:49,327 ] 89 root - INFO - Hypothesis dm_000: float64, float64 
[ 2023-07-10 11:49:49,343 ] 89 root - INFO - Hypothesis dn_000: float64, float64 
[ 2023-07-10 11:49:49,350 ] 89 root - INFO - Hypothesis do_000: float64, float64 
[ 2023-07-10 11:49:49,356 ] 89 root - INFO - Hypothesis dp_000: float64, float64 
[ 2023-07-10 11:49:49,362 ] 89 root - INFO - Hypothesis dq_000: float64, float64 
[ 2023-07-10 11:49:49,367 ] 89 root - INFO - Hypothesis dr_000: float64, float64 
[ 2023-07-10 11:49:49,371 ] 89 root - INFO - Hypothesis ds_000: float64, float64 
[ 2023-07-10 11:49:49,378 ] 89 root - INFO - Hypothesis dt_000: float64, float64 
[ 2023-07-10 11:49:49,385 ] 89 root - INFO - Hypothesis du_000: float64, float64 
[ 2023-07-10 11:49:49,392 ] 89 root - INFO - Hypothesis dv_000: float64, float64 
[ 2023-07-10 11:49:49,398 ] 89 root - INFO - Hypothesis dx_000: float64, float64 
[ 2023-07-10 11:49:49,403 ] 89 root - INFO - Hypothesis dy_000: float64, float64 
[ 2023-07-10 11:49:49,408 ] 89 root - INFO - Hypothesis dz_000: float64, float64 
[ 2023-07-10 11:49:49,426 ] 89 root - INFO - Hypothesis ea_000: float64, float64 
[ 2023-07-10 11:49:49,442 ] 89 root - INFO - Hypothesis eb_000: float64, float64 
[ 2023-07-10 11:49:49,447 ] 89 root - INFO - Hypothesis ec_00: float64, float64 
[ 2023-07-10 11:49:49,454 ] 89 root - INFO - Hypothesis ed_000: float64, float64 
[ 2023-07-10 11:49:49,460 ] 89 root - INFO - Hypothesis ee_000: float64, float64 
[ 2023-07-10 11:49:49,467 ] 89 root - INFO - Hypothesis ee_001: float64, float64 
[ 2023-07-10 11:49:49,474 ] 89 root - INFO - Hypothesis ee_002: float64, float64 
[ 2023-07-10 11:49:49,481 ] 89 root - INFO - Hypothesis ee_003: float64, float64 
[ 2023-07-10 11:49:49,488 ] 89 root - INFO - Hypothesis ee_004: float64, float64 
[ 2023-07-10 11:49:49,495 ] 89 root - INFO - Hypothesis ee_005: float64, float64 
[ 2023-07-10 11:49:49,502 ] 89 root - INFO - Hypothesis ee_006: float64, float64 
[ 2023-07-10 11:49:49,509 ] 89 root - INFO - Hypothesis ee_007: float64, float64 
[ 2023-07-10 11:49:49,515 ] 89 root - INFO - Hypothesis ee_008: float64, float64 
[ 2023-07-10 11:49:49,521 ] 89 root - INFO - Hypothesis ee_009: float64, float64 
[ 2023-07-10 11:49:49,526 ] 89 root - INFO - Hypothesis ef_000: float64, float64 
[ 2023-07-10 11:49:49,542 ] 89 root - INFO - Hypothesis eg_000: float64, float64 
[ 2023-07-10 11:49:49,558 ] 150 root - INFO - Write reprt in yaml file
[ 2023-07-10 11:49:49,626 ] 154 root - INFO - Data validation artifact: DataValidationArtifact(report_file_path='/config/workspace/artifact/07102023__114931/data_validation/report.yaml')
[ 2023-07-10 11:49:49,720 ] 24 root - INFO - >>>>>>>>>>>>>>>>>>>>>>>>>>>>>>>>>>>>>>>> Data Transformation <<<<<<<<<<<<<<<<<<<<<<<<<<<<<<<<<<<<<<<<
[ 2023-07-10 11:49:50,640 ] 75 root - INFO - Before resampling in training set Input: (28950, 170) Target:(28950,)
[ 2023-07-10 11:49:56,573 ] 77 root - INFO - After resampling in training set Input: (56152, 170) Target:(56152,)
[ 2023-07-10 11:49:56,574 ] 79 root - INFO - Before resampling in testing set Input: (7238, 170) Target:(7238,)
[ 2023-07-10 11:49:57,231 ] 81 root - INFO - After resampling in testing set Input: (14072, 170) Target:(14072,)
[ 2023-07-10 11:49:57,345 ] 53 root - INFO - Entered the save_object method of utils
[ 2023-07-10 11:49:57,348 ] 57 root - INFO - Exited the save_object method of utils
[ 2023-07-10 11:49:57,348 ] 53 root - INFO - Entered the save_object method of utils
[ 2023-07-10 11:49:57,349 ] 57 root - INFO - Exited the save_object method of utils
[ 2023-07-10 11:49:57,349 ] 112 root - INFO - Data transformation object DataTransformationArtifact(transform_object_path='/config/workspace/artifact/07102023__114931/data_transformation/transformer/transformer.pkl', transformed_train_path='/config/workspace/artifact/07102023__114931/data_transformation/transformed/train.npz', transformed_test_path='/config/workspace/artifact/07102023__114931/data_transformation/transformed/test.npz', target_encoder_path='/config/workspace/artifact/07102023__114931/data_transformation/target_encoder/target_encoder.pkl')
[ 2023-07-10 11:49:57,351 ] 18 root - INFO - >>>>>>>>>>>>>>>>>>>>>>>>>>>>>>>>>>>>>>>> Model Trainer <<<<<<<<<<<<<<<<<<<<<<<<<<<<<<<<<<<<<<<<
[ 2023-07-10 11:49:57,351 ] 45 root - INFO - Loading train and test array.
[ 2023-07-10 11:49:57,381 ] 49 root - INFO - Splitting input and target feature from both train and test arr.
[ 2023-07-10 11:49:57,381 ] 53 root - INFO - Train the model
[ 2023-07-10 11:50:09,687 ] 56 root - INFO - Calculating f1 train score
[ 2023-07-10 11:50:09,744 ] 60 root - INFO - Calculating f1 test score
[ 2023-07-10 11:50:09,762 ] 64 root - INFO - train score:0.9999821908781678 and tests score 0.9694011365292147
[ 2023-07-10 11:50:09,762 ] 66 root - INFO - Checking if our model is underfitting or not
[ 2023-07-10 11:50:09,762 ] 71 root - INFO - Checking if our model is overfiiting or not
[ 2023-07-10 11:50:09,763 ] 78 root - INFO - Saving mode object
[ 2023-07-10 11:50:09,763 ] 53 root - INFO - Entered the save_object method of utils
[ 2023-07-10 11:50:09,768 ] 57 root - INFO - Exited the save_object method of utils
[ 2023-07-10 11:50:09,768 ] 82 root - INFO - Prepare the artifact
[ 2023-07-10 11:50:09,768 ] 85 root - INFO - Model trainer artifact: ModelTrainerArtifact(model_path='/config/workspace/artifact/07102023__114931/model_trainer/model/model.pkl', f1_train_score=0.9999821908781678, f1_test_score=0.9694011365292147)
[ 2023-07-10 11:50:09,769 ] 19 root - INFO - >>>>>>>>>>>>>>>>>>>>>>>>>>>>>>>>>>>>>>>>  Model Evaluation <<<<<<<<<<<<<<<<<<<<<<<<<<<<<<<<<<<<<<<<
[ 2023-07-10 11:50:09,770 ] 35 root - INFO - if saved model folder has model the we will compare which model is best trained or the model from saved model folder
[ 2023-07-10 11:50:09,770 ] 41 root - INFO - Model evaluation artifact: ModelEvaluationArtifact(is_model_accepted=True, improved_accuracy=None)
[ 2023-07-10 11:50:09,770 ] 14 root - INFO - >>>>>>>>>>>>>>>>>>>>>>>>>>>>>>>>>>>>>>>> Model Evaluation <<<<<<<<<<<<<<<<<<<<<<<<<<<<<<<<<<<<<<<<
