[ 2023-07-10 12:32:19,029 ] 15 root - INFO - >>>>>>>>>>>>>>>>>>>>>>>>>>>>>>>>>>>>>>>> Data Ingestion <<<<<<<<<<<<<<<<<<<<<<<<<<<<<<<<<<<<<<<<
[ 2023-07-10 12:32:19,029 ] 22 root - INFO - Exporting collection data as pandas dataframe
[ 2023-07-10 12:32:19,029 ] 22 root - INFO - Reading data from database: aps and collection: sensor
[ 2023-07-10 12:32:22,380 ] 24 root - INFO - Found columns: Index(['_id', 'class', 'aa_000', 'ab_000', 'ac_000', 'ad_000', 'ae_000',
       'af_000', 'ag_000', 'ag_001',
       ...
       'ee_002', 'ee_003', 'ee_004', 'ee_005', 'ee_006', 'ee_007', 'ee_008',
       'ee_009', 'ef_000', 'eg_000'],
      dtype='object', length=172)
[ 2023-07-10 12:32:22,381 ] 26 root - INFO - Dropping column: _id 
[ 2023-07-10 12:32:22,583 ] 28 root - INFO - Row and columns in df: (36188, 171)
[ 2023-07-10 12:32:22,584 ] 28 root - INFO - Save data in feature store
[ 2023-07-10 12:32:23,957 ] 34 root - INFO - Create feature store folder if not available
[ 2023-07-10 12:32:23,958 ] 38 root - INFO - Save df to feature store folder
[ 2023-07-10 12:32:25,834 ] 43 root - INFO - split dataset into train and test set
[ 2023-07-10 12:32:26,153 ] 47 root - INFO - create dataset directory folder if not available
[ 2023-07-10 12:32:26,153 ] 52 root - INFO - Save df to feature store folder
[ 2023-07-10 12:32:27,974 ] 64 root - INFO - Data ingestion artifact: DataIngestionArtifact(feature_store_file_path='/config/workspace/artifact/07102023__123219/data_ingestion/feature_store/sensor.csv', train_file_path='/config/workspace/artifact/07102023__123219/data_ingestion/dataset/train.csv', test_file_path='/config/workspace/artifact/07102023__123219/data_ingestion/dataset/test.csv')
[ 2023-07-10 12:32:28,392 ] 22 root - INFO - >>>>>>>>>>>>>>>>>>>>>>>>>>>>>>>>>>>>>>>> Data Validation <<<<<<<<<<<<<<<<<<<<<<<<<<<<<<<<<<<<<<<<
[ 2023-07-10 12:32:28,392 ] 111 root - INFO - Reading base dataframe
[ 2023-07-10 12:32:30,665 ] 114 root - INFO - Replace na value in base df
[ 2023-07-10 12:32:30,665 ] 116 root - INFO - Drop null values colums from base df
[ 2023-07-10 12:32:30,884 ] 45 root - INFO - selecting column name which contains null above to 0.2
[ 2023-07-10 12:32:30,885 ] 48 root - INFO - Columns to drop: ['ab_000', 'ad_000', 'bk_000', 'bl_000', 'bm_000', 'bn_000', 'bo_000', 'bp_000', 'bq_000', 'br_000', 'cf_000', 'cg_000', 'ch_000', 'co_000', 'cr_000', 'ct_000', 'cu_000', 'cv_000', 'cx_000', 'cy_000', 'cz_000', 'da_000', 'db_000', 'dc_000']
[ 2023-07-10 12:32:30,970 ] 119 root - INFO - Reading train dataframe
[ 2023-07-10 12:32:31,363 ] 121 root - INFO - Reading test dataframe
[ 2023-07-10 12:32:31,472 ] 124 root - INFO - Drop null values colums from train df
[ 2023-07-10 12:32:31,480 ] 45 root - INFO - selecting column name which contains null above to 0.2
[ 2023-07-10 12:32:31,480 ] 48 root - INFO - Columns to drop: ['ab_000', 'ad_000', 'bk_000', 'bl_000', 'bm_000', 'bn_000', 'bo_000', 'bp_000', 'bq_000', 'br_000', 'cf_000', 'cg_000', 'ch_000', 'co_000', 'cr_000', 'ct_000', 'cu_000', 'cv_000', 'cx_000', 'cy_000', 'cz_000', 'da_000', 'db_000', 'dc_000']
[ 2023-07-10 12:32:31,489 ] 126 root - INFO - Drop null values colums from test df
[ 2023-07-10 12:32:31,492 ] 45 root - INFO - selecting column name which contains null above to 0.2
[ 2023-07-10 12:32:31,493 ] 48 root - INFO - Columns to drop: ['ab_000', 'ad_000', 'bk_000', 'bl_000', 'bm_000', 'bn_000', 'bo_000', 'bp_000', 'bq_000', 'br_000', 'cf_000', 'cg_000', 'ch_000', 'co_000', 'cr_000', 'ct_000', 'cu_000', 'cv_000', 'cx_000', 'cy_000', 'cz_000', 'da_000', 'db_000', 'dc_000']
[ 2023-07-10 12:32:32,256 ] 135 root - INFO - Is all required columns present in train df
[ 2023-07-10 12:32:32,256 ] 137 root - INFO - Is all required columns present in test df
[ 2023-07-10 12:32:32,256 ] 141 root - INFO - As all column are available in train df hence detecting data drift
[ 2023-07-10 12:32:32,257 ] 89 root - INFO - Hypothesis class: object, object 
[ 2023-07-10 12:32:32,392 ] 89 root - INFO - Hypothesis aa_000: float64, float64 
[ 2023-07-10 12:32:32,402 ] 89 root - INFO - Hypothesis ac_000: float64, float64 
[ 2023-07-10 12:32:32,441 ] 89 root - INFO - Hypothesis ae_000: float64, float64 
[ 2023-07-10 12:32:32,476 ] 89 root - INFO - Hypothesis af_000: float64, float64 
[ 2023-07-10 12:32:32,513 ] 89 root - INFO - Hypothesis ag_000: float64, float64 
[ 2023-07-10 12:32:32,548 ] 89 root - INFO - Hypothesis ag_001: float64, float64 
[ 2023-07-10 12:32:32,584 ] 89 root - INFO - Hypothesis ag_002: float64, float64 
[ 2023-07-10 12:32:32,620 ] 89 root - INFO - Hypothesis ag_003: float64, float64 
[ 2023-07-10 12:32:32,626 ] 89 root - INFO - Hypothesis ag_004: float64, float64 
[ 2023-07-10 12:32:32,636 ] 89 root - INFO - Hypothesis ag_005: float64, float64 
[ 2023-07-10 12:32:32,646 ] 89 root - INFO - Hypothesis ag_006: float64, float64 
[ 2023-07-10 12:32:32,657 ] 89 root - INFO - Hypothesis ag_007: float64, float64 
[ 2023-07-10 12:32:32,666 ] 89 root - INFO - Hypothesis ag_008: float64, float64 
[ 2023-07-10 12:32:32,675 ] 89 root - INFO - Hypothesis ag_009: float64, float64 
[ 2023-07-10 12:32:32,682 ] 89 root - INFO - Hypothesis ah_000: float64, float64 
[ 2023-07-10 12:32:32,692 ] 89 root - INFO - Hypothesis ai_000: float64, float64 
[ 2023-07-10 12:32:32,728 ] 89 root - INFO - Hypothesis aj_000: float64, float64 
[ 2023-07-10 12:32:32,734 ] 89 root - INFO - Hypothesis ak_000: float64, float64 
[ 2023-07-10 12:32:32,774 ] 89 root - INFO - Hypothesis al_000: float64, float64 
[ 2023-07-10 12:32:32,781 ] 89 root - INFO - Hypothesis am_0: float64, float64 
[ 2023-07-10 12:32:32,789 ] 89 root - INFO - Hypothesis an_000: float64, float64 
[ 2023-07-10 12:32:32,799 ] 89 root - INFO - Hypothesis ao_000: float64, float64 
[ 2023-07-10 12:32:32,810 ] 89 root - INFO - Hypothesis ap_000: float64, float64 
[ 2023-07-10 12:32:32,820 ] 89 root - INFO - Hypothesis aq_000: float64, float64 
[ 2023-07-10 12:32:32,831 ] 89 root - INFO - Hypothesis ar_000: float64, float64 
[ 2023-07-10 12:32:32,867 ] 89 root - INFO - Hypothesis as_000: float64, float64 
[ 2023-07-10 12:32:32,904 ] 89 root - INFO - Hypothesis at_000: float64, float64 
[ 2023-07-10 12:32:32,940 ] 89 root - INFO - Hypothesis au_000: float64, float64 
[ 2023-07-10 12:32:32,975 ] 89 root - INFO - Hypothesis av_000: float64, float64 
[ 2023-07-10 12:32:32,984 ] 89 root - INFO - Hypothesis ax_000: float64, float64 
[ 2023-07-10 12:32:32,992 ] 89 root - INFO - Hypothesis ay_000: float64, float64 
[ 2023-07-10 12:32:33,027 ] 89 root - INFO - Hypothesis ay_001: float64, float64 
[ 2023-07-10 12:32:33,062 ] 89 root - INFO - Hypothesis ay_002: float64, float64 
[ 2023-07-10 12:32:33,098 ] 89 root - INFO - Hypothesis ay_003: float64, float64 
[ 2023-07-10 12:32:33,134 ] 89 root - INFO - Hypothesis ay_004: float64, float64 
[ 2023-07-10 12:32:33,170 ] 89 root - INFO - Hypothesis ay_005: float64, float64 
[ 2023-07-10 12:32:33,210 ] 89 root - INFO - Hypothesis ay_006: float64, float64 
[ 2023-07-10 12:32:33,220 ] 89 root - INFO - Hypothesis ay_007: float64, float64 
[ 2023-07-10 12:32:33,230 ] 89 root - INFO - Hypothesis ay_008: float64, float64 
[ 2023-07-10 12:32:33,241 ] 89 root - INFO - Hypothesis ay_009: float64, float64 
[ 2023-07-10 12:32:33,277 ] 89 root - INFO - Hypothesis az_000: float64, float64 
[ 2023-07-10 12:32:33,287 ] 89 root - INFO - Hypothesis az_001: float64, float64 
[ 2023-07-10 12:32:33,297 ] 89 root - INFO - Hypothesis az_002: float64, float64 
[ 2023-07-10 12:32:33,306 ] 89 root - INFO - Hypothesis az_003: float64, float64 
[ 2023-07-10 12:32:33,317 ] 89 root - INFO - Hypothesis az_004: float64, float64 
[ 2023-07-10 12:32:33,327 ] 89 root - INFO - Hypothesis az_005: float64, float64 
[ 2023-07-10 12:32:33,338 ] 89 root - INFO - Hypothesis az_006: float64, float64 
[ 2023-07-10 12:32:33,379 ] 89 root - INFO - Hypothesis az_007: float64, float64 
[ 2023-07-10 12:32:33,416 ] 89 root - INFO - Hypothesis az_008: float64, float64 
[ 2023-07-10 12:32:33,457 ] 89 root - INFO - Hypothesis az_009: float64, float64 
[ 2023-07-10 12:32:33,492 ] 89 root - INFO - Hypothesis ba_000: float64, float64 
[ 2023-07-10 12:32:33,503 ] 89 root - INFO - Hypothesis ba_001: float64, float64 
[ 2023-07-10 12:32:33,513 ] 89 root - INFO - Hypothesis ba_002: float64, float64 
[ 2023-07-10 12:32:33,524 ] 89 root - INFO - Hypothesis ba_003: float64, float64 
[ 2023-07-10 12:32:33,536 ] 89 root - INFO - Hypothesis ba_004: float64, float64 
[ 2023-07-10 12:32:33,547 ] 89 root - INFO - Hypothesis ba_005: float64, float64 
[ 2023-07-10 12:32:33,557 ] 89 root - INFO - Hypothesis ba_006: float64, float64 
[ 2023-07-10 12:32:33,567 ] 89 root - INFO - Hypothesis ba_007: float64, float64 
[ 2023-07-10 12:32:33,576 ] 89 root - INFO - Hypothesis ba_008: float64, float64 
[ 2023-07-10 12:32:33,616 ] 89 root - INFO - Hypothesis ba_009: float64, float64 
[ 2023-07-10 12:32:33,654 ] 89 root - INFO - Hypothesis bb_000: float64, float64 
[ 2023-07-10 12:32:33,665 ] 89 root - INFO - Hypothesis bc_000: float64, float64 
[ 2023-07-10 12:32:33,704 ] 89 root - INFO - Hypothesis bd_000: float64, float64 
[ 2023-07-10 12:32:33,712 ] 89 root - INFO - Hypothesis be_000: float64, float64 
[ 2023-07-10 12:32:33,721 ] 89 root - INFO - Hypothesis bf_000: float64, float64 
[ 2023-07-10 12:32:33,728 ] 89 root - INFO - Hypothesis bg_000: float64, float64 
[ 2023-07-10 12:32:33,738 ] 89 root - INFO - Hypothesis bh_000: float64, float64 
[ 2023-07-10 12:32:33,749 ] 89 root - INFO - Hypothesis bi_000: float64, float64 
[ 2023-07-10 12:32:33,759 ] 89 root - INFO - Hypothesis bj_000: float64, float64 
[ 2023-07-10 12:32:33,770 ] 89 root - INFO - Hypothesis bs_000: float64, float64 
[ 2023-07-10 12:32:33,781 ] 89 root - INFO - Hypothesis bt_000: float64, float64 
[ 2023-07-10 12:32:33,791 ] 89 root - INFO - Hypothesis bu_000: float64, float64 
[ 2023-07-10 12:32:33,801 ] 89 root - INFO - Hypothesis bv_000: float64, float64 
[ 2023-07-10 12:32:33,812 ] 89 root - INFO - Hypothesis bx_000: float64, float64 
[ 2023-07-10 12:32:33,822 ] 89 root - INFO - Hypothesis by_000: float64, float64 
[ 2023-07-10 12:32:33,833 ] 89 root - INFO - Hypothesis bz_000: float64, float64 
[ 2023-07-10 12:32:33,842 ] 89 root - INFO - Hypothesis ca_000: float64, float64 
[ 2023-07-10 12:32:33,852 ] 89 root - INFO - Hypothesis cb_000: float64, float64 
[ 2023-07-10 12:32:33,863 ] 89 root - INFO - Hypothesis cc_000: float64, float64 
[ 2023-07-10 12:32:33,873 ] 89 root - INFO - Hypothesis cd_000: float64, float64 
[ 2023-07-10 12:32:33,911 ] 89 root - INFO - Hypothesis ce_000: float64, float64 
[ 2023-07-10 12:32:33,920 ] 89 root - INFO - Hypothesis ci_000: float64, float64 
[ 2023-07-10 12:32:33,931 ] 89 root - INFO - Hypothesis cj_000: float64, float64 
[ 2023-07-10 12:32:33,968 ] 89 root - INFO - Hypothesis ck_000: float64, float64 
[ 2023-07-10 12:32:33,979 ] 89 root - INFO - Hypothesis cl_000: float64, float64 
[ 2023-07-10 12:32:33,985 ] 89 root - INFO - Hypothesis cm_000: float64, float64 
[ 2023-07-10 12:32:33,992 ] 89 root - INFO - Hypothesis cn_000: float64, float64 
[ 2023-07-10 12:32:34,028 ] 89 root - INFO - Hypothesis cn_001: float64, float64 
[ 2023-07-10 12:32:34,066 ] 89 root - INFO - Hypothesis cn_002: float64, float64 
[ 2023-07-10 12:32:34,074 ] 89 root - INFO - Hypothesis cn_003: float64, float64 
[ 2023-07-10 12:32:34,084 ] 89 root - INFO - Hypothesis cn_004: float64, float64 
[ 2023-07-10 12:32:34,095 ] 89 root - INFO - Hypothesis cn_005: float64, float64 
[ 2023-07-10 12:32:34,105 ] 89 root - INFO - Hypothesis cn_006: float64, float64 
[ 2023-07-10 12:32:34,115 ] 89 root - INFO - Hypothesis cn_007: float64, float64 
[ 2023-07-10 12:32:34,125 ] 89 root - INFO - Hypothesis cn_008: float64, float64 
[ 2023-07-10 12:32:34,134 ] 89 root - INFO - Hypothesis cn_009: float64, float64 
[ 2023-07-10 12:32:34,174 ] 89 root - INFO - Hypothesis cp_000: float64, float64 
[ 2023-07-10 12:32:34,213 ] 89 root - INFO - Hypothesis cq_000: float64, float64 
[ 2023-07-10 12:32:34,223 ] 89 root - INFO - Hypothesis cs_000: float64, float64 
[ 2023-07-10 12:32:34,234 ] 89 root - INFO - Hypothesis cs_001: float64, float64 
[ 2023-07-10 12:32:34,242 ] 89 root - INFO - Hypothesis cs_002: float64, float64 
[ 2023-07-10 12:32:34,252 ] 89 root - INFO - Hypothesis cs_003: float64, float64 
[ 2023-07-10 12:32:34,263 ] 89 root - INFO - Hypothesis cs_004: float64, float64 
[ 2023-07-10 12:32:34,273 ] 89 root - INFO - Hypothesis cs_005: float64, float64 
[ 2023-07-10 12:32:34,284 ] 89 root - INFO - Hypothesis cs_006: float64, float64 
[ 2023-07-10 12:32:34,295 ] 89 root - INFO - Hypothesis cs_007: float64, float64 
[ 2023-07-10 12:32:34,306 ] 89 root - INFO - Hypothesis cs_008: float64, float64 
[ 2023-07-10 12:32:34,345 ] 89 root - INFO - Hypothesis cs_009: float64, float64 
[ 2023-07-10 12:32:34,381 ] 89 root - INFO - Hypothesis dd_000: float64, float64 
[ 2023-07-10 12:32:34,391 ] 89 root - INFO - Hypothesis de_000: float64, float64 
[ 2023-07-10 12:32:34,399 ] 89 root - INFO - Hypothesis df_000: float64, float64 
[ 2023-07-10 12:32:34,437 ] 89 root - INFO - Hypothesis dg_000: float64, float64 
[ 2023-07-10 12:32:34,475 ] 89 root - INFO - Hypothesis dh_000: float64, float64 
[ 2023-07-10 12:32:34,481 ] 89 root - INFO - Hypothesis di_000: float64, float64 
[ 2023-07-10 12:32:34,520 ] 89 root - INFO - Hypothesis dj_000: float64, float64 
[ 2023-07-10 12:32:34,557 ] 89 root - INFO - Hypothesis dk_000: float64, float64 
[ 2023-07-10 12:32:34,593 ] 89 root - INFO - Hypothesis dl_000: float64, float64 
[ 2023-07-10 12:32:34,629 ] 89 root - INFO - Hypothesis dm_000: float64, float64 
[ 2023-07-10 12:32:34,665 ] 89 root - INFO - Hypothesis dn_000: float64, float64 
[ 2023-07-10 12:32:34,675 ] 89 root - INFO - Hypothesis do_000: float64, float64 
[ 2023-07-10 12:32:34,684 ] 89 root - INFO - Hypothesis dp_000: float64, float64 
[ 2023-07-10 12:32:34,694 ] 89 root - INFO - Hypothesis dq_000: float64, float64 
[ 2023-07-10 12:32:34,731 ] 89 root - INFO - Hypothesis dr_000: float64, float64 
[ 2023-07-10 12:32:34,769 ] 89 root - INFO - Hypothesis ds_000: float64, float64 
[ 2023-07-10 12:32:34,780 ] 89 root - INFO - Hypothesis dt_000: float64, float64 
[ 2023-07-10 12:32:34,790 ] 89 root - INFO - Hypothesis du_000: float64, float64 
[ 2023-07-10 12:32:34,800 ] 89 root - INFO - Hypothesis dv_000: float64, float64 
[ 2023-07-10 12:32:34,810 ] 89 root - INFO - Hypothesis dx_000: float64, float64 
[ 2023-07-10 12:32:34,849 ] 89 root - INFO - Hypothesis dy_000: float64, float64 
[ 2023-07-10 12:32:34,887 ] 89 root - INFO - Hypothesis dz_000: float64, float64 
[ 2023-07-10 12:32:34,923 ] 89 root - INFO - Hypothesis ea_000: float64, float64 
[ 2023-07-10 12:32:34,960 ] 89 root - INFO - Hypothesis eb_000: float64, float64 
[ 2023-07-10 12:32:34,968 ] 89 root - INFO - Hypothesis ec_00: float64, float64 
[ 2023-07-10 12:32:34,978 ] 89 root - INFO - Hypothesis ed_000: float64, float64 
[ 2023-07-10 12:32:34,987 ] 89 root - INFO - Hypothesis ee_000: float64, float64 
[ 2023-07-10 12:32:34,997 ] 89 root - INFO - Hypothesis ee_001: float64, float64 
[ 2023-07-10 12:32:35,008 ] 89 root - INFO - Hypothesis ee_002: float64, float64 
[ 2023-07-10 12:32:35,018 ] 89 root - INFO - Hypothesis ee_003: float64, float64 
[ 2023-07-10 12:32:35,028 ] 89 root - INFO - Hypothesis ee_004: float64, float64 
[ 2023-07-10 12:32:35,039 ] 89 root - INFO - Hypothesis ee_005: float64, float64 
[ 2023-07-10 12:32:35,049 ] 89 root - INFO - Hypothesis ee_006: float64, float64 
[ 2023-07-10 12:32:35,059 ] 89 root - INFO - Hypothesis ee_007: float64, float64 
[ 2023-07-10 12:32:35,069 ] 89 root - INFO - Hypothesis ee_008: float64, float64 
[ 2023-07-10 12:32:35,078 ] 89 root - INFO - Hypothesis ee_009: float64, float64 
[ 2023-07-10 12:32:35,085 ] 89 root - INFO - Hypothesis ef_000: float64, float64 
[ 2023-07-10 12:32:35,121 ] 89 root - INFO - Hypothesis eg_000: float64, float64 
[ 2023-07-10 12:32:35,156 ] 144 root - INFO - As all column are available in test df hence detecting data drift
[ 2023-07-10 12:32:35,156 ] 89 root - INFO - Hypothesis class: object, object 
[ 2023-07-10 12:32:35,231 ] 89 root - INFO - Hypothesis aa_000: float64, float64 
[ 2023-07-10 12:32:35,237 ] 89 root - INFO - Hypothesis ac_000: float64, float64 
[ 2023-07-10 12:32:35,243 ] 89 root - INFO - Hypothesis ae_000: float64, float64 
[ 2023-07-10 12:32:35,258 ] 89 root - INFO - Hypothesis af_000: float64, float64 
[ 2023-07-10 12:32:35,273 ] 89 root - INFO - Hypothesis ag_000: float64, float64 
[ 2023-07-10 12:32:35,288 ] 89 root - INFO - Hypothesis ag_001: float64, float64 
[ 2023-07-10 12:32:35,303 ] 89 root - INFO - Hypothesis ag_002: float64, float64 
[ 2023-07-10 12:32:35,306 ] 89 root - INFO - Hypothesis ag_003: float64, float64 
[ 2023-07-10 12:32:35,310 ] 89 root - INFO - Hypothesis ag_004: float64, float64 
[ 2023-07-10 12:32:35,317 ] 89 root - INFO - Hypothesis ag_005: float64, float64 
[ 2023-07-10 12:32:35,324 ] 89 root - INFO - Hypothesis ag_006: float64, float64 
[ 2023-07-10 12:32:35,332 ] 89 root - INFO - Hypothesis ag_007: float64, float64 
[ 2023-07-10 12:32:35,338 ] 89 root - INFO - Hypothesis ag_008: float64, float64 
[ 2023-07-10 12:32:35,343 ] 89 root - INFO - Hypothesis ag_009: float64, float64 
[ 2023-07-10 12:32:35,348 ] 89 root - INFO - Hypothesis ah_000: float64, float64 
[ 2023-07-10 12:32:35,355 ] 89 root - INFO - Hypothesis ai_000: float64, float64 
[ 2023-07-10 12:32:35,359 ] 89 root - INFO - Hypothesis aj_000: float64, float64 
[ 2023-07-10 12:32:35,363 ] 89 root - INFO - Hypothesis ak_000: float64, float64 
[ 2023-07-10 12:32:35,366 ] 89 root - INFO - Hypothesis al_000: float64, float64 
[ 2023-07-10 12:32:35,371 ] 89 root - INFO - Hypothesis am_0: float64, float64 
[ 2023-07-10 12:32:35,376 ] 89 root - INFO - Hypothesis an_000: float64, float64 
[ 2023-07-10 12:32:35,383 ] 89 root - INFO - Hypothesis ao_000: float64, float64 
[ 2023-07-10 12:32:35,390 ] 89 root - INFO - Hypothesis ap_000: float64, float64 
[ 2023-07-10 12:32:35,397 ] 89 root - INFO - Hypothesis aq_000: float64, float64 
[ 2023-07-10 12:32:35,405 ] 89 root - INFO - Hypothesis ar_000: float64, float64 
[ 2023-07-10 12:32:35,420 ] 89 root - INFO - Hypothesis as_000: float64, float64 
[ 2023-07-10 12:32:35,436 ] 89 root - INFO - Hypothesis at_000: float64, float64 
[ 2023-07-10 12:32:35,451 ] 89 root - INFO - Hypothesis au_000: float64, float64 
[ 2023-07-10 12:32:35,467 ] 89 root - INFO - Hypothesis av_000: float64, float64 
[ 2023-07-10 12:32:35,473 ] 89 root - INFO - Hypothesis ax_000: float64, float64 
[ 2023-07-10 12:32:35,478 ] 89 root - INFO - Hypothesis ay_000: float64, float64 
[ 2023-07-10 12:32:35,493 ] 89 root - INFO - Hypothesis ay_001: float64, float64 
[ 2023-07-10 12:32:35,508 ] 89 root - INFO - Hypothesis ay_002: float64, float64 
[ 2023-07-10 12:32:35,523 ] 89 root - INFO - Hypothesis ay_003: float64, float64 
[ 2023-07-10 12:32:35,538 ] 89 root - INFO - Hypothesis ay_004: float64, float64 
[ 2023-07-10 12:32:35,553 ] 89 root - INFO - Hypothesis ay_005: float64, float64 
[ 2023-07-10 12:32:35,558 ] 89 root - INFO - Hypothesis ay_006: float64, float64 
[ 2023-07-10 12:32:35,564 ] 89 root - INFO - Hypothesis ay_007: float64, float64 
[ 2023-07-10 12:32:35,571 ] 89 root - INFO - Hypothesis ay_008: float64, float64 
[ 2023-07-10 12:32:35,578 ] 89 root - INFO - Hypothesis ay_009: float64, float64 
[ 2023-07-10 12:32:35,593 ] 89 root - INFO - Hypothesis az_000: float64, float64 
[ 2023-07-10 12:32:35,600 ] 89 root - INFO - Hypothesis az_001: float64, float64 
[ 2023-07-10 12:32:35,606 ] 89 root - INFO - Hypothesis az_002: float64, float64 
[ 2023-07-10 12:32:35,612 ] 89 root - INFO - Hypothesis az_003: float64, float64 
[ 2023-07-10 12:32:35,620 ] 89 root - INFO - Hypothesis az_004: float64, float64 
[ 2023-07-10 12:32:35,627 ] 89 root - INFO - Hypothesis az_005: float64, float64 
[ 2023-07-10 12:32:35,634 ] 89 root - INFO - Hypothesis az_006: float64, float64 
[ 2023-07-10 12:32:35,641 ] 89 root - INFO - Hypothesis az_007: float64, float64 
[ 2023-07-10 12:32:35,645 ] 89 root - INFO - Hypothesis az_008: float64, float64 
[ 2023-07-10 12:32:35,660 ] 89 root - INFO - Hypothesis az_009: float64, float64 
[ 2023-07-10 12:32:35,676 ] 89 root - INFO - Hypothesis ba_000: float64, float64 
[ 2023-07-10 12:32:35,683 ] 89 root - INFO - Hypothesis ba_001: float64, float64 
[ 2023-07-10 12:32:35,689 ] 89 root - INFO - Hypothesis ba_002: float64, float64 
[ 2023-07-10 12:32:35,696 ] 89 root - INFO - Hypothesis ba_003: float64, float64 
[ 2023-07-10 12:32:35,703 ] 89 root - INFO - Hypothesis ba_004: float64, float64 
[ 2023-07-10 12:32:35,710 ] 89 root - INFO - Hypothesis ba_005: float64, float64 
[ 2023-07-10 12:32:35,717 ] 89 root - INFO - Hypothesis ba_006: float64, float64 
[ 2023-07-10 12:32:35,724 ] 89 root - INFO - Hypothesis ba_007: float64, float64 
[ 2023-07-10 12:32:35,730 ] 89 root - INFO - Hypothesis ba_008: float64, float64 
[ 2023-07-10 12:32:35,736 ] 89 root - INFO - Hypothesis ba_009: float64, float64 
[ 2023-07-10 12:32:35,740 ] 89 root - INFO - Hypothesis bb_000: float64, float64 
[ 2023-07-10 12:32:35,747 ] 89 root - INFO - Hypothesis bc_000: float64, float64 
[ 2023-07-10 12:32:35,752 ] 89 root - INFO - Hypothesis bd_000: float64, float64 
[ 2023-07-10 12:32:35,758 ] 89 root - INFO - Hypothesis be_000: float64, float64 
[ 2023-07-10 12:32:35,764 ] 89 root - INFO - Hypothesis bf_000: float64, float64 
[ 2023-07-10 12:32:35,769 ] 89 root - INFO - Hypothesis bg_000: float64, float64 
[ 2023-07-10 12:32:35,776 ] 89 root - INFO - Hypothesis bh_000: float64, float64 
[ 2023-07-10 12:32:35,783 ] 89 root - INFO - Hypothesis bi_000: float64, float64 
[ 2023-07-10 12:32:35,790 ] 89 root - INFO - Hypothesis bj_000: float64, float64 
[ 2023-07-10 12:32:35,797 ] 89 root - INFO - Hypothesis bs_000: float64, float64 
[ 2023-07-10 12:32:35,804 ] 89 root - INFO - Hypothesis bt_000: float64, float64 
[ 2023-07-10 12:32:35,811 ] 89 root - INFO - Hypothesis bu_000: float64, float64 
[ 2023-07-10 12:32:35,818 ] 89 root - INFO - Hypothesis bv_000: float64, float64 
[ 2023-07-10 12:32:35,825 ] 89 root - INFO - Hypothesis bx_000: float64, float64 
[ 2023-07-10 12:32:35,832 ] 89 root - INFO - Hypothesis by_000: float64, float64 
[ 2023-07-10 12:32:35,839 ] 89 root - INFO - Hypothesis bz_000: float64, float64 
[ 2023-07-10 12:32:35,845 ] 89 root - INFO - Hypothesis ca_000: float64, float64 
[ 2023-07-10 12:32:35,852 ] 89 root - INFO - Hypothesis cb_000: float64, float64 
[ 2023-07-10 12:32:35,859 ] 89 root - INFO - Hypothesis cc_000: float64, float64 
[ 2023-07-10 12:32:35,866 ] 89 root - INFO - Hypothesis cd_000: float64, float64 
[ 2023-07-10 12:32:35,881 ] 89 root - INFO - Hypothesis ce_000: float64, float64 
[ 2023-07-10 12:32:35,887 ] 89 root - INFO - Hypothesis ci_000: float64, float64 
[ 2023-07-10 12:32:35,894 ] 89 root - INFO - Hypothesis cj_000: float64, float64 
[ 2023-07-10 12:32:35,898 ] 89 root - INFO - Hypothesis ck_000: float64, float64 
[ 2023-07-10 12:32:35,905 ] 89 root - INFO - Hypothesis cl_000: float64, float64 
[ 2023-07-10 12:32:35,910 ] 89 root - INFO - Hypothesis cm_000: float64, float64 
[ 2023-07-10 12:32:35,914 ] 89 root - INFO - Hypothesis cn_000: float64, float64 
[ 2023-07-10 12:32:35,930 ] 89 root - INFO - Hypothesis cn_001: float64, float64 
[ 2023-07-10 12:32:35,934 ] 89 root - INFO - Hypothesis cn_002: float64, float64 
[ 2023-07-10 12:32:35,939 ] 89 root - INFO - Hypothesis cn_003: float64, float64 
[ 2023-07-10 12:32:35,946 ] 89 root - INFO - Hypothesis cn_004: float64, float64 
[ 2023-07-10 12:32:35,953 ] 89 root - INFO - Hypothesis cn_005: float64, float64 
[ 2023-07-10 12:32:35,960 ] 89 root - INFO - Hypothesis cn_006: float64, float64 
[ 2023-07-10 12:32:35,967 ] 89 root - INFO - Hypothesis cn_007: float64, float64 
[ 2023-07-10 12:32:35,974 ] 89 root - INFO - Hypothesis cn_008: float64, float64 
[ 2023-07-10 12:32:35,980 ] 89 root - INFO - Hypothesis cn_009: float64, float64 
[ 2023-07-10 12:32:35,985 ] 89 root - INFO - Hypothesis cp_000: float64, float64 
[ 2023-07-10 12:32:35,990 ] 89 root - INFO - Hypothesis cq_000: float64, float64 
[ 2023-07-10 12:32:35,997 ] 89 root - INFO - Hypothesis cs_000: float64, float64 
[ 2023-07-10 12:32:36,004 ] 89 root - INFO - Hypothesis cs_001: float64, float64 
[ 2023-07-10 12:32:36,010 ] 89 root - INFO - Hypothesis cs_002: float64, float64 
[ 2023-07-10 12:32:36,016 ] 89 root - INFO - Hypothesis cs_003: float64, float64 
[ 2023-07-10 12:32:36,023 ] 89 root - INFO - Hypothesis cs_004: float64, float64 
[ 2023-07-10 12:32:36,031 ] 89 root - INFO - Hypothesis cs_005: float64, float64 
[ 2023-07-10 12:32:36,038 ] 89 root - INFO - Hypothesis cs_006: float64, float64 
[ 2023-07-10 12:32:36,045 ] 89 root - INFO - Hypothesis cs_007: float64, float64 
[ 2023-07-10 12:32:36,052 ] 89 root - INFO - Hypothesis cs_008: float64, float64 
[ 2023-07-10 12:32:36,057 ] 89 root - INFO - Hypothesis cs_009: float64, float64 
[ 2023-07-10 12:32:36,072 ] 89 root - INFO - Hypothesis dd_000: float64, float64 
[ 2023-07-10 12:32:36,079 ] 89 root - INFO - Hypothesis de_000: float64, float64 
[ 2023-07-10 12:32:36,084 ] 89 root - INFO - Hypothesis df_000: float64, float64 
[ 2023-07-10 12:32:36,088 ] 89 root - INFO - Hypothesis dg_000: float64, float64 
[ 2023-07-10 12:32:36,091 ] 89 root - INFO - Hypothesis dh_000: float64, float64 
[ 2023-07-10 12:32:36,094 ] 89 root - INFO - Hypothesis di_000: float64, float64 
[ 2023-07-10 12:32:36,098 ] 89 root - INFO - Hypothesis dj_000: float64, float64 
[ 2023-07-10 12:32:36,114 ] 89 root - INFO - Hypothesis dk_000: float64, float64 
[ 2023-07-10 12:32:36,117 ] 89 root - INFO - Hypothesis dl_000: float64, float64 
[ 2023-07-10 12:32:36,132 ] 89 root - INFO - Hypothesis dm_000: float64, float64 
[ 2023-07-10 12:32:36,148 ] 89 root - INFO - Hypothesis dn_000: float64, float64 
[ 2023-07-10 12:32:36,154 ] 89 root - INFO - Hypothesis do_000: float64, float64 
[ 2023-07-10 12:32:36,161 ] 89 root - INFO - Hypothesis dp_000: float64, float64 
[ 2023-07-10 12:32:36,167 ] 89 root - INFO - Hypothesis dq_000: float64, float64 
[ 2023-07-10 12:32:36,171 ] 89 root - INFO - Hypothesis dr_000: float64, float64 
[ 2023-07-10 12:32:36,176 ] 89 root - INFO - Hypothesis ds_000: float64, float64 
[ 2023-07-10 12:32:36,182 ] 89 root - INFO - Hypothesis dt_000: float64, float64 
[ 2023-07-10 12:32:36,189 ] 89 root - INFO - Hypothesis du_000: float64, float64 
[ 2023-07-10 12:32:36,196 ] 89 root - INFO - Hypothesis dv_000: float64, float64 
[ 2023-07-10 12:32:36,203 ] 89 root - INFO - Hypothesis dx_000: float64, float64 
[ 2023-07-10 12:32:36,207 ] 89 root - INFO - Hypothesis dy_000: float64, float64 
[ 2023-07-10 12:32:36,212 ] 89 root - INFO - Hypothesis dz_000: float64, float64 
[ 2023-07-10 12:32:36,227 ] 89 root - INFO - Hypothesis ea_000: float64, float64 
[ 2023-07-10 12:32:36,242 ] 89 root - INFO - Hypothesis eb_000: float64, float64 
[ 2023-07-10 12:32:36,247 ] 89 root - INFO - Hypothesis ec_00: float64, float64 
[ 2023-07-10 12:32:36,254 ] 89 root - INFO - Hypothesis ed_000: float64, float64 
[ 2023-07-10 12:32:36,260 ] 89 root - INFO - Hypothesis ee_000: float64, float64 
[ 2023-07-10 12:32:36,267 ] 89 root - INFO - Hypothesis ee_001: float64, float64 
[ 2023-07-10 12:32:36,274 ] 89 root - INFO - Hypothesis ee_002: float64, float64 
[ 2023-07-10 12:32:36,281 ] 89 root - INFO - Hypothesis ee_003: float64, float64 
[ 2023-07-10 12:32:36,288 ] 89 root - INFO - Hypothesis ee_004: float64, float64 
[ 2023-07-10 12:32:36,295 ] 89 root - INFO - Hypothesis ee_005: float64, float64 
[ 2023-07-10 12:32:36,302 ] 89 root - INFO - Hypothesis ee_006: float64, float64 
[ 2023-07-10 12:32:36,309 ] 89 root - INFO - Hypothesis ee_007: float64, float64 
[ 2023-07-10 12:32:36,315 ] 89 root - INFO - Hypothesis ee_008: float64, float64 
[ 2023-07-10 12:32:36,321 ] 89 root - INFO - Hypothesis ee_009: float64, float64 
[ 2023-07-10 12:32:36,327 ] 89 root - INFO - Hypothesis ef_000: float64, float64 
[ 2023-07-10 12:32:36,342 ] 89 root - INFO - Hypothesis eg_000: float64, float64 
[ 2023-07-10 12:32:36,356 ] 150 root - INFO - Write reprt in yaml file
[ 2023-07-10 12:32:36,432 ] 154 root - INFO - Data validation artifact: DataValidationArtifact(report_file_path='/config/workspace/artifact/07102023__123219/data_validation/report.yaml')
[ 2023-07-10 12:32:36,528 ] 24 root - INFO - >>>>>>>>>>>>>>>>>>>>>>>>>>>>>>>>>>>>>>>> Data Transformation <<<<<<<<<<<<<<<<<<<<<<<<<<<<<<<<<<<<<<<<
[ 2023-07-10 12:32:37,443 ] 75 root - INFO - Before resampling in training set Input: (28950, 170) Target:(28950,)
[ 2023-07-10 12:32:42,905 ] 77 root - INFO - After resampling in training set Input: (56152, 170) Target:(56152,)
[ 2023-07-10 12:32:42,905 ] 79 root - INFO - Before resampling in testing set Input: (7238, 170) Target:(7238,)
[ 2023-07-10 12:32:43,517 ] 81 root - INFO - After resampling in testing set Input: (14072, 170) Target:(14072,)
[ 2023-07-10 12:32:43,632 ] 53 root - INFO - Entered the save_object method of utils
[ 2023-07-10 12:32:43,635 ] 57 root - INFO - Exited the save_object method of utils
[ 2023-07-10 12:32:43,635 ] 53 root - INFO - Entered the save_object method of utils
[ 2023-07-10 12:32:43,636 ] 57 root - INFO - Exited the save_object method of utils
[ 2023-07-10 12:32:43,636 ] 112 root - INFO - Data transformation object DataTransformationArtifact(transform_object_path='/config/workspace/artifact/07102023__123219/data_transformation/transformer/transformer.pkl', transformed_train_path='/config/workspace/artifact/07102023__123219/data_transformation/transformed/train.npz', transformed_test_path='/config/workspace/artifact/07102023__123219/data_transformation/transformed/test.npz', target_encoder_path='/config/workspace/artifact/07102023__123219/data_transformation/target_encoder/target_encoder.pkl')
[ 2023-07-10 12:32:43,637 ] 18 root - INFO - >>>>>>>>>>>>>>>>>>>>>>>>>>>>>>>>>>>>>>>> Model Trainer <<<<<<<<<<<<<<<<<<<<<<<<<<<<<<<<<<<<<<<<
[ 2023-07-10 12:32:43,637 ] 45 root - INFO - Loading train and test array.
[ 2023-07-10 12:32:43,675 ] 49 root - INFO - Splitting input and target feature from both train and test arr.
[ 2023-07-10 12:32:43,675 ] 53 root - INFO - Train the model
[ 2023-07-10 12:32:54,736 ] 56 root - INFO - Calculating f1 train score
[ 2023-07-10 12:32:54,786 ] 60 root - INFO - Calculating f1 test score
[ 2023-07-10 12:32:54,804 ] 64 root - INFO - train score:0.9999821908781678 and tests score 0.9694011365292147
[ 2023-07-10 12:32:54,804 ] 66 root - INFO - Checking if our model is underfitting or not
[ 2023-07-10 12:32:54,804 ] 71 root - INFO - Checking if our model is overfiiting or not
[ 2023-07-10 12:32:54,804 ] 78 root - INFO - Saving mode object
[ 2023-07-10 12:32:54,804 ] 53 root - INFO - Entered the save_object method of utils
[ 2023-07-10 12:32:54,810 ] 57 root - INFO - Exited the save_object method of utils
[ 2023-07-10 12:32:54,810 ] 82 root - INFO - Prepare the artifact
[ 2023-07-10 12:32:54,810 ] 85 root - INFO - Model trainer artifact: ModelTrainerArtifact(model_path='/config/workspace/artifact/07102023__123219/model_trainer/model/model.pkl', f1_train_score=0.9999821908781678, f1_test_score=0.9694011365292147)
[ 2023-07-10 12:32:54,812 ] 19 root - INFO - >>>>>>>>>>>>>>>>>>>>>>>>>>>>>>>>>>>>>>>>  Model Evaluation <<<<<<<<<<<<<<<<<<<<<<<<<<<<<<<<<<<<<<<<
[ 2023-07-10 12:32:54,812 ] 35 root - INFO - if saved model folder has model the we will compare which model is best trained or the model from saved model folder
[ 2023-07-10 12:32:54,812 ] 46 root - INFO - Finding location of transformer model and target encoder
[ 2023-07-10 12:32:54,813 ] 51 root - INFO - Previous trained objects of transformer, model and target encoder
[ 2023-07-10 12:32:54,818 ] 58 root - INFO - Currently trained model objects
[ 2023-07-10 12:32:54,984 ] 76 root - INFO - Accuracy using previous trained model: 0.8
[ 2023-07-10 12:32:55,019 ] 85 root - INFO - Accuracy using current trained model: 0.8
[ 2023-07-10 12:32:55,020 ] 87 root - INFO - Current trained model is not better than previous model
