[ 2023-07-10 11:51:18,025 ] 15 root - INFO - >>>>>>>>>>>>>>>>>>>>>>>>>>>>>>>>>>>>>>>> Data Ingestion <<<<<<<<<<<<<<<<<<<<<<<<<<<<<<<<<<<<<<<<
[ 2023-07-10 11:51:18,025 ] 22 root - INFO - Exporting collection data as pandas dataframe
[ 2023-07-10 11:51:18,025 ] 22 root - INFO - Reading data from database: aps and collection: sensor
[ 2023-07-10 11:51:22,121 ] 24 root - INFO - Found columns: Index(['_id', 'class', 'aa_000', 'ab_000', 'ac_000', 'ad_000', 'ae_000',
       'af_000', 'ag_000', 'ag_001',
       ...
       'ee_002', 'ee_003', 'ee_004', 'ee_005', 'ee_006', 'ee_007', 'ee_008',
       'ee_009', 'ef_000', 'eg_000'],
      dtype='object', length=172)
[ 2023-07-10 11:51:22,122 ] 26 root - INFO - Dropping column: _id 
[ 2023-07-10 11:51:22,494 ] 28 root - INFO - Row and columns in df: (36188, 171)
[ 2023-07-10 11:51:22,494 ] 28 root - INFO - Save data in feature store
[ 2023-07-10 11:51:24,035 ] 34 root - INFO - Create feature store folder if not available
[ 2023-07-10 11:51:24,036 ] 38 root - INFO - Save df to feature store folder
[ 2023-07-10 11:51:26,039 ] 43 root - INFO - split dataset into train and test set
[ 2023-07-10 11:51:26,406 ] 47 root - INFO - create dataset directory folder if not available
[ 2023-07-10 11:51:26,406 ] 52 root - INFO - Save df to feature store folder
[ 2023-07-10 11:51:28,375 ] 64 root - INFO - Data ingestion artifact: DataIngestionArtifact(feature_store_file_path='/config/workspace/artifact/07102023__115118/data_ingestion/feature_store/sensor.csv', train_file_path='/config/workspace/artifact/07102023__115118/data_ingestion/dataset/train.csv', test_file_path='/config/workspace/artifact/07102023__115118/data_ingestion/dataset/test.csv')
[ 2023-07-10 11:51:28,799 ] 22 root - INFO - >>>>>>>>>>>>>>>>>>>>>>>>>>>>>>>>>>>>>>>> Data Validation <<<<<<<<<<<<<<<<<<<<<<<<<<<<<<<<<<<<<<<<
[ 2023-07-10 11:51:28,799 ] 111 root - INFO - Reading base dataframe
[ 2023-07-10 11:51:31,104 ] 114 root - INFO - Replace na value in base df
[ 2023-07-10 11:51:31,105 ] 116 root - INFO - Drop null values colums from base df
[ 2023-07-10 11:51:31,354 ] 45 root - INFO - selecting column name which contains null above to 0.2
[ 2023-07-10 11:51:31,355 ] 48 root - INFO - Columns to drop: ['ab_000', 'ad_000', 'bk_000', 'bl_000', 'bm_000', 'bn_000', 'bo_000', 'bp_000', 'bq_000', 'br_000', 'cf_000', 'cg_000', 'ch_000', 'co_000', 'cr_000', 'ct_000', 'cu_000', 'cv_000', 'cx_000', 'cy_000', 'cz_000', 'da_000', 'db_000', 'dc_000']
[ 2023-07-10 11:51:31,448 ] 119 root - INFO - Reading train dataframe
[ 2023-07-10 11:51:31,841 ] 121 root - INFO - Reading test dataframe
[ 2023-07-10 11:51:31,943 ] 124 root - INFO - Drop null values colums from train df
[ 2023-07-10 11:51:31,951 ] 45 root - INFO - selecting column name which contains null above to 0.2
[ 2023-07-10 11:51:31,951 ] 48 root - INFO - Columns to drop: ['ab_000', 'ad_000', 'bk_000', 'bl_000', 'bm_000', 'bn_000', 'bo_000', 'bp_000', 'bq_000', 'br_000', 'cf_000', 'cg_000', 'ch_000', 'co_000', 'cr_000', 'ct_000', 'cu_000', 'cv_000', 'cx_000', 'cy_000', 'cz_000', 'da_000', 'db_000', 'dc_000']
[ 2023-07-10 11:51:31,960 ] 126 root - INFO - Drop null values colums from test df
[ 2023-07-10 11:51:31,963 ] 45 root - INFO - selecting column name which contains null above to 0.2
[ 2023-07-10 11:51:31,964 ] 48 root - INFO - Columns to drop: ['ab_000', 'ad_000', 'bk_000', 'bl_000', 'bm_000', 'bn_000', 'bo_000', 'bp_000', 'bq_000', 'br_000', 'cf_000', 'cg_000', 'ch_000', 'co_000', 'cr_000', 'ct_000', 'cu_000', 'cv_000', 'cx_000', 'cy_000', 'cz_000', 'da_000', 'db_000', 'dc_000']
[ 2023-07-10 11:51:32,746 ] 135 root - INFO - Is all required columns present in train df
[ 2023-07-10 11:51:32,747 ] 137 root - INFO - Is all required columns present in test df
[ 2023-07-10 11:51:32,747 ] 141 root - INFO - As all column are available in train df hence detecting data drift
[ 2023-07-10 11:51:32,747 ] 89 root - INFO - Hypothesis class: object, object 
[ 2023-07-10 11:51:32,884 ] 89 root - INFO - Hypothesis aa_000: float64, float64 
[ 2023-07-10 11:51:32,898 ] 89 root - INFO - Hypothesis ac_000: float64, float64 
[ 2023-07-10 11:51:32,938 ] 89 root - INFO - Hypothesis ae_000: float64, float64 
[ 2023-07-10 11:51:32,974 ] 89 root - INFO - Hypothesis af_000: float64, float64 
[ 2023-07-10 11:51:33,011 ] 89 root - INFO - Hypothesis ag_000: float64, float64 
[ 2023-07-10 11:51:33,046 ] 89 root - INFO - Hypothesis ag_001: float64, float64 
[ 2023-07-10 11:51:33,082 ] 89 root - INFO - Hypothesis ag_002: float64, float64 
[ 2023-07-10 11:51:33,118 ] 89 root - INFO - Hypothesis ag_003: float64, float64 
[ 2023-07-10 11:51:33,124 ] 89 root - INFO - Hypothesis ag_004: float64, float64 
[ 2023-07-10 11:51:33,134 ] 89 root - INFO - Hypothesis ag_005: float64, float64 
[ 2023-07-10 11:51:33,145 ] 89 root - INFO - Hypothesis ag_006: float64, float64 
[ 2023-07-10 11:51:33,156 ] 89 root - INFO - Hypothesis ag_007: float64, float64 
[ 2023-07-10 11:51:33,166 ] 89 root - INFO - Hypothesis ag_008: float64, float64 
[ 2023-07-10 11:51:33,175 ] 89 root - INFO - Hypothesis ag_009: float64, float64 
[ 2023-07-10 11:51:33,182 ] 89 root - INFO - Hypothesis ah_000: float64, float64 
[ 2023-07-10 11:51:33,192 ] 89 root - INFO - Hypothesis ai_000: float64, float64 
[ 2023-07-10 11:51:33,229 ] 89 root - INFO - Hypothesis aj_000: float64, float64 
[ 2023-07-10 11:51:33,235 ] 89 root - INFO - Hypothesis ak_000: float64, float64 
[ 2023-07-10 11:51:33,271 ] 89 root - INFO - Hypothesis al_000: float64, float64 
[ 2023-07-10 11:51:33,279 ] 89 root - INFO - Hypothesis am_0: float64, float64 
[ 2023-07-10 11:51:33,286 ] 89 root - INFO - Hypothesis an_000: float64, float64 
[ 2023-07-10 11:51:33,296 ] 89 root - INFO - Hypothesis ao_000: float64, float64 
[ 2023-07-10 11:51:33,307 ] 89 root - INFO - Hypothesis ap_000: float64, float64 
[ 2023-07-10 11:51:33,319 ] 89 root - INFO - Hypothesis aq_000: float64, float64 
[ 2023-07-10 11:51:33,330 ] 89 root - INFO - Hypothesis ar_000: float64, float64 
[ 2023-07-10 11:51:33,368 ] 89 root - INFO - Hypothesis as_000: float64, float64 
[ 2023-07-10 11:51:33,404 ] 89 root - INFO - Hypothesis at_000: float64, float64 
[ 2023-07-10 11:51:33,440 ] 89 root - INFO - Hypothesis au_000: float64, float64 
[ 2023-07-10 11:51:33,476 ] 89 root - INFO - Hypothesis av_000: float64, float64 
[ 2023-07-10 11:51:33,484 ] 89 root - INFO - Hypothesis ax_000: float64, float64 
[ 2023-07-10 11:51:33,492 ] 89 root - INFO - Hypothesis ay_000: float64, float64 
[ 2023-07-10 11:51:33,528 ] 89 root - INFO - Hypothesis ay_001: float64, float64 
[ 2023-07-10 11:51:33,567 ] 89 root - INFO - Hypothesis ay_002: float64, float64 
[ 2023-07-10 11:51:33,604 ] 89 root - INFO - Hypothesis ay_003: float64, float64 
[ 2023-07-10 11:51:33,640 ] 89 root - INFO - Hypothesis ay_004: float64, float64 
[ 2023-07-10 11:51:33,677 ] 89 root - INFO - Hypothesis ay_005: float64, float64 
[ 2023-07-10 11:51:33,716 ] 89 root - INFO - Hypothesis ay_006: float64, float64 
[ 2023-07-10 11:51:33,725 ] 89 root - INFO - Hypothesis ay_007: float64, float64 
[ 2023-07-10 11:51:33,735 ] 89 root - INFO - Hypothesis ay_008: float64, float64 
[ 2023-07-10 11:51:33,745 ] 89 root - INFO - Hypothesis ay_009: float64, float64 
[ 2023-07-10 11:51:33,782 ] 89 root - INFO - Hypothesis az_000: float64, float64 
[ 2023-07-10 11:51:33,793 ] 89 root - INFO - Hypothesis az_001: float64, float64 
[ 2023-07-10 11:51:33,802 ] 89 root - INFO - Hypothesis az_002: float64, float64 
[ 2023-07-10 11:51:33,811 ] 89 root - INFO - Hypothesis az_003: float64, float64 
[ 2023-07-10 11:51:33,821 ] 89 root - INFO - Hypothesis az_004: float64, float64 
[ 2023-07-10 11:51:33,831 ] 89 root - INFO - Hypothesis az_005: float64, float64 
[ 2023-07-10 11:51:33,842 ] 89 root - INFO - Hypothesis az_006: float64, float64 
[ 2023-07-10 11:51:33,883 ] 89 root - INFO - Hypothesis az_007: float64, float64 
[ 2023-07-10 11:51:33,921 ] 89 root - INFO - Hypothesis az_008: float64, float64 
[ 2023-07-10 11:51:33,958 ] 89 root - INFO - Hypothesis az_009: float64, float64 
[ 2023-07-10 11:51:33,995 ] 89 root - INFO - Hypothesis ba_000: float64, float64 
[ 2023-07-10 11:51:34,005 ] 89 root - INFO - Hypothesis ba_001: float64, float64 
[ 2023-07-10 11:51:34,015 ] 89 root - INFO - Hypothesis ba_002: float64, float64 
[ 2023-07-10 11:51:34,026 ] 89 root - INFO - Hypothesis ba_003: float64, float64 
[ 2023-07-10 11:51:34,036 ] 89 root - INFO - Hypothesis ba_004: float64, float64 
[ 2023-07-10 11:51:34,046 ] 89 root - INFO - Hypothesis ba_005: float64, float64 
[ 2023-07-10 11:51:34,056 ] 89 root - INFO - Hypothesis ba_006: float64, float64 
[ 2023-07-10 11:51:34,066 ] 89 root - INFO - Hypothesis ba_007: float64, float64 
[ 2023-07-10 11:51:34,076 ] 89 root - INFO - Hypothesis ba_008: float64, float64 
[ 2023-07-10 11:51:34,116 ] 89 root - INFO - Hypothesis ba_009: float64, float64 
[ 2023-07-10 11:51:34,155 ] 89 root - INFO - Hypothesis bb_000: float64, float64 
[ 2023-07-10 11:51:34,165 ] 89 root - INFO - Hypothesis bc_000: float64, float64 
[ 2023-07-10 11:51:34,206 ] 89 root - INFO - Hypothesis bd_000: float64, float64 
[ 2023-07-10 11:51:34,214 ] 89 root - INFO - Hypothesis be_000: float64, float64 
[ 2023-07-10 11:51:34,223 ] 89 root - INFO - Hypothesis bf_000: float64, float64 
[ 2023-07-10 11:51:34,230 ] 89 root - INFO - Hypothesis bg_000: float64, float64 
[ 2023-07-10 11:51:34,240 ] 89 root - INFO - Hypothesis bh_000: float64, float64 
[ 2023-07-10 11:51:34,250 ] 89 root - INFO - Hypothesis bi_000: float64, float64 
[ 2023-07-10 11:51:34,261 ] 89 root - INFO - Hypothesis bj_000: float64, float64 
[ 2023-07-10 11:51:34,272 ] 89 root - INFO - Hypothesis bs_000: float64, float64 
[ 2023-07-10 11:51:34,282 ] 89 root - INFO - Hypothesis bt_000: float64, float64 
[ 2023-07-10 11:51:34,293 ] 89 root - INFO - Hypothesis bu_000: float64, float64 
[ 2023-07-10 11:51:34,303 ] 89 root - INFO - Hypothesis bv_000: float64, float64 
[ 2023-07-10 11:51:34,314 ] 89 root - INFO - Hypothesis bx_000: float64, float64 
[ 2023-07-10 11:51:34,324 ] 89 root - INFO - Hypothesis by_000: float64, float64 
[ 2023-07-10 11:51:34,335 ] 89 root - INFO - Hypothesis bz_000: float64, float64 
[ 2023-07-10 11:51:34,344 ] 89 root - INFO - Hypothesis ca_000: float64, float64 
[ 2023-07-10 11:51:34,354 ] 89 root - INFO - Hypothesis cb_000: float64, float64 
[ 2023-07-10 11:51:34,365 ] 89 root - INFO - Hypothesis cc_000: float64, float64 
[ 2023-07-10 11:51:34,376 ] 89 root - INFO - Hypothesis cd_000: float64, float64 
[ 2023-07-10 11:51:34,412 ] 89 root - INFO - Hypothesis ce_000: float64, float64 
[ 2023-07-10 11:51:34,422 ] 89 root - INFO - Hypothesis ci_000: float64, float64 
[ 2023-07-10 11:51:34,433 ] 89 root - INFO - Hypothesis cj_000: float64, float64 
[ 2023-07-10 11:51:34,471 ] 89 root - INFO - Hypothesis ck_000: float64, float64 
[ 2023-07-10 11:51:34,482 ] 89 root - INFO - Hypothesis cl_000: float64, float64 
[ 2023-07-10 11:51:34,488 ] 89 root - INFO - Hypothesis cm_000: float64, float64 
[ 2023-07-10 11:51:34,495 ] 89 root - INFO - Hypothesis cn_000: float64, float64 
[ 2023-07-10 11:51:34,533 ] 89 root - INFO - Hypothesis cn_001: float64, float64 
[ 2023-07-10 11:51:34,572 ] 89 root - INFO - Hypothesis cn_002: float64, float64 
[ 2023-07-10 11:51:34,580 ] 89 root - INFO - Hypothesis cn_003: float64, float64 
[ 2023-07-10 11:51:34,591 ] 89 root - INFO - Hypothesis cn_004: float64, float64 
[ 2023-07-10 11:51:34,601 ] 89 root - INFO - Hypothesis cn_005: float64, float64 
[ 2023-07-10 11:51:34,612 ] 89 root - INFO - Hypothesis cn_006: float64, float64 
[ 2023-07-10 11:51:34,622 ] 89 root - INFO - Hypothesis cn_007: float64, float64 
[ 2023-07-10 11:51:34,631 ] 89 root - INFO - Hypothesis cn_008: float64, float64 
[ 2023-07-10 11:51:34,640 ] 89 root - INFO - Hypothesis cn_009: float64, float64 
[ 2023-07-10 11:51:34,680 ] 89 root - INFO - Hypothesis cp_000: float64, float64 
[ 2023-07-10 11:51:34,720 ] 89 root - INFO - Hypothesis cq_000: float64, float64 
[ 2023-07-10 11:51:34,731 ] 89 root - INFO - Hypothesis cs_000: float64, float64 
[ 2023-07-10 11:51:34,742 ] 89 root - INFO - Hypothesis cs_001: float64, float64 
[ 2023-07-10 11:51:34,751 ] 89 root - INFO - Hypothesis cs_002: float64, float64 
[ 2023-07-10 11:51:34,761 ] 89 root - INFO - Hypothesis cs_003: float64, float64 
[ 2023-07-10 11:51:34,771 ] 89 root - INFO - Hypothesis cs_004: float64, float64 
[ 2023-07-10 11:51:34,782 ] 89 root - INFO - Hypothesis cs_005: float64, float64 
[ 2023-07-10 11:51:34,792 ] 89 root - INFO - Hypothesis cs_006: float64, float64 
[ 2023-07-10 11:51:34,803 ] 89 root - INFO - Hypothesis cs_007: float64, float64 
[ 2023-07-10 11:51:34,813 ] 89 root - INFO - Hypothesis cs_008: float64, float64 
[ 2023-07-10 11:51:34,854 ] 89 root - INFO - Hypothesis cs_009: float64, float64 
[ 2023-07-10 11:51:34,891 ] 89 root - INFO - Hypothesis dd_000: float64, float64 
[ 2023-07-10 11:51:34,900 ] 89 root - INFO - Hypothesis de_000: float64, float64 
[ 2023-07-10 11:51:34,909 ] 89 root - INFO - Hypothesis df_000: float64, float64 
[ 2023-07-10 11:51:34,946 ] 89 root - INFO - Hypothesis dg_000: float64, float64 
[ 2023-07-10 11:51:34,984 ] 89 root - INFO - Hypothesis dh_000: float64, float64 
[ 2023-07-10 11:51:34,989 ] 89 root - INFO - Hypothesis di_000: float64, float64 
[ 2023-07-10 11:51:35,028 ] 89 root - INFO - Hypothesis dj_000: float64, float64 
[ 2023-07-10 11:51:35,064 ] 89 root - INFO - Hypothesis dk_000: float64, float64 
[ 2023-07-10 11:51:35,100 ] 89 root - INFO - Hypothesis dl_000: float64, float64 
[ 2023-07-10 11:51:35,137 ] 89 root - INFO - Hypothesis dm_000: float64, float64 
[ 2023-07-10 11:51:35,172 ] 89 root - INFO - Hypothesis dn_000: float64, float64 
[ 2023-07-10 11:51:35,183 ] 89 root - INFO - Hypothesis do_000: float64, float64 
[ 2023-07-10 11:51:35,192 ] 89 root - INFO - Hypothesis dp_000: float64, float64 
[ 2023-07-10 11:51:35,201 ] 89 root - INFO - Hypothesis dq_000: float64, float64 
[ 2023-07-10 11:51:35,239 ] 89 root - INFO - Hypothesis dr_000: float64, float64 
[ 2023-07-10 11:51:35,278 ] 89 root - INFO - Hypothesis ds_000: float64, float64 
[ 2023-07-10 11:51:35,288 ] 89 root - INFO - Hypothesis dt_000: float64, float64 
[ 2023-07-10 11:51:35,298 ] 89 root - INFO - Hypothesis du_000: float64, float64 
[ 2023-07-10 11:51:35,309 ] 89 root - INFO - Hypothesis dv_000: float64, float64 
[ 2023-07-10 11:51:35,319 ] 89 root - INFO - Hypothesis dx_000: float64, float64 
[ 2023-07-10 11:51:35,358 ] 89 root - INFO - Hypothesis dy_000: float64, float64 
[ 2023-07-10 11:51:35,398 ] 89 root - INFO - Hypothesis dz_000: float64, float64 
[ 2023-07-10 11:51:35,434 ] 89 root - INFO - Hypothesis ea_000: float64, float64 
[ 2023-07-10 11:51:35,471 ] 89 root - INFO - Hypothesis eb_000: float64, float64 
[ 2023-07-10 11:51:35,480 ] 89 root - INFO - Hypothesis ec_00: float64, float64 
[ 2023-07-10 11:51:35,490 ] 89 root - INFO - Hypothesis ed_000: float64, float64 
[ 2023-07-10 11:51:35,499 ] 89 root - INFO - Hypothesis ee_000: float64, float64 
[ 2023-07-10 11:51:35,509 ] 89 root - INFO - Hypothesis ee_001: float64, float64 
[ 2023-07-10 11:51:35,520 ] 89 root - INFO - Hypothesis ee_002: float64, float64 
[ 2023-07-10 11:51:35,531 ] 89 root - INFO - Hypothesis ee_003: float64, float64 
[ 2023-07-10 11:51:35,542 ] 89 root - INFO - Hypothesis ee_004: float64, float64 
[ 2023-07-10 11:51:35,552 ] 89 root - INFO - Hypothesis ee_005: float64, float64 
[ 2023-07-10 11:51:35,563 ] 89 root - INFO - Hypothesis ee_006: float64, float64 
[ 2023-07-10 11:51:35,574 ] 89 root - INFO - Hypothesis ee_007: float64, float64 
[ 2023-07-10 11:51:35,584 ] 89 root - INFO - Hypothesis ee_008: float64, float64 
[ 2023-07-10 11:51:35,593 ] 89 root - INFO - Hypothesis ee_009: float64, float64 
[ 2023-07-10 11:51:35,601 ] 89 root - INFO - Hypothesis ef_000: float64, float64 
[ 2023-07-10 11:51:35,637 ] 89 root - INFO - Hypothesis eg_000: float64, float64 
[ 2023-07-10 11:51:35,672 ] 144 root - INFO - As all column are available in test df hence detecting data drift
[ 2023-07-10 11:51:35,672 ] 89 root - INFO - Hypothesis class: object, object 
[ 2023-07-10 11:51:35,747 ] 89 root - INFO - Hypothesis aa_000: float64, float64 
[ 2023-07-10 11:51:35,754 ] 89 root - INFO - Hypothesis ac_000: float64, float64 
[ 2023-07-10 11:51:35,760 ] 89 root - INFO - Hypothesis ae_000: float64, float64 
[ 2023-07-10 11:51:35,776 ] 89 root - INFO - Hypothesis af_000: float64, float64 
[ 2023-07-10 11:51:35,792 ] 89 root - INFO - Hypothesis ag_000: float64, float64 
[ 2023-07-10 11:51:35,807 ] 89 root - INFO - Hypothesis ag_001: float64, float64 
[ 2023-07-10 11:51:35,822 ] 89 root - INFO - Hypothesis ag_002: float64, float64 
[ 2023-07-10 11:51:35,826 ] 89 root - INFO - Hypothesis ag_003: float64, float64 
[ 2023-07-10 11:51:35,830 ] 89 root - INFO - Hypothesis ag_004: float64, float64 
[ 2023-07-10 11:51:35,837 ] 89 root - INFO - Hypothesis ag_005: float64, float64 
[ 2023-07-10 11:51:35,844 ] 89 root - INFO - Hypothesis ag_006: float64, float64 
[ 2023-07-10 11:51:35,851 ] 89 root - INFO - Hypothesis ag_007: float64, float64 
[ 2023-07-10 11:51:35,857 ] 89 root - INFO - Hypothesis ag_008: float64, float64 
[ 2023-07-10 11:51:35,863 ] 89 root - INFO - Hypothesis ag_009: float64, float64 
[ 2023-07-10 11:51:35,868 ] 89 root - INFO - Hypothesis ah_000: float64, float64 
[ 2023-07-10 11:51:35,875 ] 89 root - INFO - Hypothesis ai_000: float64, float64 
[ 2023-07-10 11:51:35,878 ] 89 root - INFO - Hypothesis aj_000: float64, float64 
[ 2023-07-10 11:51:35,882 ] 89 root - INFO - Hypothesis ak_000: float64, float64 
[ 2023-07-10 11:51:35,886 ] 89 root - INFO - Hypothesis al_000: float64, float64 
[ 2023-07-10 11:51:35,891 ] 89 root - INFO - Hypothesis am_0: float64, float64 
[ 2023-07-10 11:51:35,896 ] 89 root - INFO - Hypothesis an_000: float64, float64 
[ 2023-07-10 11:51:35,903 ] 89 root - INFO - Hypothesis ao_000: float64, float64 
[ 2023-07-10 11:51:35,910 ] 89 root - INFO - Hypothesis ap_000: float64, float64 
[ 2023-07-10 11:51:35,917 ] 89 root - INFO - Hypothesis aq_000: float64, float64 
[ 2023-07-10 11:51:35,925 ] 89 root - INFO - Hypothesis ar_000: float64, float64 
[ 2023-07-10 11:51:35,941 ] 89 root - INFO - Hypothesis as_000: float64, float64 
[ 2023-07-10 11:51:35,956 ] 89 root - INFO - Hypothesis at_000: float64, float64 
[ 2023-07-10 11:51:35,971 ] 89 root - INFO - Hypothesis au_000: float64, float64 
[ 2023-07-10 11:51:35,986 ] 89 root - INFO - Hypothesis av_000: float64, float64 
[ 2023-07-10 11:51:35,992 ] 89 root - INFO - Hypothesis ax_000: float64, float64 
[ 2023-07-10 11:51:35,997 ] 89 root - INFO - Hypothesis ay_000: float64, float64 
[ 2023-07-10 11:51:36,012 ] 89 root - INFO - Hypothesis ay_001: float64, float64 
[ 2023-07-10 11:51:36,027 ] 89 root - INFO - Hypothesis ay_002: float64, float64 
[ 2023-07-10 11:51:36,042 ] 89 root - INFO - Hypothesis ay_003: float64, float64 
[ 2023-07-10 11:51:36,057 ] 89 root - INFO - Hypothesis ay_004: float64, float64 
[ 2023-07-10 11:51:36,073 ] 89 root - INFO - Hypothesis ay_005: float64, float64 
[ 2023-07-10 11:51:36,078 ] 89 root - INFO - Hypothesis ay_006: float64, float64 
[ 2023-07-10 11:51:36,084 ] 89 root - INFO - Hypothesis ay_007: float64, float64 
[ 2023-07-10 11:51:36,091 ] 89 root - INFO - Hypothesis ay_008: float64, float64 
[ 2023-07-10 11:51:36,098 ] 89 root - INFO - Hypothesis ay_009: float64, float64 
[ 2023-07-10 11:51:36,112 ] 89 root - INFO - Hypothesis az_000: float64, float64 
[ 2023-07-10 11:51:36,119 ] 89 root - INFO - Hypothesis az_001: float64, float64 
[ 2023-07-10 11:51:36,125 ] 89 root - INFO - Hypothesis az_002: float64, float64 
[ 2023-07-10 11:51:36,132 ] 89 root - INFO - Hypothesis az_003: float64, float64 
[ 2023-07-10 11:51:36,141 ] 89 root - INFO - Hypothesis az_004: float64, float64 
[ 2023-07-10 11:51:36,148 ] 89 root - INFO - Hypothesis az_005: float64, float64 
[ 2023-07-10 11:51:36,155 ] 89 root - INFO - Hypothesis az_006: float64, float64 
[ 2023-07-10 11:51:36,161 ] 89 root - INFO - Hypothesis az_007: float64, float64 
[ 2023-07-10 11:51:36,165 ] 89 root - INFO - Hypothesis az_008: float64, float64 
[ 2023-07-10 11:51:36,181 ] 89 root - INFO - Hypothesis az_009: float64, float64 
[ 2023-07-10 11:51:36,196 ] 89 root - INFO - Hypothesis ba_000: float64, float64 
[ 2023-07-10 11:51:36,203 ] 89 root - INFO - Hypothesis ba_001: float64, float64 
[ 2023-07-10 11:51:36,210 ] 89 root - INFO - Hypothesis ba_002: float64, float64 
[ 2023-07-10 11:51:36,217 ] 89 root - INFO - Hypothesis ba_003: float64, float64 
[ 2023-07-10 11:51:36,224 ] 89 root - INFO - Hypothesis ba_004: float64, float64 
[ 2023-07-10 11:51:36,231 ] 89 root - INFO - Hypothesis ba_005: float64, float64 
[ 2023-07-10 11:51:36,238 ] 89 root - INFO - Hypothesis ba_006: float64, float64 
[ 2023-07-10 11:51:36,245 ] 89 root - INFO - Hypothesis ba_007: float64, float64 
[ 2023-07-10 11:51:36,251 ] 89 root - INFO - Hypothesis ba_008: float64, float64 
[ 2023-07-10 11:51:36,257 ] 89 root - INFO - Hypothesis ba_009: float64, float64 
[ 2023-07-10 11:51:36,261 ] 89 root - INFO - Hypothesis bb_000: float64, float64 
[ 2023-07-10 11:51:36,268 ] 89 root - INFO - Hypothesis bc_000: float64, float64 
[ 2023-07-10 11:51:36,274 ] 89 root - INFO - Hypothesis bd_000: float64, float64 
[ 2023-07-10 11:51:36,279 ] 89 root - INFO - Hypothesis be_000: float64, float64 
[ 2023-07-10 11:51:36,285 ] 89 root - INFO - Hypothesis bf_000: float64, float64 
[ 2023-07-10 11:51:36,290 ] 89 root - INFO - Hypothesis bg_000: float64, float64 
[ 2023-07-10 11:51:36,297 ] 89 root - INFO - Hypothesis bh_000: float64, float64 
[ 2023-07-10 11:51:36,304 ] 89 root - INFO - Hypothesis bi_000: float64, float64 
[ 2023-07-10 11:51:36,311 ] 89 root - INFO - Hypothesis bj_000: float64, float64 
[ 2023-07-10 11:51:36,319 ] 89 root - INFO - Hypothesis bs_000: float64, float64 
[ 2023-07-10 11:51:36,326 ] 89 root - INFO - Hypothesis bt_000: float64, float64 
[ 2023-07-10 11:51:36,333 ] 89 root - INFO - Hypothesis bu_000: float64, float64 
[ 2023-07-10 11:51:36,340 ] 89 root - INFO - Hypothesis bv_000: float64, float64 
[ 2023-07-10 11:51:36,347 ] 89 root - INFO - Hypothesis bx_000: float64, float64 
[ 2023-07-10 11:51:36,354 ] 89 root - INFO - Hypothesis by_000: float64, float64 
[ 2023-07-10 11:51:36,361 ] 89 root - INFO - Hypothesis bz_000: float64, float64 
[ 2023-07-10 11:51:36,368 ] 89 root - INFO - Hypothesis ca_000: float64, float64 
[ 2023-07-10 11:51:36,375 ] 89 root - INFO - Hypothesis cb_000: float64, float64 
[ 2023-07-10 11:51:36,382 ] 89 root - INFO - Hypothesis cc_000: float64, float64 
[ 2023-07-10 11:51:36,389 ] 89 root - INFO - Hypothesis cd_000: float64, float64 
[ 2023-07-10 11:51:36,405 ] 89 root - INFO - Hypothesis ce_000: float64, float64 
[ 2023-07-10 11:51:36,411 ] 89 root - INFO - Hypothesis ci_000: float64, float64 
[ 2023-07-10 11:51:36,418 ] 89 root - INFO - Hypothesis cj_000: float64, float64 
[ 2023-07-10 11:51:36,422 ] 89 root - INFO - Hypothesis ck_000: float64, float64 
[ 2023-07-10 11:51:36,430 ] 89 root - INFO - Hypothesis cl_000: float64, float64 
[ 2023-07-10 11:51:36,434 ] 89 root - INFO - Hypothesis cm_000: float64, float64 
[ 2023-07-10 11:51:36,439 ] 89 root - INFO - Hypothesis cn_000: float64, float64 
[ 2023-07-10 11:51:36,454 ] 89 root - INFO - Hypothesis cn_001: float64, float64 
[ 2023-07-10 11:51:36,458 ] 89 root - INFO - Hypothesis cn_002: float64, float64 
[ 2023-07-10 11:51:36,463 ] 89 root - INFO - Hypothesis cn_003: float64, float64 
[ 2023-07-10 11:51:36,470 ] 89 root - INFO - Hypothesis cn_004: float64, float64 
[ 2023-07-10 11:51:36,478 ] 89 root - INFO - Hypothesis cn_005: float64, float64 
[ 2023-07-10 11:51:36,490 ] 89 root - INFO - Hypothesis cn_006: float64, float64 
[ 2023-07-10 11:51:36,498 ] 89 root - INFO - Hypothesis cn_007: float64, float64 
[ 2023-07-10 11:51:36,504 ] 89 root - INFO - Hypothesis cn_008: float64, float64 
[ 2023-07-10 11:51:36,510 ] 89 root - INFO - Hypothesis cn_009: float64, float64 
[ 2023-07-10 11:51:36,515 ] 89 root - INFO - Hypothesis cp_000: float64, float64 
[ 2023-07-10 11:51:36,521 ] 89 root - INFO - Hypothesis cq_000: float64, float64 
[ 2023-07-10 11:51:36,528 ] 89 root - INFO - Hypothesis cs_000: float64, float64 
[ 2023-07-10 11:51:36,535 ] 89 root - INFO - Hypothesis cs_001: float64, float64 
[ 2023-07-10 11:51:36,541 ] 89 root - INFO - Hypothesis cs_002: float64, float64 
[ 2023-07-10 11:51:36,547 ] 89 root - INFO - Hypothesis cs_003: float64, float64 
[ 2023-07-10 11:51:36,555 ] 89 root - INFO - Hypothesis cs_004: float64, float64 
[ 2023-07-10 11:51:36,562 ] 89 root - INFO - Hypothesis cs_005: float64, float64 
[ 2023-07-10 11:51:36,569 ] 89 root - INFO - Hypothesis cs_006: float64, float64 
[ 2023-07-10 11:51:36,576 ] 89 root - INFO - Hypothesis cs_007: float64, float64 
[ 2023-07-10 11:51:36,583 ] 89 root - INFO - Hypothesis cs_008: float64, float64 
[ 2023-07-10 11:51:36,588 ] 89 root - INFO - Hypothesis cs_009: float64, float64 
[ 2023-07-10 11:51:36,603 ] 89 root - INFO - Hypothesis dd_000: float64, float64 
[ 2023-07-10 11:51:36,609 ] 89 root - INFO - Hypothesis de_000: float64, float64 
[ 2023-07-10 11:51:36,615 ] 89 root - INFO - Hypothesis df_000: float64, float64 
[ 2023-07-10 11:51:36,618 ] 89 root - INFO - Hypothesis dg_000: float64, float64 
[ 2023-07-10 11:51:36,621 ] 89 root - INFO - Hypothesis dh_000: float64, float64 
[ 2023-07-10 11:51:36,625 ] 89 root - INFO - Hypothesis di_000: float64, float64 
[ 2023-07-10 11:51:36,629 ] 89 root - INFO - Hypothesis dj_000: float64, float64 
[ 2023-07-10 11:51:36,644 ] 89 root - INFO - Hypothesis dk_000: float64, float64 
[ 2023-07-10 11:51:36,648 ] 89 root - INFO - Hypothesis dl_000: float64, float64 
[ 2023-07-10 11:51:36,664 ] 89 root - INFO - Hypothesis dm_000: float64, float64 
[ 2023-07-10 11:51:36,679 ] 89 root - INFO - Hypothesis dn_000: float64, float64 
[ 2023-07-10 11:51:36,686 ] 89 root - INFO - Hypothesis do_000: float64, float64 
[ 2023-07-10 11:51:36,692 ] 89 root - INFO - Hypothesis dp_000: float64, float64 
[ 2023-07-10 11:51:36,699 ] 89 root - INFO - Hypothesis dq_000: float64, float64 
[ 2023-07-10 11:51:36,703 ] 89 root - INFO - Hypothesis dr_000: float64, float64 
[ 2023-07-10 11:51:36,707 ] 89 root - INFO - Hypothesis ds_000: float64, float64 
[ 2023-07-10 11:51:36,714 ] 89 root - INFO - Hypothesis dt_000: float64, float64 
[ 2023-07-10 11:51:36,721 ] 89 root - INFO - Hypothesis du_000: float64, float64 
[ 2023-07-10 11:51:36,727 ] 89 root - INFO - Hypothesis dv_000: float64, float64 
[ 2023-07-10 11:51:36,734 ] 89 root - INFO - Hypothesis dx_000: float64, float64 
[ 2023-07-10 11:51:36,739 ] 89 root - INFO - Hypothesis dy_000: float64, float64 
[ 2023-07-10 11:51:36,744 ] 89 root - INFO - Hypothesis dz_000: float64, float64 
[ 2023-07-10 11:51:36,760 ] 89 root - INFO - Hypothesis ea_000: float64, float64 
[ 2023-07-10 11:51:36,777 ] 89 root - INFO - Hypothesis eb_000: float64, float64 
[ 2023-07-10 11:51:36,783 ] 89 root - INFO - Hypothesis ec_00: float64, float64 
[ 2023-07-10 11:51:36,789 ] 89 root - INFO - Hypothesis ed_000: float64, float64 
[ 2023-07-10 11:51:36,795 ] 89 root - INFO - Hypothesis ee_000: float64, float64 
[ 2023-07-10 11:51:36,803 ] 89 root - INFO - Hypothesis ee_001: float64, float64 
[ 2023-07-10 11:51:36,810 ] 89 root - INFO - Hypothesis ee_002: float64, float64 
[ 2023-07-10 11:51:36,818 ] 89 root - INFO - Hypothesis ee_003: float64, float64 
[ 2023-07-10 11:51:36,826 ] 89 root - INFO - Hypothesis ee_004: float64, float64 
[ 2023-07-10 11:51:36,833 ] 89 root - INFO - Hypothesis ee_005: float64, float64 
[ 2023-07-10 11:51:36,840 ] 89 root - INFO - Hypothesis ee_006: float64, float64 
[ 2023-07-10 11:51:36,847 ] 89 root - INFO - Hypothesis ee_007: float64, float64 
[ 2023-07-10 11:51:36,855 ] 89 root - INFO - Hypothesis ee_008: float64, float64 
[ 2023-07-10 11:51:36,861 ] 89 root - INFO - Hypothesis ee_009: float64, float64 
[ 2023-07-10 11:51:36,867 ] 89 root - INFO - Hypothesis ef_000: float64, float64 
[ 2023-07-10 11:51:36,883 ] 89 root - INFO - Hypothesis eg_000: float64, float64 
[ 2023-07-10 11:51:36,898 ] 150 root - INFO - Write reprt in yaml file
[ 2023-07-10 11:51:36,968 ] 154 root - INFO - Data validation artifact: DataValidationArtifact(report_file_path='/config/workspace/artifact/07102023__115118/data_validation/report.yaml')
[ 2023-07-10 11:51:37,065 ] 24 root - INFO - >>>>>>>>>>>>>>>>>>>>>>>>>>>>>>>>>>>>>>>> Data Transformation <<<<<<<<<<<<<<<<<<<<<<<<<<<<<<<<<<<<<<<<
[ 2023-07-10 11:51:37,964 ] 75 root - INFO - Before resampling in training set Input: (28950, 170) Target:(28950,)
[ 2023-07-10 11:51:43,865 ] 77 root - INFO - After resampling in training set Input: (56152, 170) Target:(56152,)
[ 2023-07-10 11:51:43,865 ] 79 root - INFO - Before resampling in testing set Input: (7238, 170) Target:(7238,)
[ 2023-07-10 11:51:44,501 ] 81 root - INFO - After resampling in testing set Input: (14072, 170) Target:(14072,)
[ 2023-07-10 11:51:44,619 ] 53 root - INFO - Entered the save_object method of utils
[ 2023-07-10 11:51:44,622 ] 57 root - INFO - Exited the save_object method of utils
[ 2023-07-10 11:51:44,622 ] 53 root - INFO - Entered the save_object method of utils
[ 2023-07-10 11:51:44,623 ] 57 root - INFO - Exited the save_object method of utils
[ 2023-07-10 11:51:44,623 ] 112 root - INFO - Data transformation object DataTransformationArtifact(transform_object_path='/config/workspace/artifact/07102023__115118/data_transformation/transformer/transformer.pkl', transformed_train_path='/config/workspace/artifact/07102023__115118/data_transformation/transformed/train.npz', transformed_test_path='/config/workspace/artifact/07102023__115118/data_transformation/transformed/test.npz', target_encoder_path='/config/workspace/artifact/07102023__115118/data_transformation/target_encoder/target_encoder.pkl')
[ 2023-07-10 11:51:44,624 ] 18 root - INFO - >>>>>>>>>>>>>>>>>>>>>>>>>>>>>>>>>>>>>>>> Model Trainer <<<<<<<<<<<<<<<<<<<<<<<<<<<<<<<<<<<<<<<<
[ 2023-07-10 11:51:44,624 ] 45 root - INFO - Loading train and test array.
[ 2023-07-10 11:51:44,655 ] 49 root - INFO - Splitting input and target feature from both train and test arr.
[ 2023-07-10 11:51:44,655 ] 53 root - INFO - Train the model
[ 2023-07-10 11:51:57,580 ] 56 root - INFO - Calculating f1 train score
[ 2023-07-10 11:51:57,630 ] 60 root - INFO - Calculating f1 test score
[ 2023-07-10 11:51:57,648 ] 64 root - INFO - train score:0.9999821908781678 and tests score 0.9694011365292147
[ 2023-07-10 11:51:57,648 ] 66 root - INFO - Checking if our model is underfitting or not
[ 2023-07-10 11:51:57,649 ] 71 root - INFO - Checking if our model is overfiiting or not
[ 2023-07-10 11:51:57,649 ] 78 root - INFO - Saving mode object
[ 2023-07-10 11:51:57,649 ] 53 root - INFO - Entered the save_object method of utils
[ 2023-07-10 11:51:57,655 ] 57 root - INFO - Exited the save_object method of utils
[ 2023-07-10 11:51:57,655 ] 82 root - INFO - Prepare the artifact
[ 2023-07-10 11:51:57,655 ] 85 root - INFO - Model trainer artifact: ModelTrainerArtifact(model_path='/config/workspace/artifact/07102023__115118/model_trainer/model/model.pkl', f1_train_score=0.9999821908781678, f1_test_score=0.9694011365292147)
[ 2023-07-10 11:51:57,657 ] 19 root - INFO - >>>>>>>>>>>>>>>>>>>>>>>>>>>>>>>>>>>>>>>>  Model Evaluation <<<<<<<<<<<<<<<<<<<<<<<<<<<<<<<<<<<<<<<<
[ 2023-07-10 11:51:57,657 ] 35 root - INFO - if saved model folder has model the we will compare which model is best trained or the model from saved model folder
[ 2023-07-10 11:51:57,657 ] 41 root - INFO - Model evaluation artifact: ModelEvaluationArtifact(is_model_accepted=True, improved_accuracy=None)
[ 2023-07-10 11:51:57,658 ] 14 root - INFO - >>>>>>>>>>>>>>>>>>>>>>>>>>>>>>>>>>>>>>>> Model Evaluation <<<<<<<<<<<<<<<<<<<<<<<<<<<<<<<<<<<<<<<<
