[ 2023-07-10 10:34:12,443 ] 15 root - INFO - >>>>>>>>>>>>>>>>>>>>>>>>>>>>>>>>>>>>>>>> Data Ingestion <<<<<<<<<<<<<<<<<<<<<<<<<<<<<<<<<<<<<<<<
[ 2023-07-10 10:34:12,443 ] 22 root - INFO - Exporting collection data as pandas dataframe
[ 2023-07-10 10:34:12,443 ] 22 root - INFO - Reading data from database: aps and collection: sensor
[ 2023-07-10 10:34:16,123 ] 24 root - INFO - Found columns: Index(['_id', 'class', 'aa_000', 'ab_000', 'ac_000', 'ad_000', 'ae_000',
       'af_000', 'ag_000', 'ag_001',
       ...
       'ee_002', 'ee_003', 'ee_004', 'ee_005', 'ee_006', 'ee_007', 'ee_008',
       'ee_009', 'ef_000', 'eg_000'],
      dtype='object', length=172)
[ 2023-07-10 10:34:16,124 ] 26 root - INFO - Dropping column: _id 
[ 2023-07-10 10:34:16,319 ] 28 root - INFO - Row and columns in df: (36188, 171)
[ 2023-07-10 10:34:16,319 ] 28 root - INFO - Save data in feature store
[ 2023-07-10 10:34:17,675 ] 34 root - INFO - Create feature store folder if not available
[ 2023-07-10 10:34:17,676 ] 38 root - INFO - Save df to feature store folder
[ 2023-07-10 10:34:19,527 ] 43 root - INFO - split dataset into train and test set
[ 2023-07-10 10:34:19,840 ] 47 root - INFO - create dataset directory folder if not available
[ 2023-07-10 10:34:19,840 ] 52 root - INFO - Save df to feature store folder
[ 2023-07-10 10:34:21,619 ] 64 root - INFO - Data ingestion artifact: DataIngestionArtifact(feature_store_file_path='/config/workspace/artifact/07102023__103412/data_ingestion/feature_store/sensor.csv', train_file_path='/config/workspace/artifact/07102023__103412/data_ingestion/dataset/train.csv', test_file_path='/config/workspace/artifact/07102023__103412/data_ingestion/dataset/test.csv')
[ 2023-07-10 10:34:22,017 ] 22 root - INFO - >>>>>>>>>>>>>>>>>>>>>>>>>>>>>>>>>>>>>>>> Data Validation <<<<<<<<<<<<<<<<<<<<<<<<<<<<<<<<<<<<<<<<
[ 2023-07-10 10:34:22,018 ] 111 root - INFO - Reading base dataframe
[ 2023-07-10 10:34:24,271 ] 114 root - INFO - Replace na value in base df
[ 2023-07-10 10:34:24,271 ] 116 root - INFO - Drop null values colums from base df
[ 2023-07-10 10:34:24,490 ] 45 root - INFO - selecting column name which contains null above to 0.2
[ 2023-07-10 10:34:24,490 ] 48 root - INFO - Columns to drop: ['ab_000', 'ad_000', 'bk_000', 'bl_000', 'bm_000', 'bn_000', 'bo_000', 'bp_000', 'bq_000', 'br_000', 'cf_000', 'cg_000', 'ch_000', 'co_000', 'cr_000', 'ct_000', 'cu_000', 'cv_000', 'cx_000', 'cy_000', 'cz_000', 'da_000', 'db_000', 'dc_000']
[ 2023-07-10 10:34:24,578 ] 119 root - INFO - Reading train dataframe
[ 2023-07-10 10:34:24,956 ] 121 root - INFO - Reading test dataframe
[ 2023-07-10 10:34:25,059 ] 124 root - INFO - Drop null values colums from train df
[ 2023-07-10 10:34:25,066 ] 45 root - INFO - selecting column name which contains null above to 0.2
[ 2023-07-10 10:34:25,067 ] 48 root - INFO - Columns to drop: ['ab_000', 'ad_000', 'bk_000', 'bl_000', 'bm_000', 'bn_000', 'bo_000', 'bp_000', 'bq_000', 'br_000', 'cf_000', 'cg_000', 'ch_000', 'co_000', 'cr_000', 'ct_000', 'cu_000', 'cv_000', 'cx_000', 'cy_000', 'cz_000', 'da_000', 'db_000', 'dc_000']
[ 2023-07-10 10:34:25,078 ] 126 root - INFO - Drop null values colums from test df
[ 2023-07-10 10:34:25,081 ] 45 root - INFO - selecting column name which contains null above to 0.2
[ 2023-07-10 10:34:25,082 ] 48 root - INFO - Columns to drop: ['ab_000', 'ad_000', 'bk_000', 'bl_000', 'bm_000', 'bn_000', 'bo_000', 'bp_000', 'bq_000', 'br_000', 'cf_000', 'cg_000', 'ch_000', 'co_000', 'cr_000', 'ct_000', 'cu_000', 'cv_000', 'cx_000', 'cy_000', 'cz_000', 'da_000', 'db_000', 'dc_000']
[ 2023-07-10 10:34:25,855 ] 135 root - INFO - Is all required columns present in train df
[ 2023-07-10 10:34:25,855 ] 137 root - INFO - Is all required columns present in test df
[ 2023-07-10 10:34:25,855 ] 141 root - INFO - As all column are available in train df hence detecting data drift
[ 2023-07-10 10:34:25,856 ] 89 root - INFO - Hypothesis class: object, object 
[ 2023-07-10 10:34:25,991 ] 89 root - INFO - Hypothesis aa_000: float64, float64 
[ 2023-07-10 10:34:26,001 ] 89 root - INFO - Hypothesis ac_000: float64, float64 
[ 2023-07-10 10:34:26,041 ] 89 root - INFO - Hypothesis ae_000: float64, float64 
[ 2023-07-10 10:34:26,077 ] 89 root - INFO - Hypothesis af_000: float64, float64 
[ 2023-07-10 10:34:26,113 ] 89 root - INFO - Hypothesis ag_000: float64, float64 
[ 2023-07-10 10:34:26,148 ] 89 root - INFO - Hypothesis ag_001: float64, float64 
[ 2023-07-10 10:34:26,183 ] 89 root - INFO - Hypothesis ag_002: float64, float64 
[ 2023-07-10 10:34:26,219 ] 89 root - INFO - Hypothesis ag_003: float64, float64 
[ 2023-07-10 10:34:26,225 ] 89 root - INFO - Hypothesis ag_004: float64, float64 
[ 2023-07-10 10:34:26,235 ] 89 root - INFO - Hypothesis ag_005: float64, float64 
[ 2023-07-10 10:34:26,245 ] 89 root - INFO - Hypothesis ag_006: float64, float64 
[ 2023-07-10 10:34:26,256 ] 89 root - INFO - Hypothesis ag_007: float64, float64 
[ 2023-07-10 10:34:26,265 ] 89 root - INFO - Hypothesis ag_008: float64, float64 
[ 2023-07-10 10:34:26,273 ] 89 root - INFO - Hypothesis ag_009: float64, float64 
[ 2023-07-10 10:34:26,280 ] 89 root - INFO - Hypothesis ah_000: float64, float64 
[ 2023-07-10 10:34:26,291 ] 89 root - INFO - Hypothesis ai_000: float64, float64 
[ 2023-07-10 10:34:26,327 ] 89 root - INFO - Hypothesis aj_000: float64, float64 
[ 2023-07-10 10:34:26,333 ] 89 root - INFO - Hypothesis ak_000: float64, float64 
[ 2023-07-10 10:34:26,369 ] 89 root - INFO - Hypothesis al_000: float64, float64 
[ 2023-07-10 10:34:26,376 ] 89 root - INFO - Hypothesis am_0: float64, float64 
[ 2023-07-10 10:34:26,384 ] 89 root - INFO - Hypothesis an_000: float64, float64 
[ 2023-07-10 10:34:26,394 ] 89 root - INFO - Hypothesis ao_000: float64, float64 
[ 2023-07-10 10:34:26,404 ] 89 root - INFO - Hypothesis ap_000: float64, float64 
[ 2023-07-10 10:34:26,415 ] 89 root - INFO - Hypothesis aq_000: float64, float64 
[ 2023-07-10 10:34:26,425 ] 89 root - INFO - Hypothesis ar_000: float64, float64 
[ 2023-07-10 10:34:26,461 ] 89 root - INFO - Hypothesis as_000: float64, float64 
[ 2023-07-10 10:34:26,496 ] 89 root - INFO - Hypothesis at_000: float64, float64 
[ 2023-07-10 10:34:26,533 ] 89 root - INFO - Hypothesis au_000: float64, float64 
[ 2023-07-10 10:34:26,569 ] 89 root - INFO - Hypothesis av_000: float64, float64 
[ 2023-07-10 10:34:26,577 ] 89 root - INFO - Hypothesis ax_000: float64, float64 
[ 2023-07-10 10:34:26,585 ] 89 root - INFO - Hypothesis ay_000: float64, float64 
[ 2023-07-10 10:34:26,620 ] 89 root - INFO - Hypothesis ay_001: float64, float64 
[ 2023-07-10 10:34:26,656 ] 89 root - INFO - Hypothesis ay_002: float64, float64 
[ 2023-07-10 10:34:26,692 ] 89 root - INFO - Hypothesis ay_003: float64, float64 
[ 2023-07-10 10:34:26,727 ] 89 root - INFO - Hypothesis ay_004: float64, float64 
[ 2023-07-10 10:34:26,763 ] 89 root - INFO - Hypothesis ay_005: float64, float64 
[ 2023-07-10 10:34:26,803 ] 89 root - INFO - Hypothesis ay_006: float64, float64 
[ 2023-07-10 10:34:26,813 ] 89 root - INFO - Hypothesis ay_007: float64, float64 
[ 2023-07-10 10:34:26,822 ] 89 root - INFO - Hypothesis ay_008: float64, float64 
[ 2023-07-10 10:34:26,833 ] 89 root - INFO - Hypothesis ay_009: float64, float64 
[ 2023-07-10 10:34:26,869 ] 89 root - INFO - Hypothesis az_000: float64, float64 
[ 2023-07-10 10:34:26,878 ] 89 root - INFO - Hypothesis az_001: float64, float64 
[ 2023-07-10 10:34:26,888 ] 89 root - INFO - Hypothesis az_002: float64, float64 
[ 2023-07-10 10:34:26,897 ] 89 root - INFO - Hypothesis az_003: float64, float64 
[ 2023-07-10 10:34:26,907 ] 89 root - INFO - Hypothesis az_004: float64, float64 
[ 2023-07-10 10:34:26,917 ] 89 root - INFO - Hypothesis az_005: float64, float64 
[ 2023-07-10 10:34:26,928 ] 89 root - INFO - Hypothesis az_006: float64, float64 
[ 2023-07-10 10:34:26,968 ] 89 root - INFO - Hypothesis az_007: float64, float64 
[ 2023-07-10 10:34:27,006 ] 89 root - INFO - Hypothesis az_008: float64, float64 
[ 2023-07-10 10:34:27,043 ] 89 root - INFO - Hypothesis az_009: float64, float64 
[ 2023-07-10 10:34:27,080 ] 89 root - INFO - Hypothesis ba_000: float64, float64 
[ 2023-07-10 10:34:27,091 ] 89 root - INFO - Hypothesis ba_001: float64, float64 
[ 2023-07-10 10:34:27,104 ] 89 root - INFO - Hypothesis ba_002: float64, float64 
[ 2023-07-10 10:34:27,114 ] 89 root - INFO - Hypothesis ba_003: float64, float64 
[ 2023-07-10 10:34:27,124 ] 89 root - INFO - Hypothesis ba_004: float64, float64 
[ 2023-07-10 10:34:27,134 ] 89 root - INFO - Hypothesis ba_005: float64, float64 
[ 2023-07-10 10:34:27,144 ] 89 root - INFO - Hypothesis ba_006: float64, float64 
[ 2023-07-10 10:34:27,154 ] 89 root - INFO - Hypothesis ba_007: float64, float64 
[ 2023-07-10 10:34:27,164 ] 89 root - INFO - Hypothesis ba_008: float64, float64 
[ 2023-07-10 10:34:27,204 ] 89 root - INFO - Hypothesis ba_009: float64, float64 
[ 2023-07-10 10:34:27,241 ] 89 root - INFO - Hypothesis bb_000: float64, float64 
[ 2023-07-10 10:34:27,252 ] 89 root - INFO - Hypothesis bc_000: float64, float64 
[ 2023-07-10 10:34:27,291 ] 89 root - INFO - Hypothesis bd_000: float64, float64 
[ 2023-07-10 10:34:27,299 ] 89 root - INFO - Hypothesis be_000: float64, float64 
[ 2023-07-10 10:34:27,308 ] 89 root - INFO - Hypothesis bf_000: float64, float64 
[ 2023-07-10 10:34:27,314 ] 89 root - INFO - Hypothesis bg_000: float64, float64 
[ 2023-07-10 10:34:27,325 ] 89 root - INFO - Hypothesis bh_000: float64, float64 
[ 2023-07-10 10:34:27,335 ] 89 root - INFO - Hypothesis bi_000: float64, float64 
[ 2023-07-10 10:34:27,346 ] 89 root - INFO - Hypothesis bj_000: float64, float64 
[ 2023-07-10 10:34:27,356 ] 89 root - INFO - Hypothesis bs_000: float64, float64 
[ 2023-07-10 10:34:27,366 ] 89 root - INFO - Hypothesis bt_000: float64, float64 
[ 2023-07-10 10:34:27,377 ] 89 root - INFO - Hypothesis bu_000: float64, float64 
[ 2023-07-10 10:34:27,387 ] 89 root - INFO - Hypothesis bv_000: float64, float64 
[ 2023-07-10 10:34:27,397 ] 89 root - INFO - Hypothesis bx_000: float64, float64 
[ 2023-07-10 10:34:27,407 ] 89 root - INFO - Hypothesis by_000: float64, float64 
[ 2023-07-10 10:34:27,417 ] 89 root - INFO - Hypothesis bz_000: float64, float64 
[ 2023-07-10 10:34:27,426 ] 89 root - INFO - Hypothesis ca_000: float64, float64 
[ 2023-07-10 10:34:27,437 ] 89 root - INFO - Hypothesis cb_000: float64, float64 
[ 2023-07-10 10:34:27,447 ] 89 root - INFO - Hypothesis cc_000: float64, float64 
[ 2023-07-10 10:34:27,458 ] 89 root - INFO - Hypothesis cd_000: float64, float64 
[ 2023-07-10 10:34:27,493 ] 89 root - INFO - Hypothesis ce_000: float64, float64 
[ 2023-07-10 10:34:27,502 ] 89 root - INFO - Hypothesis ci_000: float64, float64 
[ 2023-07-10 10:34:27,513 ] 89 root - INFO - Hypothesis cj_000: float64, float64 
[ 2023-07-10 10:34:27,551 ] 89 root - INFO - Hypothesis ck_000: float64, float64 
[ 2023-07-10 10:34:27,561 ] 89 root - INFO - Hypothesis cl_000: float64, float64 
[ 2023-07-10 10:34:27,567 ] 89 root - INFO - Hypothesis cm_000: float64, float64 
[ 2023-07-10 10:34:27,574 ] 89 root - INFO - Hypothesis cn_000: float64, float64 
[ 2023-07-10 10:34:27,610 ] 89 root - INFO - Hypothesis cn_001: float64, float64 
[ 2023-07-10 10:34:27,648 ] 89 root - INFO - Hypothesis cn_002: float64, float64 
[ 2023-07-10 10:34:27,656 ] 89 root - INFO - Hypothesis cn_003: float64, float64 
[ 2023-07-10 10:34:27,666 ] 89 root - INFO - Hypothesis cn_004: float64, float64 
[ 2023-07-10 10:34:27,676 ] 89 root - INFO - Hypothesis cn_005: float64, float64 
[ 2023-07-10 10:34:27,687 ] 89 root - INFO - Hypothesis cn_006: float64, float64 
[ 2023-07-10 10:34:27,698 ] 89 root - INFO - Hypothesis cn_007: float64, float64 
[ 2023-07-10 10:34:27,707 ] 89 root - INFO - Hypothesis cn_008: float64, float64 
[ 2023-07-10 10:34:27,716 ] 89 root - INFO - Hypothesis cn_009: float64, float64 
[ 2023-07-10 10:34:27,756 ] 89 root - INFO - Hypothesis cp_000: float64, float64 
[ 2023-07-10 10:34:27,796 ] 89 root - INFO - Hypothesis cq_000: float64, float64 
[ 2023-07-10 10:34:27,806 ] 89 root - INFO - Hypothesis cs_000: float64, float64 
[ 2023-07-10 10:34:27,816 ] 89 root - INFO - Hypothesis cs_001: float64, float64 
[ 2023-07-10 10:34:27,824 ] 89 root - INFO - Hypothesis cs_002: float64, float64 
[ 2023-07-10 10:34:27,834 ] 89 root - INFO - Hypothesis cs_003: float64, float64 
[ 2023-07-10 10:34:27,844 ] 89 root - INFO - Hypothesis cs_004: float64, float64 
[ 2023-07-10 10:34:27,855 ] 89 root - INFO - Hypothesis cs_005: float64, float64 
[ 2023-07-10 10:34:27,865 ] 89 root - INFO - Hypothesis cs_006: float64, float64 
[ 2023-07-10 10:34:27,875 ] 89 root - INFO - Hypothesis cs_007: float64, float64 
[ 2023-07-10 10:34:27,886 ] 89 root - INFO - Hypothesis cs_008: float64, float64 
[ 2023-07-10 10:34:27,925 ] 89 root - INFO - Hypothesis cs_009: float64, float64 
[ 2023-07-10 10:34:27,961 ] 89 root - INFO - Hypothesis dd_000: float64, float64 
[ 2023-07-10 10:34:27,970 ] 89 root - INFO - Hypothesis de_000: float64, float64 
[ 2023-07-10 10:34:27,978 ] 89 root - INFO - Hypothesis df_000: float64, float64 
[ 2023-07-10 10:34:28,015 ] 89 root - INFO - Hypothesis dg_000: float64, float64 
[ 2023-07-10 10:34:28,053 ] 89 root - INFO - Hypothesis dh_000: float64, float64 
[ 2023-07-10 10:34:28,058 ] 89 root - INFO - Hypothesis di_000: float64, float64 
[ 2023-07-10 10:34:28,097 ] 89 root - INFO - Hypothesis dj_000: float64, float64 
[ 2023-07-10 10:34:28,133 ] 89 root - INFO - Hypothesis dk_000: float64, float64 
[ 2023-07-10 10:34:28,169 ] 89 root - INFO - Hypothesis dl_000: float64, float64 
[ 2023-07-10 10:34:28,205 ] 89 root - INFO - Hypothesis dm_000: float64, float64 
[ 2023-07-10 10:34:28,242 ] 89 root - INFO - Hypothesis dn_000: float64, float64 
[ 2023-07-10 10:34:28,253 ] 89 root - INFO - Hypothesis do_000: float64, float64 
[ 2023-07-10 10:34:28,262 ] 89 root - INFO - Hypothesis dp_000: float64, float64 
[ 2023-07-10 10:34:28,271 ] 89 root - INFO - Hypothesis dq_000: float64, float64 
[ 2023-07-10 10:34:28,309 ] 89 root - INFO - Hypothesis dr_000: float64, float64 
[ 2023-07-10 10:34:28,347 ] 89 root - INFO - Hypothesis ds_000: float64, float64 
[ 2023-07-10 10:34:28,357 ] 89 root - INFO - Hypothesis dt_000: float64, float64 
[ 2023-07-10 10:34:28,367 ] 89 root - INFO - Hypothesis du_000: float64, float64 
[ 2023-07-10 10:34:28,377 ] 89 root - INFO - Hypothesis dv_000: float64, float64 
[ 2023-07-10 10:34:28,387 ] 89 root - INFO - Hypothesis dx_000: float64, float64 
[ 2023-07-10 10:34:28,426 ] 89 root - INFO - Hypothesis dy_000: float64, float64 
[ 2023-07-10 10:34:28,464 ] 89 root - INFO - Hypothesis dz_000: float64, float64 
[ 2023-07-10 10:34:28,501 ] 89 root - INFO - Hypothesis ea_000: float64, float64 
[ 2023-07-10 10:34:28,536 ] 89 root - INFO - Hypothesis eb_000: float64, float64 
[ 2023-07-10 10:34:28,545 ] 89 root - INFO - Hypothesis ec_00: float64, float64 
[ 2023-07-10 10:34:28,555 ] 89 root - INFO - Hypothesis ed_000: float64, float64 
[ 2023-07-10 10:34:28,563 ] 89 root - INFO - Hypothesis ee_000: float64, float64 
[ 2023-07-10 10:34:28,574 ] 89 root - INFO - Hypothesis ee_001: float64, float64 
[ 2023-07-10 10:34:28,584 ] 89 root - INFO - Hypothesis ee_002: float64, float64 
[ 2023-07-10 10:34:28,594 ] 89 root - INFO - Hypothesis ee_003: float64, float64 
[ 2023-07-10 10:34:28,604 ] 89 root - INFO - Hypothesis ee_004: float64, float64 
[ 2023-07-10 10:34:28,615 ] 89 root - INFO - Hypothesis ee_005: float64, float64 
[ 2023-07-10 10:34:28,625 ] 89 root - INFO - Hypothesis ee_006: float64, float64 
[ 2023-07-10 10:34:28,634 ] 89 root - INFO - Hypothesis ee_007: float64, float64 
[ 2023-07-10 10:34:28,644 ] 89 root - INFO - Hypothesis ee_008: float64, float64 
[ 2023-07-10 10:34:28,653 ] 89 root - INFO - Hypothesis ee_009: float64, float64 
[ 2023-07-10 10:34:28,660 ] 89 root - INFO - Hypothesis ef_000: float64, float64 
[ 2023-07-10 10:34:28,696 ] 89 root - INFO - Hypothesis eg_000: float64, float64 
[ 2023-07-10 10:34:28,732 ] 144 root - INFO - As all column are available in test df hence detecting data drift
[ 2023-07-10 10:34:28,732 ] 89 root - INFO - Hypothesis class: object, object 
[ 2023-07-10 10:34:28,806 ] 89 root - INFO - Hypothesis aa_000: float64, float64 
[ 2023-07-10 10:34:28,813 ] 89 root - INFO - Hypothesis ac_000: float64, float64 
[ 2023-07-10 10:34:28,818 ] 89 root - INFO - Hypothesis ae_000: float64, float64 
[ 2023-07-10 10:34:28,833 ] 89 root - INFO - Hypothesis af_000: float64, float64 
[ 2023-07-10 10:34:28,848 ] 89 root - INFO - Hypothesis ag_000: float64, float64 
[ 2023-07-10 10:34:28,863 ] 89 root - INFO - Hypothesis ag_001: float64, float64 
[ 2023-07-10 10:34:28,878 ] 89 root - INFO - Hypothesis ag_002: float64, float64 
[ 2023-07-10 10:34:28,881 ] 89 root - INFO - Hypothesis ag_003: float64, float64 
[ 2023-07-10 10:34:28,885 ] 89 root - INFO - Hypothesis ag_004: float64, float64 
[ 2023-07-10 10:34:28,892 ] 89 root - INFO - Hypothesis ag_005: float64, float64 
[ 2023-07-10 10:34:28,899 ] 89 root - INFO - Hypothesis ag_006: float64, float64 
[ 2023-07-10 10:34:28,906 ] 89 root - INFO - Hypothesis ag_007: float64, float64 
[ 2023-07-10 10:34:28,912 ] 89 root - INFO - Hypothesis ag_008: float64, float64 
[ 2023-07-10 10:34:28,917 ] 89 root - INFO - Hypothesis ag_009: float64, float64 
[ 2023-07-10 10:34:28,922 ] 89 root - INFO - Hypothesis ah_000: float64, float64 
[ 2023-07-10 10:34:28,929 ] 89 root - INFO - Hypothesis ai_000: float64, float64 
[ 2023-07-10 10:34:28,932 ] 89 root - INFO - Hypothesis aj_000: float64, float64 
[ 2023-07-10 10:34:28,936 ] 89 root - INFO - Hypothesis ak_000: float64, float64 
[ 2023-07-10 10:34:28,939 ] 89 root - INFO - Hypothesis al_000: float64, float64 
[ 2023-07-10 10:34:28,944 ] 89 root - INFO - Hypothesis am_0: float64, float64 
[ 2023-07-10 10:34:28,949 ] 89 root - INFO - Hypothesis an_000: float64, float64 
[ 2023-07-10 10:34:28,956 ] 89 root - INFO - Hypothesis ao_000: float64, float64 
[ 2023-07-10 10:34:28,963 ] 89 root - INFO - Hypothesis ap_000: float64, float64 
[ 2023-07-10 10:34:28,970 ] 89 root - INFO - Hypothesis aq_000: float64, float64 
[ 2023-07-10 10:34:28,978 ] 89 root - INFO - Hypothesis ar_000: float64, float64 
[ 2023-07-10 10:34:28,993 ] 89 root - INFO - Hypothesis as_000: float64, float64 
[ 2023-07-10 10:34:29,008 ] 89 root - INFO - Hypothesis at_000: float64, float64 
[ 2023-07-10 10:34:29,024 ] 89 root - INFO - Hypothesis au_000: float64, float64 
[ 2023-07-10 10:34:29,039 ] 89 root - INFO - Hypothesis av_000: float64, float64 
[ 2023-07-10 10:34:29,044 ] 89 root - INFO - Hypothesis ax_000: float64, float64 
[ 2023-07-10 10:34:29,050 ] 89 root - INFO - Hypothesis ay_000: float64, float64 
[ 2023-07-10 10:34:29,064 ] 89 root - INFO - Hypothesis ay_001: float64, float64 
[ 2023-07-10 10:34:29,081 ] 89 root - INFO - Hypothesis ay_002: float64, float64 
[ 2023-07-10 10:34:29,096 ] 89 root - INFO - Hypothesis ay_003: float64, float64 
[ 2023-07-10 10:34:29,111 ] 89 root - INFO - Hypothesis ay_004: float64, float64 
[ 2023-07-10 10:34:29,126 ] 89 root - INFO - Hypothesis ay_005: float64, float64 
[ 2023-07-10 10:34:29,134 ] 89 root - INFO - Hypothesis ay_006: float64, float64 
[ 2023-07-10 10:34:29,141 ] 89 root - INFO - Hypothesis ay_007: float64, float64 
[ 2023-07-10 10:34:29,147 ] 89 root - INFO - Hypothesis ay_008: float64, float64 
[ 2023-07-10 10:34:29,154 ] 89 root - INFO - Hypothesis ay_009: float64, float64 
[ 2023-07-10 10:34:29,169 ] 89 root - INFO - Hypothesis az_000: float64, float64 
[ 2023-07-10 10:34:29,176 ] 89 root - INFO - Hypothesis az_001: float64, float64 
[ 2023-07-10 10:34:29,182 ] 89 root - INFO - Hypothesis az_002: float64, float64 
[ 2023-07-10 10:34:29,188 ] 89 root - INFO - Hypothesis az_003: float64, float64 
[ 2023-07-10 10:34:29,195 ] 89 root - INFO - Hypothesis az_004: float64, float64 
[ 2023-07-10 10:34:29,202 ] 89 root - INFO - Hypothesis az_005: float64, float64 
[ 2023-07-10 10:34:29,209 ] 89 root - INFO - Hypothesis az_006: float64, float64 
[ 2023-07-10 10:34:29,215 ] 89 root - INFO - Hypothesis az_007: float64, float64 
[ 2023-07-10 10:34:29,219 ] 89 root - INFO - Hypothesis az_008: float64, float64 
[ 2023-07-10 10:34:29,234 ] 89 root - INFO - Hypothesis az_009: float64, float64 
[ 2023-07-10 10:34:29,250 ] 89 root - INFO - Hypothesis ba_000: float64, float64 
[ 2023-07-10 10:34:29,257 ] 89 root - INFO - Hypothesis ba_001: float64, float64 
[ 2023-07-10 10:34:29,264 ] 89 root - INFO - Hypothesis ba_002: float64, float64 
[ 2023-07-10 10:34:29,270 ] 89 root - INFO - Hypothesis ba_003: float64, float64 
[ 2023-07-10 10:34:29,277 ] 89 root - INFO - Hypothesis ba_004: float64, float64 
[ 2023-07-10 10:34:29,284 ] 89 root - INFO - Hypothesis ba_005: float64, float64 
[ 2023-07-10 10:34:29,291 ] 89 root - INFO - Hypothesis ba_006: float64, float64 
[ 2023-07-10 10:34:29,298 ] 89 root - INFO - Hypothesis ba_007: float64, float64 
[ 2023-07-10 10:34:29,304 ] 89 root - INFO - Hypothesis ba_008: float64, float64 
[ 2023-07-10 10:34:29,309 ] 89 root - INFO - Hypothesis ba_009: float64, float64 
[ 2023-07-10 10:34:29,314 ] 89 root - INFO - Hypothesis bb_000: float64, float64 
[ 2023-07-10 10:34:29,321 ] 89 root - INFO - Hypothesis bc_000: float64, float64 
[ 2023-07-10 10:34:29,326 ] 89 root - INFO - Hypothesis bd_000: float64, float64 
[ 2023-07-10 10:34:29,332 ] 89 root - INFO - Hypothesis be_000: float64, float64 
[ 2023-07-10 10:34:29,338 ] 89 root - INFO - Hypothesis bf_000: float64, float64 
[ 2023-07-10 10:34:29,342 ] 89 root - INFO - Hypothesis bg_000: float64, float64 
[ 2023-07-10 10:34:29,349 ] 89 root - INFO - Hypothesis bh_000: float64, float64 
[ 2023-07-10 10:34:29,356 ] 89 root - INFO - Hypothesis bi_000: float64, float64 
[ 2023-07-10 10:34:29,363 ] 89 root - INFO - Hypothesis bj_000: float64, float64 
[ 2023-07-10 10:34:29,370 ] 89 root - INFO - Hypothesis bs_000: float64, float64 
[ 2023-07-10 10:34:29,377 ] 89 root - INFO - Hypothesis bt_000: float64, float64 
[ 2023-07-10 10:34:29,384 ] 89 root - INFO - Hypothesis bu_000: float64, float64 
[ 2023-07-10 10:34:29,391 ] 89 root - INFO - Hypothesis bv_000: float64, float64 
[ 2023-07-10 10:34:29,398 ] 89 root - INFO - Hypothesis bx_000: float64, float64 
[ 2023-07-10 10:34:29,405 ] 89 root - INFO - Hypothesis by_000: float64, float64 
[ 2023-07-10 10:34:29,412 ] 89 root - INFO - Hypothesis bz_000: float64, float64 
[ 2023-07-10 10:34:29,418 ] 89 root - INFO - Hypothesis ca_000: float64, float64 
[ 2023-07-10 10:34:29,425 ] 89 root - INFO - Hypothesis cb_000: float64, float64 
[ 2023-07-10 10:34:29,432 ] 89 root - INFO - Hypothesis cc_000: float64, float64 
[ 2023-07-10 10:34:29,439 ] 89 root - INFO - Hypothesis cd_000: float64, float64 
[ 2023-07-10 10:34:29,454 ] 89 root - INFO - Hypothesis ce_000: float64, float64 
[ 2023-07-10 10:34:29,461 ] 89 root - INFO - Hypothesis ci_000: float64, float64 
[ 2023-07-10 10:34:29,468 ] 89 root - INFO - Hypothesis cj_000: float64, float64 
[ 2023-07-10 10:34:29,472 ] 89 root - INFO - Hypothesis ck_000: float64, float64 
[ 2023-07-10 10:34:29,479 ] 89 root - INFO - Hypothesis cl_000: float64, float64 
[ 2023-07-10 10:34:29,483 ] 89 root - INFO - Hypothesis cm_000: float64, float64 
[ 2023-07-10 10:34:29,488 ] 89 root - INFO - Hypothesis cn_000: float64, float64 
[ 2023-07-10 10:34:29,503 ] 89 root - INFO - Hypothesis cn_001: float64, float64 
[ 2023-07-10 10:34:29,507 ] 89 root - INFO - Hypothesis cn_002: float64, float64 
[ 2023-07-10 10:34:29,512 ] 89 root - INFO - Hypothesis cn_003: float64, float64 
[ 2023-07-10 10:34:29,519 ] 89 root - INFO - Hypothesis cn_004: float64, float64 
[ 2023-07-10 10:34:29,526 ] 89 root - INFO - Hypothesis cn_005: float64, float64 
[ 2023-07-10 10:34:29,533 ] 89 root - INFO - Hypothesis cn_006: float64, float64 
[ 2023-07-10 10:34:29,540 ] 89 root - INFO - Hypothesis cn_007: float64, float64 
[ 2023-07-10 10:34:29,547 ] 89 root - INFO - Hypothesis cn_008: float64, float64 
[ 2023-07-10 10:34:29,553 ] 89 root - INFO - Hypothesis cn_009: float64, float64 
[ 2023-07-10 10:34:29,558 ] 89 root - INFO - Hypothesis cp_000: float64, float64 
[ 2023-07-10 10:34:29,563 ] 89 root - INFO - Hypothesis cq_000: float64, float64 
[ 2023-07-10 10:34:29,570 ] 89 root - INFO - Hypothesis cs_000: float64, float64 
[ 2023-07-10 10:34:29,577 ] 89 root - INFO - Hypothesis cs_001: float64, float64 
[ 2023-07-10 10:34:29,582 ] 89 root - INFO - Hypothesis cs_002: float64, float64 
[ 2023-07-10 10:34:29,589 ] 89 root - INFO - Hypothesis cs_003: float64, float64 
[ 2023-07-10 10:34:29,596 ] 89 root - INFO - Hypothesis cs_004: float64, float64 
[ 2023-07-10 10:34:29,603 ] 89 root - INFO - Hypothesis cs_005: float64, float64 
[ 2023-07-10 10:34:29,610 ] 89 root - INFO - Hypothesis cs_006: float64, float64 
[ 2023-07-10 10:34:29,617 ] 89 root - INFO - Hypothesis cs_007: float64, float64 
[ 2023-07-10 10:34:29,624 ] 89 root - INFO - Hypothesis cs_008: float64, float64 
[ 2023-07-10 10:34:29,629 ] 89 root - INFO - Hypothesis cs_009: float64, float64 
[ 2023-07-10 10:34:29,644 ] 89 root - INFO - Hypothesis dd_000: float64, float64 
[ 2023-07-10 10:34:29,651 ] 89 root - INFO - Hypothesis de_000: float64, float64 
[ 2023-07-10 10:34:29,656 ] 89 root - INFO - Hypothesis df_000: float64, float64 
[ 2023-07-10 10:34:29,659 ] 89 root - INFO - Hypothesis dg_000: float64, float64 
[ 2023-07-10 10:34:29,663 ] 89 root - INFO - Hypothesis dh_000: float64, float64 
[ 2023-07-10 10:34:29,666 ] 89 root - INFO - Hypothesis di_000: float64, float64 
[ 2023-07-10 10:34:29,670 ] 89 root - INFO - Hypothesis dj_000: float64, float64 
[ 2023-07-10 10:34:29,685 ] 89 root - INFO - Hypothesis dk_000: float64, float64 
[ 2023-07-10 10:34:29,689 ] 89 root - INFO - Hypothesis dl_000: float64, float64 
[ 2023-07-10 10:34:29,704 ] 89 root - INFO - Hypothesis dm_000: float64, float64 
[ 2023-07-10 10:34:29,719 ] 89 root - INFO - Hypothesis dn_000: float64, float64 
[ 2023-07-10 10:34:29,726 ] 89 root - INFO - Hypothesis do_000: float64, float64 
[ 2023-07-10 10:34:29,733 ] 89 root - INFO - Hypothesis dp_000: float64, float64 
[ 2023-07-10 10:34:29,739 ] 89 root - INFO - Hypothesis dq_000: float64, float64 
[ 2023-07-10 10:34:29,743 ] 89 root - INFO - Hypothesis dr_000: float64, float64 
[ 2023-07-10 10:34:29,747 ] 89 root - INFO - Hypothesis ds_000: float64, float64 
[ 2023-07-10 10:34:29,754 ] 89 root - INFO - Hypothesis dt_000: float64, float64 
[ 2023-07-10 10:34:29,761 ] 89 root - INFO - Hypothesis du_000: float64, float64 
[ 2023-07-10 10:34:29,768 ] 89 root - INFO - Hypothesis dv_000: float64, float64 
[ 2023-07-10 10:34:29,774 ] 89 root - INFO - Hypothesis dx_000: float64, float64 
[ 2023-07-10 10:34:29,779 ] 89 root - INFO - Hypothesis dy_000: float64, float64 
[ 2023-07-10 10:34:29,784 ] 89 root - INFO - Hypothesis dz_000: float64, float64 
[ 2023-07-10 10:34:29,799 ] 89 root - INFO - Hypothesis ea_000: float64, float64 
[ 2023-07-10 10:34:29,814 ] 89 root - INFO - Hypothesis eb_000: float64, float64 
[ 2023-07-10 10:34:29,820 ] 89 root - INFO - Hypothesis ec_00: float64, float64 
[ 2023-07-10 10:34:29,826 ] 89 root - INFO - Hypothesis ed_000: float64, float64 
[ 2023-07-10 10:34:29,832 ] 89 root - INFO - Hypothesis ee_000: float64, float64 
[ 2023-07-10 10:34:29,839 ] 89 root - INFO - Hypothesis ee_001: float64, float64 
[ 2023-07-10 10:34:29,846 ] 89 root - INFO - Hypothesis ee_002: float64, float64 
[ 2023-07-10 10:34:29,853 ] 89 root - INFO - Hypothesis ee_003: float64, float64 
[ 2023-07-10 10:34:29,860 ] 89 root - INFO - Hypothesis ee_004: float64, float64 
[ 2023-07-10 10:34:29,867 ] 89 root - INFO - Hypothesis ee_005: float64, float64 
[ 2023-07-10 10:34:29,874 ] 89 root - INFO - Hypothesis ee_006: float64, float64 
[ 2023-07-10 10:34:29,881 ] 89 root - INFO - Hypothesis ee_007: float64, float64 
[ 2023-07-10 10:34:29,887 ] 89 root - INFO - Hypothesis ee_008: float64, float64 
[ 2023-07-10 10:34:29,893 ] 89 root - INFO - Hypothesis ee_009: float64, float64 
[ 2023-07-10 10:34:29,898 ] 89 root - INFO - Hypothesis ef_000: float64, float64 
[ 2023-07-10 10:34:29,913 ] 89 root - INFO - Hypothesis eg_000: float64, float64 
[ 2023-07-10 10:34:29,928 ] 150 root - INFO - Write reprt in yaml file
[ 2023-07-10 10:34:30,067 ] 154 root - INFO - Data validation artifact: DataValidationArtifact(report_file_path='/config/workspace/artifact/07102023__103412/data_validation/report.yaml')
[ 2023-07-10 10:34:30,142 ] 24 root - INFO - >>>>>>>>>>>>>>>>>>>>>>>>>>>>>>>>>>>>>>>> Data Transformation <<<<<<<<<<<<<<<<<<<<<<<<<<<<<<<<<<<<<<<<
[ 2023-07-10 10:34:31,035 ] 75 root - INFO - Before resampling in training set Input: (28950, 170) Target:(28950,)
[ 2023-07-10 10:34:36,913 ] 77 root - INFO - After resampling in training set Input: (56152, 170) Target:(56152,)
[ 2023-07-10 10:34:36,914 ] 79 root - INFO - Before resampling in testing set Input: (7238, 170) Target:(7238,)
[ 2023-07-10 10:34:37,567 ] 81 root - INFO - After resampling in testing set Input: (14072, 170) Target:(14072,)
[ 2023-07-10 10:34:37,675 ] 53 root - INFO - Entered the save_object method of utils
[ 2023-07-10 10:34:37,678 ] 57 root - INFO - Exited the save_object method of utils
[ 2023-07-10 10:34:37,678 ] 53 root - INFO - Entered the save_object method of utils
[ 2023-07-10 10:34:37,678 ] 57 root - INFO - Exited the save_object method of utils
[ 2023-07-10 10:34:37,678 ] 112 root - INFO - Data transformation object DataTransformationArtifact(transform_object_path='/config/workspace/artifact/07102023__103412/data_transformation/transformer/transformer.pkl', transformed_train_path='/config/workspace/artifact/07102023__103412/data_transformation/transformed/train.npz', transformed_test_path='/config/workspace/artifact/07102023__103412/data_transformation/transformed/test.npz', target_encoder_path='/config/workspace/artifact/07102023__103412/data_transformation/target_encoder/target_encoder.pkl')
[ 2023-07-10 10:34:37,680 ] 18 root - INFO - >>>>>>>>>>>>>>>>>>>>>>>>>>>>>>>>>>>>>>>> Model Trainer <<<<<<<<<<<<<<<<<<<<<<<<<<<<<<<<<<<<<<<<
[ 2023-07-10 10:34:37,680 ] 45 root - INFO - Loading train and test array.
[ 2023-07-10 10:34:37,710 ] 49 root - INFO - Splitting input and target feature from both train and test arr.
[ 2023-07-10 10:34:37,711 ] 53 root - INFO - Train the model
[ 2023-07-10 10:34:45,737 ] 56 root - INFO - Calculating f1 train score
[ 2023-07-10 10:34:45,785 ] 60 root - INFO - Calculating f1 test score
[ 2023-07-10 10:34:45,802 ] 64 root - INFO - train score:0.9999821908781678 and tests score 0.9694011365292147
[ 2023-07-10 10:34:45,802 ] 66 root - INFO - Checking if our model is underfitting or not
[ 2023-07-10 10:34:45,802 ] 71 root - INFO - Checking if our model is overfiiting or not
[ 2023-07-10 10:34:45,802 ] 78 root - INFO - Saving mode object
[ 2023-07-10 10:34:45,802 ] 53 root - INFO - Entered the save_object method of utils
[ 2023-07-10 10:34:45,808 ] 57 root - INFO - Exited the save_object method of utils
[ 2023-07-10 10:34:45,808 ] 82 root - INFO - Prepare the artifact
[ 2023-07-10 10:34:45,808 ] 85 root - INFO - Model trainer artifact: ModelTrainerArtifact(model_path='/config/workspace/artifact/07102023__103412/model_trainer/model/model.pkl', f1_train_score=0.9999821908781678, f1_test_score=0.9694011365292147)
