[ 2023-07-10 12:00:44,755 ] 15 root - INFO - >>>>>>>>>>>>>>>>>>>>>>>>>>>>>>>>>>>>>>>> Data Ingestion <<<<<<<<<<<<<<<<<<<<<<<<<<<<<<<<<<<<<<<<
[ 2023-07-10 12:00:44,755 ] 22 root - INFO - Exporting collection data as pandas dataframe
[ 2023-07-10 12:00:44,755 ] 22 root - INFO - Reading data from database: aps and collection: sensor
[ 2023-07-10 12:00:48,098 ] 24 root - INFO - Found columns: Index(['_id', 'class', 'aa_000', 'ab_000', 'ac_000', 'ad_000', 'ae_000',
       'af_000', 'ag_000', 'ag_001',
       ...
       'ee_002', 'ee_003', 'ee_004', 'ee_005', 'ee_006', 'ee_007', 'ee_008',
       'ee_009', 'ef_000', 'eg_000'],
      dtype='object', length=172)
[ 2023-07-10 12:00:48,099 ] 26 root - INFO - Dropping column: _id 
[ 2023-07-10 12:00:48,293 ] 28 root - INFO - Row and columns in df: (36188, 171)
[ 2023-07-10 12:00:48,293 ] 28 root - INFO - Save data in feature store
[ 2023-07-10 12:00:49,685 ] 34 root - INFO - Create feature store folder if not available
[ 2023-07-10 12:00:49,686 ] 38 root - INFO - Save df to feature store folder
[ 2023-07-10 12:00:51,580 ] 43 root - INFO - split dataset into train and test set
[ 2023-07-10 12:00:51,908 ] 47 root - INFO - create dataset directory folder if not available
[ 2023-07-10 12:00:51,908 ] 52 root - INFO - Save df to feature store folder
[ 2023-07-10 12:00:53,740 ] 64 root - INFO - Data ingestion artifact: DataIngestionArtifact(feature_store_file_path='/config/workspace/artifact/07102023__120044/data_ingestion/feature_store/sensor.csv', train_file_path='/config/workspace/artifact/07102023__120044/data_ingestion/dataset/train.csv', test_file_path='/config/workspace/artifact/07102023__120044/data_ingestion/dataset/test.csv')
[ 2023-07-10 12:00:54,149 ] 22 root - INFO - >>>>>>>>>>>>>>>>>>>>>>>>>>>>>>>>>>>>>>>> Data Validation <<<<<<<<<<<<<<<<<<<<<<<<<<<<<<<<<<<<<<<<
[ 2023-07-10 12:00:54,150 ] 111 root - INFO - Reading base dataframe
[ 2023-07-10 12:00:56,354 ] 114 root - INFO - Replace na value in base df
[ 2023-07-10 12:00:56,355 ] 116 root - INFO - Drop null values colums from base df
[ 2023-07-10 12:00:56,579 ] 45 root - INFO - selecting column name which contains null above to 0.2
[ 2023-07-10 12:00:56,580 ] 48 root - INFO - Columns to drop: ['ab_000', 'ad_000', 'bk_000', 'bl_000', 'bm_000', 'bn_000', 'bo_000', 'bp_000', 'bq_000', 'br_000', 'cf_000', 'cg_000', 'ch_000', 'co_000', 'cr_000', 'ct_000', 'cu_000', 'cv_000', 'cx_000', 'cy_000', 'cz_000', 'da_000', 'db_000', 'dc_000']
[ 2023-07-10 12:00:56,668 ] 119 root - INFO - Reading train dataframe
[ 2023-07-10 12:00:57,071 ] 121 root - INFO - Reading test dataframe
[ 2023-07-10 12:00:57,180 ] 124 root - INFO - Drop null values colums from train df
[ 2023-07-10 12:00:57,188 ] 45 root - INFO - selecting column name which contains null above to 0.2
[ 2023-07-10 12:00:57,188 ] 48 root - INFO - Columns to drop: ['ab_000', 'ad_000', 'bk_000', 'bl_000', 'bm_000', 'bn_000', 'bo_000', 'bp_000', 'bq_000', 'br_000', 'cf_000', 'cg_000', 'ch_000', 'co_000', 'cr_000', 'ct_000', 'cu_000', 'cv_000', 'cx_000', 'cy_000', 'cz_000', 'da_000', 'db_000', 'dc_000']
[ 2023-07-10 12:00:57,197 ] 126 root - INFO - Drop null values colums from test df
[ 2023-07-10 12:00:57,200 ] 45 root - INFO - selecting column name which contains null above to 0.2
[ 2023-07-10 12:00:57,200 ] 48 root - INFO - Columns to drop: ['ab_000', 'ad_000', 'bk_000', 'bl_000', 'bm_000', 'bn_000', 'bo_000', 'bp_000', 'bq_000', 'br_000', 'cf_000', 'cg_000', 'ch_000', 'co_000', 'cr_000', 'ct_000', 'cu_000', 'cv_000', 'cx_000', 'cy_000', 'cz_000', 'da_000', 'db_000', 'dc_000']
[ 2023-07-10 12:00:57,972 ] 135 root - INFO - Is all required columns present in train df
[ 2023-07-10 12:00:57,973 ] 137 root - INFO - Is all required columns present in test df
[ 2023-07-10 12:00:57,973 ] 141 root - INFO - As all column are available in train df hence detecting data drift
[ 2023-07-10 12:00:57,973 ] 89 root - INFO - Hypothesis class: object, object 
[ 2023-07-10 12:00:58,109 ] 89 root - INFO - Hypothesis aa_000: float64, float64 
[ 2023-07-10 12:00:58,119 ] 89 root - INFO - Hypothesis ac_000: float64, float64 
[ 2023-07-10 12:00:58,159 ] 89 root - INFO - Hypothesis ae_000: float64, float64 
[ 2023-07-10 12:00:58,195 ] 89 root - INFO - Hypothesis af_000: float64, float64 
[ 2023-07-10 12:00:58,231 ] 89 root - INFO - Hypothesis ag_000: float64, float64 
[ 2023-07-10 12:00:58,267 ] 89 root - INFO - Hypothesis ag_001: float64, float64 
[ 2023-07-10 12:00:58,305 ] 89 root - INFO - Hypothesis ag_002: float64, float64 
[ 2023-07-10 12:00:58,341 ] 89 root - INFO - Hypothesis ag_003: float64, float64 
[ 2023-07-10 12:00:58,348 ] 89 root - INFO - Hypothesis ag_004: float64, float64 
[ 2023-07-10 12:00:58,358 ] 89 root - INFO - Hypothesis ag_005: float64, float64 
[ 2023-07-10 12:00:58,368 ] 89 root - INFO - Hypothesis ag_006: float64, float64 
[ 2023-07-10 12:00:58,380 ] 89 root - INFO - Hypothesis ag_007: float64, float64 
[ 2023-07-10 12:00:58,390 ] 89 root - INFO - Hypothesis ag_008: float64, float64 
[ 2023-07-10 12:00:58,398 ] 89 root - INFO - Hypothesis ag_009: float64, float64 
[ 2023-07-10 12:00:58,405 ] 89 root - INFO - Hypothesis ah_000: float64, float64 
[ 2023-07-10 12:00:58,416 ] 89 root - INFO - Hypothesis ai_000: float64, float64 
[ 2023-07-10 12:00:58,452 ] 89 root - INFO - Hypothesis aj_000: float64, float64 
[ 2023-07-10 12:00:58,458 ] 89 root - INFO - Hypothesis ak_000: float64, float64 
[ 2023-07-10 12:00:58,495 ] 89 root - INFO - Hypothesis al_000: float64, float64 
[ 2023-07-10 12:00:58,503 ] 89 root - INFO - Hypothesis am_0: float64, float64 
[ 2023-07-10 12:00:58,510 ] 89 root - INFO - Hypothesis an_000: float64, float64 
[ 2023-07-10 12:00:58,521 ] 89 root - INFO - Hypothesis ao_000: float64, float64 
[ 2023-07-10 12:00:58,531 ] 89 root - INFO - Hypothesis ap_000: float64, float64 
[ 2023-07-10 12:00:58,542 ] 89 root - INFO - Hypothesis aq_000: float64, float64 
[ 2023-07-10 12:00:58,553 ] 89 root - INFO - Hypothesis ar_000: float64, float64 
[ 2023-07-10 12:00:58,590 ] 89 root - INFO - Hypothesis as_000: float64, float64 
[ 2023-07-10 12:00:58,629 ] 89 root - INFO - Hypothesis at_000: float64, float64 
[ 2023-07-10 12:00:58,666 ] 89 root - INFO - Hypothesis au_000: float64, float64 
[ 2023-07-10 12:00:58,702 ] 89 root - INFO - Hypothesis av_000: float64, float64 
[ 2023-07-10 12:00:58,710 ] 89 root - INFO - Hypothesis ax_000: float64, float64 
[ 2023-07-10 12:00:58,718 ] 89 root - INFO - Hypothesis ay_000: float64, float64 
[ 2023-07-10 12:00:58,754 ] 89 root - INFO - Hypothesis ay_001: float64, float64 
[ 2023-07-10 12:00:58,790 ] 89 root - INFO - Hypothesis ay_002: float64, float64 
[ 2023-07-10 12:00:58,826 ] 89 root - INFO - Hypothesis ay_003: float64, float64 
[ 2023-07-10 12:00:58,862 ] 89 root - INFO - Hypothesis ay_004: float64, float64 
[ 2023-07-10 12:00:58,898 ] 89 root - INFO - Hypothesis ay_005: float64, float64 
[ 2023-07-10 12:00:58,939 ] 89 root - INFO - Hypothesis ay_006: float64, float64 
[ 2023-07-10 12:00:58,948 ] 89 root - INFO - Hypothesis ay_007: float64, float64 
[ 2023-07-10 12:00:58,958 ] 89 root - INFO - Hypothesis ay_008: float64, float64 
[ 2023-07-10 12:00:58,969 ] 89 root - INFO - Hypothesis ay_009: float64, float64 
[ 2023-07-10 12:00:59,005 ] 89 root - INFO - Hypothesis az_000: float64, float64 
[ 2023-07-10 12:00:59,015 ] 89 root - INFO - Hypothesis az_001: float64, float64 
[ 2023-07-10 12:00:59,024 ] 89 root - INFO - Hypothesis az_002: float64, float64 
[ 2023-07-10 12:00:59,033 ] 89 root - INFO - Hypothesis az_003: float64, float64 
[ 2023-07-10 12:00:59,044 ] 89 root - INFO - Hypothesis az_004: float64, float64 
[ 2023-07-10 12:00:59,054 ] 89 root - INFO - Hypothesis az_005: float64, float64 
[ 2023-07-10 12:00:59,065 ] 89 root - INFO - Hypothesis az_006: float64, float64 
[ 2023-07-10 12:00:59,108 ] 89 root - INFO - Hypothesis az_007: float64, float64 
[ 2023-07-10 12:00:59,146 ] 89 root - INFO - Hypothesis az_008: float64, float64 
[ 2023-07-10 12:00:59,183 ] 89 root - INFO - Hypothesis az_009: float64, float64 
[ 2023-07-10 12:00:59,219 ] 89 root - INFO - Hypothesis ba_000: float64, float64 
[ 2023-07-10 12:00:59,230 ] 89 root - INFO - Hypothesis ba_001: float64, float64 
[ 2023-07-10 12:00:59,240 ] 89 root - INFO - Hypothesis ba_002: float64, float64 
[ 2023-07-10 12:00:59,251 ] 89 root - INFO - Hypothesis ba_003: float64, float64 
[ 2023-07-10 12:00:59,261 ] 89 root - INFO - Hypothesis ba_004: float64, float64 
[ 2023-07-10 12:00:59,271 ] 89 root - INFO - Hypothesis ba_005: float64, float64 
[ 2023-07-10 12:00:59,281 ] 89 root - INFO - Hypothesis ba_006: float64, float64 
[ 2023-07-10 12:00:59,291 ] 89 root - INFO - Hypothesis ba_007: float64, float64 
[ 2023-07-10 12:00:59,301 ] 89 root - INFO - Hypothesis ba_008: float64, float64 
[ 2023-07-10 12:00:59,343 ] 89 root - INFO - Hypothesis ba_009: float64, float64 
[ 2023-07-10 12:00:59,382 ] 89 root - INFO - Hypothesis bb_000: float64, float64 
[ 2023-07-10 12:00:59,393 ] 89 root - INFO - Hypothesis bc_000: float64, float64 
[ 2023-07-10 12:00:59,437 ] 89 root - INFO - Hypothesis bd_000: float64, float64 
[ 2023-07-10 12:00:59,445 ] 89 root - INFO - Hypothesis be_000: float64, float64 
[ 2023-07-10 12:00:59,454 ] 89 root - INFO - Hypothesis bf_000: float64, float64 
[ 2023-07-10 12:00:59,461 ] 89 root - INFO - Hypothesis bg_000: float64, float64 
[ 2023-07-10 12:00:59,472 ] 89 root - INFO - Hypothesis bh_000: float64, float64 
[ 2023-07-10 12:00:59,482 ] 89 root - INFO - Hypothesis bi_000: float64, float64 
[ 2023-07-10 12:00:59,492 ] 89 root - INFO - Hypothesis bj_000: float64, float64 
[ 2023-07-10 12:00:59,503 ] 89 root - INFO - Hypothesis bs_000: float64, float64 
[ 2023-07-10 12:00:59,514 ] 89 root - INFO - Hypothesis bt_000: float64, float64 
[ 2023-07-10 12:00:59,525 ] 89 root - INFO - Hypothesis bu_000: float64, float64 
[ 2023-07-10 12:00:59,535 ] 89 root - INFO - Hypothesis bv_000: float64, float64 
[ 2023-07-10 12:00:59,546 ] 89 root - INFO - Hypothesis bx_000: float64, float64 
[ 2023-07-10 12:00:59,556 ] 89 root - INFO - Hypothesis by_000: float64, float64 
[ 2023-07-10 12:00:59,567 ] 89 root - INFO - Hypothesis bz_000: float64, float64 
[ 2023-07-10 12:00:59,576 ] 89 root - INFO - Hypothesis ca_000: float64, float64 
[ 2023-07-10 12:00:59,586 ] 89 root - INFO - Hypothesis cb_000: float64, float64 
[ 2023-07-10 12:00:59,597 ] 89 root - INFO - Hypothesis cc_000: float64, float64 
[ 2023-07-10 12:00:59,608 ] 89 root - INFO - Hypothesis cd_000: float64, float64 
[ 2023-07-10 12:00:59,644 ] 89 root - INFO - Hypothesis ce_000: float64, float64 
[ 2023-07-10 12:00:59,653 ] 89 root - INFO - Hypothesis ci_000: float64, float64 
[ 2023-07-10 12:00:59,664 ] 89 root - INFO - Hypothesis cj_000: float64, float64 
[ 2023-07-10 12:00:59,701 ] 89 root - INFO - Hypothesis ck_000: float64, float64 
[ 2023-07-10 12:00:59,712 ] 89 root - INFO - Hypothesis cl_000: float64, float64 
[ 2023-07-10 12:00:59,718 ] 89 root - INFO - Hypothesis cm_000: float64, float64 
[ 2023-07-10 12:00:59,725 ] 89 root - INFO - Hypothesis cn_000: float64, float64 
[ 2023-07-10 12:00:59,762 ] 89 root - INFO - Hypothesis cn_001: float64, float64 
[ 2023-07-10 12:00:59,800 ] 89 root - INFO - Hypothesis cn_002: float64, float64 
[ 2023-07-10 12:00:59,808 ] 89 root - INFO - Hypothesis cn_003: float64, float64 
[ 2023-07-10 12:00:59,820 ] 89 root - INFO - Hypothesis cn_004: float64, float64 
[ 2023-07-10 12:00:59,831 ] 89 root - INFO - Hypothesis cn_005: float64, float64 
[ 2023-07-10 12:00:59,842 ] 89 root - INFO - Hypothesis cn_006: float64, float64 
[ 2023-07-10 12:00:59,853 ] 89 root - INFO - Hypothesis cn_007: float64, float64 
[ 2023-07-10 12:00:59,864 ] 89 root - INFO - Hypothesis cn_008: float64, float64 
[ 2023-07-10 12:00:59,873 ] 89 root - INFO - Hypothesis cn_009: float64, float64 
[ 2023-07-10 12:00:59,916 ] 89 root - INFO - Hypothesis cp_000: float64, float64 
[ 2023-07-10 12:00:59,955 ] 89 root - INFO - Hypothesis cq_000: float64, float64 
[ 2023-07-10 12:00:59,966 ] 89 root - INFO - Hypothesis cs_000: float64, float64 
[ 2023-07-10 12:00:59,976 ] 89 root - INFO - Hypothesis cs_001: float64, float64 
[ 2023-07-10 12:00:59,985 ] 89 root - INFO - Hypothesis cs_002: float64, float64 
[ 2023-07-10 12:00:59,995 ] 89 root - INFO - Hypothesis cs_003: float64, float64 
[ 2023-07-10 12:01:00,007 ] 89 root - INFO - Hypothesis cs_004: float64, float64 
[ 2023-07-10 12:01:00,018 ] 89 root - INFO - Hypothesis cs_005: float64, float64 
[ 2023-07-10 12:01:00,029 ] 89 root - INFO - Hypothesis cs_006: float64, float64 
[ 2023-07-10 12:01:00,040 ] 89 root - INFO - Hypothesis cs_007: float64, float64 
[ 2023-07-10 12:01:00,051 ] 89 root - INFO - Hypothesis cs_008: float64, float64 
[ 2023-07-10 12:01:00,090 ] 89 root - INFO - Hypothesis cs_009: float64, float64 
[ 2023-07-10 12:01:00,127 ] 89 root - INFO - Hypothesis dd_000: float64, float64 
[ 2023-07-10 12:01:00,137 ] 89 root - INFO - Hypothesis de_000: float64, float64 
[ 2023-07-10 12:01:00,145 ] 89 root - INFO - Hypothesis df_000: float64, float64 
[ 2023-07-10 12:01:00,182 ] 89 root - INFO - Hypothesis dg_000: float64, float64 
[ 2023-07-10 12:01:00,219 ] 89 root - INFO - Hypothesis dh_000: float64, float64 
[ 2023-07-10 12:01:00,224 ] 89 root - INFO - Hypothesis di_000: float64, float64 
[ 2023-07-10 12:01:00,263 ] 89 root - INFO - Hypothesis dj_000: float64, float64 
[ 2023-07-10 12:01:00,302 ] 89 root - INFO - Hypothesis dk_000: float64, float64 
[ 2023-07-10 12:01:00,339 ] 89 root - INFO - Hypothesis dl_000: float64, float64 
[ 2023-07-10 12:01:00,378 ] 89 root - INFO - Hypothesis dm_000: float64, float64 
[ 2023-07-10 12:01:00,417 ] 89 root - INFO - Hypothesis dn_000: float64, float64 
[ 2023-07-10 12:01:00,427 ] 89 root - INFO - Hypothesis do_000: float64, float64 
[ 2023-07-10 12:01:00,437 ] 89 root - INFO - Hypothesis dp_000: float64, float64 
[ 2023-07-10 12:01:00,446 ] 89 root - INFO - Hypothesis dq_000: float64, float64 
[ 2023-07-10 12:01:00,484 ] 89 root - INFO - Hypothesis dr_000: float64, float64 
[ 2023-07-10 12:01:00,522 ] 89 root - INFO - Hypothesis ds_000: float64, float64 
[ 2023-07-10 12:01:00,533 ] 89 root - INFO - Hypothesis dt_000: float64, float64 
[ 2023-07-10 12:01:00,543 ] 89 root - INFO - Hypothesis du_000: float64, float64 
[ 2023-07-10 12:01:00,553 ] 89 root - INFO - Hypothesis dv_000: float64, float64 
[ 2023-07-10 12:01:00,563 ] 89 root - INFO - Hypothesis dx_000: float64, float64 
[ 2023-07-10 12:01:00,602 ] 89 root - INFO - Hypothesis dy_000: float64, float64 
[ 2023-07-10 12:01:00,641 ] 89 root - INFO - Hypothesis dz_000: float64, float64 
[ 2023-07-10 12:01:00,678 ] 89 root - INFO - Hypothesis ea_000: float64, float64 
[ 2023-07-10 12:01:00,722 ] 89 root - INFO - Hypothesis eb_000: float64, float64 
[ 2023-07-10 12:01:00,733 ] 89 root - INFO - Hypothesis ec_00: float64, float64 
[ 2023-07-10 12:01:00,744 ] 89 root - INFO - Hypothesis ed_000: float64, float64 
[ 2023-07-10 12:01:00,756 ] 89 root - INFO - Hypothesis ee_000: float64, float64 
[ 2023-07-10 12:01:00,767 ] 89 root - INFO - Hypothesis ee_001: float64, float64 
[ 2023-07-10 12:01:00,778 ] 89 root - INFO - Hypothesis ee_002: float64, float64 
[ 2023-07-10 12:01:00,789 ] 89 root - INFO - Hypothesis ee_003: float64, float64 
[ 2023-07-10 12:01:00,799 ] 89 root - INFO - Hypothesis ee_004: float64, float64 
[ 2023-07-10 12:01:00,810 ] 89 root - INFO - Hypothesis ee_005: float64, float64 
[ 2023-07-10 12:01:00,820 ] 89 root - INFO - Hypothesis ee_006: float64, float64 
[ 2023-07-10 12:01:00,830 ] 89 root - INFO - Hypothesis ee_007: float64, float64 
[ 2023-07-10 12:01:00,840 ] 89 root - INFO - Hypothesis ee_008: float64, float64 
[ 2023-07-10 12:01:00,849 ] 89 root - INFO - Hypothesis ee_009: float64, float64 
[ 2023-07-10 12:01:00,856 ] 89 root - INFO - Hypothesis ef_000: float64, float64 
[ 2023-07-10 12:01:00,892 ] 89 root - INFO - Hypothesis eg_000: float64, float64 
[ 2023-07-10 12:01:00,928 ] 144 root - INFO - As all column are available in test df hence detecting data drift
[ 2023-07-10 12:01:00,928 ] 89 root - INFO - Hypothesis class: object, object 
[ 2023-07-10 12:01:01,002 ] 89 root - INFO - Hypothesis aa_000: float64, float64 
[ 2023-07-10 12:01:01,009 ] 89 root - INFO - Hypothesis ac_000: float64, float64 
[ 2023-07-10 12:01:01,015 ] 89 root - INFO - Hypothesis ae_000: float64, float64 
[ 2023-07-10 12:01:01,030 ] 89 root - INFO - Hypothesis af_000: float64, float64 
[ 2023-07-10 12:01:01,046 ] 89 root - INFO - Hypothesis ag_000: float64, float64 
[ 2023-07-10 12:01:01,062 ] 89 root - INFO - Hypothesis ag_001: float64, float64 
[ 2023-07-10 12:01:01,077 ] 89 root - INFO - Hypothesis ag_002: float64, float64 
[ 2023-07-10 12:01:01,080 ] 89 root - INFO - Hypothesis ag_003: float64, float64 
[ 2023-07-10 12:01:01,085 ] 89 root - INFO - Hypothesis ag_004: float64, float64 
[ 2023-07-10 12:01:01,092 ] 89 root - INFO - Hypothesis ag_005: float64, float64 
[ 2023-07-10 12:01:01,099 ] 89 root - INFO - Hypothesis ag_006: float64, float64 
[ 2023-07-10 12:01:01,106 ] 89 root - INFO - Hypothesis ag_007: float64, float64 
[ 2023-07-10 12:01:01,112 ] 89 root - INFO - Hypothesis ag_008: float64, float64 
[ 2023-07-10 12:01:01,118 ] 89 root - INFO - Hypothesis ag_009: float64, float64 
[ 2023-07-10 12:01:01,123 ] 89 root - INFO - Hypothesis ah_000: float64, float64 
[ 2023-07-10 12:01:01,130 ] 89 root - INFO - Hypothesis ai_000: float64, float64 
[ 2023-07-10 12:01:01,133 ] 89 root - INFO - Hypothesis aj_000: float64, float64 
[ 2023-07-10 12:01:01,137 ] 89 root - INFO - Hypothesis ak_000: float64, float64 
[ 2023-07-10 12:01:01,141 ] 89 root - INFO - Hypothesis al_000: float64, float64 
[ 2023-07-10 12:01:01,146 ] 89 root - INFO - Hypothesis am_0: float64, float64 
[ 2023-07-10 12:01:01,151 ] 89 root - INFO - Hypothesis an_000: float64, float64 
[ 2023-07-10 12:01:01,158 ] 89 root - INFO - Hypothesis ao_000: float64, float64 
[ 2023-07-10 12:01:01,165 ] 89 root - INFO - Hypothesis ap_000: float64, float64 
[ 2023-07-10 12:01:01,172 ] 89 root - INFO - Hypothesis aq_000: float64, float64 
[ 2023-07-10 12:01:01,179 ] 89 root - INFO - Hypothesis ar_000: float64, float64 
[ 2023-07-10 12:01:01,194 ] 89 root - INFO - Hypothesis as_000: float64, float64 
[ 2023-07-10 12:01:01,209 ] 89 root - INFO - Hypothesis at_000: float64, float64 
[ 2023-07-10 12:01:01,225 ] 89 root - INFO - Hypothesis au_000: float64, float64 
[ 2023-07-10 12:01:01,239 ] 89 root - INFO - Hypothesis av_000: float64, float64 
[ 2023-07-10 12:01:01,245 ] 89 root - INFO - Hypothesis ax_000: float64, float64 
[ 2023-07-10 12:01:01,250 ] 89 root - INFO - Hypothesis ay_000: float64, float64 
[ 2023-07-10 12:01:01,265 ] 89 root - INFO - Hypothesis ay_001: float64, float64 
[ 2023-07-10 12:01:01,280 ] 89 root - INFO - Hypothesis ay_002: float64, float64 
[ 2023-07-10 12:01:01,295 ] 89 root - INFO - Hypothesis ay_003: float64, float64 
[ 2023-07-10 12:01:01,311 ] 89 root - INFO - Hypothesis ay_004: float64, float64 
[ 2023-07-10 12:01:01,326 ] 89 root - INFO - Hypothesis ay_005: float64, float64 
[ 2023-07-10 12:01:01,331 ] 89 root - INFO - Hypothesis ay_006: float64, float64 
[ 2023-07-10 12:01:01,338 ] 89 root - INFO - Hypothesis ay_007: float64, float64 
[ 2023-07-10 12:01:01,344 ] 89 root - INFO - Hypothesis ay_008: float64, float64 
[ 2023-07-10 12:01:01,351 ] 89 root - INFO - Hypothesis ay_009: float64, float64 
[ 2023-07-10 12:01:01,366 ] 89 root - INFO - Hypothesis az_000: float64, float64 
[ 2023-07-10 12:01:01,374 ] 89 root - INFO - Hypothesis az_001: float64, float64 
[ 2023-07-10 12:01:01,380 ] 89 root - INFO - Hypothesis az_002: float64, float64 
[ 2023-07-10 12:01:01,386 ] 89 root - INFO - Hypothesis az_003: float64, float64 
[ 2023-07-10 12:01:01,395 ] 89 root - INFO - Hypothesis az_004: float64, float64 
[ 2023-07-10 12:01:01,402 ] 89 root - INFO - Hypothesis az_005: float64, float64 
[ 2023-07-10 12:01:01,409 ] 89 root - INFO - Hypothesis az_006: float64, float64 
[ 2023-07-10 12:01:01,416 ] 89 root - INFO - Hypothesis az_007: float64, float64 
[ 2023-07-10 12:01:01,420 ] 89 root - INFO - Hypothesis az_008: float64, float64 
[ 2023-07-10 12:01:01,436 ] 89 root - INFO - Hypothesis az_009: float64, float64 
[ 2023-07-10 12:01:01,451 ] 89 root - INFO - Hypothesis ba_000: float64, float64 
[ 2023-07-10 12:01:01,458 ] 89 root - INFO - Hypothesis ba_001: float64, float64 
[ 2023-07-10 12:01:01,465 ] 89 root - INFO - Hypothesis ba_002: float64, float64 
[ 2023-07-10 12:01:01,472 ] 89 root - INFO - Hypothesis ba_003: float64, float64 
[ 2023-07-10 12:01:01,479 ] 89 root - INFO - Hypothesis ba_004: float64, float64 
[ 2023-07-10 12:01:01,486 ] 89 root - INFO - Hypothesis ba_005: float64, float64 
[ 2023-07-10 12:01:01,493 ] 89 root - INFO - Hypothesis ba_006: float64, float64 
[ 2023-07-10 12:01:01,500 ] 89 root - INFO - Hypothesis ba_007: float64, float64 
[ 2023-07-10 12:01:01,506 ] 89 root - INFO - Hypothesis ba_008: float64, float64 
[ 2023-07-10 12:01:01,512 ] 89 root - INFO - Hypothesis ba_009: float64, float64 
[ 2023-07-10 12:01:01,516 ] 89 root - INFO - Hypothesis bb_000: float64, float64 
[ 2023-07-10 12:01:01,523 ] 89 root - INFO - Hypothesis bc_000: float64, float64 
[ 2023-07-10 12:01:01,529 ] 89 root - INFO - Hypothesis bd_000: float64, float64 
[ 2023-07-10 12:01:01,535 ] 89 root - INFO - Hypothesis be_000: float64, float64 
[ 2023-07-10 12:01:01,541 ] 89 root - INFO - Hypothesis bf_000: float64, float64 
[ 2023-07-10 12:01:01,546 ] 89 root - INFO - Hypothesis bg_000: float64, float64 
[ 2023-07-10 12:01:01,553 ] 89 root - INFO - Hypothesis bh_000: float64, float64 
[ 2023-07-10 12:01:01,560 ] 89 root - INFO - Hypothesis bi_000: float64, float64 
[ 2023-07-10 12:01:01,567 ] 89 root - INFO - Hypothesis bj_000: float64, float64 
[ 2023-07-10 12:01:01,574 ] 89 root - INFO - Hypothesis bs_000: float64, float64 
[ 2023-07-10 12:01:01,581 ] 89 root - INFO - Hypothesis bt_000: float64, float64 
[ 2023-07-10 12:01:01,588 ] 89 root - INFO - Hypothesis bu_000: float64, float64 
[ 2023-07-10 12:01:01,595 ] 89 root - INFO - Hypothesis bv_000: float64, float64 
[ 2023-07-10 12:01:01,602 ] 89 root - INFO - Hypothesis bx_000: float64, float64 
[ 2023-07-10 12:01:01,609 ] 89 root - INFO - Hypothesis by_000: float64, float64 
[ 2023-07-10 12:01:01,616 ] 89 root - INFO - Hypothesis bz_000: float64, float64 
[ 2023-07-10 12:01:01,622 ] 89 root - INFO - Hypothesis ca_000: float64, float64 
[ 2023-07-10 12:01:01,629 ] 89 root - INFO - Hypothesis cb_000: float64, float64 
[ 2023-07-10 12:01:01,636 ] 89 root - INFO - Hypothesis cc_000: float64, float64 
[ 2023-07-10 12:01:01,643 ] 89 root - INFO - Hypothesis cd_000: float64, float64 
[ 2023-07-10 12:01:01,659 ] 89 root - INFO - Hypothesis ce_000: float64, float64 
[ 2023-07-10 12:01:01,665 ] 89 root - INFO - Hypothesis ci_000: float64, float64 
[ 2023-07-10 12:01:01,672 ] 89 root - INFO - Hypothesis cj_000: float64, float64 
[ 2023-07-10 12:01:01,676 ] 89 root - INFO - Hypothesis ck_000: float64, float64 
[ 2023-07-10 12:01:01,683 ] 89 root - INFO - Hypothesis cl_000: float64, float64 
[ 2023-07-10 12:01:01,688 ] 89 root - INFO - Hypothesis cm_000: float64, float64 
[ 2023-07-10 12:01:01,692 ] 89 root - INFO - Hypothesis cn_000: float64, float64 
[ 2023-07-10 12:01:01,708 ] 89 root - INFO - Hypothesis cn_001: float64, float64 
[ 2023-07-10 12:01:01,712 ] 89 root - INFO - Hypothesis cn_002: float64, float64 
[ 2023-07-10 12:01:01,717 ] 89 root - INFO - Hypothesis cn_003: float64, float64 
[ 2023-07-10 12:01:01,724 ] 89 root - INFO - Hypothesis cn_004: float64, float64 
[ 2023-07-10 12:01:01,731 ] 89 root - INFO - Hypothesis cn_005: float64, float64 
[ 2023-07-10 12:01:01,738 ] 89 root - INFO - Hypothesis cn_006: float64, float64 
[ 2023-07-10 12:01:01,745 ] 89 root - INFO - Hypothesis cn_007: float64, float64 
[ 2023-07-10 12:01:01,752 ] 89 root - INFO - Hypothesis cn_008: float64, float64 
[ 2023-07-10 12:01:01,758 ] 89 root - INFO - Hypothesis cn_009: float64, float64 
[ 2023-07-10 12:01:01,763 ] 89 root - INFO - Hypothesis cp_000: float64, float64 
[ 2023-07-10 12:01:01,768 ] 89 root - INFO - Hypothesis cq_000: float64, float64 
[ 2023-07-10 12:01:01,775 ] 89 root - INFO - Hypothesis cs_000: float64, float64 
[ 2023-07-10 12:01:01,782 ] 89 root - INFO - Hypothesis cs_001: float64, float64 
[ 2023-07-10 12:01:01,788 ] 89 root - INFO - Hypothesis cs_002: float64, float64 
[ 2023-07-10 12:01:01,795 ] 89 root - INFO - Hypothesis cs_003: float64, float64 
[ 2023-07-10 12:01:01,802 ] 89 root - INFO - Hypothesis cs_004: float64, float64 
[ 2023-07-10 12:01:01,809 ] 89 root - INFO - Hypothesis cs_005: float64, float64 
[ 2023-07-10 12:01:01,816 ] 89 root - INFO - Hypothesis cs_006: float64, float64 
[ 2023-07-10 12:01:01,823 ] 89 root - INFO - Hypothesis cs_007: float64, float64 
[ 2023-07-10 12:01:01,830 ] 89 root - INFO - Hypothesis cs_008: float64, float64 
[ 2023-07-10 12:01:01,835 ] 89 root - INFO - Hypothesis cs_009: float64, float64 
[ 2023-07-10 12:01:01,851 ] 89 root - INFO - Hypothesis dd_000: float64, float64 
[ 2023-07-10 12:01:01,857 ] 89 root - INFO - Hypothesis de_000: float64, float64 
[ 2023-07-10 12:01:01,863 ] 89 root - INFO - Hypothesis df_000: float64, float64 
[ 2023-07-10 12:01:01,866 ] 89 root - INFO - Hypothesis dg_000: float64, float64 
[ 2023-07-10 12:01:01,870 ] 89 root - INFO - Hypothesis dh_000: float64, float64 
[ 2023-07-10 12:01:01,873 ] 89 root - INFO - Hypothesis di_000: float64, float64 
[ 2023-07-10 12:01:01,877 ] 89 root - INFO - Hypothesis dj_000: float64, float64 
[ 2023-07-10 12:01:01,893 ] 89 root - INFO - Hypothesis dk_000: float64, float64 
[ 2023-07-10 12:01:01,896 ] 89 root - INFO - Hypothesis dl_000: float64, float64 
[ 2023-07-10 12:01:01,911 ] 89 root - INFO - Hypothesis dm_000: float64, float64 
[ 2023-07-10 12:01:01,927 ] 89 root - INFO - Hypothesis dn_000: float64, float64 
[ 2023-07-10 12:01:01,934 ] 89 root - INFO - Hypothesis do_000: float64, float64 
[ 2023-07-10 12:01:01,941 ] 89 root - INFO - Hypothesis dp_000: float64, float64 
[ 2023-07-10 12:01:01,948 ] 89 root - INFO - Hypothesis dq_000: float64, float64 
[ 2023-07-10 12:01:01,952 ] 89 root - INFO - Hypothesis dr_000: float64, float64 
[ 2023-07-10 12:01:01,957 ] 89 root - INFO - Hypothesis ds_000: float64, float64 
[ 2023-07-10 12:01:01,965 ] 89 root - INFO - Hypothesis dt_000: float64, float64 
[ 2023-07-10 12:01:01,972 ] 89 root - INFO - Hypothesis du_000: float64, float64 
[ 2023-07-10 12:01:01,979 ] 89 root - INFO - Hypothesis dv_000: float64, float64 
[ 2023-07-10 12:01:01,985 ] 89 root - INFO - Hypothesis dx_000: float64, float64 
[ 2023-07-10 12:01:01,990 ] 89 root - INFO - Hypothesis dy_000: float64, float64 
[ 2023-07-10 12:01:01,995 ] 89 root - INFO - Hypothesis dz_000: float64, float64 
[ 2023-07-10 12:01:02,011 ] 89 root - INFO - Hypothesis ea_000: float64, float64 
[ 2023-07-10 12:01:02,027 ] 89 root - INFO - Hypothesis eb_000: float64, float64 
[ 2023-07-10 12:01:02,033 ] 89 root - INFO - Hypothesis ec_00: float64, float64 
[ 2023-07-10 12:01:02,040 ] 89 root - INFO - Hypothesis ed_000: float64, float64 
[ 2023-07-10 12:01:02,046 ] 89 root - INFO - Hypothesis ee_000: float64, float64 
[ 2023-07-10 12:01:02,053 ] 89 root - INFO - Hypothesis ee_001: float64, float64 
[ 2023-07-10 12:01:02,060 ] 89 root - INFO - Hypothesis ee_002: float64, float64 
[ 2023-07-10 12:01:02,067 ] 89 root - INFO - Hypothesis ee_003: float64, float64 
[ 2023-07-10 12:01:02,074 ] 89 root - INFO - Hypothesis ee_004: float64, float64 
[ 2023-07-10 12:01:02,081 ] 89 root - INFO - Hypothesis ee_005: float64, float64 
[ 2023-07-10 12:01:02,088 ] 89 root - INFO - Hypothesis ee_006: float64, float64 
[ 2023-07-10 12:01:02,095 ] 89 root - INFO - Hypothesis ee_007: float64, float64 
[ 2023-07-10 12:01:02,101 ] 89 root - INFO - Hypothesis ee_008: float64, float64 
[ 2023-07-10 12:01:02,108 ] 89 root - INFO - Hypothesis ee_009: float64, float64 
[ 2023-07-10 12:01:02,113 ] 89 root - INFO - Hypothesis ef_000: float64, float64 
[ 2023-07-10 12:01:02,128 ] 89 root - INFO - Hypothesis eg_000: float64, float64 
[ 2023-07-10 12:01:02,143 ] 150 root - INFO - Write reprt in yaml file
[ 2023-07-10 12:01:02,216 ] 154 root - INFO - Data validation artifact: DataValidationArtifact(report_file_path='/config/workspace/artifact/07102023__120044/data_validation/report.yaml')
[ 2023-07-10 12:01:02,314 ] 24 root - INFO - >>>>>>>>>>>>>>>>>>>>>>>>>>>>>>>>>>>>>>>> Data Transformation <<<<<<<<<<<<<<<<<<<<<<<<<<<<<<<<<<<<<<<<
[ 2023-07-10 12:01:03,244 ] 75 root - INFO - Before resampling in training set Input: (28950, 170) Target:(28950,)
[ 2023-07-10 12:01:08,975 ] 77 root - INFO - After resampling in training set Input: (56152, 170) Target:(56152,)
[ 2023-07-10 12:01:08,976 ] 79 root - INFO - Before resampling in testing set Input: (7238, 170) Target:(7238,)
[ 2023-07-10 12:01:09,694 ] 81 root - INFO - After resampling in testing set Input: (14072, 170) Target:(14072,)
[ 2023-07-10 12:01:09,820 ] 53 root - INFO - Entered the save_object method of utils
[ 2023-07-10 12:01:09,825 ] 57 root - INFO - Exited the save_object method of utils
[ 2023-07-10 12:01:09,825 ] 53 root - INFO - Entered the save_object method of utils
[ 2023-07-10 12:01:09,825 ] 57 root - INFO - Exited the save_object method of utils
[ 2023-07-10 12:01:09,826 ] 112 root - INFO - Data transformation object DataTransformationArtifact(transform_object_path='/config/workspace/artifact/07102023__120044/data_transformation/transformer/transformer.pkl', transformed_train_path='/config/workspace/artifact/07102023__120044/data_transformation/transformed/train.npz', transformed_test_path='/config/workspace/artifact/07102023__120044/data_transformation/transformed/test.npz', target_encoder_path='/config/workspace/artifact/07102023__120044/data_transformation/target_encoder/target_encoder.pkl')
[ 2023-07-10 12:01:09,827 ] 18 root - INFO - >>>>>>>>>>>>>>>>>>>>>>>>>>>>>>>>>>>>>>>> Model Trainer <<<<<<<<<<<<<<<<<<<<<<<<<<<<<<<<<<<<<<<<
[ 2023-07-10 12:01:09,827 ] 45 root - INFO - Loading train and test array.
[ 2023-07-10 12:01:09,858 ] 49 root - INFO - Splitting input and target feature from both train and test arr.
[ 2023-07-10 12:01:09,858 ] 53 root - INFO - Train the model
[ 2023-07-10 12:01:21,072 ] 56 root - INFO - Calculating f1 train score
[ 2023-07-10 12:01:21,122 ] 60 root - INFO - Calculating f1 test score
[ 2023-07-10 12:01:21,139 ] 64 root - INFO - train score:0.9999821908781678 and tests score 0.9694011365292147
[ 2023-07-10 12:01:21,139 ] 66 root - INFO - Checking if our model is underfitting or not
[ 2023-07-10 12:01:21,139 ] 71 root - INFO - Checking if our model is overfiiting or not
[ 2023-07-10 12:01:21,139 ] 78 root - INFO - Saving mode object
[ 2023-07-10 12:01:21,140 ] 53 root - INFO - Entered the save_object method of utils
[ 2023-07-10 12:01:21,145 ] 57 root - INFO - Exited the save_object method of utils
[ 2023-07-10 12:01:21,146 ] 82 root - INFO - Prepare the artifact
[ 2023-07-10 12:01:21,146 ] 85 root - INFO - Model trainer artifact: ModelTrainerArtifact(model_path='/config/workspace/artifact/07102023__120044/model_trainer/model/model.pkl', f1_train_score=0.9999821908781678, f1_test_score=0.9694011365292147)
[ 2023-07-10 12:01:21,147 ] 19 root - INFO - >>>>>>>>>>>>>>>>>>>>>>>>>>>>>>>>>>>>>>>>  Model Evaluation <<<<<<<<<<<<<<<<<<<<<<<<<<<<<<<<<<<<<<<<
[ 2023-07-10 12:01:21,148 ] 35 root - INFO - if saved model folder has model the we will compare which model is best trained or the model from saved model folder
[ 2023-07-10 12:01:21,148 ] 41 root - INFO - Model evaluation artifact: ModelEvaluationArtifact(is_model_accepted=True, improved_accuracy=None)
[ 2023-07-10 12:01:21,148 ] 14 root - INFO - >>>>>>>>>>>>>>>>>>>>>>>>>>>>>>>>>>>>>>>> Model Evaluation <<<<<<<<<<<<<<<<<<<<<<<<<<<<<<<<<<<<<<<<
