[ 2023-07-10 11:59:30,328 ] 15 root - INFO - >>>>>>>>>>>>>>>>>>>>>>>>>>>>>>>>>>>>>>>> Data Ingestion <<<<<<<<<<<<<<<<<<<<<<<<<<<<<<<<<<<<<<<<
[ 2023-07-10 11:59:30,329 ] 22 root - INFO - Exporting collection data as pandas dataframe
[ 2023-07-10 11:59:30,329 ] 22 root - INFO - Reading data from database: aps and collection: sensor
[ 2023-07-10 11:59:33,706 ] 24 root - INFO - Found columns: Index(['_id', 'class', 'aa_000', 'ab_000', 'ac_000', 'ad_000', 'ae_000',
       'af_000', 'ag_000', 'ag_001',
       ...
       'ee_002', 'ee_003', 'ee_004', 'ee_005', 'ee_006', 'ee_007', 'ee_008',
       'ee_009', 'ef_000', 'eg_000'],
      dtype='object', length=172)
[ 2023-07-10 11:59:33,707 ] 26 root - INFO - Dropping column: _id 
[ 2023-07-10 11:59:33,901 ] 28 root - INFO - Row and columns in df: (36188, 171)
[ 2023-07-10 11:59:33,902 ] 28 root - INFO - Save data in feature store
[ 2023-07-10 11:59:35,285 ] 34 root - INFO - Create feature store folder if not available
[ 2023-07-10 11:59:35,286 ] 38 root - INFO - Save df to feature store folder
[ 2023-07-10 11:59:37,169 ] 43 root - INFO - split dataset into train and test set
[ 2023-07-10 11:59:37,493 ] 47 root - INFO - create dataset directory folder if not available
[ 2023-07-10 11:59:37,493 ] 52 root - INFO - Save df to feature store folder
[ 2023-07-10 11:59:39,327 ] 64 root - INFO - Data ingestion artifact: DataIngestionArtifact(feature_store_file_path='/config/workspace/artifact/07102023__115930/data_ingestion/feature_store/sensor.csv', train_file_path='/config/workspace/artifact/07102023__115930/data_ingestion/dataset/train.csv', test_file_path='/config/workspace/artifact/07102023__115930/data_ingestion/dataset/test.csv')
[ 2023-07-10 11:59:39,756 ] 22 root - INFO - >>>>>>>>>>>>>>>>>>>>>>>>>>>>>>>>>>>>>>>> Data Validation <<<<<<<<<<<<<<<<<<<<<<<<<<<<<<<<<<<<<<<<
[ 2023-07-10 11:59:39,757 ] 111 root - INFO - Reading base dataframe
[ 2023-07-10 11:59:41,954 ] 114 root - INFO - Replace na value in base df
[ 2023-07-10 11:59:41,954 ] 116 root - INFO - Drop null values colums from base df
[ 2023-07-10 11:59:42,171 ] 45 root - INFO - selecting column name which contains null above to 0.2
[ 2023-07-10 11:59:42,171 ] 48 root - INFO - Columns to drop: ['ab_000', 'ad_000', 'bk_000', 'bl_000', 'bm_000', 'bn_000', 'bo_000', 'bp_000', 'bq_000', 'br_000', 'cf_000', 'cg_000', 'ch_000', 'co_000', 'cr_000', 'ct_000', 'cu_000', 'cv_000', 'cx_000', 'cy_000', 'cz_000', 'da_000', 'db_000', 'dc_000']
[ 2023-07-10 11:59:42,259 ] 119 root - INFO - Reading train dataframe
[ 2023-07-10 11:59:42,661 ] 121 root - INFO - Reading test dataframe
[ 2023-07-10 11:59:42,767 ] 124 root - INFO - Drop null values colums from train df
[ 2023-07-10 11:59:42,775 ] 45 root - INFO - selecting column name which contains null above to 0.2
[ 2023-07-10 11:59:42,775 ] 48 root - INFO - Columns to drop: ['ab_000', 'ad_000', 'bk_000', 'bl_000', 'bm_000', 'bn_000', 'bo_000', 'bp_000', 'bq_000', 'br_000', 'cf_000', 'cg_000', 'ch_000', 'co_000', 'cr_000', 'ct_000', 'cu_000', 'cv_000', 'cx_000', 'cy_000', 'cz_000', 'da_000', 'db_000', 'dc_000']
[ 2023-07-10 11:59:42,784 ] 126 root - INFO - Drop null values colums from test df
[ 2023-07-10 11:59:42,787 ] 45 root - INFO - selecting column name which contains null above to 0.2
[ 2023-07-10 11:59:42,788 ] 48 root - INFO - Columns to drop: ['ab_000', 'ad_000', 'bk_000', 'bl_000', 'bm_000', 'bn_000', 'bo_000', 'bp_000', 'bq_000', 'br_000', 'cf_000', 'cg_000', 'ch_000', 'co_000', 'cr_000', 'ct_000', 'cu_000', 'cv_000', 'cx_000', 'cy_000', 'cz_000', 'da_000', 'db_000', 'dc_000']
[ 2023-07-10 11:59:43,565 ] 135 root - INFO - Is all required columns present in train df
[ 2023-07-10 11:59:43,566 ] 137 root - INFO - Is all required columns present in test df
[ 2023-07-10 11:59:43,566 ] 141 root - INFO - As all column are available in train df hence detecting data drift
[ 2023-07-10 11:59:43,566 ] 89 root - INFO - Hypothesis class: object, object 
[ 2023-07-10 11:59:43,697 ] 89 root - INFO - Hypothesis aa_000: float64, float64 
[ 2023-07-10 11:59:43,708 ] 89 root - INFO - Hypothesis ac_000: float64, float64 
[ 2023-07-10 11:59:43,747 ] 89 root - INFO - Hypothesis ae_000: float64, float64 
[ 2023-07-10 11:59:43,782 ] 89 root - INFO - Hypothesis af_000: float64, float64 
[ 2023-07-10 11:59:43,818 ] 89 root - INFO - Hypothesis ag_000: float64, float64 
[ 2023-07-10 11:59:43,853 ] 89 root - INFO - Hypothesis ag_001: float64, float64 
[ 2023-07-10 11:59:43,888 ] 89 root - INFO - Hypothesis ag_002: float64, float64 
[ 2023-07-10 11:59:43,925 ] 89 root - INFO - Hypothesis ag_003: float64, float64 
[ 2023-07-10 11:59:43,932 ] 89 root - INFO - Hypothesis ag_004: float64, float64 
[ 2023-07-10 11:59:43,943 ] 89 root - INFO - Hypothesis ag_005: float64, float64 
[ 2023-07-10 11:59:43,953 ] 89 root - INFO - Hypothesis ag_006: float64, float64 
[ 2023-07-10 11:59:43,964 ] 89 root - INFO - Hypothesis ag_007: float64, float64 
[ 2023-07-10 11:59:43,973 ] 89 root - INFO - Hypothesis ag_008: float64, float64 
[ 2023-07-10 11:59:43,981 ] 89 root - INFO - Hypothesis ag_009: float64, float64 
[ 2023-07-10 11:59:43,988 ] 89 root - INFO - Hypothesis ah_000: float64, float64 
[ 2023-07-10 11:59:43,999 ] 89 root - INFO - Hypothesis ai_000: float64, float64 
[ 2023-07-10 11:59:44,036 ] 89 root - INFO - Hypothesis aj_000: float64, float64 
[ 2023-07-10 11:59:44,042 ] 89 root - INFO - Hypothesis ak_000: float64, float64 
[ 2023-07-10 11:59:44,079 ] 89 root - INFO - Hypothesis al_000: float64, float64 
[ 2023-07-10 11:59:44,086 ] 89 root - INFO - Hypothesis am_0: float64, float64 
[ 2023-07-10 11:59:44,093 ] 89 root - INFO - Hypothesis an_000: float64, float64 
[ 2023-07-10 11:59:44,104 ] 89 root - INFO - Hypothesis ao_000: float64, float64 
[ 2023-07-10 11:59:44,115 ] 89 root - INFO - Hypothesis ap_000: float64, float64 
[ 2023-07-10 11:59:44,125 ] 89 root - INFO - Hypothesis aq_000: float64, float64 
[ 2023-07-10 11:59:44,136 ] 89 root - INFO - Hypothesis ar_000: float64, float64 
[ 2023-07-10 11:59:44,171 ] 89 root - INFO - Hypothesis as_000: float64, float64 
[ 2023-07-10 11:59:44,207 ] 89 root - INFO - Hypothesis at_000: float64, float64 
[ 2023-07-10 11:59:44,245 ] 89 root - INFO - Hypothesis au_000: float64, float64 
[ 2023-07-10 11:59:44,281 ] 89 root - INFO - Hypothesis av_000: float64, float64 
[ 2023-07-10 11:59:44,289 ] 89 root - INFO - Hypothesis ax_000: float64, float64 
[ 2023-07-10 11:59:44,298 ] 89 root - INFO - Hypothesis ay_000: float64, float64 
[ 2023-07-10 11:59:44,338 ] 89 root - INFO - Hypothesis ay_001: float64, float64 
[ 2023-07-10 11:59:44,374 ] 89 root - INFO - Hypothesis ay_002: float64, float64 
[ 2023-07-10 11:59:44,413 ] 89 root - INFO - Hypothesis ay_003: float64, float64 
[ 2023-07-10 11:59:44,447 ] 89 root - INFO - Hypothesis ay_004: float64, float64 
[ 2023-07-10 11:59:44,483 ] 89 root - INFO - Hypothesis ay_005: float64, float64 
[ 2023-07-10 11:59:44,523 ] 89 root - INFO - Hypothesis ay_006: float64, float64 
[ 2023-07-10 11:59:44,533 ] 89 root - INFO - Hypothesis ay_007: float64, float64 
[ 2023-07-10 11:59:44,543 ] 89 root - INFO - Hypothesis ay_008: float64, float64 
[ 2023-07-10 11:59:44,554 ] 89 root - INFO - Hypothesis ay_009: float64, float64 
[ 2023-07-10 11:59:44,589 ] 89 root - INFO - Hypothesis az_000: float64, float64 
[ 2023-07-10 11:59:44,599 ] 89 root - INFO - Hypothesis az_001: float64, float64 
[ 2023-07-10 11:59:44,608 ] 89 root - INFO - Hypothesis az_002: float64, float64 
[ 2023-07-10 11:59:44,618 ] 89 root - INFO - Hypothesis az_003: float64, float64 
[ 2023-07-10 11:59:44,628 ] 89 root - INFO - Hypothesis az_004: float64, float64 
[ 2023-07-10 11:59:44,638 ] 89 root - INFO - Hypothesis az_005: float64, float64 
[ 2023-07-10 11:59:44,649 ] 89 root - INFO - Hypothesis az_006: float64, float64 
[ 2023-07-10 11:59:44,690 ] 89 root - INFO - Hypothesis az_007: float64, float64 
[ 2023-07-10 11:59:44,728 ] 89 root - INFO - Hypothesis az_008: float64, float64 
[ 2023-07-10 11:59:44,763 ] 89 root - INFO - Hypothesis az_009: float64, float64 
[ 2023-07-10 11:59:44,798 ] 89 root - INFO - Hypothesis ba_000: float64, float64 
[ 2023-07-10 11:59:44,808 ] 89 root - INFO - Hypothesis ba_001: float64, float64 
[ 2023-07-10 11:59:44,819 ] 89 root - INFO - Hypothesis ba_002: float64, float64 
[ 2023-07-10 11:59:44,829 ] 89 root - INFO - Hypothesis ba_003: float64, float64 
[ 2023-07-10 11:59:44,839 ] 89 root - INFO - Hypothesis ba_004: float64, float64 
[ 2023-07-10 11:59:44,849 ] 89 root - INFO - Hypothesis ba_005: float64, float64 
[ 2023-07-10 11:59:44,859 ] 89 root - INFO - Hypothesis ba_006: float64, float64 
[ 2023-07-10 11:59:44,869 ] 89 root - INFO - Hypothesis ba_007: float64, float64 
[ 2023-07-10 11:59:44,879 ] 89 root - INFO - Hypothesis ba_008: float64, float64 
[ 2023-07-10 11:59:44,918 ] 89 root - INFO - Hypothesis ba_009: float64, float64 
[ 2023-07-10 11:59:44,955 ] 89 root - INFO - Hypothesis bb_000: float64, float64 
[ 2023-07-10 11:59:44,965 ] 89 root - INFO - Hypothesis bc_000: float64, float64 
[ 2023-07-10 11:59:45,004 ] 89 root - INFO - Hypothesis bd_000: float64, float64 
[ 2023-07-10 11:59:45,013 ] 89 root - INFO - Hypothesis be_000: float64, float64 
[ 2023-07-10 11:59:45,021 ] 89 root - INFO - Hypothesis bf_000: float64, float64 
[ 2023-07-10 11:59:45,028 ] 89 root - INFO - Hypothesis bg_000: float64, float64 
[ 2023-07-10 11:59:45,039 ] 89 root - INFO - Hypothesis bh_000: float64, float64 
[ 2023-07-10 11:59:45,050 ] 89 root - INFO - Hypothesis bi_000: float64, float64 
[ 2023-07-10 11:59:45,061 ] 89 root - INFO - Hypothesis bj_000: float64, float64 
[ 2023-07-10 11:59:45,071 ] 89 root - INFO - Hypothesis bs_000: float64, float64 
[ 2023-07-10 11:59:45,082 ] 89 root - INFO - Hypothesis bt_000: float64, float64 
[ 2023-07-10 11:59:45,093 ] 89 root - INFO - Hypothesis bu_000: float64, float64 
[ 2023-07-10 11:59:45,103 ] 89 root - INFO - Hypothesis bv_000: float64, float64 
[ 2023-07-10 11:59:45,113 ] 89 root - INFO - Hypothesis bx_000: float64, float64 
[ 2023-07-10 11:59:45,123 ] 89 root - INFO - Hypothesis by_000: float64, float64 
[ 2023-07-10 11:59:45,134 ] 89 root - INFO - Hypothesis bz_000: float64, float64 
[ 2023-07-10 11:59:45,143 ] 89 root - INFO - Hypothesis ca_000: float64, float64 
[ 2023-07-10 11:59:45,153 ] 89 root - INFO - Hypothesis cb_000: float64, float64 
[ 2023-07-10 11:59:45,164 ] 89 root - INFO - Hypothesis cc_000: float64, float64 
[ 2023-07-10 11:59:45,175 ] 89 root - INFO - Hypothesis cd_000: float64, float64 
[ 2023-07-10 11:59:45,210 ] 89 root - INFO - Hypothesis ce_000: float64, float64 
[ 2023-07-10 11:59:45,220 ] 89 root - INFO - Hypothesis ci_000: float64, float64 
[ 2023-07-10 11:59:45,231 ] 89 root - INFO - Hypothesis cj_000: float64, float64 
[ 2023-07-10 11:59:45,268 ] 89 root - INFO - Hypothesis ck_000: float64, float64 
[ 2023-07-10 11:59:45,278 ] 89 root - INFO - Hypothesis cl_000: float64, float64 
[ 2023-07-10 11:59:45,284 ] 89 root - INFO - Hypothesis cm_000: float64, float64 
[ 2023-07-10 11:59:45,291 ] 89 root - INFO - Hypothesis cn_000: float64, float64 
[ 2023-07-10 11:59:45,328 ] 89 root - INFO - Hypothesis cn_001: float64, float64 
[ 2023-07-10 11:59:45,365 ] 89 root - INFO - Hypothesis cn_002: float64, float64 
[ 2023-07-10 11:59:45,373 ] 89 root - INFO - Hypothesis cn_003: float64, float64 
[ 2023-07-10 11:59:45,385 ] 89 root - INFO - Hypothesis cn_004: float64, float64 
[ 2023-07-10 11:59:45,398 ] 89 root - INFO - Hypothesis cn_005: float64, float64 
[ 2023-07-10 11:59:45,411 ] 89 root - INFO - Hypothesis cn_006: float64, float64 
[ 2023-07-10 11:59:45,422 ] 89 root - INFO - Hypothesis cn_007: float64, float64 
[ 2023-07-10 11:59:45,431 ] 89 root - INFO - Hypothesis cn_008: float64, float64 
[ 2023-07-10 11:59:45,441 ] 89 root - INFO - Hypothesis cn_009: float64, float64 
[ 2023-07-10 11:59:45,480 ] 89 root - INFO - Hypothesis cp_000: float64, float64 
[ 2023-07-10 11:59:45,519 ] 89 root - INFO - Hypothesis cq_000: float64, float64 
[ 2023-07-10 11:59:45,530 ] 89 root - INFO - Hypothesis cs_000: float64, float64 
[ 2023-07-10 11:59:45,540 ] 89 root - INFO - Hypothesis cs_001: float64, float64 
[ 2023-07-10 11:59:45,549 ] 89 root - INFO - Hypothesis cs_002: float64, float64 
[ 2023-07-10 11:59:45,559 ] 89 root - INFO - Hypothesis cs_003: float64, float64 
[ 2023-07-10 11:59:45,569 ] 89 root - INFO - Hypothesis cs_004: float64, float64 
[ 2023-07-10 11:59:45,580 ] 89 root - INFO - Hypothesis cs_005: float64, float64 
[ 2023-07-10 11:59:45,591 ] 89 root - INFO - Hypothesis cs_006: float64, float64 
[ 2023-07-10 11:59:45,602 ] 89 root - INFO - Hypothesis cs_007: float64, float64 
[ 2023-07-10 11:59:45,612 ] 89 root - INFO - Hypothesis cs_008: float64, float64 
[ 2023-07-10 11:59:45,650 ] 89 root - INFO - Hypothesis cs_009: float64, float64 
[ 2023-07-10 11:59:45,687 ] 89 root - INFO - Hypothesis dd_000: float64, float64 
[ 2023-07-10 11:59:45,696 ] 89 root - INFO - Hypothesis de_000: float64, float64 
[ 2023-07-10 11:59:45,704 ] 89 root - INFO - Hypothesis df_000: float64, float64 
[ 2023-07-10 11:59:45,741 ] 89 root - INFO - Hypothesis dg_000: float64, float64 
[ 2023-07-10 11:59:45,777 ] 89 root - INFO - Hypothesis dh_000: float64, float64 
[ 2023-07-10 11:59:45,783 ] 89 root - INFO - Hypothesis di_000: float64, float64 
[ 2023-07-10 11:59:45,820 ] 89 root - INFO - Hypothesis dj_000: float64, float64 
[ 2023-07-10 11:59:45,856 ] 89 root - INFO - Hypothesis dk_000: float64, float64 
[ 2023-07-10 11:59:45,893 ] 89 root - INFO - Hypothesis dl_000: float64, float64 
[ 2023-07-10 11:59:45,928 ] 89 root - INFO - Hypothesis dm_000: float64, float64 
[ 2023-07-10 11:59:45,964 ] 89 root - INFO - Hypothesis dn_000: float64, float64 
[ 2023-07-10 11:59:45,975 ] 89 root - INFO - Hypothesis do_000: float64, float64 
[ 2023-07-10 11:59:45,984 ] 89 root - INFO - Hypothesis dp_000: float64, float64 
[ 2023-07-10 11:59:45,993 ] 89 root - INFO - Hypothesis dq_000: float64, float64 
[ 2023-07-10 11:59:46,030 ] 89 root - INFO - Hypothesis dr_000: float64, float64 
[ 2023-07-10 11:59:46,069 ] 89 root - INFO - Hypothesis ds_000: float64, float64 
[ 2023-07-10 11:59:46,079 ] 89 root - INFO - Hypothesis dt_000: float64, float64 
[ 2023-07-10 11:59:46,090 ] 89 root - INFO - Hypothesis du_000: float64, float64 
[ 2023-07-10 11:59:46,100 ] 89 root - INFO - Hypothesis dv_000: float64, float64 
[ 2023-07-10 11:59:46,110 ] 89 root - INFO - Hypothesis dx_000: float64, float64 
[ 2023-07-10 11:59:46,150 ] 89 root - INFO - Hypothesis dy_000: float64, float64 
[ 2023-07-10 11:59:46,189 ] 89 root - INFO - Hypothesis dz_000: float64, float64 
[ 2023-07-10 11:59:46,224 ] 89 root - INFO - Hypothesis ea_000: float64, float64 
[ 2023-07-10 11:59:46,260 ] 89 root - INFO - Hypothesis eb_000: float64, float64 
[ 2023-07-10 11:59:46,269 ] 89 root - INFO - Hypothesis ec_00: float64, float64 
[ 2023-07-10 11:59:46,279 ] 89 root - INFO - Hypothesis ed_000: float64, float64 
[ 2023-07-10 11:59:46,288 ] 89 root - INFO - Hypothesis ee_000: float64, float64 
[ 2023-07-10 11:59:46,298 ] 89 root - INFO - Hypothesis ee_001: float64, float64 
[ 2023-07-10 11:59:46,310 ] 89 root - INFO - Hypothesis ee_002: float64, float64 
[ 2023-07-10 11:59:46,321 ] 89 root - INFO - Hypothesis ee_003: float64, float64 
[ 2023-07-10 11:59:46,331 ] 89 root - INFO - Hypothesis ee_004: float64, float64 
[ 2023-07-10 11:59:46,342 ] 89 root - INFO - Hypothesis ee_005: float64, float64 
[ 2023-07-10 11:59:46,352 ] 89 root - INFO - Hypothesis ee_006: float64, float64 
[ 2023-07-10 11:59:46,363 ] 89 root - INFO - Hypothesis ee_007: float64, float64 
[ 2023-07-10 11:59:46,373 ] 89 root - INFO - Hypothesis ee_008: float64, float64 
[ 2023-07-10 11:59:46,382 ] 89 root - INFO - Hypothesis ee_009: float64, float64 
[ 2023-07-10 11:59:46,390 ] 89 root - INFO - Hypothesis ef_000: float64, float64 
[ 2023-07-10 11:59:46,425 ] 89 root - INFO - Hypothesis eg_000: float64, float64 
[ 2023-07-10 11:59:46,462 ] 144 root - INFO - As all column are available in test df hence detecting data drift
[ 2023-07-10 11:59:46,462 ] 89 root - INFO - Hypothesis class: object, object 
[ 2023-07-10 11:59:46,542 ] 89 root - INFO - Hypothesis aa_000: float64, float64 
[ 2023-07-10 11:59:46,549 ] 89 root - INFO - Hypothesis ac_000: float64, float64 
[ 2023-07-10 11:59:46,555 ] 89 root - INFO - Hypothesis ae_000: float64, float64 
[ 2023-07-10 11:59:46,570 ] 89 root - INFO - Hypothesis af_000: float64, float64 
[ 2023-07-10 11:59:46,586 ] 89 root - INFO - Hypothesis ag_000: float64, float64 
[ 2023-07-10 11:59:46,601 ] 89 root - INFO - Hypothesis ag_001: float64, float64 
[ 2023-07-10 11:59:46,615 ] 89 root - INFO - Hypothesis ag_002: float64, float64 
[ 2023-07-10 11:59:46,619 ] 89 root - INFO - Hypothesis ag_003: float64, float64 
[ 2023-07-10 11:59:46,623 ] 89 root - INFO - Hypothesis ag_004: float64, float64 
[ 2023-07-10 11:59:46,630 ] 89 root - INFO - Hypothesis ag_005: float64, float64 
[ 2023-07-10 11:59:46,637 ] 89 root - INFO - Hypothesis ag_006: float64, float64 
[ 2023-07-10 11:59:46,644 ] 89 root - INFO - Hypothesis ag_007: float64, float64 
[ 2023-07-10 11:59:46,650 ] 89 root - INFO - Hypothesis ag_008: float64, float64 
[ 2023-07-10 11:59:46,656 ] 89 root - INFO - Hypothesis ag_009: float64, float64 
[ 2023-07-10 11:59:46,661 ] 89 root - INFO - Hypothesis ah_000: float64, float64 
[ 2023-07-10 11:59:46,668 ] 89 root - INFO - Hypothesis ai_000: float64, float64 
[ 2023-07-10 11:59:46,671 ] 89 root - INFO - Hypothesis aj_000: float64, float64 
[ 2023-07-10 11:59:46,675 ] 89 root - INFO - Hypothesis ak_000: float64, float64 
[ 2023-07-10 11:59:46,678 ] 89 root - INFO - Hypothesis al_000: float64, float64 
[ 2023-07-10 11:59:46,683 ] 89 root - INFO - Hypothesis am_0: float64, float64 
[ 2023-07-10 11:59:46,688 ] 89 root - INFO - Hypothesis an_000: float64, float64 
[ 2023-07-10 11:59:46,696 ] 89 root - INFO - Hypothesis ao_000: float64, float64 
[ 2023-07-10 11:59:46,703 ] 89 root - INFO - Hypothesis ap_000: float64, float64 
[ 2023-07-10 11:59:46,710 ] 89 root - INFO - Hypothesis aq_000: float64, float64 
[ 2023-07-10 11:59:46,717 ] 89 root - INFO - Hypothesis ar_000: float64, float64 
[ 2023-07-10 11:59:46,732 ] 89 root - INFO - Hypothesis as_000: float64, float64 
[ 2023-07-10 11:59:46,747 ] 89 root - INFO - Hypothesis at_000: float64, float64 
[ 2023-07-10 11:59:46,762 ] 89 root - INFO - Hypothesis au_000: float64, float64 
[ 2023-07-10 11:59:46,777 ] 89 root - INFO - Hypothesis av_000: float64, float64 
[ 2023-07-10 11:59:46,783 ] 89 root - INFO - Hypothesis ax_000: float64, float64 
[ 2023-07-10 11:59:46,788 ] 89 root - INFO - Hypothesis ay_000: float64, float64 
[ 2023-07-10 11:59:46,803 ] 89 root - INFO - Hypothesis ay_001: float64, float64 
[ 2023-07-10 11:59:46,817 ] 89 root - INFO - Hypothesis ay_002: float64, float64 
[ 2023-07-10 11:59:46,832 ] 89 root - INFO - Hypothesis ay_003: float64, float64 
[ 2023-07-10 11:59:46,847 ] 89 root - INFO - Hypothesis ay_004: float64, float64 
[ 2023-07-10 11:59:46,862 ] 89 root - INFO - Hypothesis ay_005: float64, float64 
[ 2023-07-10 11:59:46,867 ] 89 root - INFO - Hypothesis ay_006: float64, float64 
[ 2023-07-10 11:59:46,873 ] 89 root - INFO - Hypothesis ay_007: float64, float64 
[ 2023-07-10 11:59:46,880 ] 89 root - INFO - Hypothesis ay_008: float64, float64 
[ 2023-07-10 11:59:46,887 ] 89 root - INFO - Hypothesis ay_009: float64, float64 
[ 2023-07-10 11:59:46,902 ] 89 root - INFO - Hypothesis az_000: float64, float64 
[ 2023-07-10 11:59:46,909 ] 89 root - INFO - Hypothesis az_001: float64, float64 
[ 2023-07-10 11:59:46,916 ] 89 root - INFO - Hypothesis az_002: float64, float64 
[ 2023-07-10 11:59:46,922 ] 89 root - INFO - Hypothesis az_003: float64, float64 
[ 2023-07-10 11:59:46,930 ] 89 root - INFO - Hypothesis az_004: float64, float64 
[ 2023-07-10 11:59:46,937 ] 89 root - INFO - Hypothesis az_005: float64, float64 
[ 2023-07-10 11:59:46,945 ] 89 root - INFO - Hypothesis az_006: float64, float64 
[ 2023-07-10 11:59:46,951 ] 89 root - INFO - Hypothesis az_007: float64, float64 
[ 2023-07-10 11:59:46,955 ] 89 root - INFO - Hypothesis az_008: float64, float64 
[ 2023-07-10 11:59:46,970 ] 89 root - INFO - Hypothesis az_009: float64, float64 
[ 2023-07-10 11:59:46,985 ] 89 root - INFO - Hypothesis ba_000: float64, float64 
[ 2023-07-10 11:59:46,992 ] 89 root - INFO - Hypothesis ba_001: float64, float64 
[ 2023-07-10 11:59:46,999 ] 89 root - INFO - Hypothesis ba_002: float64, float64 
[ 2023-07-10 11:59:47,006 ] 89 root - INFO - Hypothesis ba_003: float64, float64 
[ 2023-07-10 11:59:47,013 ] 89 root - INFO - Hypothesis ba_004: float64, float64 
[ 2023-07-10 11:59:47,020 ] 89 root - INFO - Hypothesis ba_005: float64, float64 
[ 2023-07-10 11:59:47,027 ] 89 root - INFO - Hypothesis ba_006: float64, float64 
[ 2023-07-10 11:59:47,034 ] 89 root - INFO - Hypothesis ba_007: float64, float64 
[ 2023-07-10 11:59:47,040 ] 89 root - INFO - Hypothesis ba_008: float64, float64 
[ 2023-07-10 11:59:47,046 ] 89 root - INFO - Hypothesis ba_009: float64, float64 
[ 2023-07-10 11:59:47,050 ] 89 root - INFO - Hypothesis bb_000: float64, float64 
[ 2023-07-10 11:59:47,057 ] 89 root - INFO - Hypothesis bc_000: float64, float64 
[ 2023-07-10 11:59:47,062 ] 89 root - INFO - Hypothesis bd_000: float64, float64 
[ 2023-07-10 11:59:47,068 ] 89 root - INFO - Hypothesis be_000: float64, float64 
[ 2023-07-10 11:59:47,074 ] 89 root - INFO - Hypothesis bf_000: float64, float64 
[ 2023-07-10 11:59:47,079 ] 89 root - INFO - Hypothesis bg_000: float64, float64 
[ 2023-07-10 11:59:47,086 ] 89 root - INFO - Hypothesis bh_000: float64, float64 
[ 2023-07-10 11:59:47,093 ] 89 root - INFO - Hypothesis bi_000: float64, float64 
[ 2023-07-10 11:59:47,100 ] 89 root - INFO - Hypothesis bj_000: float64, float64 
[ 2023-07-10 11:59:47,107 ] 89 root - INFO - Hypothesis bs_000: float64, float64 
[ 2023-07-10 11:59:47,114 ] 89 root - INFO - Hypothesis bt_000: float64, float64 
[ 2023-07-10 11:59:47,121 ] 89 root - INFO - Hypothesis bu_000: float64, float64 
[ 2023-07-10 11:59:47,128 ] 89 root - INFO - Hypothesis bv_000: float64, float64 
[ 2023-07-10 11:59:47,136 ] 89 root - INFO - Hypothesis bx_000: float64, float64 
[ 2023-07-10 11:59:47,143 ] 89 root - INFO - Hypothesis by_000: float64, float64 
[ 2023-07-10 11:59:47,150 ] 89 root - INFO - Hypothesis bz_000: float64, float64 
[ 2023-07-10 11:59:47,156 ] 89 root - INFO - Hypothesis ca_000: float64, float64 
[ 2023-07-10 11:59:47,164 ] 89 root - INFO - Hypothesis cb_000: float64, float64 
[ 2023-07-10 11:59:47,171 ] 89 root - INFO - Hypothesis cc_000: float64, float64 
[ 2023-07-10 11:59:47,179 ] 89 root - INFO - Hypothesis cd_000: float64, float64 
[ 2023-07-10 11:59:47,194 ] 89 root - INFO - Hypothesis ce_000: float64, float64 
[ 2023-07-10 11:59:47,201 ] 89 root - INFO - Hypothesis ci_000: float64, float64 
[ 2023-07-10 11:59:47,208 ] 89 root - INFO - Hypothesis cj_000: float64, float64 
[ 2023-07-10 11:59:47,212 ] 89 root - INFO - Hypothesis ck_000: float64, float64 
[ 2023-07-10 11:59:47,219 ] 89 root - INFO - Hypothesis cl_000: float64, float64 
[ 2023-07-10 11:59:47,223 ] 89 root - INFO - Hypothesis cm_000: float64, float64 
[ 2023-07-10 11:59:47,228 ] 89 root - INFO - Hypothesis cn_000: float64, float64 
[ 2023-07-10 11:59:47,243 ] 89 root - INFO - Hypothesis cn_001: float64, float64 
[ 2023-07-10 11:59:47,247 ] 89 root - INFO - Hypothesis cn_002: float64, float64 
[ 2023-07-10 11:59:47,252 ] 89 root - INFO - Hypothesis cn_003: float64, float64 
[ 2023-07-10 11:59:47,259 ] 89 root - INFO - Hypothesis cn_004: float64, float64 
[ 2023-07-10 11:59:47,267 ] 89 root - INFO - Hypothesis cn_005: float64, float64 
[ 2023-07-10 11:59:47,274 ] 89 root - INFO - Hypothesis cn_006: float64, float64 
[ 2023-07-10 11:59:47,281 ] 89 root - INFO - Hypothesis cn_007: float64, float64 
[ 2023-07-10 11:59:47,287 ] 89 root - INFO - Hypothesis cn_008: float64, float64 
[ 2023-07-10 11:59:47,293 ] 89 root - INFO - Hypothesis cn_009: float64, float64 
[ 2023-07-10 11:59:47,298 ] 89 root - INFO - Hypothesis cp_000: float64, float64 
[ 2023-07-10 11:59:47,304 ] 89 root - INFO - Hypothesis cq_000: float64, float64 
[ 2023-07-10 11:59:47,311 ] 89 root - INFO - Hypothesis cs_000: float64, float64 
[ 2023-07-10 11:59:47,318 ] 89 root - INFO - Hypothesis cs_001: float64, float64 
[ 2023-07-10 11:59:47,324 ] 89 root - INFO - Hypothesis cs_002: float64, float64 
[ 2023-07-10 11:59:47,330 ] 89 root - INFO - Hypothesis cs_003: float64, float64 
[ 2023-07-10 11:59:47,337 ] 89 root - INFO - Hypothesis cs_004: float64, float64 
[ 2023-07-10 11:59:47,344 ] 89 root - INFO - Hypothesis cs_005: float64, float64 
[ 2023-07-10 11:59:47,351 ] 89 root - INFO - Hypothesis cs_006: float64, float64 
[ 2023-07-10 11:59:47,359 ] 89 root - INFO - Hypothesis cs_007: float64, float64 
[ 2023-07-10 11:59:47,367 ] 89 root - INFO - Hypothesis cs_008: float64, float64 
[ 2023-07-10 11:59:47,372 ] 89 root - INFO - Hypothesis cs_009: float64, float64 
[ 2023-07-10 11:59:47,387 ] 89 root - INFO - Hypothesis dd_000: float64, float64 
[ 2023-07-10 11:59:47,393 ] 89 root - INFO - Hypothesis de_000: float64, float64 
[ 2023-07-10 11:59:47,399 ] 89 root - INFO - Hypothesis df_000: float64, float64 
[ 2023-07-10 11:59:47,402 ] 89 root - INFO - Hypothesis dg_000: float64, float64 
[ 2023-07-10 11:59:47,405 ] 89 root - INFO - Hypothesis dh_000: float64, float64 
[ 2023-07-10 11:59:47,409 ] 89 root - INFO - Hypothesis di_000: float64, float64 
[ 2023-07-10 11:59:47,413 ] 89 root - INFO - Hypothesis dj_000: float64, float64 
[ 2023-07-10 11:59:47,428 ] 89 root - INFO - Hypothesis dk_000: float64, float64 
[ 2023-07-10 11:59:47,431 ] 89 root - INFO - Hypothesis dl_000: float64, float64 
[ 2023-07-10 11:59:47,447 ] 89 root - INFO - Hypothesis dm_000: float64, float64 
[ 2023-07-10 11:59:47,462 ] 89 root - INFO - Hypothesis dn_000: float64, float64 
[ 2023-07-10 11:59:47,469 ] 89 root - INFO - Hypothesis do_000: float64, float64 
[ 2023-07-10 11:59:47,475 ] 89 root - INFO - Hypothesis dp_000: float64, float64 
[ 2023-07-10 11:59:47,482 ] 89 root - INFO - Hypothesis dq_000: float64, float64 
[ 2023-07-10 11:59:47,486 ] 89 root - INFO - Hypothesis dr_000: float64, float64 
[ 2023-07-10 11:59:47,490 ] 89 root - INFO - Hypothesis ds_000: float64, float64 
[ 2023-07-10 11:59:47,497 ] 89 root - INFO - Hypothesis dt_000: float64, float64 
[ 2023-07-10 11:59:47,504 ] 89 root - INFO - Hypothesis du_000: float64, float64 
[ 2023-07-10 11:59:47,510 ] 89 root - INFO - Hypothesis dv_000: float64, float64 
[ 2023-07-10 11:59:47,517 ] 89 root - INFO - Hypothesis dx_000: float64, float64 
[ 2023-07-10 11:59:47,523 ] 89 root - INFO - Hypothesis dy_000: float64, float64 
[ 2023-07-10 11:59:47,528 ] 89 root - INFO - Hypothesis dz_000: float64, float64 
[ 2023-07-10 11:59:47,544 ] 89 root - INFO - Hypothesis ea_000: float64, float64 
[ 2023-07-10 11:59:47,560 ] 89 root - INFO - Hypothesis eb_000: float64, float64 
[ 2023-07-10 11:59:47,566 ] 89 root - INFO - Hypothesis ec_00: float64, float64 
[ 2023-07-10 11:59:47,573 ] 89 root - INFO - Hypothesis ed_000: float64, float64 
[ 2023-07-10 11:59:47,579 ] 89 root - INFO - Hypothesis ee_000: float64, float64 
[ 2023-07-10 11:59:47,586 ] 89 root - INFO - Hypothesis ee_001: float64, float64 
[ 2023-07-10 11:59:47,593 ] 89 root - INFO - Hypothesis ee_002: float64, float64 
[ 2023-07-10 11:59:47,600 ] 89 root - INFO - Hypothesis ee_003: float64, float64 
[ 2023-07-10 11:59:47,607 ] 89 root - INFO - Hypothesis ee_004: float64, float64 
[ 2023-07-10 11:59:47,614 ] 89 root - INFO - Hypothesis ee_005: float64, float64 
[ 2023-07-10 11:59:47,621 ] 89 root - INFO - Hypothesis ee_006: float64, float64 
[ 2023-07-10 11:59:47,628 ] 89 root - INFO - Hypothesis ee_007: float64, float64 
[ 2023-07-10 11:59:47,634 ] 89 root - INFO - Hypothesis ee_008: float64, float64 
[ 2023-07-10 11:59:47,640 ] 89 root - INFO - Hypothesis ee_009: float64, float64 
[ 2023-07-10 11:59:47,645 ] 89 root - INFO - Hypothesis ef_000: float64, float64 
[ 2023-07-10 11:59:47,660 ] 89 root - INFO - Hypothesis eg_000: float64, float64 
[ 2023-07-10 11:59:47,675 ] 150 root - INFO - Write reprt in yaml file
[ 2023-07-10 11:59:47,744 ] 154 root - INFO - Data validation artifact: DataValidationArtifact(report_file_path='/config/workspace/artifact/07102023__115930/data_validation/report.yaml')
[ 2023-07-10 11:59:47,841 ] 24 root - INFO - >>>>>>>>>>>>>>>>>>>>>>>>>>>>>>>>>>>>>>>> Data Transformation <<<<<<<<<<<<<<<<<<<<<<<<<<<<<<<<<<<<<<<<
[ 2023-07-10 11:59:48,764 ] 75 root - INFO - Before resampling in training set Input: (28950, 170) Target:(28950,)
[ 2023-07-10 11:59:54,150 ] 77 root - INFO - After resampling in training set Input: (56152, 170) Target:(56152,)
[ 2023-07-10 11:59:54,151 ] 79 root - INFO - Before resampling in testing set Input: (7238, 170) Target:(7238,)
[ 2023-07-10 11:59:54,775 ] 81 root - INFO - After resampling in testing set Input: (14072, 170) Target:(14072,)
[ 2023-07-10 11:59:54,891 ] 53 root - INFO - Entered the save_object method of utils
[ 2023-07-10 11:59:54,894 ] 57 root - INFO - Exited the save_object method of utils
[ 2023-07-10 11:59:54,894 ] 53 root - INFO - Entered the save_object method of utils
[ 2023-07-10 11:59:54,895 ] 57 root - INFO - Exited the save_object method of utils
[ 2023-07-10 11:59:54,895 ] 112 root - INFO - Data transformation object DataTransformationArtifact(transform_object_path='/config/workspace/artifact/07102023__115930/data_transformation/transformer/transformer.pkl', transformed_train_path='/config/workspace/artifact/07102023__115930/data_transformation/transformed/train.npz', transformed_test_path='/config/workspace/artifact/07102023__115930/data_transformation/transformed/test.npz', target_encoder_path='/config/workspace/artifact/07102023__115930/data_transformation/target_encoder/target_encoder.pkl')
[ 2023-07-10 11:59:54,896 ] 18 root - INFO - >>>>>>>>>>>>>>>>>>>>>>>>>>>>>>>>>>>>>>>> Model Trainer <<<<<<<<<<<<<<<<<<<<<<<<<<<<<<<<<<<<<<<<
[ 2023-07-10 11:59:54,896 ] 45 root - INFO - Loading train and test array.
[ 2023-07-10 11:59:54,927 ] 49 root - INFO - Splitting input and target feature from both train and test arr.
[ 2023-07-10 11:59:54,927 ] 53 root - INFO - Train the model
[ 2023-07-10 12:00:04,645 ] 56 root - INFO - Calculating f1 train score
[ 2023-07-10 12:00:04,694 ] 60 root - INFO - Calculating f1 test score
[ 2023-07-10 12:00:04,711 ] 64 root - INFO - train score:0.9999821908781678 and tests score 0.9694011365292147
[ 2023-07-10 12:00:04,711 ] 66 root - INFO - Checking if our model is underfitting or not
[ 2023-07-10 12:00:04,711 ] 71 root - INFO - Checking if our model is overfiiting or not
[ 2023-07-10 12:00:04,711 ] 78 root - INFO - Saving mode object
[ 2023-07-10 12:00:04,711 ] 53 root - INFO - Entered the save_object method of utils
[ 2023-07-10 12:00:04,717 ] 57 root - INFO - Exited the save_object method of utils
[ 2023-07-10 12:00:04,718 ] 82 root - INFO - Prepare the artifact
[ 2023-07-10 12:00:04,718 ] 85 root - INFO - Model trainer artifact: ModelTrainerArtifact(model_path='/config/workspace/artifact/07102023__115930/model_trainer/model/model.pkl', f1_train_score=0.9999821908781678, f1_test_score=0.9694011365292147)
[ 2023-07-10 12:00:04,719 ] 19 root - INFO - >>>>>>>>>>>>>>>>>>>>>>>>>>>>>>>>>>>>>>>>  Model Evaluation <<<<<<<<<<<<<<<<<<<<<<<<<<<<<<<<<<<<<<<<
[ 2023-07-10 12:00:04,720 ] 35 root - INFO - if saved model folder has model the we will compare which model is best trained or the model from saved model folder
[ 2023-07-10 12:00:04,720 ] 41 root - INFO - Model evaluation artifact: ModelEvaluationArtifact(is_model_accepted=True, improved_accuracy=None)
[ 2023-07-10 12:00:04,720 ] 14 root - INFO - >>>>>>>>>>>>>>>>>>>>>>>>>>>>>>>>>>>>>>>> Model Evaluation <<<<<<<<<<<<<<<<<<<<<<<<<<<<<<<<<<<<<<<<
