[ 2023-07-10 12:03:17,497 ] 15 root - INFO - >>>>>>>>>>>>>>>>>>>>>>>>>>>>>>>>>>>>>>>> Data Ingestion <<<<<<<<<<<<<<<<<<<<<<<<<<<<<<<<<<<<<<<<
[ 2023-07-10 12:03:17,497 ] 22 root - INFO - Exporting collection data as pandas dataframe
[ 2023-07-10 12:03:17,497 ] 22 root - INFO - Reading data from database: aps and collection: sensor
[ 2023-07-10 12:03:20,926 ] 24 root - INFO - Found columns: Index(['_id', 'class', 'aa_000', 'ab_000', 'ac_000', 'ad_000', 'ae_000',
       'af_000', 'ag_000', 'ag_001',
       ...
       'ee_002', 'ee_003', 'ee_004', 'ee_005', 'ee_006', 'ee_007', 'ee_008',
       'ee_009', 'ef_000', 'eg_000'],
      dtype='object', length=172)
[ 2023-07-10 12:03:20,927 ] 26 root - INFO - Dropping column: _id 
[ 2023-07-10 12:03:21,122 ] 28 root - INFO - Row and columns in df: (36188, 171)
[ 2023-07-10 12:03:21,122 ] 28 root - INFO - Save data in feature store
[ 2023-07-10 12:03:22,505 ] 34 root - INFO - Create feature store folder if not available
[ 2023-07-10 12:03:22,505 ] 38 root - INFO - Save df to feature store folder
[ 2023-07-10 12:03:24,382 ] 43 root - INFO - split dataset into train and test set
[ 2023-07-10 12:03:24,704 ] 47 root - INFO - create dataset directory folder if not available
[ 2023-07-10 12:03:24,704 ] 52 root - INFO - Save df to feature store folder
[ 2023-07-10 12:03:26,568 ] 64 root - INFO - Data ingestion artifact: DataIngestionArtifact(feature_store_file_path='/config/workspace/artifact/07102023__120317/data_ingestion/feature_store/sensor.csv', train_file_path='/config/workspace/artifact/07102023__120317/data_ingestion/dataset/train.csv', test_file_path='/config/workspace/artifact/07102023__120317/data_ingestion/dataset/test.csv')
[ 2023-07-10 12:03:27,008 ] 22 root - INFO - >>>>>>>>>>>>>>>>>>>>>>>>>>>>>>>>>>>>>>>> Data Validation <<<<<<<<<<<<<<<<<<<<<<<<<<<<<<<<<<<<<<<<
[ 2023-07-10 12:03:27,008 ] 111 root - INFO - Reading base dataframe
[ 2023-07-10 12:03:29,214 ] 114 root - INFO - Replace na value in base df
[ 2023-07-10 12:03:29,214 ] 116 root - INFO - Drop null values colums from base df
[ 2023-07-10 12:03:29,438 ] 45 root - INFO - selecting column name which contains null above to 0.2
[ 2023-07-10 12:03:29,439 ] 48 root - INFO - Columns to drop: ['ab_000', 'ad_000', 'bk_000', 'bl_000', 'bm_000', 'bn_000', 'bo_000', 'bp_000', 'bq_000', 'br_000', 'cf_000', 'cg_000', 'ch_000', 'co_000', 'cr_000', 'ct_000', 'cu_000', 'cv_000', 'cx_000', 'cy_000', 'cz_000', 'da_000', 'db_000', 'dc_000']
[ 2023-07-10 12:03:29,520 ] 119 root - INFO - Reading train dataframe
[ 2023-07-10 12:03:29,919 ] 121 root - INFO - Reading test dataframe
[ 2023-07-10 12:03:30,024 ] 124 root - INFO - Drop null values colums from train df
[ 2023-07-10 12:03:30,032 ] 45 root - INFO - selecting column name which contains null above to 0.2
[ 2023-07-10 12:03:30,033 ] 48 root - INFO - Columns to drop: ['ab_000', 'ad_000', 'bk_000', 'bl_000', 'bm_000', 'bn_000', 'bo_000', 'bp_000', 'bq_000', 'br_000', 'cf_000', 'cg_000', 'ch_000', 'co_000', 'cr_000', 'ct_000', 'cu_000', 'cv_000', 'cx_000', 'cy_000', 'cz_000', 'da_000', 'db_000', 'dc_000']
[ 2023-07-10 12:03:30,042 ] 126 root - INFO - Drop null values colums from test df
[ 2023-07-10 12:03:30,045 ] 45 root - INFO - selecting column name which contains null above to 0.2
[ 2023-07-10 12:03:30,045 ] 48 root - INFO - Columns to drop: ['ab_000', 'ad_000', 'bk_000', 'bl_000', 'bm_000', 'bn_000', 'bo_000', 'bp_000', 'bq_000', 'br_000', 'cf_000', 'cg_000', 'ch_000', 'co_000', 'cr_000', 'ct_000', 'cu_000', 'cv_000', 'cx_000', 'cy_000', 'cz_000', 'da_000', 'db_000', 'dc_000']
[ 2023-07-10 12:03:30,807 ] 135 root - INFO - Is all required columns present in train df
[ 2023-07-10 12:03:30,808 ] 137 root - INFO - Is all required columns present in test df
[ 2023-07-10 12:03:30,808 ] 141 root - INFO - As all column are available in train df hence detecting data drift
[ 2023-07-10 12:03:30,808 ] 89 root - INFO - Hypothesis class: object, object 
[ 2023-07-10 12:03:30,940 ] 89 root - INFO - Hypothesis aa_000: float64, float64 
[ 2023-07-10 12:03:30,951 ] 89 root - INFO - Hypothesis ac_000: float64, float64 
[ 2023-07-10 12:03:30,991 ] 89 root - INFO - Hypothesis ae_000: float64, float64 
[ 2023-07-10 12:03:31,026 ] 89 root - INFO - Hypothesis af_000: float64, float64 
[ 2023-07-10 12:03:31,062 ] 89 root - INFO - Hypothesis ag_000: float64, float64 
[ 2023-07-10 12:03:31,097 ] 89 root - INFO - Hypothesis ag_001: float64, float64 
[ 2023-07-10 12:03:31,132 ] 89 root - INFO - Hypothesis ag_002: float64, float64 
[ 2023-07-10 12:03:31,168 ] 89 root - INFO - Hypothesis ag_003: float64, float64 
[ 2023-07-10 12:03:31,174 ] 89 root - INFO - Hypothesis ag_004: float64, float64 
[ 2023-07-10 12:03:31,184 ] 89 root - INFO - Hypothesis ag_005: float64, float64 
[ 2023-07-10 12:03:31,195 ] 89 root - INFO - Hypothesis ag_006: float64, float64 
[ 2023-07-10 12:03:31,205 ] 89 root - INFO - Hypothesis ag_007: float64, float64 
[ 2023-07-10 12:03:31,215 ] 89 root - INFO - Hypothesis ag_008: float64, float64 
[ 2023-07-10 12:03:31,223 ] 89 root - INFO - Hypothesis ag_009: float64, float64 
[ 2023-07-10 12:03:31,230 ] 89 root - INFO - Hypothesis ah_000: float64, float64 
[ 2023-07-10 12:03:31,240 ] 89 root - INFO - Hypothesis ai_000: float64, float64 
[ 2023-07-10 12:03:31,277 ] 89 root - INFO - Hypothesis aj_000: float64, float64 
[ 2023-07-10 12:03:31,282 ] 89 root - INFO - Hypothesis ak_000: float64, float64 
[ 2023-07-10 12:03:31,319 ] 89 root - INFO - Hypothesis al_000: float64, float64 
[ 2023-07-10 12:03:31,326 ] 89 root - INFO - Hypothesis am_0: float64, float64 
[ 2023-07-10 12:03:31,335 ] 89 root - INFO - Hypothesis an_000: float64, float64 
[ 2023-07-10 12:03:31,345 ] 89 root - INFO - Hypothesis ao_000: float64, float64 
[ 2023-07-10 12:03:31,356 ] 89 root - INFO - Hypothesis ap_000: float64, float64 
[ 2023-07-10 12:03:31,366 ] 89 root - INFO - Hypothesis aq_000: float64, float64 
[ 2023-07-10 12:03:31,377 ] 89 root - INFO - Hypothesis ar_000: float64, float64 
[ 2023-07-10 12:03:31,414 ] 89 root - INFO - Hypothesis as_000: float64, float64 
[ 2023-07-10 12:03:31,451 ] 89 root - INFO - Hypothesis at_000: float64, float64 
[ 2023-07-10 12:03:31,487 ] 89 root - INFO - Hypothesis au_000: float64, float64 
[ 2023-07-10 12:03:31,526 ] 89 root - INFO - Hypothesis av_000: float64, float64 
[ 2023-07-10 12:03:31,535 ] 89 root - INFO - Hypothesis ax_000: float64, float64 
[ 2023-07-10 12:03:31,543 ] 89 root - INFO - Hypothesis ay_000: float64, float64 
[ 2023-07-10 12:03:31,579 ] 89 root - INFO - Hypothesis ay_001: float64, float64 
[ 2023-07-10 12:03:31,614 ] 89 root - INFO - Hypothesis ay_002: float64, float64 
[ 2023-07-10 12:03:31,650 ] 89 root - INFO - Hypothesis ay_003: float64, float64 
[ 2023-07-10 12:03:31,686 ] 89 root - INFO - Hypothesis ay_004: float64, float64 
[ 2023-07-10 12:03:31,722 ] 89 root - INFO - Hypothesis ay_005: float64, float64 
[ 2023-07-10 12:03:31,764 ] 89 root - INFO - Hypothesis ay_006: float64, float64 
[ 2023-07-10 12:03:31,773 ] 89 root - INFO - Hypothesis ay_007: float64, float64 
[ 2023-07-10 12:03:31,783 ] 89 root - INFO - Hypothesis ay_008: float64, float64 
[ 2023-07-10 12:03:31,793 ] 89 root - INFO - Hypothesis ay_009: float64, float64 
[ 2023-07-10 12:03:31,829 ] 89 root - INFO - Hypothesis az_000: float64, float64 
[ 2023-07-10 12:03:31,839 ] 89 root - INFO - Hypothesis az_001: float64, float64 
[ 2023-07-10 12:03:31,848 ] 89 root - INFO - Hypothesis az_002: float64, float64 
[ 2023-07-10 12:03:31,858 ] 89 root - INFO - Hypothesis az_003: float64, float64 
[ 2023-07-10 12:03:31,868 ] 89 root - INFO - Hypothesis az_004: float64, float64 
[ 2023-07-10 12:03:31,879 ] 89 root - INFO - Hypothesis az_005: float64, float64 
[ 2023-07-10 12:03:31,890 ] 89 root - INFO - Hypothesis az_006: float64, float64 
[ 2023-07-10 12:03:31,930 ] 89 root - INFO - Hypothesis az_007: float64, float64 
[ 2023-07-10 12:03:31,967 ] 89 root - INFO - Hypothesis az_008: float64, float64 
[ 2023-07-10 12:03:32,003 ] 89 root - INFO - Hypothesis az_009: float64, float64 
[ 2023-07-10 12:03:32,039 ] 89 root - INFO - Hypothesis ba_000: float64, float64 
[ 2023-07-10 12:03:32,050 ] 89 root - INFO - Hypothesis ba_001: float64, float64 
[ 2023-07-10 12:03:32,060 ] 89 root - INFO - Hypothesis ba_002: float64, float64 
[ 2023-07-10 12:03:32,070 ] 89 root - INFO - Hypothesis ba_003: float64, float64 
[ 2023-07-10 12:03:32,081 ] 89 root - INFO - Hypothesis ba_004: float64, float64 
[ 2023-07-10 12:03:32,091 ] 89 root - INFO - Hypothesis ba_005: float64, float64 
[ 2023-07-10 12:03:32,101 ] 89 root - INFO - Hypothesis ba_006: float64, float64 
[ 2023-07-10 12:03:32,111 ] 89 root - INFO - Hypothesis ba_007: float64, float64 
[ 2023-07-10 12:03:32,120 ] 89 root - INFO - Hypothesis ba_008: float64, float64 
[ 2023-07-10 12:03:32,160 ] 89 root - INFO - Hypothesis ba_009: float64, float64 
[ 2023-07-10 12:03:32,199 ] 89 root - INFO - Hypothesis bb_000: float64, float64 
[ 2023-07-10 12:03:32,209 ] 89 root - INFO - Hypothesis bc_000: float64, float64 
[ 2023-07-10 12:03:32,248 ] 89 root - INFO - Hypothesis bd_000: float64, float64 
[ 2023-07-10 12:03:32,257 ] 89 root - INFO - Hypothesis be_000: float64, float64 
[ 2023-07-10 12:03:32,265 ] 89 root - INFO - Hypothesis bf_000: float64, float64 
[ 2023-07-10 12:03:32,272 ] 89 root - INFO - Hypothesis bg_000: float64, float64 
[ 2023-07-10 12:03:32,283 ] 89 root - INFO - Hypothesis bh_000: float64, float64 
[ 2023-07-10 12:03:32,293 ] 89 root - INFO - Hypothesis bi_000: float64, float64 
[ 2023-07-10 12:03:32,304 ] 89 root - INFO - Hypothesis bj_000: float64, float64 
[ 2023-07-10 12:03:32,315 ] 89 root - INFO - Hypothesis bs_000: float64, float64 
[ 2023-07-10 12:03:32,326 ] 89 root - INFO - Hypothesis bt_000: float64, float64 
[ 2023-07-10 12:03:32,337 ] 89 root - INFO - Hypothesis bu_000: float64, float64 
[ 2023-07-10 12:03:32,347 ] 89 root - INFO - Hypothesis bv_000: float64, float64 
[ 2023-07-10 12:03:32,358 ] 89 root - INFO - Hypothesis bx_000: float64, float64 
[ 2023-07-10 12:03:32,368 ] 89 root - INFO - Hypothesis by_000: float64, float64 
[ 2023-07-10 12:03:32,379 ] 89 root - INFO - Hypothesis bz_000: float64, float64 
[ 2023-07-10 12:03:32,391 ] 89 root - INFO - Hypothesis ca_000: float64, float64 
[ 2023-07-10 12:03:32,402 ] 89 root - INFO - Hypothesis cb_000: float64, float64 
[ 2023-07-10 12:03:32,413 ] 89 root - INFO - Hypothesis cc_000: float64, float64 
[ 2023-07-10 12:03:32,423 ] 89 root - INFO - Hypothesis cd_000: float64, float64 
[ 2023-07-10 12:03:32,459 ] 89 root - INFO - Hypothesis ce_000: float64, float64 
[ 2023-07-10 12:03:32,468 ] 89 root - INFO - Hypothesis ci_000: float64, float64 
[ 2023-07-10 12:03:32,479 ] 89 root - INFO - Hypothesis cj_000: float64, float64 
[ 2023-07-10 12:03:32,516 ] 89 root - INFO - Hypothesis ck_000: float64, float64 
[ 2023-07-10 12:03:32,526 ] 89 root - INFO - Hypothesis cl_000: float64, float64 
[ 2023-07-10 12:03:32,533 ] 89 root - INFO - Hypothesis cm_000: float64, float64 
[ 2023-07-10 12:03:32,539 ] 89 root - INFO - Hypothesis cn_000: float64, float64 
[ 2023-07-10 12:03:32,575 ] 89 root - INFO - Hypothesis cn_001: float64, float64 
[ 2023-07-10 12:03:32,612 ] 89 root - INFO - Hypothesis cn_002: float64, float64 
[ 2023-07-10 12:03:32,621 ] 89 root - INFO - Hypothesis cn_003: float64, float64 
[ 2023-07-10 12:03:32,631 ] 89 root - INFO - Hypothesis cn_004: float64, float64 
[ 2023-07-10 12:03:32,642 ] 89 root - INFO - Hypothesis cn_005: float64, float64 
[ 2023-07-10 12:03:32,652 ] 89 root - INFO - Hypothesis cn_006: float64, float64 
[ 2023-07-10 12:03:32,662 ] 89 root - INFO - Hypothesis cn_007: float64, float64 
[ 2023-07-10 12:03:32,672 ] 89 root - INFO - Hypothesis cn_008: float64, float64 
[ 2023-07-10 12:03:32,681 ] 89 root - INFO - Hypothesis cn_009: float64, float64 
[ 2023-07-10 12:03:32,720 ] 89 root - INFO - Hypothesis cp_000: float64, float64 
[ 2023-07-10 12:03:32,759 ] 89 root - INFO - Hypothesis cq_000: float64, float64 
[ 2023-07-10 12:03:32,770 ] 89 root - INFO - Hypothesis cs_000: float64, float64 
[ 2023-07-10 12:03:32,780 ] 89 root - INFO - Hypothesis cs_001: float64, float64 
[ 2023-07-10 12:03:32,788 ] 89 root - INFO - Hypothesis cs_002: float64, float64 
[ 2023-07-10 12:03:32,798 ] 89 root - INFO - Hypothesis cs_003: float64, float64 
[ 2023-07-10 12:03:32,808 ] 89 root - INFO - Hypothesis cs_004: float64, float64 
[ 2023-07-10 12:03:32,819 ] 89 root - INFO - Hypothesis cs_005: float64, float64 
[ 2023-07-10 12:03:32,829 ] 89 root - INFO - Hypothesis cs_006: float64, float64 
[ 2023-07-10 12:03:32,840 ] 89 root - INFO - Hypothesis cs_007: float64, float64 
[ 2023-07-10 12:03:32,850 ] 89 root - INFO - Hypothesis cs_008: float64, float64 
[ 2023-07-10 12:03:32,890 ] 89 root - INFO - Hypothesis cs_009: float64, float64 
[ 2023-07-10 12:03:32,926 ] 89 root - INFO - Hypothesis dd_000: float64, float64 
[ 2023-07-10 12:03:32,935 ] 89 root - INFO - Hypothesis de_000: float64, float64 
[ 2023-07-10 12:03:32,943 ] 89 root - INFO - Hypothesis df_000: float64, float64 
[ 2023-07-10 12:03:32,980 ] 89 root - INFO - Hypothesis dg_000: float64, float64 
[ 2023-07-10 12:03:33,016 ] 89 root - INFO - Hypothesis dh_000: float64, float64 
[ 2023-07-10 12:03:33,021 ] 89 root - INFO - Hypothesis di_000: float64, float64 
[ 2023-07-10 12:03:33,059 ] 89 root - INFO - Hypothesis dj_000: float64, float64 
[ 2023-07-10 12:03:33,096 ] 89 root - INFO - Hypothesis dk_000: float64, float64 
[ 2023-07-10 12:03:33,132 ] 89 root - INFO - Hypothesis dl_000: float64, float64 
[ 2023-07-10 12:03:33,167 ] 89 root - INFO - Hypothesis dm_000: float64, float64 
[ 2023-07-10 12:03:33,203 ] 89 root - INFO - Hypothesis dn_000: float64, float64 
[ 2023-07-10 12:03:33,213 ] 89 root - INFO - Hypothesis do_000: float64, float64 
[ 2023-07-10 12:03:33,225 ] 89 root - INFO - Hypothesis dp_000: float64, float64 
[ 2023-07-10 12:03:33,234 ] 89 root - INFO - Hypothesis dq_000: float64, float64 
[ 2023-07-10 12:03:33,272 ] 89 root - INFO - Hypothesis dr_000: float64, float64 
[ 2023-07-10 12:03:33,310 ] 89 root - INFO - Hypothesis ds_000: float64, float64 
[ 2023-07-10 12:03:33,321 ] 89 root - INFO - Hypothesis dt_000: float64, float64 
[ 2023-07-10 12:03:33,332 ] 89 root - INFO - Hypothesis du_000: float64, float64 
[ 2023-07-10 12:03:33,342 ] 89 root - INFO - Hypothesis dv_000: float64, float64 
[ 2023-07-10 12:03:33,353 ] 89 root - INFO - Hypothesis dx_000: float64, float64 
[ 2023-07-10 12:03:33,392 ] 89 root - INFO - Hypothesis dy_000: float64, float64 
[ 2023-07-10 12:03:33,431 ] 89 root - INFO - Hypothesis dz_000: float64, float64 
[ 2023-07-10 12:03:33,472 ] 89 root - INFO - Hypothesis ea_000: float64, float64 
[ 2023-07-10 12:03:33,508 ] 89 root - INFO - Hypothesis eb_000: float64, float64 
[ 2023-07-10 12:03:33,517 ] 89 root - INFO - Hypothesis ec_00: float64, float64 
[ 2023-07-10 12:03:33,527 ] 89 root - INFO - Hypothesis ed_000: float64, float64 
[ 2023-07-10 12:03:33,536 ] 89 root - INFO - Hypothesis ee_000: float64, float64 
[ 2023-07-10 12:03:33,547 ] 89 root - INFO - Hypothesis ee_001: float64, float64 
[ 2023-07-10 12:03:33,558 ] 89 root - INFO - Hypothesis ee_002: float64, float64 
[ 2023-07-10 12:03:33,569 ] 89 root - INFO - Hypothesis ee_003: float64, float64 
[ 2023-07-10 12:03:33,579 ] 89 root - INFO - Hypothesis ee_004: float64, float64 
[ 2023-07-10 12:03:33,589 ] 89 root - INFO - Hypothesis ee_005: float64, float64 
[ 2023-07-10 12:03:33,599 ] 89 root - INFO - Hypothesis ee_006: float64, float64 
[ 2023-07-10 12:03:33,609 ] 89 root - INFO - Hypothesis ee_007: float64, float64 
[ 2023-07-10 12:03:33,619 ] 89 root - INFO - Hypothesis ee_008: float64, float64 
[ 2023-07-10 12:03:33,628 ] 89 root - INFO - Hypothesis ee_009: float64, float64 
[ 2023-07-10 12:03:33,636 ] 89 root - INFO - Hypothesis ef_000: float64, float64 
[ 2023-07-10 12:03:33,672 ] 89 root - INFO - Hypothesis eg_000: float64, float64 
[ 2023-07-10 12:03:33,707 ] 144 root - INFO - As all column are available in test df hence detecting data drift
[ 2023-07-10 12:03:33,708 ] 89 root - INFO - Hypothesis class: object, object 
[ 2023-07-10 12:03:33,783 ] 89 root - INFO - Hypothesis aa_000: float64, float64 
[ 2023-07-10 12:03:33,790 ] 89 root - INFO - Hypothesis ac_000: float64, float64 
[ 2023-07-10 12:03:33,796 ] 89 root - INFO - Hypothesis ae_000: float64, float64 
[ 2023-07-10 12:03:33,811 ] 89 root - INFO - Hypothesis af_000: float64, float64 
[ 2023-07-10 12:03:33,827 ] 89 root - INFO - Hypothesis ag_000: float64, float64 
[ 2023-07-10 12:03:33,842 ] 89 root - INFO - Hypothesis ag_001: float64, float64 
[ 2023-07-10 12:03:33,857 ] 89 root - INFO - Hypothesis ag_002: float64, float64 
[ 2023-07-10 12:03:33,861 ] 89 root - INFO - Hypothesis ag_003: float64, float64 
[ 2023-07-10 12:03:33,865 ] 89 root - INFO - Hypothesis ag_004: float64, float64 
[ 2023-07-10 12:03:33,872 ] 89 root - INFO - Hypothesis ag_005: float64, float64 
[ 2023-07-10 12:03:33,879 ] 89 root - INFO - Hypothesis ag_006: float64, float64 
[ 2023-07-10 12:03:33,886 ] 89 root - INFO - Hypothesis ag_007: float64, float64 
[ 2023-07-10 12:03:33,893 ] 89 root - INFO - Hypothesis ag_008: float64, float64 
[ 2023-07-10 12:03:33,899 ] 89 root - INFO - Hypothesis ag_009: float64, float64 
[ 2023-07-10 12:03:33,903 ] 89 root - INFO - Hypothesis ah_000: float64, float64 
[ 2023-07-10 12:03:33,910 ] 89 root - INFO - Hypothesis ai_000: float64, float64 
[ 2023-07-10 12:03:33,914 ] 89 root - INFO - Hypothesis aj_000: float64, float64 
[ 2023-07-10 12:03:33,918 ] 89 root - INFO - Hypothesis ak_000: float64, float64 
[ 2023-07-10 12:03:33,922 ] 89 root - INFO - Hypothesis al_000: float64, float64 
[ 2023-07-10 12:03:33,927 ] 89 root - INFO - Hypothesis am_0: float64, float64 
[ 2023-07-10 12:03:33,932 ] 89 root - INFO - Hypothesis an_000: float64, float64 
[ 2023-07-10 12:03:33,939 ] 89 root - INFO - Hypothesis ao_000: float64, float64 
[ 2023-07-10 12:03:33,946 ] 89 root - INFO - Hypothesis ap_000: float64, float64 
[ 2023-07-10 12:03:33,953 ] 89 root - INFO - Hypothesis aq_000: float64, float64 
[ 2023-07-10 12:03:33,960 ] 89 root - INFO - Hypothesis ar_000: float64, float64 
[ 2023-07-10 12:03:33,976 ] 89 root - INFO - Hypothesis as_000: float64, float64 
[ 2023-07-10 12:03:33,991 ] 89 root - INFO - Hypothesis at_000: float64, float64 
[ 2023-07-10 12:03:34,007 ] 89 root - INFO - Hypothesis au_000: float64, float64 
[ 2023-07-10 12:03:34,022 ] 89 root - INFO - Hypothesis av_000: float64, float64 
[ 2023-07-10 12:03:34,027 ] 89 root - INFO - Hypothesis ax_000: float64, float64 
[ 2023-07-10 12:03:34,033 ] 89 root - INFO - Hypothesis ay_000: float64, float64 
[ 2023-07-10 12:03:34,048 ] 89 root - INFO - Hypothesis ay_001: float64, float64 
[ 2023-07-10 12:03:34,063 ] 89 root - INFO - Hypothesis ay_002: float64, float64 
[ 2023-07-10 12:03:34,078 ] 89 root - INFO - Hypothesis ay_003: float64, float64 
[ 2023-07-10 12:03:34,093 ] 89 root - INFO - Hypothesis ay_004: float64, float64 
[ 2023-07-10 12:03:34,108 ] 89 root - INFO - Hypothesis ay_005: float64, float64 
[ 2023-07-10 12:03:34,113 ] 89 root - INFO - Hypothesis ay_006: float64, float64 
[ 2023-07-10 12:03:34,120 ] 89 root - INFO - Hypothesis ay_007: float64, float64 
[ 2023-07-10 12:03:34,126 ] 89 root - INFO - Hypothesis ay_008: float64, float64 
[ 2023-07-10 12:03:34,133 ] 89 root - INFO - Hypothesis ay_009: float64, float64 
[ 2023-07-10 12:03:34,148 ] 89 root - INFO - Hypothesis az_000: float64, float64 
[ 2023-07-10 12:03:34,155 ] 89 root - INFO - Hypothesis az_001: float64, float64 
[ 2023-07-10 12:03:34,161 ] 89 root - INFO - Hypothesis az_002: float64, float64 
[ 2023-07-10 12:03:34,167 ] 89 root - INFO - Hypothesis az_003: float64, float64 
[ 2023-07-10 12:03:34,176 ] 89 root - INFO - Hypothesis az_004: float64, float64 
[ 2023-07-10 12:03:34,183 ] 89 root - INFO - Hypothesis az_005: float64, float64 
[ 2023-07-10 12:03:34,190 ] 89 root - INFO - Hypothesis az_006: float64, float64 
[ 2023-07-10 12:03:34,196 ] 89 root - INFO - Hypothesis az_007: float64, float64 
[ 2023-07-10 12:03:34,200 ] 89 root - INFO - Hypothesis az_008: float64, float64 
[ 2023-07-10 12:03:34,216 ] 89 root - INFO - Hypothesis az_009: float64, float64 
[ 2023-07-10 12:03:34,231 ] 89 root - INFO - Hypothesis ba_000: float64, float64 
[ 2023-07-10 12:03:34,238 ] 89 root - INFO - Hypothesis ba_001: float64, float64 
[ 2023-07-10 12:03:34,245 ] 89 root - INFO - Hypothesis ba_002: float64, float64 
[ 2023-07-10 12:03:34,252 ] 89 root - INFO - Hypothesis ba_003: float64, float64 
[ 2023-07-10 12:03:34,259 ] 89 root - INFO - Hypothesis ba_004: float64, float64 
[ 2023-07-10 12:03:34,266 ] 89 root - INFO - Hypothesis ba_005: float64, float64 
[ 2023-07-10 12:03:34,273 ] 89 root - INFO - Hypothesis ba_006: float64, float64 
[ 2023-07-10 12:03:34,280 ] 89 root - INFO - Hypothesis ba_007: float64, float64 
[ 2023-07-10 12:03:34,286 ] 89 root - INFO - Hypothesis ba_008: float64, float64 
[ 2023-07-10 12:03:34,291 ] 89 root - INFO - Hypothesis ba_009: float64, float64 
[ 2023-07-10 12:03:34,296 ] 89 root - INFO - Hypothesis bb_000: float64, float64 
[ 2023-07-10 12:03:34,303 ] 89 root - INFO - Hypothesis bc_000: float64, float64 
[ 2023-07-10 12:03:34,309 ] 89 root - INFO - Hypothesis bd_000: float64, float64 
[ 2023-07-10 12:03:34,314 ] 89 root - INFO - Hypothesis be_000: float64, float64 
[ 2023-07-10 12:03:34,320 ] 89 root - INFO - Hypothesis bf_000: float64, float64 
[ 2023-07-10 12:03:34,325 ] 89 root - INFO - Hypothesis bg_000: float64, float64 
[ 2023-07-10 12:03:34,332 ] 89 root - INFO - Hypothesis bh_000: float64, float64 
[ 2023-07-10 12:03:34,339 ] 89 root - INFO - Hypothesis bi_000: float64, float64 
[ 2023-07-10 12:03:34,346 ] 89 root - INFO - Hypothesis bj_000: float64, float64 
[ 2023-07-10 12:03:34,353 ] 89 root - INFO - Hypothesis bs_000: float64, float64 
[ 2023-07-10 12:03:34,360 ] 89 root - INFO - Hypothesis bt_000: float64, float64 
[ 2023-07-10 12:03:34,367 ] 89 root - INFO - Hypothesis bu_000: float64, float64 
[ 2023-07-10 12:03:34,375 ] 89 root - INFO - Hypothesis bv_000: float64, float64 
[ 2023-07-10 12:03:34,382 ] 89 root - INFO - Hypothesis bx_000: float64, float64 
[ 2023-07-10 12:03:34,389 ] 89 root - INFO - Hypothesis by_000: float64, float64 
[ 2023-07-10 12:03:34,396 ] 89 root - INFO - Hypothesis bz_000: float64, float64 
[ 2023-07-10 12:03:34,404 ] 89 root - INFO - Hypothesis ca_000: float64, float64 
[ 2023-07-10 12:03:34,411 ] 89 root - INFO - Hypothesis cb_000: float64, float64 
[ 2023-07-10 12:03:34,418 ] 89 root - INFO - Hypothesis cc_000: float64, float64 
[ 2023-07-10 12:03:34,425 ] 89 root - INFO - Hypothesis cd_000: float64, float64 
[ 2023-07-10 12:03:34,440 ] 89 root - INFO - Hypothesis ce_000: float64, float64 
[ 2023-07-10 12:03:34,447 ] 89 root - INFO - Hypothesis ci_000: float64, float64 
[ 2023-07-10 12:03:34,455 ] 89 root - INFO - Hypothesis cj_000: float64, float64 
[ 2023-07-10 12:03:34,459 ] 89 root - INFO - Hypothesis ck_000: float64, float64 
[ 2023-07-10 12:03:34,466 ] 89 root - INFO - Hypothesis cl_000: float64, float64 
[ 2023-07-10 12:03:34,470 ] 89 root - INFO - Hypothesis cm_000: float64, float64 
[ 2023-07-10 12:03:34,475 ] 89 root - INFO - Hypothesis cn_000: float64, float64 
[ 2023-07-10 12:03:34,491 ] 89 root - INFO - Hypothesis cn_001: float64, float64 
[ 2023-07-10 12:03:34,495 ] 89 root - INFO - Hypothesis cn_002: float64, float64 
[ 2023-07-10 12:03:34,500 ] 89 root - INFO - Hypothesis cn_003: float64, float64 
[ 2023-07-10 12:03:34,508 ] 89 root - INFO - Hypothesis cn_004: float64, float64 
[ 2023-07-10 12:03:34,515 ] 89 root - INFO - Hypothesis cn_005: float64, float64 
[ 2023-07-10 12:03:34,522 ] 89 root - INFO - Hypothesis cn_006: float64, float64 
[ 2023-07-10 12:03:34,529 ] 89 root - INFO - Hypothesis cn_007: float64, float64 
[ 2023-07-10 12:03:34,535 ] 89 root - INFO - Hypothesis cn_008: float64, float64 
[ 2023-07-10 12:03:34,541 ] 89 root - INFO - Hypothesis cn_009: float64, float64 
[ 2023-07-10 12:03:34,546 ] 89 root - INFO - Hypothesis cp_000: float64, float64 
[ 2023-07-10 12:03:34,552 ] 89 root - INFO - Hypothesis cq_000: float64, float64 
[ 2023-07-10 12:03:34,559 ] 89 root - INFO - Hypothesis cs_000: float64, float64 
[ 2023-07-10 12:03:34,565 ] 89 root - INFO - Hypothesis cs_001: float64, float64 
[ 2023-07-10 12:03:34,571 ] 89 root - INFO - Hypothesis cs_002: float64, float64 
[ 2023-07-10 12:03:34,578 ] 89 root - INFO - Hypothesis cs_003: float64, float64 
[ 2023-07-10 12:03:34,585 ] 89 root - INFO - Hypothesis cs_004: float64, float64 
[ 2023-07-10 12:03:34,592 ] 89 root - INFO - Hypothesis cs_005: float64, float64 
[ 2023-07-10 12:03:34,599 ] 89 root - INFO - Hypothesis cs_006: float64, float64 
[ 2023-07-10 12:03:34,606 ] 89 root - INFO - Hypothesis cs_007: float64, float64 
[ 2023-07-10 12:03:34,613 ] 89 root - INFO - Hypothesis cs_008: float64, float64 
[ 2023-07-10 12:03:34,618 ] 89 root - INFO - Hypothesis cs_009: float64, float64 
[ 2023-07-10 12:03:34,633 ] 89 root - INFO - Hypothesis dd_000: float64, float64 
[ 2023-07-10 12:03:34,640 ] 89 root - INFO - Hypothesis de_000: float64, float64 
[ 2023-07-10 12:03:34,646 ] 89 root - INFO - Hypothesis df_000: float64, float64 
[ 2023-07-10 12:03:34,649 ] 89 root - INFO - Hypothesis dg_000: float64, float64 
[ 2023-07-10 12:03:34,652 ] 89 root - INFO - Hypothesis dh_000: float64, float64 
[ 2023-07-10 12:03:34,656 ] 89 root - INFO - Hypothesis di_000: float64, float64 
[ 2023-07-10 12:03:34,660 ] 89 root - INFO - Hypothesis dj_000: float64, float64 
[ 2023-07-10 12:03:34,675 ] 89 root - INFO - Hypothesis dk_000: float64, float64 
[ 2023-07-10 12:03:34,678 ] 89 root - INFO - Hypothesis dl_000: float64, float64 
[ 2023-07-10 12:03:34,696 ] 89 root - INFO - Hypothesis dm_000: float64, float64 
[ 2023-07-10 12:03:34,712 ] 89 root - INFO - Hypothesis dn_000: float64, float64 
[ 2023-07-10 12:03:34,720 ] 89 root - INFO - Hypothesis do_000: float64, float64 
[ 2023-07-10 12:03:34,726 ] 89 root - INFO - Hypothesis dp_000: float64, float64 
[ 2023-07-10 12:03:34,732 ] 89 root - INFO - Hypothesis dq_000: float64, float64 
[ 2023-07-10 12:03:34,737 ] 89 root - INFO - Hypothesis dr_000: float64, float64 
[ 2023-07-10 12:03:34,741 ] 89 root - INFO - Hypothesis ds_000: float64, float64 
[ 2023-07-10 12:03:34,748 ] 89 root - INFO - Hypothesis dt_000: float64, float64 
[ 2023-07-10 12:03:34,754 ] 89 root - INFO - Hypothesis du_000: float64, float64 
[ 2023-07-10 12:03:34,761 ] 89 root - INFO - Hypothesis dv_000: float64, float64 
[ 2023-07-10 12:03:34,768 ] 89 root - INFO - Hypothesis dx_000: float64, float64 
[ 2023-07-10 12:03:34,772 ] 89 root - INFO - Hypothesis dy_000: float64, float64 
[ 2023-07-10 12:03:34,777 ] 89 root - INFO - Hypothesis dz_000: float64, float64 
[ 2023-07-10 12:03:34,792 ] 89 root - INFO - Hypothesis ea_000: float64, float64 
[ 2023-07-10 12:03:34,807 ] 89 root - INFO - Hypothesis eb_000: float64, float64 
[ 2023-07-10 12:03:34,813 ] 89 root - INFO - Hypothesis ec_00: float64, float64 
[ 2023-07-10 12:03:34,819 ] 89 root - INFO - Hypothesis ed_000: float64, float64 
[ 2023-07-10 12:03:34,825 ] 89 root - INFO - Hypothesis ee_000: float64, float64 
[ 2023-07-10 12:03:34,832 ] 89 root - INFO - Hypothesis ee_001: float64, float64 
[ 2023-07-10 12:03:34,840 ] 89 root - INFO - Hypothesis ee_002: float64, float64 
[ 2023-07-10 12:03:34,847 ] 89 root - INFO - Hypothesis ee_003: float64, float64 
[ 2023-07-10 12:03:34,854 ] 89 root - INFO - Hypothesis ee_004: float64, float64 
[ 2023-07-10 12:03:34,861 ] 89 root - INFO - Hypothesis ee_005: float64, float64 
[ 2023-07-10 12:03:34,868 ] 89 root - INFO - Hypothesis ee_006: float64, float64 
[ 2023-07-10 12:03:34,874 ] 89 root - INFO - Hypothesis ee_007: float64, float64 
[ 2023-07-10 12:03:34,881 ] 89 root - INFO - Hypothesis ee_008: float64, float64 
[ 2023-07-10 12:03:34,887 ] 89 root - INFO - Hypothesis ee_009: float64, float64 
[ 2023-07-10 12:03:34,892 ] 89 root - INFO - Hypothesis ef_000: float64, float64 
[ 2023-07-10 12:03:34,907 ] 89 root - INFO - Hypothesis eg_000: float64, float64 
[ 2023-07-10 12:03:34,922 ] 150 root - INFO - Write reprt in yaml file
[ 2023-07-10 12:03:34,991 ] 154 root - INFO - Data validation artifact: DataValidationArtifact(report_file_path='/config/workspace/artifact/07102023__120317/data_validation/report.yaml')
[ 2023-07-10 12:03:35,087 ] 24 root - INFO - >>>>>>>>>>>>>>>>>>>>>>>>>>>>>>>>>>>>>>>> Data Transformation <<<<<<<<<<<<<<<<<<<<<<<<<<<<<<<<<<<<<<<<
[ 2023-07-10 12:03:36,027 ] 75 root - INFO - Before resampling in training set Input: (28950, 170) Target:(28950,)
[ 2023-07-10 12:03:42,090 ] 77 root - INFO - After resampling in training set Input: (56152, 170) Target:(56152,)
[ 2023-07-10 12:03:42,091 ] 79 root - INFO - Before resampling in testing set Input: (7238, 170) Target:(7238,)
[ 2023-07-10 12:03:42,798 ] 81 root - INFO - After resampling in testing set Input: (14072, 170) Target:(14072,)
[ 2023-07-10 12:03:42,911 ] 53 root - INFO - Entered the save_object method of utils
[ 2023-07-10 12:03:42,914 ] 57 root - INFO - Exited the save_object method of utils
[ 2023-07-10 12:03:42,914 ] 53 root - INFO - Entered the save_object method of utils
[ 2023-07-10 12:03:42,914 ] 57 root - INFO - Exited the save_object method of utils
[ 2023-07-10 12:03:42,915 ] 112 root - INFO - Data transformation object DataTransformationArtifact(transform_object_path='/config/workspace/artifact/07102023__120317/data_transformation/transformer/transformer.pkl', transformed_train_path='/config/workspace/artifact/07102023__120317/data_transformation/transformed/train.npz', transformed_test_path='/config/workspace/artifact/07102023__120317/data_transformation/transformed/test.npz', target_encoder_path='/config/workspace/artifact/07102023__120317/data_transformation/target_encoder/target_encoder.pkl')
[ 2023-07-10 12:03:42,916 ] 18 root - INFO - >>>>>>>>>>>>>>>>>>>>>>>>>>>>>>>>>>>>>>>> Model Trainer <<<<<<<<<<<<<<<<<<<<<<<<<<<<<<<<<<<<<<<<
[ 2023-07-10 12:03:42,916 ] 45 root - INFO - Loading train and test array.
[ 2023-07-10 12:03:42,947 ] 49 root - INFO - Splitting input and target feature from both train and test arr.
[ 2023-07-10 12:03:42,947 ] 53 root - INFO - Train the model
[ 2023-07-10 12:03:52,298 ] 56 root - INFO - Calculating f1 train score
[ 2023-07-10 12:03:52,351 ] 60 root - INFO - Calculating f1 test score
[ 2023-07-10 12:03:52,368 ] 64 root - INFO - train score:0.9999821908781678 and tests score 0.9694011365292147
[ 2023-07-10 12:03:52,368 ] 66 root - INFO - Checking if our model is underfitting or not
[ 2023-07-10 12:03:52,368 ] 71 root - INFO - Checking if our model is overfiiting or not
[ 2023-07-10 12:03:52,368 ] 78 root - INFO - Saving mode object
[ 2023-07-10 12:03:52,369 ] 53 root - INFO - Entered the save_object method of utils
[ 2023-07-10 12:03:52,374 ] 57 root - INFO - Exited the save_object method of utils
[ 2023-07-10 12:03:52,374 ] 82 root - INFO - Prepare the artifact
[ 2023-07-10 12:03:52,374 ] 85 root - INFO - Model trainer artifact: ModelTrainerArtifact(model_path='/config/workspace/artifact/07102023__120317/model_trainer/model/model.pkl', f1_train_score=0.9999821908781678, f1_test_score=0.9694011365292147)
[ 2023-07-10 12:03:52,376 ] 19 root - INFO - >>>>>>>>>>>>>>>>>>>>>>>>>>>>>>>>>>>>>>>>  Model Evaluation <<<<<<<<<<<<<<<<<<<<<<<<<<<<<<<<<<<<<<<<
[ 2023-07-10 12:03:52,377 ] 35 root - INFO - if saved model folder has model the we will compare which model is best trained or the model from saved model folder
[ 2023-07-10 12:03:52,377 ] 46 root - INFO - Finding location of transformer model and target encoder
[ 2023-07-10 12:03:52,377 ] 51 root - INFO - Previous trained objects of transformer, model and target encoder
[ 2023-07-10 12:03:52,382 ] 58 root - INFO - Currently trained model objects
[ 2023-07-10 12:03:52,565 ] 76 root - INFO - Accuracy using previous trained model: 0.8
[ 2023-07-10 12:03:52,605 ] 85 root - INFO - Accuracy using current trained model: 0.8
[ 2023-07-10 12:03:52,605 ] 87 root - INFO - Current trained model is not better than previous model
